CRITICAL - 2024-02-23 12:12:31 --> Invalid file: Reports/filing/uoi_slp.php
in SYSTEMPATH/Exceptions/FrameworkException.php on line 33.
 1 SYSTEMPATH/View/View.php(201): CodeIgniter\Exceptions\FrameworkException::forInvalidFile('Reports/filing/uoi_slp.php')
 2 SYSTEMPATH/Common.php(1135): CodeIgniter\View\View->render('Reports/filing/uoi_slp', [], true)
 3 APPPATH/Controllers/Reports/Filing/Report.php(88): view('Reports/filing/uoi_slp')
 4 SYSTEMPATH/CodeIgniter.php(925): App\Controllers\Reports\Filing\Report->get_search_view()
 5 SYSTEMPATH/CodeIgniter.php(480): CodeIgniter\CodeIgniter->runController(Object(App\Controllers\Reports\Filing\Report))
 6 SYSTEMPATH/CodeIgniter.php(349): CodeIgniter\CodeIgniter->handleRequest(null, Object(Config\Cache), false)
 7 FCPATH/index.php(67): CodeIgniter\CodeIgniter->run()
CRITICAL - 2024-02-23 12:29:16 --> Undefined array key ""matched""
in APPPATH/Controllers/Reports/Filing/Report.php on line 782.
 1 APPPATH/Controllers/Reports/Filing/Report.php(782): CodeIgniter\Debug\Exceptions->errorHandler(2, 'Undefined array key ""matched""', 'APPPATH/Controllers/Reports/Filing/Report.php', 782)
 2 SYSTEMPATH/CodeIgniter.php(925): App\Controllers\Reports\Filing\Report->uoi_slp_search()
 3 SYSTEMPATH/CodeIgniter.php(480): CodeIgniter\CodeIgniter->runController(Object(App\Controllers\Reports\Filing\Report))
 4 SYSTEMPATH/CodeIgniter.php(349): CodeIgniter\CodeIgniter->handleRequest(null, Object(Config\Cache), false)
 5 FCPATH/index.php(67): CodeIgniter\CodeIgniter->run()
CRITICAL - 2024-02-23 12:30:22 --> Undefined array key ""matched""
in APPPATH/Controllers/Reports/Filing/Report.php on line 782.
 1 APPPATH/Controllers/Reports/Filing/Report.php(782): CodeIgniter\Debug\Exceptions->errorHandler(2, 'Undefined array key ""matched""', 'APPPATH/Controllers/Reports/Filing/Report.php', 782)
 2 SYSTEMPATH/CodeIgniter.php(925): App\Controllers\Reports\Filing\Report->uoi_slp_search()
 3 SYSTEMPATH/CodeIgniter.php(480): CodeIgniter\CodeIgniter->runController(Object(App\Controllers\Reports\Filing\Report))
 4 SYSTEMPATH/CodeIgniter.php(349): CodeIgniter\CodeIgniter->handleRequest(null, Object(Config\Cache), false)
 5 FCPATH/index.php(67): CodeIgniter\CodeIgniter->run()
CRITICAL - 2024-02-23 12:32:10 --> Undefined array key ""matched""
in APPPATH/Controllers/Reports/Filing/Report.php on line 782.
 1 APPPATH/Controllers/Reports/Filing/Report.php(782): CodeIgniter\Debug\Exceptions->errorHandler(2, 'Undefined array key ""matched""', 'APPPATH/Controllers/Reports/Filing/Report.php', 782)
 2 SYSTEMPATH/CodeIgniter.php(925): App\Controllers\Reports\Filing\Report->uoi_slp_search()
 3 SYSTEMPATH/CodeIgniter.php(480): CodeIgniter\CodeIgniter->runController(Object(App\Controllers\Reports\Filing\Report))
 4 SYSTEMPATH/CodeIgniter.php(349): CodeIgniter\CodeIgniter->handleRequest(null, Object(Config\Cache), false)
 5 FCPATH/index.php(67): CodeIgniter\CodeIgniter->run()
CRITICAL - 2024-02-23 12:33:19 --> Undefined array key ""matched""
in APPPATH/Controllers/Reports/Filing/Report.php on line 782.
 1 APPPATH/Controllers/Reports/Filing/Report.php(782): CodeIgniter\Debug\Exceptions->errorHandler(2, 'Undefined array key ""matched""', 'APPPATH/Controllers/Reports/Filing/Report.php', 782)
 2 SYSTEMPATH/CodeIgniter.php(925): App\Controllers\Reports\Filing\Report->uoi_slp_search()
 3 SYSTEMPATH/CodeIgniter.php(480): CodeIgniter\CodeIgniter->runController(Object(App\Controllers\Reports\Filing\Report))
 4 SYSTEMPATH/CodeIgniter.php(349): CodeIgniter\CodeIgniter->handleRequest(null, Object(Config\Cache), false)
 5 FCPATH/index.php(67): CodeIgniter\CodeIgniter->run()
CRITICAL - 2024-02-23 12:44:45 --> Undefined array key ""matched""
in APPPATH/Controllers/Reports/Filing/Report.php on line 782.
 1 APPPATH/Controllers/Reports/Filing/Report.php(782): CodeIgniter\Debug\Exceptions->errorHandler(2, 'Undefined array key ""matched""', 'APPPATH/Controllers/Reports/Filing/Report.php', 782)
 2 SYSTEMPATH/CodeIgniter.php(925): App\Controllers\Reports\Filing\Report->uoi_slp_search()
 3 SYSTEMPATH/CodeIgniter.php(480): CodeIgniter\CodeIgniter->runController(Object(App\Controllers\Reports\Filing\Report))
 4 SYSTEMPATH/CodeIgniter.php(349): CodeIgniter\CodeIgniter->handleRequest(null, Object(Config\Cache), false)
 5 FCPATH/index.php(67): CodeIgniter\CodeIgniter->run()
CRITICAL - 2024-02-23 12:48:16 --> Undefined array key ""matched""
in APPPATH/Controllers/Reports/Filing/Report.php on line 783.
 1 APPPATH/Controllers/Reports/Filing/Report.php(783): CodeIgniter\Debug\Exceptions->errorHandler(2, 'Undefined array key ""matched""', 'APPPATH/Controllers/Reports/Filing/Report.php', 783)
 2 SYSTEMPATH/CodeIgniter.php(925): App\Controllers\Reports\Filing\Report->uoi_slp_search()
 3 SYSTEMPATH/CodeIgniter.php(480): CodeIgniter\CodeIgniter->runController(Object(App\Controllers\Reports\Filing\Report))
 4 SYSTEMPATH/CodeIgniter.php(349): CodeIgniter\CodeIgniter->handleRequest(null, Object(Config\Cache), false)
 5 FCPATH/index.php(67): CodeIgniter\CodeIgniter->run()
ERROR - 2024-02-23 14:55:45 --> ErrorException: pg_query(): Query failed: ERROR:  syntax error at or near &quot;&quot;IN&quot;&quot;
LINE 4: WHERE &quot;casetype_id&quot; &quot;IN&quot; = (1, 2)
                            ^ in /var/www/html/system/Database/Postgre/Connection.php:140
Stack trace:
#0 [internal function]: CodeIgniter\Debug\Exceptions->errorHandler(2, 'pg_query(): Que...', '/var/www/html/s...', 140)
#1 /var/www/html/system/Database/Postgre/Connection.php(140): pg_query(Object(PgSql\Connection), 'SELECT *\nFROM (...')
#2 /var/www/html/system/Database/BaseConnection.php(666): CodeIgniter\Database\Postgre\Connection->execute('SELECT *\nFROM (...')
#3 /var/www/html/system/Database/BaseConnection.php(593): CodeIgniter\Database\BaseConnection->simpleQuery('SELECT *\nFROM (...')
#4 /var/www/html/system/Database/BaseBuilder.php(1585): CodeIgniter\Database\BaseConnection->query('SELECT *\nFROM (...', Array, false)
#5 /var/www/html/app/Models/Reports/Filing/ReportModel.php(1329): CodeIgniter\Database\BaseBuilder->get()
#6 /var/www/html/app/Controllers/Reports/Filing/Report.php(777): App\Models\Reports\Filing\ReportModel->uoi_slp()
#7 /var/www/html/system/CodeIgniter.php(925): App\Controllers\Reports\Filing\Report->uoi_slp_search()
#8 /var/www/html/system/CodeIgniter.php(480): CodeIgniter\CodeIgniter->runController(Object(App\Controllers\Reports\Filing\Report))
#9 /var/www/html/system/CodeIgniter.php(349): CodeIgniter\CodeIgniter->handleRequest(NULL, Object(Config\Cache), false)
#10 /var/www/html/public/index.php(67): CodeIgniter\CodeIgniter->run()
#11 {main}
CRITICAL - 2024-02-23 14:55:45 --> pg_query(): Query failed: ERROR:  syntax error at or near &quot;&quot;IN&quot;&quot;
LINE 4: WHERE &quot;casetype_id&quot; &quot;IN&quot; = (1, 2)
                            ^
in SYSTEMPATH/Database/Postgre/Connection.php on line 140.
 1 [internal function]: CodeIgniter\Debug\Exceptions->errorHandler(2, 'pg_query(): Query failed: ERROR:  syntax error at or near &quot;&quot;IN&quot;&quot;
LINE 4: WHERE &quot;casetype_id&quot; &quot;IN&quot; = (1, 2)
                            ^', 'SYSTEMPATH/Database/Postgre/Connection.php', 140)
 2 SYSTEMPATH/Database/Postgre/Connection.php(140): pg_query(Object(PgSql\Connection), 'SELECT *
FROM (SELECT right(diary_no::varchar, 4) AS filing_year, sum(1) AS total, SUM(CASE WHEN (TRIM(pet_name) ILIKE \'UOI%\' OR TRIM(pet_name) ILIKE \'%U.O.I.%\' OR TRIM(pet_name) ILIKE \'%Union of india%\' OR TRIM(pet_name) ILIKE \'U O I%\' OR TRIM(pet_name) ILIKE \'Govt of india%\' OR TRIM(pet_name) ILIKE \'Govt. of india%\' OR TRIM(pet_name) ILIKE \'%State%\' OR TRIM(pet_name) ILIKE \'Govt%\' OR TRIM(pet_name) ILIKE \'%commission%\' OR TRIM(pet_name) ILIKE \'%department%\' OR TRIM(pet_name) ILIKE \'%dept.%\' OR TRIM(pet_name) ILIKE \'%revenue%\' OR TRIM(res_name) ILIKE \'UOI%\' OR TRIM(res_name) ILIKE \'%U.O.I.%\' OR TRIM(res_name) ILIKE \'%Union of india%\' OR TRIM(res_name) ILIKE \'U O I%\' OR TRIM(res_name) ILIKE \'Govt of india%\' OR TRIM(res_name) ILIKE \'Govt. of india%\' OR TRIM(res_name) ILIKE \'%State%\' OR TRIM(res_name) ILIKE \'Govt%\' OR TRIM(res_name) ILIKE \'%commission%\' OR TRIM(res_name) ILIKE \'%department%\' OR TRIM(res_name) ILIKE \'%dept.%\' OR TRIM(res_name) ILIKE \'%revenue%\') THEN 1 ELSE 0 END) AS matched
FROM "main"
WHERE "casetype_id" "IN" = (1, 2)
GROUP BY right(diary_no::varchar, 4)
HAVING right(diary_no::varchar, 4)::integer > 1949 UNION SELECT right(diary_no::varchar, 4) AS filing_year, sum(1) AS total, SUM(CASE WHEN (TRIM(pet_name) ILIKE \'UOI%\' OR TRIM(pet_name) ILIKE \'%U.O.I.%\' OR TRIM(pet_name) ILIKE \'%Union of india%\' OR TRIM(pet_name) ILIKE \'U O I%\' OR TRIM(pet_name) ILIKE \'Govt of india%\' OR TRIM(pet_name) ILIKE \'Govt. of india%\' OR TRIM(pet_name) ILIKE \'%State%\' OR TRIM(pet_name) ILIKE \'Govt%\' OR TRIM(pet_name) ILIKE \'%commission%\' OR TRIM(pet_name) ILIKE \'%department%\' OR TRIM(pet_name) ILIKE \'%dept.%\' OR TRIM(pet_name) ILIKE \'%revenue%\' OR TRIM(res_name) ILIKE \'UOI%\' OR TRIM(res_name) ILIKE \'%U.O.I.%\' OR TRIM(res_name) ILIKE \'%Union of india%\' OR TRIM(res_name) ILIKE \'U O I%\' OR TRIM(res_name) ILIKE \'Govt of india%\' OR TRIM(res_name) ILIKE \'Govt. of india%\' OR TRIM(res_name) ILIKE \'%State%\' OR TRIM(res_name) ILIKE \'Govt%\' OR TRIM(res_name) ILIKE \'%commission%\' OR TRIM(res_name) ILIKE \'%department%\' OR TRIM(res_name) ILIKE \'%dept.%\' OR TRIM(res_name) ILIKE \'%revenue%\') THEN 1 ELSE 0 END) AS matched
FROM "main_a"
WHERE "casetype_id" "IN" = (1, 2)
GROUP BY right(diary_no::varchar, 4)
HAVING right(diary_no::varchar, 4)::integer > 1949) y
WHERE "matched" > 0
AND "total" > 0
ORDER BY "filing_year" DESC')
 3 SYSTEMPATH/Database/BaseConnection.php(666): CodeIgniter\Database\Postgre\Connection->execute('SELECT *
FROM (SELECT right(diary_no::varchar, 4) AS filing_year, sum(1) AS total, SUM(CASE WHEN (TRIM(pet_name) ILIKE \'UOI%\' OR TRIM(pet_name) ILIKE \'%U.O.I.%\' OR TRIM(pet_name) ILIKE \'%Union of india%\' OR TRIM(pet_name) ILIKE \'U O I%\' OR TRIM(pet_name) ILIKE \'Govt of india%\' OR TRIM(pet_name) ILIKE \'Govt. of india%\' OR TRIM(pet_name) ILIKE \'%State%\' OR TRIM(pet_name) ILIKE \'Govt%\' OR TRIM(pet_name) ILIKE \'%commission%\' OR TRIM(pet_name) ILIKE \'%department%\' OR TRIM(pet_name) ILIKE \'%dept.%\' OR TRIM(pet_name) ILIKE \'%revenue%\' OR TRIM(res_name) ILIKE \'UOI%\' OR TRIM(res_name) ILIKE \'%U.O.I.%\' OR TRIM(res_name) ILIKE \'%Union of india%\' OR TRIM(res_name) ILIKE \'U O I%\' OR TRIM(res_name) ILIKE \'Govt of india%\' OR TRIM(res_name) ILIKE \'Govt. of india%\' OR TRIM(res_name) ILIKE \'%State%\' OR TRIM(res_name) ILIKE \'Govt%\' OR TRIM(res_name) ILIKE \'%commission%\' OR TRIM(res_name) ILIKE \'%department%\' OR TRIM(res_name) ILIKE \'%dept.%\' OR TRIM(res_name) ILIKE \'%revenue%\') THEN 1 ELSE 0 END) AS matched
FROM "main"
WHERE "casetype_id" "IN" = (1, 2)
GROUP BY right(diary_no::varchar, 4)
HAVING right(diary_no::varchar, 4)::integer > 1949 UNION SELECT right(diary_no::varchar, 4) AS filing_year, sum(1) AS total, SUM(CASE WHEN (TRIM(pet_name) ILIKE \'UOI%\' OR TRIM(pet_name) ILIKE \'%U.O.I.%\' OR TRIM(pet_name) ILIKE \'%Union of india%\' OR TRIM(pet_name) ILIKE \'U O I%\' OR TRIM(pet_name) ILIKE \'Govt of india%\' OR TRIM(pet_name) ILIKE \'Govt. of india%\' OR TRIM(pet_name) ILIKE \'%State%\' OR TRIM(pet_name) ILIKE \'Govt%\' OR TRIM(pet_name) ILIKE \'%commission%\' OR TRIM(pet_name) ILIKE \'%department%\' OR TRIM(pet_name) ILIKE \'%dept.%\' OR TRIM(pet_name) ILIKE \'%revenue%\' OR TRIM(res_name) ILIKE \'UOI%\' OR TRIM(res_name) ILIKE \'%U.O.I.%\' OR TRIM(res_name) ILIKE \'%Union of india%\' OR TRIM(res_name) ILIKE \'U O I%\' OR TRIM(res_name) ILIKE \'Govt of india%\' OR TRIM(res_name) ILIKE \'Govt. of india%\' OR TRIM(res_name) ILIKE \'%State%\' OR TRIM(res_name) ILIKE \'Govt%\' OR TRIM(res_name) ILIKE \'%commission%\' OR TRIM(res_name) ILIKE \'%department%\' OR TRIM(res_name) ILIKE \'%dept.%\' OR TRIM(res_name) ILIKE \'%revenue%\') THEN 1 ELSE 0 END) AS matched
FROM "main_a"
WHERE "casetype_id" "IN" = (1, 2)
GROUP BY right(diary_no::varchar, 4)
HAVING right(diary_no::varchar, 4)::integer > 1949) y
WHERE "matched" > 0
AND "total" > 0
ORDER BY "filing_year" DESC')
 4 SYSTEMPATH/Database/BaseConnection.php(593): CodeIgniter\Database\BaseConnection->simpleQuery('SELECT *
FROM (SELECT right(diary_no::varchar, 4) AS filing_year, sum(1) AS total, SUM(CASE WHEN (TRIM(pet_name) ILIKE \'UOI%\' OR TRIM(pet_name) ILIKE \'%U.O.I.%\' OR TRIM(pet_name) ILIKE \'%Union of india%\' OR TRIM(pet_name) ILIKE \'U O I%\' OR TRIM(pet_name) ILIKE \'Govt of india%\' OR TRIM(pet_name) ILIKE \'Govt. of india%\' OR TRIM(pet_name) ILIKE \'%State%\' OR TRIM(pet_name) ILIKE \'Govt%\' OR TRIM(pet_name) ILIKE \'%commission%\' OR TRIM(pet_name) ILIKE \'%department%\' OR TRIM(pet_name) ILIKE \'%dept.%\' OR TRIM(pet_name) ILIKE \'%revenue%\' OR TRIM(res_name) ILIKE \'UOI%\' OR TRIM(res_name) ILIKE \'%U.O.I.%\' OR TRIM(res_name) ILIKE \'%Union of india%\' OR TRIM(res_name) ILIKE \'U O I%\' OR TRIM(res_name) ILIKE \'Govt of india%\' OR TRIM(res_name) ILIKE \'Govt. of india%\' OR TRIM(res_name) ILIKE \'%State%\' OR TRIM(res_name) ILIKE \'Govt%\' OR TRIM(res_name) ILIKE \'%commission%\' OR TRIM(res_name) ILIKE \'%department%\' OR TRIM(res_name) ILIKE \'%dept.%\' OR TRIM(res_name) ILIKE \'%revenue%\') THEN 1 ELSE 0 END) AS matched
FROM "main"
WHERE "casetype_id" "IN" = (1, 2)
GROUP BY right(diary_no::varchar, 4)
HAVING right(diary_no::varchar, 4)::integer > 1949 UNION SELECT right(diary_no::varchar, 4) AS filing_year, sum(1) AS total, SUM(CASE WHEN (TRIM(pet_name) ILIKE \'UOI%\' OR TRIM(pet_name) ILIKE \'%U.O.I.%\' OR TRIM(pet_name) ILIKE \'%Union of india%\' OR TRIM(pet_name) ILIKE \'U O I%\' OR TRIM(pet_name) ILIKE \'Govt of india%\' OR TRIM(pet_name) ILIKE \'Govt. of india%\' OR TRIM(pet_name) ILIKE \'%State%\' OR TRIM(pet_name) ILIKE \'Govt%\' OR TRIM(pet_name) ILIKE \'%commission%\' OR TRIM(pet_name) ILIKE \'%department%\' OR TRIM(pet_name) ILIKE \'%dept.%\' OR TRIM(pet_name) ILIKE \'%revenue%\' OR TRIM(res_name) ILIKE \'UOI%\' OR TRIM(res_name) ILIKE \'%U.O.I.%\' OR TRIM(res_name) ILIKE \'%Union of india%\' OR TRIM(res_name) ILIKE \'U O I%\' OR TRIM(res_name) ILIKE \'Govt of india%\' OR TRIM(res_name) ILIKE \'Govt. of india%\' OR TRIM(res_name) ILIKE \'%State%\' OR TRIM(res_name) ILIKE \'Govt%\' OR TRIM(res_name) ILIKE \'%commission%\' OR TRIM(res_name) ILIKE \'%department%\' OR TRIM(res_name) ILIKE \'%dept.%\' OR TRIM(res_name) ILIKE \'%revenue%\') THEN 1 ELSE 0 END) AS matched
FROM "main_a"
WHERE "casetype_id" "IN" = (1, 2)
GROUP BY right(diary_no::varchar, 4)
HAVING right(diary_no::varchar, 4)::integer > 1949) y
WHERE "matched" > 0
AND "total" > 0
ORDER BY "filing_year" DESC')
 5 SYSTEMPATH/Database/BaseBuilder.php(1585): CodeIgniter\Database\BaseConnection->query('SELECT *
FROM (SELECT right(diary_no::varchar, 4) AS filing_year, sum(1) AS total, SUM(CASE WHEN (TRIM(pet_name) ILIKE \'UOI%\' OR TRIM(pet_name) ILIKE \'%U.O.I.%\' OR TRIM(pet_name) ILIKE \'%Union of india%\' OR TRIM(pet_name) ILIKE \'U O I%\' OR TRIM(pet_name) ILIKE \'Govt of india%\' OR TRIM(pet_name) ILIKE \'Govt. of india%\' OR TRIM(pet_name) ILIKE \'%State%\' OR TRIM(pet_name) ILIKE \'Govt%\' OR TRIM(pet_name) ILIKE \'%commission%\' OR TRIM(pet_name) ILIKE \'%department%\' OR TRIM(pet_name) ILIKE \'%dept.%\' OR TRIM(pet_name) ILIKE \'%revenue%\' OR TRIM(res_name) ILIKE \'UOI%\' OR TRIM(res_name) ILIKE \'%U.O.I.%\' OR TRIM(res_name) ILIKE \'%Union of india%\' OR TRIM(res_name) ILIKE \'U O I%\' OR TRIM(res_name) ILIKE \'Govt of india%\' OR TRIM(res_name) ILIKE \'Govt. of india%\' OR TRIM(res_name) ILIKE \'%State%\' OR TRIM(res_name) ILIKE \'Govt%\' OR TRIM(res_name) ILIKE \'%commission%\' OR TRIM(res_name) ILIKE \'%department%\' OR TRIM(res_name) ILIKE \'%dept.%\' OR TRIM(res_name) ILIKE \'%revenue%\') THEN 1 ELSE 0 END) AS matched
FROM "main"
WHERE "casetype_id" "IN" = (1, 2)
GROUP BY right(diary_no::varchar, 4)
HAVING right(diary_no::varchar, 4)::integer > 1949 UNION SELECT right(diary_no::varchar, 4) AS filing_year, sum(1) AS total, SUM(CASE WHEN (TRIM(pet_name) ILIKE \'UOI%\' OR TRIM(pet_name) ILIKE \'%U.O.I.%\' OR TRIM(pet_name) ILIKE \'%Union of india%\' OR TRIM(pet_name) ILIKE \'U O I%\' OR TRIM(pet_name) ILIKE \'Govt of india%\' OR TRIM(pet_name) ILIKE \'Govt. of india%\' OR TRIM(pet_name) ILIKE \'%State%\' OR TRIM(pet_name) ILIKE \'Govt%\' OR TRIM(pet_name) ILIKE \'%commission%\' OR TRIM(pet_name) ILIKE \'%department%\' OR TRIM(pet_name) ILIKE \'%dept.%\' OR TRIM(pet_name) ILIKE \'%revenue%\' OR TRIM(res_name) ILIKE \'UOI%\' OR TRIM(res_name) ILIKE \'%U.O.I.%\' OR TRIM(res_name) ILIKE \'%Union of india%\' OR TRIM(res_name) ILIKE \'U O I%\' OR TRIM(res_name) ILIKE \'Govt of india%\' OR TRIM(res_name) ILIKE \'Govt. of india%\' OR TRIM(res_name) ILIKE \'%State%\' OR TRIM(res_name) ILIKE \'Govt%\' OR TRIM(res_name) ILIKE \'%commission%\' OR TRIM(res_name) ILIKE \'%department%\' OR TRIM(res_name) ILIKE \'%dept.%\' OR TRIM(res_name) ILIKE \'%revenue%\') THEN 1 ELSE 0 END) AS matched
FROM "main_a"
WHERE "casetype_id" "IN" = (1, 2)
GROUP BY right(diary_no::varchar, 4)
HAVING right(diary_no::varchar, 4)::integer > 1949) y
WHERE "matched" > :matched:
AND "total" > :total:
ORDER BY "filing_year" DESC', [...], false)
 6 APPPATH/Models/Reports/Filing/ReportModel.php(1329): CodeIgniter\Database\BaseBuilder->get()
 7 APPPATH/Controllers/Reports/Filing/Report.php(777): App\Models\Reports\Filing\ReportModel->uoi_slp()
 8 SYSTEMPATH/CodeIgniter.php(925): App\Controllers\Reports\Filing\Report->uoi_slp_search()
 9 SYSTEMPATH/CodeIgniter.php(480): CodeIgniter\CodeIgniter->runController(Object(App\Controllers\Reports\Filing\Report))
10 SYSTEMPATH/CodeIgniter.php(349): CodeIgniter\CodeIgniter->handleRequest(null, Object(Config\Cache), false)
11 FCPATH/index.php(67): CodeIgniter\CodeIgniter->run()
ERROR - 2024-02-23 14:56:11 --> ErrorException: pg_query(): Query failed: ERROR:  syntax error at or near &quot;&quot;IN&quot;&quot;
LINE 4: WHERE &quot;casetype_id&quot; &quot;IN&quot; = (1, 2)
                            ^ in /var/www/html/system/Database/Postgre/Connection.php:140
Stack trace:
#0 [internal function]: CodeIgniter\Debug\Exceptions->errorHandler(2, 'pg_query(): Que...', '/var/www/html/s...', 140)
#1 /var/www/html/system/Database/Postgre/Connection.php(140): pg_query(Object(PgSql\Connection), 'SELECT *\nFROM (...')
#2 /var/www/html/system/Database/BaseConnection.php(666): CodeIgniter\Database\Postgre\Connection->execute('SELECT *\nFROM (...')
#3 /var/www/html/system/Database/BaseConnection.php(593): CodeIgniter\Database\BaseConnection->simpleQuery('SELECT *\nFROM (...')
#4 /var/www/html/system/Database/BaseBuilder.php(1585): CodeIgniter\Database\BaseConnection->query('SELECT *\nFROM (...', Array, false)
#5 /var/www/html/app/Models/Reports/Filing/ReportModel.php(1329): CodeIgniter\Database\BaseBuilder->get()
#6 /var/www/html/app/Controllers/Reports/Filing/Report.php(777): App\Models\Reports\Filing\ReportModel->uoi_slp()
#7 /var/www/html/system/CodeIgniter.php(925): App\Controllers\Reports\Filing\Report->uoi_slp_search()
#8 /var/www/html/system/CodeIgniter.php(480): CodeIgniter\CodeIgniter->runController(Object(App\Controllers\Reports\Filing\Report))
#9 /var/www/html/system/CodeIgniter.php(349): CodeIgniter\CodeIgniter->handleRequest(NULL, Object(Config\Cache), false)
#10 /var/www/html/public/index.php(67): CodeIgniter\CodeIgniter->run()
#11 {main}
CRITICAL - 2024-02-23 14:56:11 --> pg_query(): Query failed: ERROR:  syntax error at or near &quot;&quot;IN&quot;&quot;
LINE 4: WHERE &quot;casetype_id&quot; &quot;IN&quot; = (1, 2)
                            ^
in SYSTEMPATH/Database/Postgre/Connection.php on line 140.
 1 [internal function]: CodeIgniter\Debug\Exceptions->errorHandler(2, 'pg_query(): Query failed: ERROR:  syntax error at or near &quot;&quot;IN&quot;&quot;
LINE 4: WHERE &quot;casetype_id&quot; &quot;IN&quot; = (1, 2)
                            ^', 'SYSTEMPATH/Database/Postgre/Connection.php', 140)
 2 SYSTEMPATH/Database/Postgre/Connection.php(140): pg_query(Object(PgSql\Connection), 'SELECT *
FROM (SELECT right(diary_no::varchar, 4) AS filing_year, sum(1) AS total, SUM(CASE WHEN (TRIM(pet_name) ILIKE \'UOI%\' OR TRIM(pet_name) ILIKE \'%U.O.I.%\' OR TRIM(pet_name) ILIKE \'%Union of india%\' OR TRIM(pet_name) ILIKE \'U O I%\' OR TRIM(pet_name) ILIKE \'Govt of india%\' OR TRIM(pet_name) ILIKE \'Govt. of india%\' OR TRIM(pet_name) ILIKE \'%State%\' OR TRIM(pet_name) ILIKE \'Govt%\' OR TRIM(pet_name) ILIKE \'%commission%\' OR TRIM(pet_name) ILIKE \'%department%\' OR TRIM(pet_name) ILIKE \'%dept.%\' OR TRIM(pet_name) ILIKE \'%revenue%\' OR TRIM(res_name) ILIKE \'UOI%\' OR TRIM(res_name) ILIKE \'%U.O.I.%\' OR TRIM(res_name) ILIKE \'%Union of india%\' OR TRIM(res_name) ILIKE \'U O I%\' OR TRIM(res_name) ILIKE \'Govt of india%\' OR TRIM(res_name) ILIKE \'Govt. of india%\' OR TRIM(res_name) ILIKE \'%State%\' OR TRIM(res_name) ILIKE \'Govt%\' OR TRIM(res_name) ILIKE \'%commission%\' OR TRIM(res_name) ILIKE \'%department%\' OR TRIM(res_name) ILIKE \'%dept.%\' OR TRIM(res_name) ILIKE \'%revenue%\') THEN 1 ELSE 0 END) AS matched
FROM "main"
WHERE "casetype_id" "IN" = (1, 2)
GROUP BY right(diary_no::varchar, 4)
HAVING right(diary_no::varchar, 4)::integer > 1949 UNION SELECT right(diary_no::varchar, 4) AS filing_year, sum(1) AS total, SUM(CASE WHEN (TRIM(pet_name) ILIKE \'UOI%\' OR TRIM(pet_name) ILIKE \'%U.O.I.%\' OR TRIM(pet_name) ILIKE \'%Union of india%\' OR TRIM(pet_name) ILIKE \'U O I%\' OR TRIM(pet_name) ILIKE \'Govt of india%\' OR TRIM(pet_name) ILIKE \'Govt. of india%\' OR TRIM(pet_name) ILIKE \'%State%\' OR TRIM(pet_name) ILIKE \'Govt%\' OR TRIM(pet_name) ILIKE \'%commission%\' OR TRIM(pet_name) ILIKE \'%department%\' OR TRIM(pet_name) ILIKE \'%dept.%\' OR TRIM(pet_name) ILIKE \'%revenue%\' OR TRIM(res_name) ILIKE \'UOI%\' OR TRIM(res_name) ILIKE \'%U.O.I.%\' OR TRIM(res_name) ILIKE \'%Union of india%\' OR TRIM(res_name) ILIKE \'U O I%\' OR TRIM(res_name) ILIKE \'Govt of india%\' OR TRIM(res_name) ILIKE \'Govt. of india%\' OR TRIM(res_name) ILIKE \'%State%\' OR TRIM(res_name) ILIKE \'Govt%\' OR TRIM(res_name) ILIKE \'%commission%\' OR TRIM(res_name) ILIKE \'%department%\' OR TRIM(res_name) ILIKE \'%dept.%\' OR TRIM(res_name) ILIKE \'%revenue%\') THEN 1 ELSE 0 END) AS matched
FROM "main_a"
WHERE "casetype_id" "IN" = (1, 2)
GROUP BY right(diary_no::varchar, 4)
HAVING right(diary_no::varchar, 4)::integer > 1949) y
WHERE "matched" > 0
AND "total" > 0
ORDER BY "filing_year" DESC')
 3 SYSTEMPATH/Database/BaseConnection.php(666): CodeIgniter\Database\Postgre\Connection->execute('SELECT *
FROM (SELECT right(diary_no::varchar, 4) AS filing_year, sum(1) AS total, SUM(CASE WHEN (TRIM(pet_name) ILIKE \'UOI%\' OR TRIM(pet_name) ILIKE \'%U.O.I.%\' OR TRIM(pet_name) ILIKE \'%Union of india%\' OR TRIM(pet_name) ILIKE \'U O I%\' OR TRIM(pet_name) ILIKE \'Govt of india%\' OR TRIM(pet_name) ILIKE \'Govt. of india%\' OR TRIM(pet_name) ILIKE \'%State%\' OR TRIM(pet_name) ILIKE \'Govt%\' OR TRIM(pet_name) ILIKE \'%commission%\' OR TRIM(pet_name) ILIKE \'%department%\' OR TRIM(pet_name) ILIKE \'%dept.%\' OR TRIM(pet_name) ILIKE \'%revenue%\' OR TRIM(res_name) ILIKE \'UOI%\' OR TRIM(res_name) ILIKE \'%U.O.I.%\' OR TRIM(res_name) ILIKE \'%Union of india%\' OR TRIM(res_name) ILIKE \'U O I%\' OR TRIM(res_name) ILIKE \'Govt of india%\' OR TRIM(res_name) ILIKE \'Govt. of india%\' OR TRIM(res_name) ILIKE \'%State%\' OR TRIM(res_name) ILIKE \'Govt%\' OR TRIM(res_name) ILIKE \'%commission%\' OR TRIM(res_name) ILIKE \'%department%\' OR TRIM(res_name) ILIKE \'%dept.%\' OR TRIM(res_name) ILIKE \'%revenue%\') THEN 1 ELSE 0 END) AS matched
FROM "main"
WHERE "casetype_id" "IN" = (1, 2)
GROUP BY right(diary_no::varchar, 4)
HAVING right(diary_no::varchar, 4)::integer > 1949 UNION SELECT right(diary_no::varchar, 4) AS filing_year, sum(1) AS total, SUM(CASE WHEN (TRIM(pet_name) ILIKE \'UOI%\' OR TRIM(pet_name) ILIKE \'%U.O.I.%\' OR TRIM(pet_name) ILIKE \'%Union of india%\' OR TRIM(pet_name) ILIKE \'U O I%\' OR TRIM(pet_name) ILIKE \'Govt of india%\' OR TRIM(pet_name) ILIKE \'Govt. of india%\' OR TRIM(pet_name) ILIKE \'%State%\' OR TRIM(pet_name) ILIKE \'Govt%\' OR TRIM(pet_name) ILIKE \'%commission%\' OR TRIM(pet_name) ILIKE \'%department%\' OR TRIM(pet_name) ILIKE \'%dept.%\' OR TRIM(pet_name) ILIKE \'%revenue%\' OR TRIM(res_name) ILIKE \'UOI%\' OR TRIM(res_name) ILIKE \'%U.O.I.%\' OR TRIM(res_name) ILIKE \'%Union of india%\' OR TRIM(res_name) ILIKE \'U O I%\' OR TRIM(res_name) ILIKE \'Govt of india%\' OR TRIM(res_name) ILIKE \'Govt. of india%\' OR TRIM(res_name) ILIKE \'%State%\' OR TRIM(res_name) ILIKE \'Govt%\' OR TRIM(res_name) ILIKE \'%commission%\' OR TRIM(res_name) ILIKE \'%department%\' OR TRIM(res_name) ILIKE \'%dept.%\' OR TRIM(res_name) ILIKE \'%revenue%\') THEN 1 ELSE 0 END) AS matched
FROM "main_a"
WHERE "casetype_id" "IN" = (1, 2)
GROUP BY right(diary_no::varchar, 4)
HAVING right(diary_no::varchar, 4)::integer > 1949) y
WHERE "matched" > 0
AND "total" > 0
ORDER BY "filing_year" DESC')
 4 SYSTEMPATH/Database/BaseConnection.php(593): CodeIgniter\Database\BaseConnection->simpleQuery('SELECT *
FROM (SELECT right(diary_no::varchar, 4) AS filing_year, sum(1) AS total, SUM(CASE WHEN (TRIM(pet_name) ILIKE \'UOI%\' OR TRIM(pet_name) ILIKE \'%U.O.I.%\' OR TRIM(pet_name) ILIKE \'%Union of india%\' OR TRIM(pet_name) ILIKE \'U O I%\' OR TRIM(pet_name) ILIKE \'Govt of india%\' OR TRIM(pet_name) ILIKE \'Govt. of india%\' OR TRIM(pet_name) ILIKE \'%State%\' OR TRIM(pet_name) ILIKE \'Govt%\' OR TRIM(pet_name) ILIKE \'%commission%\' OR TRIM(pet_name) ILIKE \'%department%\' OR TRIM(pet_name) ILIKE \'%dept.%\' OR TRIM(pet_name) ILIKE \'%revenue%\' OR TRIM(res_name) ILIKE \'UOI%\' OR TRIM(res_name) ILIKE \'%U.O.I.%\' OR TRIM(res_name) ILIKE \'%Union of india%\' OR TRIM(res_name) ILIKE \'U O I%\' OR TRIM(res_name) ILIKE \'Govt of india%\' OR TRIM(res_name) ILIKE \'Govt. of india%\' OR TRIM(res_name) ILIKE \'%State%\' OR TRIM(res_name) ILIKE \'Govt%\' OR TRIM(res_name) ILIKE \'%commission%\' OR TRIM(res_name) ILIKE \'%department%\' OR TRIM(res_name) ILIKE \'%dept.%\' OR TRIM(res_name) ILIKE \'%revenue%\') THEN 1 ELSE 0 END) AS matched
FROM "main"
WHERE "casetype_id" "IN" = (1, 2)
GROUP BY right(diary_no::varchar, 4)
HAVING right(diary_no::varchar, 4)::integer > 1949 UNION SELECT right(diary_no::varchar, 4) AS filing_year, sum(1) AS total, SUM(CASE WHEN (TRIM(pet_name) ILIKE \'UOI%\' OR TRIM(pet_name) ILIKE \'%U.O.I.%\' OR TRIM(pet_name) ILIKE \'%Union of india%\' OR TRIM(pet_name) ILIKE \'U O I%\' OR TRIM(pet_name) ILIKE \'Govt of india%\' OR TRIM(pet_name) ILIKE \'Govt. of india%\' OR TRIM(pet_name) ILIKE \'%State%\' OR TRIM(pet_name) ILIKE \'Govt%\' OR TRIM(pet_name) ILIKE \'%commission%\' OR TRIM(pet_name) ILIKE \'%department%\' OR TRIM(pet_name) ILIKE \'%dept.%\' OR TRIM(pet_name) ILIKE \'%revenue%\' OR TRIM(res_name) ILIKE \'UOI%\' OR TRIM(res_name) ILIKE \'%U.O.I.%\' OR TRIM(res_name) ILIKE \'%Union of india%\' OR TRIM(res_name) ILIKE \'U O I%\' OR TRIM(res_name) ILIKE \'Govt of india%\' OR TRIM(res_name) ILIKE \'Govt. of india%\' OR TRIM(res_name) ILIKE \'%State%\' OR TRIM(res_name) ILIKE \'Govt%\' OR TRIM(res_name) ILIKE \'%commission%\' OR TRIM(res_name) ILIKE \'%department%\' OR TRIM(res_name) ILIKE \'%dept.%\' OR TRIM(res_name) ILIKE \'%revenue%\') THEN 1 ELSE 0 END) AS matched
FROM "main_a"
WHERE "casetype_id" "IN" = (1, 2)
GROUP BY right(diary_no::varchar, 4)
HAVING right(diary_no::varchar, 4)::integer > 1949) y
WHERE "matched" > 0
AND "total" > 0
ORDER BY "filing_year" DESC')
 5 SYSTEMPATH/Database/BaseBuilder.php(1585): CodeIgniter\Database\BaseConnection->query('SELECT *
FROM (SELECT right(diary_no::varchar, 4) AS filing_year, sum(1) AS total, SUM(CASE WHEN (TRIM(pet_name) ILIKE \'UOI%\' OR TRIM(pet_name) ILIKE \'%U.O.I.%\' OR TRIM(pet_name) ILIKE \'%Union of india%\' OR TRIM(pet_name) ILIKE \'U O I%\' OR TRIM(pet_name) ILIKE \'Govt of india%\' OR TRIM(pet_name) ILIKE \'Govt. of india%\' OR TRIM(pet_name) ILIKE \'%State%\' OR TRIM(pet_name) ILIKE \'Govt%\' OR TRIM(pet_name) ILIKE \'%commission%\' OR TRIM(pet_name) ILIKE \'%department%\' OR TRIM(pet_name) ILIKE \'%dept.%\' OR TRIM(pet_name) ILIKE \'%revenue%\' OR TRIM(res_name) ILIKE \'UOI%\' OR TRIM(res_name) ILIKE \'%U.O.I.%\' OR TRIM(res_name) ILIKE \'%Union of india%\' OR TRIM(res_name) ILIKE \'U O I%\' OR TRIM(res_name) ILIKE \'Govt of india%\' OR TRIM(res_name) ILIKE \'Govt. of india%\' OR TRIM(res_name) ILIKE \'%State%\' OR TRIM(res_name) ILIKE \'Govt%\' OR TRIM(res_name) ILIKE \'%commission%\' OR TRIM(res_name) ILIKE \'%department%\' OR TRIM(res_name) ILIKE \'%dept.%\' OR TRIM(res_name) ILIKE \'%revenue%\') THEN 1 ELSE 0 END) AS matched
FROM "main"
WHERE "casetype_id" "IN" = (1, 2)
GROUP BY right(diary_no::varchar, 4)
HAVING right(diary_no::varchar, 4)::integer > 1949 UNION SELECT right(diary_no::varchar, 4) AS filing_year, sum(1) AS total, SUM(CASE WHEN (TRIM(pet_name) ILIKE \'UOI%\' OR TRIM(pet_name) ILIKE \'%U.O.I.%\' OR TRIM(pet_name) ILIKE \'%Union of india%\' OR TRIM(pet_name) ILIKE \'U O I%\' OR TRIM(pet_name) ILIKE \'Govt of india%\' OR TRIM(pet_name) ILIKE \'Govt. of india%\' OR TRIM(pet_name) ILIKE \'%State%\' OR TRIM(pet_name) ILIKE \'Govt%\' OR TRIM(pet_name) ILIKE \'%commission%\' OR TRIM(pet_name) ILIKE \'%department%\' OR TRIM(pet_name) ILIKE \'%dept.%\' OR TRIM(pet_name) ILIKE \'%revenue%\' OR TRIM(res_name) ILIKE \'UOI%\' OR TRIM(res_name) ILIKE \'%U.O.I.%\' OR TRIM(res_name) ILIKE \'%Union of india%\' OR TRIM(res_name) ILIKE \'U O I%\' OR TRIM(res_name) ILIKE \'Govt of india%\' OR TRIM(res_name) ILIKE \'Govt. of india%\' OR TRIM(res_name) ILIKE \'%State%\' OR TRIM(res_name) ILIKE \'Govt%\' OR TRIM(res_name) ILIKE \'%commission%\' OR TRIM(res_name) ILIKE \'%department%\' OR TRIM(res_name) ILIKE \'%dept.%\' OR TRIM(res_name) ILIKE \'%revenue%\') THEN 1 ELSE 0 END) AS matched
FROM "main_a"
WHERE "casetype_id" "IN" = (1, 2)
GROUP BY right(diary_no::varchar, 4)
HAVING right(diary_no::varchar, 4)::integer > 1949) y
WHERE "matched" > :matched:
AND "total" > :total:
ORDER BY "filing_year" DESC', [...], false)
 6 APPPATH/Models/Reports/Filing/ReportModel.php(1329): CodeIgniter\Database\BaseBuilder->get()
 7 APPPATH/Controllers/Reports/Filing/Report.php(777): App\Models\Reports\Filing\ReportModel->uoi_slp()
 8 SYSTEMPATH/CodeIgniter.php(925): App\Controllers\Reports\Filing\Report->uoi_slp_search()
 9 SYSTEMPATH/CodeIgniter.php(480): CodeIgniter\CodeIgniter->runController(Object(App\Controllers\Reports\Filing\Report))
10 SYSTEMPATH/CodeIgniter.php(349): CodeIgniter\CodeIgniter->handleRequest(null, Object(Config\Cache), false)
11 FCPATH/index.php(67): CodeIgniter\CodeIgniter->run()
ERROR - 2024-02-23 14:57:27 --> ErrorException: pg_query(): Query failed: ERROR:  syntax error at or near &quot;&quot;IN&quot;&quot;
LINE 4: WHERE &quot;casetype_id&quot; &quot;IN&quot; = (1, 2)
                            ^ in /var/www/html/system/Database/Postgre/Connection.php:140
Stack trace:
#0 [internal function]: CodeIgniter\Debug\Exceptions->errorHandler(2, 'pg_query(): Que...', '/var/www/html/s...', 140)
#1 /var/www/html/system/Database/Postgre/Connection.php(140): pg_query(Object(PgSql\Connection), 'SELECT *\nFROM (...')
#2 /var/www/html/system/Database/BaseConnection.php(666): CodeIgniter\Database\Postgre\Connection->execute('SELECT *\nFROM (...')
#3 /var/www/html/system/Database/BaseConnection.php(593): CodeIgniter\Database\BaseConnection->simpleQuery('SELECT *\nFROM (...')
#4 /var/www/html/system/Database/BaseBuilder.php(1585): CodeIgniter\Database\BaseConnection->query('SELECT *\nFROM (...', Array, false)
#5 /var/www/html/app/Models/Reports/Filing/ReportModel.php(1329): CodeIgniter\Database\BaseBuilder->get()
#6 /var/www/html/app/Controllers/Reports/Filing/Report.php(777): App\Models\Reports\Filing\ReportModel->uoi_slp()
#7 /var/www/html/system/CodeIgniter.php(925): App\Controllers\Reports\Filing\Report->uoi_slp_search()
#8 /var/www/html/system/CodeIgniter.php(480): CodeIgniter\CodeIgniter->runController(Object(App\Controllers\Reports\Filing\Report))
#9 /var/www/html/system/CodeIgniter.php(349): CodeIgniter\CodeIgniter->handleRequest(NULL, Object(Config\Cache), false)
#10 /var/www/html/public/index.php(67): CodeIgniter\CodeIgniter->run()
#11 {main}
CRITICAL - 2024-02-23 14:57:27 --> pg_query(): Query failed: ERROR:  syntax error at or near &quot;&quot;IN&quot;&quot;
LINE 4: WHERE &quot;casetype_id&quot; &quot;IN&quot; = (1, 2)
                            ^
in SYSTEMPATH/Database/Postgre/Connection.php on line 140.
 1 [internal function]: CodeIgniter\Debug\Exceptions->errorHandler(2, 'pg_query(): Query failed: ERROR:  syntax error at or near &quot;&quot;IN&quot;&quot;
LINE 4: WHERE &quot;casetype_id&quot; &quot;IN&quot; = (1, 2)
                            ^', 'SYSTEMPATH/Database/Postgre/Connection.php', 140)
 2 SYSTEMPATH/Database/Postgre/Connection.php(140): pg_query(Object(PgSql\Connection), 'SELECT *
FROM (SELECT right(diary_no::varchar, 4) AS filing_year, sum(1) AS total, SUM(CASE WHEN (TRIM(pet_name) ILIKE \'UOI%\' OR TRIM(pet_name) ILIKE \'%U.O.I.%\' OR TRIM(pet_name) ILIKE \'%Union of india%\' OR TRIM(pet_name) ILIKE \'U O I%\' OR TRIM(pet_name) ILIKE \'Govt of india%\' OR TRIM(pet_name) ILIKE \'Govt. of india%\' OR TRIM(pet_name) ILIKE \'%State%\' OR TRIM(pet_name) ILIKE \'Govt%\' OR TRIM(pet_name) ILIKE \'%commission%\' OR TRIM(pet_name) ILIKE \'%department%\' OR TRIM(pet_name) ILIKE \'%dept.%\' OR TRIM(pet_name) ILIKE \'%revenue%\' OR TRIM(res_name) ILIKE \'UOI%\' OR TRIM(res_name) ILIKE \'%U.O.I.%\' OR TRIM(res_name) ILIKE \'%Union of india%\' OR TRIM(res_name) ILIKE \'U O I%\' OR TRIM(res_name) ILIKE \'Govt of india%\' OR TRIM(res_name) ILIKE \'Govt. of india%\' OR TRIM(res_name) ILIKE \'%State%\' OR TRIM(res_name) ILIKE \'Govt%\' OR TRIM(res_name) ILIKE \'%commission%\' OR TRIM(res_name) ILIKE \'%department%\' OR TRIM(res_name) ILIKE \'%dept.%\' OR TRIM(res_name) ILIKE \'%revenue%\') THEN 1 ELSE 0 END) AS matched
FROM "main"
WHERE "casetype_id" "IN" = (1, 2)
GROUP BY right(diary_no::varchar, 4)
HAVING right(diary_no::varchar, 4)::integer > 1949 UNION SELECT right(diary_no::varchar, 4) AS filing_year, sum(1) AS total, SUM(CASE WHEN (TRIM(pet_name) ILIKE \'UOI%\' OR TRIM(pet_name) ILIKE \'%U.O.I.%\' OR TRIM(pet_name) ILIKE \'%Union of india%\' OR TRIM(pet_name) ILIKE \'U O I%\' OR TRIM(pet_name) ILIKE \'Govt of india%\' OR TRIM(pet_name) ILIKE \'Govt. of india%\' OR TRIM(pet_name) ILIKE \'%State%\' OR TRIM(pet_name) ILIKE \'Govt%\' OR TRIM(pet_name) ILIKE \'%commission%\' OR TRIM(pet_name) ILIKE \'%department%\' OR TRIM(pet_name) ILIKE \'%dept.%\' OR TRIM(pet_name) ILIKE \'%revenue%\' OR TRIM(res_name) ILIKE \'UOI%\' OR TRIM(res_name) ILIKE \'%U.O.I.%\' OR TRIM(res_name) ILIKE \'%Union of india%\' OR TRIM(res_name) ILIKE \'U O I%\' OR TRIM(res_name) ILIKE \'Govt of india%\' OR TRIM(res_name) ILIKE \'Govt. of india%\' OR TRIM(res_name) ILIKE \'%State%\' OR TRIM(res_name) ILIKE \'Govt%\' OR TRIM(res_name) ILIKE \'%commission%\' OR TRIM(res_name) ILIKE \'%department%\' OR TRIM(res_name) ILIKE \'%dept.%\' OR TRIM(res_name) ILIKE \'%revenue%\') THEN 1 ELSE 0 END) AS matched
FROM "main_a"
WHERE "casetype_id" "IN" = (1, 2)
GROUP BY right(diary_no::varchar, 4)
HAVING right(diary_no::varchar, 4)::integer > 1949) y
WHERE "matched" > 0
AND "total" > 0
ORDER BY "filing_year" DESC')
 3 SYSTEMPATH/Database/BaseConnection.php(666): CodeIgniter\Database\Postgre\Connection->execute('SELECT *
FROM (SELECT right(diary_no::varchar, 4) AS filing_year, sum(1) AS total, SUM(CASE WHEN (TRIM(pet_name) ILIKE \'UOI%\' OR TRIM(pet_name) ILIKE \'%U.O.I.%\' OR TRIM(pet_name) ILIKE \'%Union of india%\' OR TRIM(pet_name) ILIKE \'U O I%\' OR TRIM(pet_name) ILIKE \'Govt of india%\' OR TRIM(pet_name) ILIKE \'Govt. of india%\' OR TRIM(pet_name) ILIKE \'%State%\' OR TRIM(pet_name) ILIKE \'Govt%\' OR TRIM(pet_name) ILIKE \'%commission%\' OR TRIM(pet_name) ILIKE \'%department%\' OR TRIM(pet_name) ILIKE \'%dept.%\' OR TRIM(pet_name) ILIKE \'%revenue%\' OR TRIM(res_name) ILIKE \'UOI%\' OR TRIM(res_name) ILIKE \'%U.O.I.%\' OR TRIM(res_name) ILIKE \'%Union of india%\' OR TRIM(res_name) ILIKE \'U O I%\' OR TRIM(res_name) ILIKE \'Govt of india%\' OR TRIM(res_name) ILIKE \'Govt. of india%\' OR TRIM(res_name) ILIKE \'%State%\' OR TRIM(res_name) ILIKE \'Govt%\' OR TRIM(res_name) ILIKE \'%commission%\' OR TRIM(res_name) ILIKE \'%department%\' OR TRIM(res_name) ILIKE \'%dept.%\' OR TRIM(res_name) ILIKE \'%revenue%\') THEN 1 ELSE 0 END) AS matched
FROM "main"
WHERE "casetype_id" "IN" = (1, 2)
GROUP BY right(diary_no::varchar, 4)
HAVING right(diary_no::varchar, 4)::integer > 1949 UNION SELECT right(diary_no::varchar, 4) AS filing_year, sum(1) AS total, SUM(CASE WHEN (TRIM(pet_name) ILIKE \'UOI%\' OR TRIM(pet_name) ILIKE \'%U.O.I.%\' OR TRIM(pet_name) ILIKE \'%Union of india%\' OR TRIM(pet_name) ILIKE \'U O I%\' OR TRIM(pet_name) ILIKE \'Govt of india%\' OR TRIM(pet_name) ILIKE \'Govt. of india%\' OR TRIM(pet_name) ILIKE \'%State%\' OR TRIM(pet_name) ILIKE \'Govt%\' OR TRIM(pet_name) ILIKE \'%commission%\' OR TRIM(pet_name) ILIKE \'%department%\' OR TRIM(pet_name) ILIKE \'%dept.%\' OR TRIM(pet_name) ILIKE \'%revenue%\' OR TRIM(res_name) ILIKE \'UOI%\' OR TRIM(res_name) ILIKE \'%U.O.I.%\' OR TRIM(res_name) ILIKE \'%Union of india%\' OR TRIM(res_name) ILIKE \'U O I%\' OR TRIM(res_name) ILIKE \'Govt of india%\' OR TRIM(res_name) ILIKE \'Govt. of india%\' OR TRIM(res_name) ILIKE \'%State%\' OR TRIM(res_name) ILIKE \'Govt%\' OR TRIM(res_name) ILIKE \'%commission%\' OR TRIM(res_name) ILIKE \'%department%\' OR TRIM(res_name) ILIKE \'%dept.%\' OR TRIM(res_name) ILIKE \'%revenue%\') THEN 1 ELSE 0 END) AS matched
FROM "main_a"
WHERE "casetype_id" "IN" = (1, 2)
GROUP BY right(diary_no::varchar, 4)
HAVING right(diary_no::varchar, 4)::integer > 1949) y
WHERE "matched" > 0
AND "total" > 0
ORDER BY "filing_year" DESC')
 4 SYSTEMPATH/Database/BaseConnection.php(593): CodeIgniter\Database\BaseConnection->simpleQuery('SELECT *
FROM (SELECT right(diary_no::varchar, 4) AS filing_year, sum(1) AS total, SUM(CASE WHEN (TRIM(pet_name) ILIKE \'UOI%\' OR TRIM(pet_name) ILIKE \'%U.O.I.%\' OR TRIM(pet_name) ILIKE \'%Union of india%\' OR TRIM(pet_name) ILIKE \'U O I%\' OR TRIM(pet_name) ILIKE \'Govt of india%\' OR TRIM(pet_name) ILIKE \'Govt. of india%\' OR TRIM(pet_name) ILIKE \'%State%\' OR TRIM(pet_name) ILIKE \'Govt%\' OR TRIM(pet_name) ILIKE \'%commission%\' OR TRIM(pet_name) ILIKE \'%department%\' OR TRIM(pet_name) ILIKE \'%dept.%\' OR TRIM(pet_name) ILIKE \'%revenue%\' OR TRIM(res_name) ILIKE \'UOI%\' OR TRIM(res_name) ILIKE \'%U.O.I.%\' OR TRIM(res_name) ILIKE \'%Union of india%\' OR TRIM(res_name) ILIKE \'U O I%\' OR TRIM(res_name) ILIKE \'Govt of india%\' OR TRIM(res_name) ILIKE \'Govt. of india%\' OR TRIM(res_name) ILIKE \'%State%\' OR TRIM(res_name) ILIKE \'Govt%\' OR TRIM(res_name) ILIKE \'%commission%\' OR TRIM(res_name) ILIKE \'%department%\' OR TRIM(res_name) ILIKE \'%dept.%\' OR TRIM(res_name) ILIKE \'%revenue%\') THEN 1 ELSE 0 END) AS matched
FROM "main"
WHERE "casetype_id" "IN" = (1, 2)
GROUP BY right(diary_no::varchar, 4)
HAVING right(diary_no::varchar, 4)::integer > 1949 UNION SELECT right(diary_no::varchar, 4) AS filing_year, sum(1) AS total, SUM(CASE WHEN (TRIM(pet_name) ILIKE \'UOI%\' OR TRIM(pet_name) ILIKE \'%U.O.I.%\' OR TRIM(pet_name) ILIKE \'%Union of india%\' OR TRIM(pet_name) ILIKE \'U O I%\' OR TRIM(pet_name) ILIKE \'Govt of india%\' OR TRIM(pet_name) ILIKE \'Govt. of india%\' OR TRIM(pet_name) ILIKE \'%State%\' OR TRIM(pet_name) ILIKE \'Govt%\' OR TRIM(pet_name) ILIKE \'%commission%\' OR TRIM(pet_name) ILIKE \'%department%\' OR TRIM(pet_name) ILIKE \'%dept.%\' OR TRIM(pet_name) ILIKE \'%revenue%\' OR TRIM(res_name) ILIKE \'UOI%\' OR TRIM(res_name) ILIKE \'%U.O.I.%\' OR TRIM(res_name) ILIKE \'%Union of india%\' OR TRIM(res_name) ILIKE \'U O I%\' OR TRIM(res_name) ILIKE \'Govt of india%\' OR TRIM(res_name) ILIKE \'Govt. of india%\' OR TRIM(res_name) ILIKE \'%State%\' OR TRIM(res_name) ILIKE \'Govt%\' OR TRIM(res_name) ILIKE \'%commission%\' OR TRIM(res_name) ILIKE \'%department%\' OR TRIM(res_name) ILIKE \'%dept.%\' OR TRIM(res_name) ILIKE \'%revenue%\') THEN 1 ELSE 0 END) AS matched
FROM "main_a"
WHERE "casetype_id" "IN" = (1, 2)
GROUP BY right(diary_no::varchar, 4)
HAVING right(diary_no::varchar, 4)::integer > 1949) y
WHERE "matched" > 0
AND "total" > 0
ORDER BY "filing_year" DESC')
 5 SYSTEMPATH/Database/BaseBuilder.php(1585): CodeIgniter\Database\BaseConnection->query('SELECT *
FROM (SELECT right(diary_no::varchar, 4) AS filing_year, sum(1) AS total, SUM(CASE WHEN (TRIM(pet_name) ILIKE \'UOI%\' OR TRIM(pet_name) ILIKE \'%U.O.I.%\' OR TRIM(pet_name) ILIKE \'%Union of india%\' OR TRIM(pet_name) ILIKE \'U O I%\' OR TRIM(pet_name) ILIKE \'Govt of india%\' OR TRIM(pet_name) ILIKE \'Govt. of india%\' OR TRIM(pet_name) ILIKE \'%State%\' OR TRIM(pet_name) ILIKE \'Govt%\' OR TRIM(pet_name) ILIKE \'%commission%\' OR TRIM(pet_name) ILIKE \'%department%\' OR TRIM(pet_name) ILIKE \'%dept.%\' OR TRIM(pet_name) ILIKE \'%revenue%\' OR TRIM(res_name) ILIKE \'UOI%\' OR TRIM(res_name) ILIKE \'%U.O.I.%\' OR TRIM(res_name) ILIKE \'%Union of india%\' OR TRIM(res_name) ILIKE \'U O I%\' OR TRIM(res_name) ILIKE \'Govt of india%\' OR TRIM(res_name) ILIKE \'Govt. of india%\' OR TRIM(res_name) ILIKE \'%State%\' OR TRIM(res_name) ILIKE \'Govt%\' OR TRIM(res_name) ILIKE \'%commission%\' OR TRIM(res_name) ILIKE \'%department%\' OR TRIM(res_name) ILIKE \'%dept.%\' OR TRIM(res_name) ILIKE \'%revenue%\') THEN 1 ELSE 0 END) AS matched
FROM "main"
WHERE "casetype_id" "IN" = (1, 2)
GROUP BY right(diary_no::varchar, 4)
HAVING right(diary_no::varchar, 4)::integer > 1949 UNION SELECT right(diary_no::varchar, 4) AS filing_year, sum(1) AS total, SUM(CASE WHEN (TRIM(pet_name) ILIKE \'UOI%\' OR TRIM(pet_name) ILIKE \'%U.O.I.%\' OR TRIM(pet_name) ILIKE \'%Union of india%\' OR TRIM(pet_name) ILIKE \'U O I%\' OR TRIM(pet_name) ILIKE \'Govt of india%\' OR TRIM(pet_name) ILIKE \'Govt. of india%\' OR TRIM(pet_name) ILIKE \'%State%\' OR TRIM(pet_name) ILIKE \'Govt%\' OR TRIM(pet_name) ILIKE \'%commission%\' OR TRIM(pet_name) ILIKE \'%department%\' OR TRIM(pet_name) ILIKE \'%dept.%\' OR TRIM(pet_name) ILIKE \'%revenue%\' OR TRIM(res_name) ILIKE \'UOI%\' OR TRIM(res_name) ILIKE \'%U.O.I.%\' OR TRIM(res_name) ILIKE \'%Union of india%\' OR TRIM(res_name) ILIKE \'U O I%\' OR TRIM(res_name) ILIKE \'Govt of india%\' OR TRIM(res_name) ILIKE \'Govt. of india%\' OR TRIM(res_name) ILIKE \'%State%\' OR TRIM(res_name) ILIKE \'Govt%\' OR TRIM(res_name) ILIKE \'%commission%\' OR TRIM(res_name) ILIKE \'%department%\' OR TRIM(res_name) ILIKE \'%dept.%\' OR TRIM(res_name) ILIKE \'%revenue%\') THEN 1 ELSE 0 END) AS matched
FROM "main_a"
WHERE "casetype_id" "IN" = (1, 2)
GROUP BY right(diary_no::varchar, 4)
HAVING right(diary_no::varchar, 4)::integer > 1949) y
WHERE "matched" > :matched:
AND "total" > :total:
ORDER BY "filing_year" DESC', [...], false)
 6 APPPATH/Models/Reports/Filing/ReportModel.php(1329): CodeIgniter\Database\BaseBuilder->get()
 7 APPPATH/Controllers/Reports/Filing/Report.php(777): App\Models\Reports\Filing\ReportModel->uoi_slp()
 8 SYSTEMPATH/CodeIgniter.php(925): App\Controllers\Reports\Filing\Report->uoi_slp_search()
 9 SYSTEMPATH/CodeIgniter.php(480): CodeIgniter\CodeIgniter->runController(Object(App\Controllers\Reports\Filing\Report))
10 SYSTEMPATH/CodeIgniter.php(349): CodeIgniter\CodeIgniter->handleRequest(null, Object(Config\Cache), false)
11 FCPATH/index.php(67): CodeIgniter\CodeIgniter->run()
ERROR - 2024-02-23 14:59:01 --> ErrorException: pg_query(): Query failed: ERROR:  syntax error at or near &quot;&quot;IN&quot;&quot;
LINE 4: WHERE &quot;casetype_id&quot; &quot;IN&quot; = (1, 2)
                            ^ in /var/www/html/system/Database/Postgre/Connection.php:140
Stack trace:
#0 [internal function]: CodeIgniter\Debug\Exceptions->errorHandler(2, 'pg_query(): Que...', '/var/www/html/s...', 140)
#1 /var/www/html/system/Database/Postgre/Connection.php(140): pg_query(Object(PgSql\Connection), 'SELECT *\nFROM (...')
#2 /var/www/html/system/Database/BaseConnection.php(666): CodeIgniter\Database\Postgre\Connection->execute('SELECT *\nFROM (...')
#3 /var/www/html/system/Database/BaseConnection.php(593): CodeIgniter\Database\BaseConnection->simpleQuery('SELECT *\nFROM (...')
#4 /var/www/html/system/Database/BaseBuilder.php(1585): CodeIgniter\Database\BaseConnection->query('SELECT *\nFROM (...', Array, false)
#5 /var/www/html/app/Models/Reports/Filing/ReportModel.php(1329): CodeIgniter\Database\BaseBuilder->get()
#6 /var/www/html/app/Controllers/Reports/Filing/Report.php(777): App\Models\Reports\Filing\ReportModel->uoi_slp()
#7 /var/www/html/system/CodeIgniter.php(925): App\Controllers\Reports\Filing\Report->uoi_slp_search()
#8 /var/www/html/system/CodeIgniter.php(480): CodeIgniter\CodeIgniter->runController(Object(App\Controllers\Reports\Filing\Report))
#9 /var/www/html/system/CodeIgniter.php(349): CodeIgniter\CodeIgniter->handleRequest(NULL, Object(Config\Cache), false)
#10 /var/www/html/public/index.php(67): CodeIgniter\CodeIgniter->run()
#11 {main}
CRITICAL - 2024-02-23 14:59:01 --> pg_query(): Query failed: ERROR:  syntax error at or near &quot;&quot;IN&quot;&quot;
LINE 4: WHERE &quot;casetype_id&quot; &quot;IN&quot; = (1, 2)
                            ^
in SYSTEMPATH/Database/Postgre/Connection.php on line 140.
 1 [internal function]: CodeIgniter\Debug\Exceptions->errorHandler(2, 'pg_query(): Query failed: ERROR:  syntax error at or near &quot;&quot;IN&quot;&quot;
LINE 4: WHERE &quot;casetype_id&quot; &quot;IN&quot; = (1, 2)
                            ^', 'SYSTEMPATH/Database/Postgre/Connection.php', 140)
 2 SYSTEMPATH/Database/Postgre/Connection.php(140): pg_query(Object(PgSql\Connection), 'SELECT *
FROM (SELECT right(diary_no::varchar, 4) AS filing_year, sum(1) AS total, SUM(CASE WHEN (TRIM(pet_name) ILIKE \'UOI%\' OR TRIM(pet_name) ILIKE \'%U.O.I.%\' OR TRIM(pet_name) ILIKE \'%Union of india%\' OR TRIM(pet_name) ILIKE \'U O I%\' OR TRIM(pet_name) ILIKE \'Govt of india%\' OR TRIM(pet_name) ILIKE \'Govt. of india%\' OR TRIM(pet_name) ILIKE \'%State%\' OR TRIM(pet_name) ILIKE \'Govt%\' OR TRIM(pet_name) ILIKE \'%commission%\' OR TRIM(pet_name) ILIKE \'%department%\' OR TRIM(pet_name) ILIKE \'%dept.%\' OR TRIM(pet_name) ILIKE \'%revenue%\' OR TRIM(res_name) ILIKE \'UOI%\' OR TRIM(res_name) ILIKE \'%U.O.I.%\' OR TRIM(res_name) ILIKE \'%Union of india%\' OR TRIM(res_name) ILIKE \'U O I%\' OR TRIM(res_name) ILIKE \'Govt of india%\' OR TRIM(res_name) ILIKE \'Govt. of india%\' OR TRIM(res_name) ILIKE \'%State%\' OR TRIM(res_name) ILIKE \'Govt%\' OR TRIM(res_name) ILIKE \'%commission%\' OR TRIM(res_name) ILIKE \'%department%\' OR TRIM(res_name) ILIKE \'%dept.%\' OR TRIM(res_name) ILIKE \'%revenue%\') THEN 1 ELSE 0 END) AS matched
FROM "main"
WHERE "casetype_id" "IN" = (1, 2)
GROUP BY right(diary_no::varchar, 4)
HAVING right(diary_no::varchar, 4)::integer > 1949 UNION SELECT right(diary_no::varchar, 4) AS filing_year, sum(1) AS total, SUM(CASE WHEN (TRIM(pet_name) ILIKE \'UOI%\' OR TRIM(pet_name) ILIKE \'%U.O.I.%\' OR TRIM(pet_name) ILIKE \'%Union of india%\' OR TRIM(pet_name) ILIKE \'U O I%\' OR TRIM(pet_name) ILIKE \'Govt of india%\' OR TRIM(pet_name) ILIKE \'Govt. of india%\' OR TRIM(pet_name) ILIKE \'%State%\' OR TRIM(pet_name) ILIKE \'Govt%\' OR TRIM(pet_name) ILIKE \'%commission%\' OR TRIM(pet_name) ILIKE \'%department%\' OR TRIM(pet_name) ILIKE \'%dept.%\' OR TRIM(pet_name) ILIKE \'%revenue%\' OR TRIM(res_name) ILIKE \'UOI%\' OR TRIM(res_name) ILIKE \'%U.O.I.%\' OR TRIM(res_name) ILIKE \'%Union of india%\' OR TRIM(res_name) ILIKE \'U O I%\' OR TRIM(res_name) ILIKE \'Govt of india%\' OR TRIM(res_name) ILIKE \'Govt. of india%\' OR TRIM(res_name) ILIKE \'%State%\' OR TRIM(res_name) ILIKE \'Govt%\' OR TRIM(res_name) ILIKE \'%commission%\' OR TRIM(res_name) ILIKE \'%department%\' OR TRIM(res_name) ILIKE \'%dept.%\' OR TRIM(res_name) ILIKE \'%revenue%\') THEN 1 ELSE 0 END) AS matched
FROM "main_a"
WHERE "casetype_id" "IN" = (1, 2)
GROUP BY right(diary_no::varchar, 4)
HAVING right(diary_no::varchar, 4)::integer > 1949) y
WHERE "matched" > 0
AND "total" > 0
ORDER BY "filing_year" DESC')
 3 SYSTEMPATH/Database/BaseConnection.php(666): CodeIgniter\Database\Postgre\Connection->execute('SELECT *
FROM (SELECT right(diary_no::varchar, 4) AS filing_year, sum(1) AS total, SUM(CASE WHEN (TRIM(pet_name) ILIKE \'UOI%\' OR TRIM(pet_name) ILIKE \'%U.O.I.%\' OR TRIM(pet_name) ILIKE \'%Union of india%\' OR TRIM(pet_name) ILIKE \'U O I%\' OR TRIM(pet_name) ILIKE \'Govt of india%\' OR TRIM(pet_name) ILIKE \'Govt. of india%\' OR TRIM(pet_name) ILIKE \'%State%\' OR TRIM(pet_name) ILIKE \'Govt%\' OR TRIM(pet_name) ILIKE \'%commission%\' OR TRIM(pet_name) ILIKE \'%department%\' OR TRIM(pet_name) ILIKE \'%dept.%\' OR TRIM(pet_name) ILIKE \'%revenue%\' OR TRIM(res_name) ILIKE \'UOI%\' OR TRIM(res_name) ILIKE \'%U.O.I.%\' OR TRIM(res_name) ILIKE \'%Union of india%\' OR TRIM(res_name) ILIKE \'U O I%\' OR TRIM(res_name) ILIKE \'Govt of india%\' OR TRIM(res_name) ILIKE \'Govt. of india%\' OR TRIM(res_name) ILIKE \'%State%\' OR TRIM(res_name) ILIKE \'Govt%\' OR TRIM(res_name) ILIKE \'%commission%\' OR TRIM(res_name) ILIKE \'%department%\' OR TRIM(res_name) ILIKE \'%dept.%\' OR TRIM(res_name) ILIKE \'%revenue%\') THEN 1 ELSE 0 END) AS matched
FROM "main"
WHERE "casetype_id" "IN" = (1, 2)
GROUP BY right(diary_no::varchar, 4)
HAVING right(diary_no::varchar, 4)::integer > 1949 UNION SELECT right(diary_no::varchar, 4) AS filing_year, sum(1) AS total, SUM(CASE WHEN (TRIM(pet_name) ILIKE \'UOI%\' OR TRIM(pet_name) ILIKE \'%U.O.I.%\' OR TRIM(pet_name) ILIKE \'%Union of india%\' OR TRIM(pet_name) ILIKE \'U O I%\' OR TRIM(pet_name) ILIKE \'Govt of india%\' OR TRIM(pet_name) ILIKE \'Govt. of india%\' OR TRIM(pet_name) ILIKE \'%State%\' OR TRIM(pet_name) ILIKE \'Govt%\' OR TRIM(pet_name) ILIKE \'%commission%\' OR TRIM(pet_name) ILIKE \'%department%\' OR TRIM(pet_name) ILIKE \'%dept.%\' OR TRIM(pet_name) ILIKE \'%revenue%\' OR TRIM(res_name) ILIKE \'UOI%\' OR TRIM(res_name) ILIKE \'%U.O.I.%\' OR TRIM(res_name) ILIKE \'%Union of india%\' OR TRIM(res_name) ILIKE \'U O I%\' OR TRIM(res_name) ILIKE \'Govt of india%\' OR TRIM(res_name) ILIKE \'Govt. of india%\' OR TRIM(res_name) ILIKE \'%State%\' OR TRIM(res_name) ILIKE \'Govt%\' OR TRIM(res_name) ILIKE \'%commission%\' OR TRIM(res_name) ILIKE \'%department%\' OR TRIM(res_name) ILIKE \'%dept.%\' OR TRIM(res_name) ILIKE \'%revenue%\') THEN 1 ELSE 0 END) AS matched
FROM "main_a"
WHERE "casetype_id" "IN" = (1, 2)
GROUP BY right(diary_no::varchar, 4)
HAVING right(diary_no::varchar, 4)::integer > 1949) y
WHERE "matched" > 0
AND "total" > 0
ORDER BY "filing_year" DESC')
 4 SYSTEMPATH/Database/BaseConnection.php(593): CodeIgniter\Database\BaseConnection->simpleQuery('SELECT *
FROM (SELECT right(diary_no::varchar, 4) AS filing_year, sum(1) AS total, SUM(CASE WHEN (TRIM(pet_name) ILIKE \'UOI%\' OR TRIM(pet_name) ILIKE \'%U.O.I.%\' OR TRIM(pet_name) ILIKE \'%Union of india%\' OR TRIM(pet_name) ILIKE \'U O I%\' OR TRIM(pet_name) ILIKE \'Govt of india%\' OR TRIM(pet_name) ILIKE \'Govt. of india%\' OR TRIM(pet_name) ILIKE \'%State%\' OR TRIM(pet_name) ILIKE \'Govt%\' OR TRIM(pet_name) ILIKE \'%commission%\' OR TRIM(pet_name) ILIKE \'%department%\' OR TRIM(pet_name) ILIKE \'%dept.%\' OR TRIM(pet_name) ILIKE \'%revenue%\' OR TRIM(res_name) ILIKE \'UOI%\' OR TRIM(res_name) ILIKE \'%U.O.I.%\' OR TRIM(res_name) ILIKE \'%Union of india%\' OR TRIM(res_name) ILIKE \'U O I%\' OR TRIM(res_name) ILIKE \'Govt of india%\' OR TRIM(res_name) ILIKE \'Govt. of india%\' OR TRIM(res_name) ILIKE \'%State%\' OR TRIM(res_name) ILIKE \'Govt%\' OR TRIM(res_name) ILIKE \'%commission%\' OR TRIM(res_name) ILIKE \'%department%\' OR TRIM(res_name) ILIKE \'%dept.%\' OR TRIM(res_name) ILIKE \'%revenue%\') THEN 1 ELSE 0 END) AS matched
FROM "main"
WHERE "casetype_id" "IN" = (1, 2)
GROUP BY right(diary_no::varchar, 4)
HAVING right(diary_no::varchar, 4)::integer > 1949 UNION SELECT right(diary_no::varchar, 4) AS filing_year, sum(1) AS total, SUM(CASE WHEN (TRIM(pet_name) ILIKE \'UOI%\' OR TRIM(pet_name) ILIKE \'%U.O.I.%\' OR TRIM(pet_name) ILIKE \'%Union of india%\' OR TRIM(pet_name) ILIKE \'U O I%\' OR TRIM(pet_name) ILIKE \'Govt of india%\' OR TRIM(pet_name) ILIKE \'Govt. of india%\' OR TRIM(pet_name) ILIKE \'%State%\' OR TRIM(pet_name) ILIKE \'Govt%\' OR TRIM(pet_name) ILIKE \'%commission%\' OR TRIM(pet_name) ILIKE \'%department%\' OR TRIM(pet_name) ILIKE \'%dept.%\' OR TRIM(pet_name) ILIKE \'%revenue%\' OR TRIM(res_name) ILIKE \'UOI%\' OR TRIM(res_name) ILIKE \'%U.O.I.%\' OR TRIM(res_name) ILIKE \'%Union of india%\' OR TRIM(res_name) ILIKE \'U O I%\' OR TRIM(res_name) ILIKE \'Govt of india%\' OR TRIM(res_name) ILIKE \'Govt. of india%\' OR TRIM(res_name) ILIKE \'%State%\' OR TRIM(res_name) ILIKE \'Govt%\' OR TRIM(res_name) ILIKE \'%commission%\' OR TRIM(res_name) ILIKE \'%department%\' OR TRIM(res_name) ILIKE \'%dept.%\' OR TRIM(res_name) ILIKE \'%revenue%\') THEN 1 ELSE 0 END) AS matched
FROM "main_a"
WHERE "casetype_id" "IN" = (1, 2)
GROUP BY right(diary_no::varchar, 4)
HAVING right(diary_no::varchar, 4)::integer > 1949) y
WHERE "matched" > 0
AND "total" > 0
ORDER BY "filing_year" DESC')
 5 SYSTEMPATH/Database/BaseBuilder.php(1585): CodeIgniter\Database\BaseConnection->query('SELECT *
FROM (SELECT right(diary_no::varchar, 4) AS filing_year, sum(1) AS total, SUM(CASE WHEN (TRIM(pet_name) ILIKE \'UOI%\' OR TRIM(pet_name) ILIKE \'%U.O.I.%\' OR TRIM(pet_name) ILIKE \'%Union of india%\' OR TRIM(pet_name) ILIKE \'U O I%\' OR TRIM(pet_name) ILIKE \'Govt of india%\' OR TRIM(pet_name) ILIKE \'Govt. of india%\' OR TRIM(pet_name) ILIKE \'%State%\' OR TRIM(pet_name) ILIKE \'Govt%\' OR TRIM(pet_name) ILIKE \'%commission%\' OR TRIM(pet_name) ILIKE \'%department%\' OR TRIM(pet_name) ILIKE \'%dept.%\' OR TRIM(pet_name) ILIKE \'%revenue%\' OR TRIM(res_name) ILIKE \'UOI%\' OR TRIM(res_name) ILIKE \'%U.O.I.%\' OR TRIM(res_name) ILIKE \'%Union of india%\' OR TRIM(res_name) ILIKE \'U O I%\' OR TRIM(res_name) ILIKE \'Govt of india%\' OR TRIM(res_name) ILIKE \'Govt. of india%\' OR TRIM(res_name) ILIKE \'%State%\' OR TRIM(res_name) ILIKE \'Govt%\' OR TRIM(res_name) ILIKE \'%commission%\' OR TRIM(res_name) ILIKE \'%department%\' OR TRIM(res_name) ILIKE \'%dept.%\' OR TRIM(res_name) ILIKE \'%revenue%\') THEN 1 ELSE 0 END) AS matched
FROM "main"
WHERE "casetype_id" "IN" = (1, 2)
GROUP BY right(diary_no::varchar, 4)
HAVING right(diary_no::varchar, 4)::integer > 1949 UNION SELECT right(diary_no::varchar, 4) AS filing_year, sum(1) AS total, SUM(CASE WHEN (TRIM(pet_name) ILIKE \'UOI%\' OR TRIM(pet_name) ILIKE \'%U.O.I.%\' OR TRIM(pet_name) ILIKE \'%Union of india%\' OR TRIM(pet_name) ILIKE \'U O I%\' OR TRIM(pet_name) ILIKE \'Govt of india%\' OR TRIM(pet_name) ILIKE \'Govt. of india%\' OR TRIM(pet_name) ILIKE \'%State%\' OR TRIM(pet_name) ILIKE \'Govt%\' OR TRIM(pet_name) ILIKE \'%commission%\' OR TRIM(pet_name) ILIKE \'%department%\' OR TRIM(pet_name) ILIKE \'%dept.%\' OR TRIM(pet_name) ILIKE \'%revenue%\' OR TRIM(res_name) ILIKE \'UOI%\' OR TRIM(res_name) ILIKE \'%U.O.I.%\' OR TRIM(res_name) ILIKE \'%Union of india%\' OR TRIM(res_name) ILIKE \'U O I%\' OR TRIM(res_name) ILIKE \'Govt of india%\' OR TRIM(res_name) ILIKE \'Govt. of india%\' OR TRIM(res_name) ILIKE \'%State%\' OR TRIM(res_name) ILIKE \'Govt%\' OR TRIM(res_name) ILIKE \'%commission%\' OR TRIM(res_name) ILIKE \'%department%\' OR TRIM(res_name) ILIKE \'%dept.%\' OR TRIM(res_name) ILIKE \'%revenue%\') THEN 1 ELSE 0 END) AS matched
FROM "main_a"
WHERE "casetype_id" "IN" = (1, 2)
GROUP BY right(diary_no::varchar, 4)
HAVING right(diary_no::varchar, 4)::integer > 1949) y
WHERE "matched" > :matched:
AND "total" > :total:
ORDER BY "filing_year" DESC', [...], false)
 6 APPPATH/Models/Reports/Filing/ReportModel.php(1329): CodeIgniter\Database\BaseBuilder->get()
 7 APPPATH/Controllers/Reports/Filing/Report.php(777): App\Models\Reports\Filing\ReportModel->uoi_slp()
 8 SYSTEMPATH/CodeIgniter.php(925): App\Controllers\Reports\Filing\Report->uoi_slp_search()
 9 SYSTEMPATH/CodeIgniter.php(480): CodeIgniter\CodeIgniter->runController(Object(App\Controllers\Reports\Filing\Report))
10 SYSTEMPATH/CodeIgniter.php(349): CodeIgniter\CodeIgniter->handleRequest(null, Object(Config\Cache), false)
11 FCPATH/index.php(67): CodeIgniter\CodeIgniter->run()
CRITICAL - 2024-02-23 15:14:40 --> Undefined constant "d_no"
in APPPATH/Views/Reports/filing/registration_report.php on line 15.
 1 SYSTEMPATH/View/View.php(213): include()
 2 SYSTEMPATH/View/View.php(216): CodeIgniter\View\View->CodeIgniter\View\{closure}()
 3 SYSTEMPATH/Common.php(1135): CodeIgniter\View\View->render('Reports/filing/registration_report', [], true)
 4 APPPATH/Controllers/Reports/Filing/Report.php(91): view('Reports/filing/registration_report')
 5 SYSTEMPATH/CodeIgniter.php(925): App\Controllers\Reports\Filing\Report->get_search_view()
 6 SYSTEMPATH/CodeIgniter.php(480): CodeIgniter\CodeIgniter->runController(Object(App\Controllers\Reports\Filing\Report))
 7 SYSTEMPATH/CodeIgniter.php(349): CodeIgniter\CodeIgniter->handleRequest(null, Object(Config\Cache), false)
 8 FCPATH/index.php(67): CodeIgniter\CodeIgniter->run()
CRITICAL - 2024-02-23 15:14:42 --> Undefined constant "d_no"
in APPPATH/Views/Reports/filing/registration_report.php on line 15.
 1 SYSTEMPATH/View/View.php(213): include()
 2 SYSTEMPATH/View/View.php(216): CodeIgniter\View\View->CodeIgniter\View\{closure}()
 3 SYSTEMPATH/Common.php(1135): CodeIgniter\View\View->render('Reports/filing/registration_report', [], true)
 4 APPPATH/Controllers/Reports/Filing/Report.php(91): view('Reports/filing/registration_report')
 5 SYSTEMPATH/CodeIgniter.php(925): App\Controllers\Reports\Filing\Report->get_search_view()
 6 SYSTEMPATH/CodeIgniter.php(480): CodeIgniter\CodeIgniter->runController(Object(App\Controllers\Reports\Filing\Report))
 7 SYSTEMPATH/CodeIgniter.php(349): CodeIgniter\CodeIgniter->handleRequest(null, Object(Config\Cache), false)
 8 FCPATH/index.php(67): CodeIgniter\CodeIgniter->run()
CRITICAL - 2024-02-23 15:14:48 --> Undefined constant "d_no"
in APPPATH/Views/Reports/filing/registration_report.php on line 15.
 1 SYSTEMPATH/View/View.php(213): include()
 2 SYSTEMPATH/View/View.php(216): CodeIgniter\View\View->CodeIgniter\View\{closure}()
 3 SYSTEMPATH/Common.php(1135): CodeIgniter\View\View->render('Reports/filing/registration_report', [], true)
 4 APPPATH/Controllers/Reports/Filing/Report.php(91): view('Reports/filing/registration_report')
 5 SYSTEMPATH/CodeIgniter.php(925): App\Controllers\Reports\Filing\Report->get_search_view()
 6 SYSTEMPATH/CodeIgniter.php(480): CodeIgniter\CodeIgniter->runController(Object(App\Controllers\Reports\Filing\Report))
 7 SYSTEMPATH/CodeIgniter.php(349): CodeIgniter\CodeIgniter->handleRequest(null, Object(Config\Cache), false)
 8 FCPATH/index.php(67): CodeIgniter\CodeIgniter->run()
CRITICAL - 2024-02-23 15:15:00 --> Undefined constant "d_no"
in APPPATH/Views/Reports/filing/registration_report.php on line 15.
 1 SYSTEMPATH/View/View.php(213): include()
 2 SYSTEMPATH/View/View.php(216): CodeIgniter\View\View->CodeIgniter\View\{closure}()
 3 SYSTEMPATH/Common.php(1135): CodeIgniter\View\View->render('Reports/filing/registration_report', [], true)
 4 APPPATH/Controllers/Reports/Filing/Report.php(91): view('Reports/filing/registration_report')
 5 SYSTEMPATH/CodeIgniter.php(925): App\Controllers\Reports\Filing\Report->get_search_view()
 6 SYSTEMPATH/CodeIgniter.php(480): CodeIgniter\CodeIgniter->runController(Object(App\Controllers\Reports\Filing\Report))
 7 SYSTEMPATH/CodeIgniter.php(349): CodeIgniter\CodeIgniter->handleRequest(null, Object(Config\Cache), false)
 8 FCPATH/index.php(67): CodeIgniter\CodeIgniter->run()
CRITICAL - 2024-02-23 15:16:07 --> Undefined constant "d_no"
in APPPATH/Views/Reports/filing/registration_report.php on line 13.
 1 SYSTEMPATH/View/View.php(213): include()
 2 SYSTEMPATH/View/View.php(216): CodeIgniter\View\View->CodeIgniter\View\{closure}()
 3 SYSTEMPATH/Common.php(1135): CodeIgniter\View\View->render('Reports/filing/registration_report', [], true)
 4 APPPATH/Controllers/Reports/Filing/Report.php(91): view('Reports/filing/registration_report')
 5 SYSTEMPATH/CodeIgniter.php(925): App\Controllers\Reports\Filing\Report->get_search_view()
 6 SYSTEMPATH/CodeIgniter.php(480): CodeIgniter\CodeIgniter->runController(Object(App\Controllers\Reports\Filing\Report))
 7 SYSTEMPATH/CodeIgniter.php(349): CodeIgniter\CodeIgniter->handleRequest(null, Object(Config\Cache), false)
 8 FCPATH/index.php(67): CodeIgniter\CodeIgniter->run()
CRITICAL - 2024-02-23 04:02:09 --> The action you requested is not allowed.
in SYSTEMPATH/Security/Security.php on line 307.
 1 SYSTEMPATH/Security/Security.php(307): CodeIgniter\Security\Exceptions\SecurityException::forDisallowedAction()
 2 SYSTEMPATH/Filters/CSRF.php(55): CodeIgniter\Security\Security->verify(Object(CodeIgniter\HTTP\IncomingRequest))
 3 SYSTEMPATH/Filters/Filters.php(173): CodeIgniter\Filters\CSRF->before(Object(CodeIgniter\HTTP\IncomingRequest), null)
 4 SYSTEMPATH/CodeIgniter.php(453): CodeIgniter\Filters\Filters->run('Reports/Filing/Report/uoi_slp_search', 'before')
 5 SYSTEMPATH/CodeIgniter.php(349): CodeIgniter\CodeIgniter->handleRequest(null, Object(Config\Cache), false)
 6 FCPATH/index.php(67): CodeIgniter\CodeIgniter->run()
CRITICAL - 2024-02-23 04:02:59 --> The action you requested is not allowed.
in SYSTEMPATH/Security/Security.php on line 307.
 1 SYSTEMPATH/Security/Security.php(307): CodeIgniter\Security\Exceptions\SecurityException::forDisallowedAction()
 2 SYSTEMPATH/Filters/CSRF.php(55): CodeIgniter\Security\Security->verify(Object(CodeIgniter\HTTP\IncomingRequest))
 3 SYSTEMPATH/Filters/Filters.php(173): CodeIgniter\Filters\CSRF->before(Object(CodeIgniter\HTTP\IncomingRequest), null)
 4 SYSTEMPATH/CodeIgniter.php(453): CodeIgniter\Filters\Filters->run('Reports/Filing/Report/display_registration_report', 'before')
 5 SYSTEMPATH/CodeIgniter.php(349): CodeIgniter\CodeIgniter->handleRequest(null, Object(Config\Cache), false)
 6 FCPATH/index.php(67): CodeIgniter\CodeIgniter->run()
CRITICAL - 2024-02-23 04:04:14 --> The action you requested is not allowed.
in SYSTEMPATH/Security/Security.php on line 307.
 1 SYSTEMPATH/Security/Security.php(307): CodeIgniter\Security\Exceptions\SecurityException::forDisallowedAction()
 2 SYSTEMPATH/Filters/CSRF.php(55): CodeIgniter\Security\Security->verify(Object(CodeIgniter\HTTP\IncomingRequest))
 3 SYSTEMPATH/Filters/Filters.php(173): CodeIgniter\Filters\CSRF->before(Object(CodeIgniter\HTTP\IncomingRequest), null)
 4 SYSTEMPATH/CodeIgniter.php(453): CodeIgniter\Filters\Filters->run('Reports/Filing/Report/display_registration_report', 'before')
 5 SYSTEMPATH/CodeIgniter.php(349): CodeIgniter\CodeIgniter->handleRequest(null, Object(Config\Cache), false)
 6 FCPATH/index.php(67): CodeIgniter\CodeIgniter->run()
CRITICAL - 2024-02-23 04:54:01 --> The action you requested is not allowed.
in SYSTEMPATH/Security/Security.php on line 307.
 1 SYSTEMPATH/Security/Security.php(307): CodeIgniter\Security\Exceptions\SecurityException::forDisallowedAction()
 2 SYSTEMPATH/Filters/CSRF.php(55): CodeIgniter\Security\Security->verify(Object(CodeIgniter\HTTP\IncomingRequest))
 3 SYSTEMPATH/Filters/Filters.php(173): CodeIgniter\Filters\CSRF->before(Object(CodeIgniter\HTTP\IncomingRequest), null)
 4 SYSTEMPATH/CodeIgniter.php(453): CodeIgniter\Filters\Filters->run('Reports/Filing/Report/display_registration_report', 'before')
 5 SYSTEMPATH/CodeIgniter.php(349): CodeIgniter\CodeIgniter->handleRequest(null, Object(Config\Cache), false)
 6 FCPATH/index.php(67): CodeIgniter\CodeIgniter->run()
CRITICAL - 2024-02-23 05:04:34 --> The action you requested is not allowed.
in SYSTEMPATH/Security/Security.php on line 307.
 1 SYSTEMPATH/Security/Security.php(307): CodeIgniter\Security\Exceptions\SecurityException::forDisallowedAction()
 2 SYSTEMPATH/Filters/CSRF.php(55): CodeIgniter\Security\Security->verify(Object(CodeIgniter\HTTP\IncomingRequest))
 3 SYSTEMPATH/Filters/Filters.php(173): CodeIgniter\Filters\CSRF->before(Object(CodeIgniter\HTTP\IncomingRequest), null)
 4 SYSTEMPATH/CodeIgniter.php(453): CodeIgniter\Filters\Filters->run('Supreme_court/Content', 'before')
 5 SYSTEMPATH/CodeIgniter.php(349): CodeIgniter\CodeIgniter->handleRequest(null, Object(Config\Cache), false)
 6 FCPATH/index.php(67): CodeIgniter\CodeIgniter->run()
CRITICAL - 2024-02-23 05:10:13 --> The action you requested is not allowed.
in SYSTEMPATH/Security/Security.php on line 307.
 1 SYSTEMPATH/Security/Security.php(307): CodeIgniter\Security\Exceptions\SecurityException::forDisallowedAction()
 2 SYSTEMPATH/Filters/CSRF.php(55): CodeIgniter\Security\Security->verify(Object(CodeIgniter\HTTP\IncomingRequest))
 3 SYSTEMPATH/Filters/Filters.php(173): CodeIgniter\Filters\CSRF->before(Object(CodeIgniter\HTTP\IncomingRequest), null)
 4 SYSTEMPATH/CodeIgniter.php(453): CodeIgniter\Filters\Filters->run('Reports/Filing/Report/display_registration_report', 'before')
 5 SYSTEMPATH/CodeIgniter.php(349): CodeIgniter\CodeIgniter->handleRequest(null, Object(Config\Cache), false)
 6 FCPATH/index.php(67): CodeIgniter\CodeIgniter->run()
CRITICAL - 2024-02-23 05:10:31 --> The action you requested is not allowed.
in SYSTEMPATH/Security/Security.php on line 307.
 1 SYSTEMPATH/Security/Security.php(307): CodeIgniter\Security\Exceptions\SecurityException::forDisallowedAction()
 2 SYSTEMPATH/Filters/CSRF.php(55): CodeIgniter\Security\Security->verify(Object(CodeIgniter\HTTP\IncomingRequest))
 3 SYSTEMPATH/Filters/Filters.php(173): CodeIgniter\Filters\CSRF->before(Object(CodeIgniter\HTTP\IncomingRequest), null)
 4 SYSTEMPATH/CodeIgniter.php(453): CodeIgniter\Filters\Filters->run('Reports/Filing/Report/display_registration_report', 'before')
 5 SYSTEMPATH/CodeIgniter.php(349): CodeIgniter\CodeIgniter->handleRequest(null, Object(Config\Cache), false)
 6 FCPATH/index.php(67): CodeIgniter\CodeIgniter->run()
CRITICAL - 2024-02-23 05:11:01 --> The action you requested is not allowed.
in SYSTEMPATH/Security/Security.php on line 307.
 1 SYSTEMPATH/Security/Security.php(307): CodeIgniter\Security\Exceptions\SecurityException::forDisallowedAction()
 2 SYSTEMPATH/Filters/CSRF.php(55): CodeIgniter\Security\Security->verify(Object(CodeIgniter\HTTP\IncomingRequest))
 3 SYSTEMPATH/Filters/Filters.php(173): CodeIgniter\Filters\CSRF->before(Object(CodeIgniter\HTTP\IncomingRequest), null)
 4 SYSTEMPATH/CodeIgniter.php(453): CodeIgniter\Filters\Filters->run('Reports/Filing/Report/display_registration_report', 'before')
 5 SYSTEMPATH/CodeIgniter.php(349): CodeIgniter\CodeIgniter->handleRequest(null, Object(Config\Cache), false)
 6 FCPATH/index.php(67): CodeIgniter\CodeIgniter->run()
CRITICAL - 2024-02-23 05:12:05 --> The action you requested is not allowed.
in SYSTEMPATH/Security/Security.php on line 307.
 1 SYSTEMPATH/Security/Security.php(307): CodeIgniter\Security\Exceptions\SecurityException::forDisallowedAction()
 2 SYSTEMPATH/Filters/CSRF.php(55): CodeIgniter\Security\Security->verify(Object(CodeIgniter\HTTP\IncomingRequest))
 3 SYSTEMPATH/Filters/Filters.php(173): CodeIgniter\Filters\CSRF->before(Object(CodeIgniter\HTTP\IncomingRequest), null)
 4 SYSTEMPATH/CodeIgniter.php(453): CodeIgniter\Filters\Filters->run('Reports/Filing/Report/display_registration_report', 'before')
 5 SYSTEMPATH/CodeIgniter.php(349): CodeIgniter\CodeIgniter->handleRequest(null, Object(Config\Cache), false)
 6 FCPATH/index.php(67): CodeIgniter\CodeIgniter->run()
CRITICAL - 2024-02-23 05:19:28 --> The action you requested is not allowed.
in SYSTEMPATH/Security/Security.php on line 307.
 1 SYSTEMPATH/Security/Security.php(307): CodeIgniter\Security\Exceptions\SecurityException::forDisallowedAction()
 2 SYSTEMPATH/Filters/CSRF.php(55): CodeIgniter\Security\Security->verify(Object(CodeIgniter\HTTP\IncomingRequest))
 3 SYSTEMPATH/Filters/Filters.php(173): CodeIgniter\Filters\CSRF->before(Object(CodeIgniter\HTTP\IncomingRequest), null)
 4 SYSTEMPATH/CodeIgniter.php(453): CodeIgniter\Filters\Filters->run('Reports/Filing/Report/display_registration_report', 'before')
 5 SYSTEMPATH/CodeIgniter.php(349): CodeIgniter\CodeIgniter->handleRequest(null, Object(Config\Cache), false)
 6 FCPATH/index.php(67): CodeIgniter\CodeIgniter->run()
CRITICAL - 2024-02-23 17:00:50 --> Undefined constant "d_no"
in APPPATH/Views/Reports/filing/get_registration_report.php on line 2.
 1 SYSTEMPATH/View/View.php(213): include()
 2 SYSTEMPATH/View/View.php(216): CodeIgniter\View\View->CodeIgniter\View\{closure}()
 3 SYSTEMPATH/Common.php(1135): CodeIgniter\View\View->render('Reports/filing/get_registration_report', [], true)
 4 APPPATH/Controllers/Reports/Filing/Report.php(793): view('Reports/filing/get_registration_report', [...])
 5 SYSTEMPATH/CodeIgniter.php(925): App\Controllers\Reports\Filing\Report->display_registration_report()
 6 SYSTEMPATH/CodeIgniter.php(480): CodeIgniter\CodeIgniter->runController(Object(App\Controllers\Reports\Filing\Report))
 7 SYSTEMPATH/CodeIgniter.php(349): CodeIgniter\CodeIgniter->handleRequest(null, Object(Config\Cache), false)
 8 FCPATH/index.php(67): CodeIgniter\CodeIgniter->run()
CRITICAL - 2024-02-23 17:01:55 --> Undefined constant "d_no"
in APPPATH/Views/Reports/filing/get_registration_report.php on line 2.
 1 SYSTEMPATH/View/View.php(213): include()
 2 SYSTEMPATH/View/View.php(216): CodeIgniter\View\View->CodeIgniter\View\{closure}()
 3 SYSTEMPATH/Common.php(1135): CodeIgniter\View\View->render('Reports/filing/get_registration_report', [], true)
 4 APPPATH/Controllers/Reports/Filing/Report.php(793): view('Reports/filing/get_registration_report', [...])
 5 SYSTEMPATH/CodeIgniter.php(925): App\Controllers\Reports\Filing\Report->display_registration_report()
 6 SYSTEMPATH/CodeIgniter.php(480): CodeIgniter\CodeIgniter->runController(Object(App\Controllers\Reports\Filing\Report))
 7 SYSTEMPATH/CodeIgniter.php(349): CodeIgniter\CodeIgniter->handleRequest(null, Object(Config\Cache), false)
 8 FCPATH/index.php(67): CodeIgniter\CodeIgniter->run()
CRITICAL - 2024-02-23 17:03:46 --> Undefined constant "d_no"
in APPPATH/Views/Reports/filing/get_registration_report.php on line 2.
 1 SYSTEMPATH/View/View.php(213): include()
 2 SYSTEMPATH/View/View.php(216): CodeIgniter\View\View->CodeIgniter\View\{closure}()
 3 SYSTEMPATH/Common.php(1135): CodeIgniter\View\View->render('Reports/filing/get_registration_report', [], true)
 4 APPPATH/Controllers/Reports/Filing/Report.php(793): view('Reports/filing/get_registration_report', [...])
 5 SYSTEMPATH/CodeIgniter.php(925): App\Controllers\Reports\Filing\Report->display_registration_report()
 6 SYSTEMPATH/CodeIgniter.php(480): CodeIgniter\CodeIgniter->runController(Object(App\Controllers\Reports\Filing\Report))
 7 SYSTEMPATH/CodeIgniter.php(349): CodeIgniter\CodeIgniter->handleRequest(null, Object(Config\Cache), false)
 8 FCPATH/index.php(67): CodeIgniter\CodeIgniter->run()
CRITICAL - 2024-02-23 17:03:59 --> Undefined constant "d_no"
in APPPATH/Views/Reports/filing/get_registration_report.php on line 2.
 1 SYSTEMPATH/View/View.php(213): include()
 2 SYSTEMPATH/View/View.php(216): CodeIgniter\View\View->CodeIgniter\View\{closure}()
 3 SYSTEMPATH/Common.php(1135): CodeIgniter\View\View->render('Reports/filing/get_registration_report', [], true)
 4 APPPATH/Controllers/Reports/Filing/Report.php(793): view('Reports/filing/get_registration_report', [...])
 5 SYSTEMPATH/CodeIgniter.php(925): App\Controllers\Reports\Filing\Report->display_registration_report()
 6 SYSTEMPATH/CodeIgniter.php(480): CodeIgniter\CodeIgniter->runController(Object(App\Controllers\Reports\Filing\Report))
 7 SYSTEMPATH/CodeIgniter.php(349): CodeIgniter\CodeIgniter->handleRequest(null, Object(Config\Cache), false)
 8 FCPATH/index.php(67): CodeIgniter\CodeIgniter->run()
CRITICAL - 2024-02-23 17:06:24 --> Undefined variable $dairy_no
in APPPATH/Views/Reports/filing/get_registration_report.php on line 24.
 1 APPPATH/Views/Reports/filing/get_registration_report.php(24): CodeIgniter\Debug\Exceptions->errorHandler(2, 'Undefined variable $dairy_no', 'APPPATH/Views/Reports/filing/get_registration_report.php', 24)
 2 SYSTEMPATH/View/View.php(213): include('APPPATH/Views/Reports/filing/get_registration_report.php')
 3 SYSTEMPATH/View/View.php(216): CodeIgniter\View\View->CodeIgniter\View\{closure}()
 4 SYSTEMPATH/Common.php(1135): CodeIgniter\View\View->render('Reports/filing/get_registration_report', [], true)
 5 APPPATH/Controllers/Reports/Filing/Report.php(793): view('Reports/filing/get_registration_report', [...])
 6 SYSTEMPATH/CodeIgniter.php(925): App\Controllers\Reports\Filing\Report->display_registration_report()
 7 SYSTEMPATH/CodeIgniter.php(480): CodeIgniter\CodeIgniter->runController(Object(App\Controllers\Reports\Filing\Report))
 8 SYSTEMPATH/CodeIgniter.php(349): CodeIgniter\CodeIgniter->handleRequest(null, Object(Config\Cache), false)
 9 FCPATH/index.php(67): CodeIgniter\CodeIgniter->run()
CRITICAL - 2024-02-23 17:06:36 --> Undefined variable $dairy_no
in APPPATH/Views/Reports/filing/get_registration_report.php on line 24.
 1 APPPATH/Views/Reports/filing/get_registration_report.php(24): CodeIgniter\Debug\Exceptions->errorHandler(2, 'Undefined variable $dairy_no', 'APPPATH/Views/Reports/filing/get_registration_report.php', 24)
 2 SYSTEMPATH/View/View.php(213): include('APPPATH/Views/Reports/filing/get_registration_report.php')
 3 SYSTEMPATH/View/View.php(216): CodeIgniter\View\View->CodeIgniter\View\{closure}()
 4 SYSTEMPATH/Common.php(1135): CodeIgniter\View\View->render('Reports/filing/get_registration_report', [], true)
 5 APPPATH/Controllers/Reports/Filing/Report.php(793): view('Reports/filing/get_registration_report', [...])
 6 SYSTEMPATH/CodeIgniter.php(925): App\Controllers\Reports\Filing\Report->display_registration_report()
 7 SYSTEMPATH/CodeIgniter.php(480): CodeIgniter\CodeIgniter->runController(Object(App\Controllers\Reports\Filing\Report))
 8 SYSTEMPATH/CodeIgniter.php(349): CodeIgniter\CodeIgniter->handleRequest(null, Object(Config\Cache), false)
 9 FCPATH/index.php(67): CodeIgniter\CodeIgniter->run()
ERROR - 2024-02-23 17:08:24 --> ErrorException: pg_query(): Query failed: ERROR:  relation &quot;casetype&quot; does not exist
LINE 1: Select short_description from casetype where casecode='1' an...
                                      ^ in /var/www/html/system/Database/Postgre/Connection.php:140
Stack trace:
#0 [internal function]: CodeIgniter\Debug\Exceptions->errorHandler(2, 'pg_query(): Que...', '/var/www/html/s...', 140)
#1 /var/www/html/system/Database/Postgre/Connection.php(140): pg_query(Object(PgSql\Connection), 'Select short_de...')
#2 /var/www/html/system/Database/BaseConnection.php(666): CodeIgniter\Database\Postgre\Connection->execute('Select short_de...')
#3 /var/www/html/system/Database/BaseConnection.php(593): CodeIgniter\Database\BaseConnection->simpleQuery('Select short_de...')
#4 /var/www/html/app/Views/Reports/filing/get_registration_report.php(20): CodeIgniter\Database\BaseConnection->query('Select short_de...')
#5 /var/www/html/system/View/View.php(213): include('/var/www/html/a...')
#6 /var/www/html/system/View/View.php(216): CodeIgniter\View\View->CodeIgniter\View\{closure}()
#7 /var/www/html/system/Common.php(1135): CodeIgniter\View\View->render('Reports/filing/...', Array, true)
#8 /var/www/html/app/Controllers/Reports/Filing/Report.php(793): view('Reports/filing/...', Array)
#9 /var/www/html/system/CodeIgniter.php(925): App\Controllers\Reports\Filing\Report->display_registration_report()
#10 /var/www/html/system/CodeIgniter.php(480): CodeIgniter\CodeIgniter->runController(Object(App\Controllers\Reports\Filing\Report))
#11 /var/www/html/system/CodeIgniter.php(349): CodeIgniter\CodeIgniter->handleRequest(NULL, Object(Config\Cache), false)
#12 /var/www/html/public/index.php(67): CodeIgniter\CodeIgniter->run()
#13 {main}
CRITICAL - 2024-02-23 17:08:24 --> pg_query(): Query failed: ERROR:  relation &quot;casetype&quot; does not exist
LINE 1: Select short_description from casetype where casecode='1' an...
                                      ^
in SYSTEMPATH/Database/Postgre/Connection.php on line 140.
 1 [internal function]: CodeIgniter\Debug\Exceptions->errorHandler(2, 'pg_query(): Query failed: ERROR:  relation &quot;casetype&quot; does not exist
LINE 1: Select short_description from casetype where casecode=\'1\' an...
                                      ^', 'SYSTEMPATH/Database/Postgre/Connection.php', 140)
 2 SYSTEMPATH/Database/Postgre/Connection.php(140): pg_query(Object(PgSql\Connection), 'Select short_description from casetype where casecode=\'1\' and display=\'Y\'')
 3 SYSTEMPATH/Database/BaseConnection.php(666): CodeIgniter\Database\Postgre\Connection->execute('Select short_description from casetype where casecode=\'1\' and display=\'Y\'')
 4 SYSTEMPATH/Database/BaseConnection.php(593): CodeIgniter\Database\BaseConnection->simpleQuery('Select short_description from casetype where casecode=\'1\' and display=\'Y\'')
 5 APPPATH/Views/Reports/filing/get_registration_report.php(20): CodeIgniter\Database\BaseConnection->query('Select short_description from casetype where casecode=\'1\' and display=\'Y\'')
 6 SYSTEMPATH/View/View.php(213): include('APPPATH/Views/Reports/filing/get_registration_report.php')
 7 SYSTEMPATH/View/View.php(216): CodeIgniter\View\View->CodeIgniter\View\{closure}()
 8 SYSTEMPATH/Common.php(1135): CodeIgniter\View\View->render('Reports/filing/get_registration_report', [], true)
 9 APPPATH/Controllers/Reports/Filing/Report.php(793): view('Reports/filing/get_registration_report', [...])
10 SYSTEMPATH/CodeIgniter.php(925): App\Controllers\Reports\Filing\Report->display_registration_report()
11 SYSTEMPATH/CodeIgniter.php(480): CodeIgniter\CodeIgniter->runController(Object(App\Controllers\Reports\Filing\Report))
12 SYSTEMPATH/CodeIgniter.php(349): CodeIgniter\CodeIgniter->handleRequest(null, Object(Config\Cache), false)
13 FCPATH/index.php(67): CodeIgniter\CodeIgniter->run()
CRITICAL - 2024-02-23 22:38:00 --> The action you requested is not allowed.
in SYSTEMPATH/Security/Security.php on line 307.
 1 SYSTEMPATH/Security/Security.php(307): CodeIgniter\Security\Exceptions\SecurityException::forDisallowedAction()
 2 SYSTEMPATH/Filters/CSRF.php(55): CodeIgniter\Security\Security->verify(Object(CodeIgniter\HTTP\IncomingRequest))
 3 SYSTEMPATH/Filters/Filters.php(173): CodeIgniter\Filters\CSRF->before(Object(CodeIgniter\HTTP\IncomingRequest), null)
 4 SYSTEMPATH/CodeIgniter.php(453): CodeIgniter\Filters\Filters->run('Supreme_court/Content', 'before')
 5 SYSTEMPATH/CodeIgniter.php(349): CodeIgniter\CodeIgniter->handleRequest(null, Object(Config\Cache), false)
 6 FCPATH/index.php(67): CodeIgniter\CodeIgniter->run()
CRITICAL - 2024-02-23 22:38:32 --> Trying to access array offset on value of type null
in APPPATH/Views/header_sci.php on line 81.
 1 APPPATH/Views/header_sci.php(81): CodeIgniter\Debug\Exceptions->errorHandler(2, 'Trying to access array offset on value of type null', 'APPPATH/Views/header_sci.php', 81)
 2 SYSTEMPATH/View/View.php(213): include('APPPATH/Views/header_sci.php')
 3 SYSTEMPATH/View/View.php(216): CodeIgniter\View\View->CodeIgniter\View\{closure}()
 4 SYSTEMPATH/View/View.php(229): CodeIgniter\View\View->render('header_sci', [], true)
 5 SYSTEMPATH/Common.php(1135): CodeIgniter\View\View->render('templates/index', [], true)
 6 APPPATH/Controllers/Supreme_court/DefaultController.php(24): view('templates/index', [...])
 7 SYSTEMPATH/CodeIgniter.php(925): App\Controllers\Supreme_court\DefaultController->index()
 8 SYSTEMPATH/CodeIgniter.php(480): CodeIgniter\CodeIgniter->runController(Object(App\Controllers\Supreme_court\DefaultController))
 9 SYSTEMPATH/CodeIgniter.php(349): CodeIgniter\CodeIgniter->handleRequest(null, Object(Config\Cache), false)
10 FCPATH/index.php(67): CodeIgniter\CodeIgniter->run()
