CRITICAL - 2024-03-15 05:27:44 --> The action you requested is not allowed.
in SYSTEMPATH/Security/Security.php on line 307.
 1 SYSTEMPATH/Security/Security.php(307): CodeIgniter\Security\Exceptions\SecurityException::forDisallowedAction()
 2 SYSTEMPATH/Filters/CSRF.php(55): CodeIgniter\Security\Security->verify(Object(CodeIgniter\HTTP\IncomingRequest))
 3 SYSTEMPATH/Filters/Filters.php(173): CodeIgniter\Filters\CSRF->before(Object(CodeIgniter\HTTP\IncomingRequest), null)
 4 SYSTEMPATH/CodeIgniter.php(453): CodeIgniter\Filters\Filters->run('Supreme_court/Content', 'before')
 5 SYSTEMPATH/CodeIgniter.php(349): CodeIgniter\CodeIgniter->handleRequest(null, Object(Config\Cache), false)
 6 FCPATH/index.php(67): CodeIgniter\CodeIgniter->run()
CRITICAL - 2024-03-15 16:00:30 --> Undefined array key 0
in APPPATH/Views/Coram/coram_query.php on line 52.
 1 APPPATH/Views/Coram/coram_query.php(52): CodeIgniter\Debug\Exceptions->errorHandler(2, 'Undefined array key 0', 'APPPATH/Views/Coram/coram_query.php', 52)
 2 SYSTEMPATH/View/View.php(213): include('APPPATH/Views/Coram/coram_query.php')
 3 SYSTEMPATH/View/View.php(216): CodeIgniter\View\View->CodeIgniter\View\{closure}()
 4 SYSTEMPATH/Common.php(1135): CodeIgniter\View\View->render('Coram/coram_query', [], true)
 5 APPPATH/Controllers/Coram/Coram_query.php(57): view('Coram/coram_query', [...])
 6 SYSTEMPATH/CodeIgniter.php(925): App\Controllers\Coram\Coram_query->index()
 7 SYSTEMPATH/CodeIgniter.php(480): CodeIgniter\CodeIgniter->runController(Object(App\Controllers\Coram\Coram_query))
 8 SYSTEMPATH/CodeIgniter.php(349): CodeIgniter\CodeIgniter->handleRequest(null, Object(Config\Cache), false)
 9 FCPATH/index.php(67): CodeIgniter\CodeIgniter->run()
CRITICAL - 2024-03-15 16:04:23 --> Undefined array key 0
in APPPATH/Views/Coram/coram_query.php on line 52.
 1 APPPATH/Views/Coram/coram_query.php(52): CodeIgniter\Debug\Exceptions->errorHandler(2, 'Undefined array key 0', 'APPPATH/Views/Coram/coram_query.php', 52)
 2 SYSTEMPATH/View/View.php(213): include('APPPATH/Views/Coram/coram_query.php')
 3 SYSTEMPATH/View/View.php(216): CodeIgniter\View\View->CodeIgniter\View\{closure}()
 4 SYSTEMPATH/Common.php(1135): CodeIgniter\View\View->render('Coram/coram_query', [], true)
 5 APPPATH/Controllers/Coram/Coram_query.php(57): view('Coram/coram_query', [...])
 6 SYSTEMPATH/CodeIgniter.php(925): App\Controllers\Coram\Coram_query->index()
 7 SYSTEMPATH/CodeIgniter.php(480): CodeIgniter\CodeIgniter->runController(Object(App\Controllers\Coram\Coram_query))
 8 SYSTEMPATH/CodeIgniter.php(349): CodeIgniter\CodeIgniter->handleRequest(null, Object(Config\Cache), false)
 9 FCPATH/index.php(67): CodeIgniter\CodeIgniter->run()
CRITICAL - 2024-03-15 16:07:06 --> Undefined array key 0
in APPPATH/Views/Coram/coram_query.php on line 52.
 1 APPPATH/Views/Coram/coram_query.php(52): CodeIgniter\Debug\Exceptions->errorHandler(2, 'Undefined array key 0', 'APPPATH/Views/Coram/coram_query.php', 52)
 2 SYSTEMPATH/View/View.php(213): include('APPPATH/Views/Coram/coram_query.php')
 3 SYSTEMPATH/View/View.php(216): CodeIgniter\View\View->CodeIgniter\View\{closure}()
 4 SYSTEMPATH/Common.php(1135): CodeIgniter\View\View->render('Coram/coram_query', [], true)
 5 APPPATH/Controllers/Coram/Coram_query.php(57): view('Coram/coram_query', [...])
 6 SYSTEMPATH/CodeIgniter.php(925): App\Controllers\Coram\Coram_query->index()
 7 SYSTEMPATH/CodeIgniter.php(480): CodeIgniter\CodeIgniter->runController(Object(App\Controllers\Coram\Coram_query))
 8 SYSTEMPATH/CodeIgniter.php(349): CodeIgniter\CodeIgniter->handleRequest(null, Object(Config\Cache), false)
 9 FCPATH/index.php(67): CodeIgniter\CodeIgniter->run()
CRITICAL - 2024-03-15 16:07:38 --> Undefined array key 0
in APPPATH/Views/Coram/coram_query.php on line 52.
 1 APPPATH/Views/Coram/coram_query.php(52): CodeIgniter\Debug\Exceptions->errorHandler(2, 'Undefined array key 0', 'APPPATH/Views/Coram/coram_query.php', 52)
 2 SYSTEMPATH/View/View.php(213): include('APPPATH/Views/Coram/coram_query.php')
 3 SYSTEMPATH/View/View.php(216): CodeIgniter\View\View->CodeIgniter\View\{closure}()
 4 SYSTEMPATH/Common.php(1135): CodeIgniter\View\View->render('Coram/coram_query', [], true)
 5 APPPATH/Controllers/Coram/Coram_query.php(57): view('Coram/coram_query', [...])
 6 SYSTEMPATH/CodeIgniter.php(925): App\Controllers\Coram\Coram_query->index()
 7 SYSTEMPATH/CodeIgniter.php(480): CodeIgniter\CodeIgniter->runController(Object(App\Controllers\Coram\Coram_query))
 8 SYSTEMPATH/CodeIgniter.php(349): CodeIgniter\CodeIgniter->handleRequest(null, Object(Config\Cache), false)
 9 FCPATH/index.php(67): CodeIgniter\CodeIgniter->run()
CRITICAL - 2024-03-15 06:36:31 --> The action you requested is not allowed.
in SYSTEMPATH/Security/Security.php on line 307.
 1 SYSTEMPATH/Security/Security.php(307): CodeIgniter\Security\Exceptions\SecurityException::forDisallowedAction()
 2 SYSTEMPATH/Filters/CSRF.php(55): CodeIgniter\Security\Security->verify(Object(CodeIgniter\HTTP\IncomingRequest))
 3 SYSTEMPATH/Filters/Filters.php(173): CodeIgniter\Filters\CSRF->before(Object(CodeIgniter\HTTP\IncomingRequest), null)
 4 SYSTEMPATH/CodeIgniter.php(453): CodeIgniter\Filters\Filters->run('Copying/Copying/application_status_update', 'before')
 5 SYSTEMPATH/CodeIgniter.php(349): CodeIgniter\CodeIgniter->handleRequest(null, Object(Config\Cache), false)
 6 FCPATH/index.php(67): CodeIgniter\CodeIgniter->run()
CRITICAL - 2024-03-15 17:07:41 --> Undefined array key 3
in APPPATH/Views/Copying/application_status.php on line 172.
 1 APPPATH/Views/Copying/application_status.php(172): CodeIgniter\Debug\Exceptions->errorHandler(2, 'Undefined array key 3', 'APPPATH/Views/Copying/application_status.php', 172)
 2 SYSTEMPATH/View/View.php(213): include('APPPATH/Views/Copying/application_status.php')
 3 SYSTEMPATH/View/View.php(216): CodeIgniter\View\View->CodeIgniter\View\{closure}()
 4 SYSTEMPATH/Common.php(1135): CodeIgniter\View\View->render('Copying/application_status', [], true)
 5 APPPATH/Controllers/Copying/Copying.php(734): view('Copying/application_status', [...])
 6 SYSTEMPATH/CodeIgniter.php(925): App\Controllers\Copying\Copying->application_status()
 7 SYSTEMPATH/CodeIgniter.php(480): CodeIgniter\CodeIgniter->runController(Object(App\Controllers\Copying\Copying))
 8 SYSTEMPATH/CodeIgniter.php(349): CodeIgniter\CodeIgniter->handleRequest(null, Object(Config\Cache), false)
 9 FCPATH/index.php(67): CodeIgniter\CodeIgniter->run()
ERROR - 2024-03-15 17:08:41 --> ErrorException: pg_query(): Query failed: ERROR:  column &quot;address&quot; does not exist
LINE 1: SELECT &quot;aor_code&quot;, &quot;name&quot;, &quot;mobile&quot;, &quot;address&quot;
                                             ^
HINT:  Perhaps you meant to reference the column &quot;bar.paddress&quot; or the column &quot;bar.caddress&quot;. in /var/www/html/system/Database/Postgre/Connection.php:140
Stack trace:
#0 [internal function]: CodeIgniter\Debug\Exceptions->errorHandler(2, 'pg_query(): Que...', '/var/www/html/s...', 140)
#1 /var/www/html/system/Database/Postgre/Connection.php(140): pg_query(Object(PgSql\Connection), 'SELECT "aor_cod...')
#2 /var/www/html/system/Database/BaseConnection.php(666): CodeIgniter\Database\Postgre\Connection->execute('SELECT "aor_cod...')
#3 /var/www/html/system/Database/BaseConnection.php(593): CodeIgniter\Database\BaseConnection->simpleQuery('SELECT "aor_cod...')
#4 /var/www/html/system/Database/BaseBuilder.php(1585): CodeIgniter\Database\BaseConnection->query('SELECT "aor_cod...', Array, false)
#5 /var/www/html/app/Models/Record_room/Model_record.php(164): CodeIgniter\Database\BaseBuilder->get()
#6 /var/www/html/app/Controllers/Record_room/Record.php(242): App\Models\Record_room\Model_record->getAORDetails()
#7 /var/www/html/system/CodeIgniter.php(925): App\Controllers\Record_room\Record->aorDetails()
#8 /var/www/html/system/CodeIgniter.php(480): CodeIgniter\CodeIgniter->runController(Object(App\Controllers\Record_room\Record))
#9 /var/www/html/system/CodeIgniter.php(349): CodeIgniter\CodeIgniter->handleRequest(NULL, Object(Config\Cache), false)
#10 /var/www/html/public/index.php(67): CodeIgniter\CodeIgniter->run()
#11 {main}
CRITICAL - 2024-03-15 17:08:41 --> pg_query(): Query failed: ERROR:  column &quot;address&quot; does not exist
LINE 1: SELECT &quot;aor_code&quot;, &quot;name&quot;, &quot;mobile&quot;, &quot;address&quot;
                                             ^
HINT:  Perhaps you meant to reference the column &quot;bar.paddress&quot; or the column &quot;bar.caddress&quot;.
in SYSTEMPATH/Database/Postgre/Connection.php on line 140.
 1 [internal function]: CodeIgniter\Debug\Exceptions->errorHandler(2, 'pg_query(): Query failed: ERROR:  column &quot;address&quot; does not exist
LINE 1: SELECT &quot;aor_code&quot;, &quot;name&quot;, &quot;mobile&quot;, &quot;address&quot;
                                             ^
HINT:  Perhaps you meant to reference the column &quot;bar.paddress&quot; or the column &quot;bar.caddress&quot;.', 'SYSTEMPATH/Database/Postgre/Connection.php', 140)
 2 SYSTEMPATH/Database/Postgre/Connection.php(140): pg_query(Object(PgSql\Connection), 'SELECT "aor_code", "name", "mobile", "address"
FROM "master"."bar"
WHERE "isdead" = \'N\'
AND "if_aor" = \'Y\'
ORDER BY "aor_code"')
 3 SYSTEMPATH/Database/BaseConnection.php(666): CodeIgniter\Database\Postgre\Connection->execute('SELECT "aor_code", "name", "mobile", "address"
FROM "master"."bar"
WHERE "isdead" = \'N\'
AND "if_aor" = \'Y\'
ORDER BY "aor_code"')
 4 SYSTEMPATH/Database/BaseConnection.php(593): CodeIgniter\Database\BaseConnection->simpleQuery('SELECT "aor_code", "name", "mobile", "address"
FROM "master"."bar"
WHERE "isdead" = \'N\'
AND "if_aor" = \'Y\'
ORDER BY "aor_code"')
 5 SYSTEMPATH/Database/BaseBuilder.php(1585): CodeIgniter\Database\BaseConnection->query('SELECT "aor_code", "name", "mobile", "address"
FROM "master"."bar"
WHERE "isdead" = :isdead:
AND "if_aor" = :if_aor:
ORDER BY "aor_code"', [...], false)
 6 APPPATH/Models/Record_room/Model_record.php(164): CodeIgniter\Database\BaseBuilder->get()
 7 APPPATH/Controllers/Record_room/Record.php(242): App\Models\Record_room\Model_record->getAORDetails()
 8 SYSTEMPATH/CodeIgniter.php(925): App\Controllers\Record_room\Record->aorDetails()
 9 SYSTEMPATH/CodeIgniter.php(480): CodeIgniter\CodeIgniter->runController(Object(App\Controllers\Record_room\Record))
10 SYSTEMPATH/CodeIgniter.php(349): CodeIgniter\CodeIgniter->handleRequest(null, Object(Config\Cache), false)
11 FCPATH/index.php(67): CodeIgniter\CodeIgniter->run()
ERROR - 2024-03-15 17:10:38 --> ErrorException: pg_query(): Query failed: ERROR:  column &quot;address&quot; does not exist
LINE 1: SELECT &quot;aor_code&quot;, &quot;name&quot;, &quot;mobile&quot;, &quot;address&quot;
                                             ^
HINT:  Perhaps you meant to reference the column &quot;bar.paddress&quot; or the column &quot;bar.caddress&quot;. in /var/www/html/system/Database/Postgre/Connection.php:140
Stack trace:
#0 [internal function]: CodeIgniter\Debug\Exceptions->errorHandler(2, 'pg_query(): Que...', '/var/www/html/s...', 140)
#1 /var/www/html/system/Database/Postgre/Connection.php(140): pg_query(Object(PgSql\Connection), 'SELECT "aor_cod...')
#2 /var/www/html/system/Database/BaseConnection.php(666): CodeIgniter\Database\Postgre\Connection->execute('SELECT "aor_cod...')
#3 /var/www/html/system/Database/BaseConnection.php(593): CodeIgniter\Database\BaseConnection->simpleQuery('SELECT "aor_cod...')
#4 /var/www/html/system/Database/BaseBuilder.php(1585): CodeIgniter\Database\BaseConnection->query('SELECT "aor_cod...', Array, false)
#5 /var/www/html/app/Models/Record_room/Model_record.php(164): CodeIgniter\Database\BaseBuilder->get()
#6 /var/www/html/app/Controllers/Record_room/Record.php(242): App\Models\Record_room\Model_record->getAORDetails()
#7 /var/www/html/system/CodeIgniter.php(925): App\Controllers\Record_room\Record->aorDetails()
#8 /var/www/html/system/CodeIgniter.php(480): CodeIgniter\CodeIgniter->runController(Object(App\Controllers\Record_room\Record))
#9 /var/www/html/system/CodeIgniter.php(349): CodeIgniter\CodeIgniter->handleRequest(NULL, Object(Config\Cache), false)
#10 /var/www/html/public/index.php(67): CodeIgniter\CodeIgniter->run()
#11 {main}
CRITICAL - 2024-03-15 17:10:38 --> pg_query(): Query failed: ERROR:  column &quot;address&quot; does not exist
LINE 1: SELECT &quot;aor_code&quot;, &quot;name&quot;, &quot;mobile&quot;, &quot;address&quot;
                                             ^
HINT:  Perhaps you meant to reference the column &quot;bar.paddress&quot; or the column &quot;bar.caddress&quot;.
in SYSTEMPATH/Database/Postgre/Connection.php on line 140.
 1 [internal function]: CodeIgniter\Debug\Exceptions->errorHandler(2, 'pg_query(): Query failed: ERROR:  column &quot;address&quot; does not exist
LINE 1: SELECT &quot;aor_code&quot;, &quot;name&quot;, &quot;mobile&quot;, &quot;address&quot;
                                             ^
HINT:  Perhaps you meant to reference the column &quot;bar.paddress&quot; or the column &quot;bar.caddress&quot;.', 'SYSTEMPATH/Database/Postgre/Connection.php', 140)
 2 SYSTEMPATH/Database/Postgre/Connection.php(140): pg_query(Object(PgSql\Connection), 'SELECT "aor_code", "name", "mobile", "address"
FROM "master"."bar"
WHERE "isdead" = \'N\'
AND "if_aor" = \'Y\'
ORDER BY "aor_code"')
 3 SYSTEMPATH/Database/BaseConnection.php(666): CodeIgniter\Database\Postgre\Connection->execute('SELECT "aor_code", "name", "mobile", "address"
FROM "master"."bar"
WHERE "isdead" = \'N\'
AND "if_aor" = \'Y\'
ORDER BY "aor_code"')
 4 SYSTEMPATH/Database/BaseConnection.php(593): CodeIgniter\Database\BaseConnection->simpleQuery('SELECT "aor_code", "name", "mobile", "address"
FROM "master"."bar"
WHERE "isdead" = \'N\'
AND "if_aor" = \'Y\'
ORDER BY "aor_code"')
 5 SYSTEMPATH/Database/BaseBuilder.php(1585): CodeIgniter\Database\BaseConnection->query('SELECT "aor_code", "name", "mobile", "address"
FROM "master"."bar"
WHERE "isdead" = :isdead:
AND "if_aor" = :if_aor:
ORDER BY "aor_code"', [...], false)
 6 APPPATH/Models/Record_room/Model_record.php(164): CodeIgniter\Database\BaseBuilder->get()
 7 APPPATH/Controllers/Record_room/Record.php(242): App\Models\Record_room\Model_record->getAORDetails()
 8 SYSTEMPATH/CodeIgniter.php(925): App\Controllers\Record_room\Record->aorDetails()
 9 SYSTEMPATH/CodeIgniter.php(480): CodeIgniter\CodeIgniter->runController(Object(App\Controllers\Record_room\Record))
10 SYSTEMPATH/CodeIgniter.php(349): CodeIgniter\CodeIgniter->handleRequest(null, Object(Config\Cache), false)
11 FCPATH/index.php(67): CodeIgniter\CodeIgniter->run()
CRITICAL - 2024-03-15 06:54:42 --> Trying to access array offset on value of type null
in APPPATH/Views/header_sci.php on line 81.
 1 APPPATH/Views/header_sci.php(81): CodeIgniter\Debug\Exceptions->errorHandler(2, 'Trying to access array offset on value of type null', 'APPPATH/Views/header_sci.php', 81)
 2 SYSTEMPATH/View/View.php(213): include('APPPATH/Views/header_sci.php')
 3 SYSTEMPATH/View/View.php(216): CodeIgniter\View\View->CodeIgniter\View\{closure}()
 4 SYSTEMPATH/View/View.php(229): CodeIgniter\View\View->render('header_sci', [], true)
 5 SYSTEMPATH/Common.php(1135): CodeIgniter\View\View->render('templates/index', [], true)
 6 APPPATH/Controllers/Supreme_court/DefaultController.php(24): view('templates/index', [...])
 7 SYSTEMPATH/CodeIgniter.php(925): App\Controllers\Supreme_court\DefaultController->index()
 8 SYSTEMPATH/CodeIgniter.php(480): CodeIgniter\CodeIgniter->runController(Object(App\Controllers\Supreme_court\DefaultController))
 9 SYSTEMPATH/CodeIgniter.php(349): CodeIgniter\CodeIgniter->handleRequest(null, Object(Config\Cache), false)
10 FCPATH/index.php(67): CodeIgniter\CodeIgniter->run()
