CRITICAL - 2024-03-06 10:41:32 --> Invalid file: Reports/filing/get_loose_doc_detail_view.php
in SYSTEMPATH/Exceptions/FrameworkException.php on line 33.
 1 SYSTEMPATH/View/View.php(201): CodeIgniter\Exceptions\FrameworkException::forInvalidFile('Reports/filing/get_loose_doc_detail_view.php')
 2 SYSTEMPATH/Common.php(1135): CodeIgniter\View\View->render('Reports/filing/get_loose_doc_detail_view', [], true)
 3 APPPATH/Controllers/Reports/Filing/Report.php(1122): view('Reports/filing/get_loose_doc_detail_view', [...])
 4 SYSTEMPATH/CodeIgniter.php(925): App\Controllers\Reports\Filing\Report->loose_document_detail()
 5 SYSTEMPATH/CodeIgniter.php(480): CodeIgniter\CodeIgniter->runController(Object(App\Controllers\Reports\Filing\Report))
 6 SYSTEMPATH/CodeIgniter.php(349): CodeIgniter\CodeIgniter->handleRequest(null, Object(Config\Cache), false)
 7 FCPATH/index.php(67): CodeIgniter\CodeIgniter->run()
CRITICAL - 2024-03-06 10:41:56 --> Invalid file: Reports/filing/get_loose_doc_detail_view.php
in SYSTEMPATH/Exceptions/FrameworkException.php on line 33.
 1 SYSTEMPATH/View/View.php(201): CodeIgniter\Exceptions\FrameworkException::forInvalidFile('Reports/filing/get_loose_doc_detail_view.php')
 2 SYSTEMPATH/Common.php(1135): CodeIgniter\View\View->render('Reports/filing/get_loose_doc_detail_view', [], true)
 3 APPPATH/Controllers/Reports/Filing/Report.php(1122): view('Reports/filing/get_loose_doc_detail_view', [...])
 4 SYSTEMPATH/CodeIgniter.php(925): App\Controllers\Reports\Filing\Report->loose_document_detail()
 5 SYSTEMPATH/CodeIgniter.php(480): CodeIgniter\CodeIgniter->runController(Object(App\Controllers\Reports\Filing\Report))
 6 SYSTEMPATH/CodeIgniter.php(349): CodeIgniter\CodeIgniter->handleRequest(null, Object(Config\Cache), false)
 7 FCPATH/index.php(67): CodeIgniter\CodeIgniter->run()
CRITICAL - 2024-03-06 10:44:31 --> Invalid file: Reports/filing/get_loose_doc_detail_view.php
in SYSTEMPATH/Exceptions/FrameworkException.php on line 33.
 1 SYSTEMPATH/View/View.php(201): CodeIgniter\Exceptions\FrameworkException::forInvalidFile('Reports/filing/get_loose_doc_detail_view.php')
 2 SYSTEMPATH/Common.php(1135): CodeIgniter\View\View->render('Reports/filing/get_loose_doc_detail_view', [], true)
 3 APPPATH/Controllers/Reports/Filing/Report.php(1122): view('Reports/filing/get_loose_doc_detail_view', [...])
 4 SYSTEMPATH/CodeIgniter.php(925): App\Controllers\Reports\Filing\Report->loose_document_detail()
 5 SYSTEMPATH/CodeIgniter.php(480): CodeIgniter\CodeIgniter->runController(Object(App\Controllers\Reports\Filing\Report))
 6 SYSTEMPATH/CodeIgniter.php(349): CodeIgniter\CodeIgniter->handleRequest(null, Object(Config\Cache), false)
 7 FCPATH/index.php(67): CodeIgniter\CodeIgniter->run()
CRITICAL - 2024-03-06 10:49:16 --> Invalid file: Reports/filing/get_loose_doc_detail_view.php
in SYSTEMPATH/Exceptions/FrameworkException.php on line 33.
 1 SYSTEMPATH/View/View.php(201): CodeIgniter\Exceptions\FrameworkException::forInvalidFile('Reports/filing/get_loose_doc_detail_view.php')
 2 SYSTEMPATH/Common.php(1135): CodeIgniter\View\View->render('Reports/filing/get_loose_doc_detail_view', [], true)
 3 APPPATH/Controllers/Reports/Filing/Report.php(1122): view('Reports/filing/get_loose_doc_detail_view', [...])
 4 SYSTEMPATH/CodeIgniter.php(925): App\Controllers\Reports\Filing\Report->loose_document_detail()
 5 SYSTEMPATH/CodeIgniter.php(480): CodeIgniter\CodeIgniter->runController(Object(App\Controllers\Reports\Filing\Report))
 6 SYSTEMPATH/CodeIgniter.php(349): CodeIgniter\CodeIgniter->handleRequest(null, Object(Config\Cache), false)
 7 FCPATH/index.php(67): CodeIgniter\CodeIgniter->run()
CRITICAL - 2024-03-06 11:02:49 --> Invalid file: Reports/filing/get_loose_doc_detail_view.php
in SYSTEMPATH/Exceptions/FrameworkException.php on line 33.
 1 SYSTEMPATH/View/View.php(201): CodeIgniter\Exceptions\FrameworkException::forInvalidFile('Reports/filing/get_loose_doc_detail_view.php')
 2 SYSTEMPATH/Common.php(1135): CodeIgniter\View\View->render('Reports/filing/get_loose_doc_detail_view', [], true)
 3 APPPATH/Controllers/Reports/Filing/Report.php(1122): view('Reports/filing/get_loose_doc_detail_view', [...])
 4 SYSTEMPATH/CodeIgniter.php(925): App\Controllers\Reports\Filing\Report->loose_document_detail()
 5 SYSTEMPATH/CodeIgniter.php(480): CodeIgniter\CodeIgniter->runController(Object(App\Controllers\Reports\Filing\Report))
 6 SYSTEMPATH/CodeIgniter.php(349): CodeIgniter\CodeIgniter->handleRequest(null, Object(Config\Cache), false)
 7 FCPATH/index.php(67): CodeIgniter\CodeIgniter->run()
CRITICAL - 2024-03-06 11:03:17 --> Invalid file: Reports/filing/get_loose_doc_detail_view.php
in SYSTEMPATH/Exceptions/FrameworkException.php on line 33.
 1 SYSTEMPATH/View/View.php(201): CodeIgniter\Exceptions\FrameworkException::forInvalidFile('Reports/filing/get_loose_doc_detail_view.php')
 2 SYSTEMPATH/Common.php(1135): CodeIgniter\View\View->render('Reports/filing/get_loose_doc_detail_view', [], true)
 3 APPPATH/Controllers/Reports/Filing/Report.php(1122): view('Reports/filing/get_loose_doc_detail_view', [...])
 4 SYSTEMPATH/CodeIgniter.php(925): App\Controllers\Reports\Filing\Report->loose_document_detail()
 5 SYSTEMPATH/CodeIgniter.php(480): CodeIgniter\CodeIgniter->runController(Object(App\Controllers\Reports\Filing\Report))
 6 SYSTEMPATH/CodeIgniter.php(349): CodeIgniter\CodeIgniter->handleRequest(null, Object(Config\Cache), false)
 7 FCPATH/index.php(67): CodeIgniter\CodeIgniter->run()
CRITICAL - 2024-03-06 00:43:12 --> The action you requested is not allowed.
in SYSTEMPATH/Security/Security.php on line 307.
 1 SYSTEMPATH/Security/Security.php(307): CodeIgniter\Security\Exceptions\SecurityException::forDisallowedAction()
 2 SYSTEMPATH/Filters/CSRF.php(55): CodeIgniter\Security\Security->verify(Object(CodeIgniter\HTTP\IncomingRequest))
 3 SYSTEMPATH/Filters/Filters.php(173): CodeIgniter\Filters\CSRF->before(Object(CodeIgniter\HTTP\IncomingRequest), null)
 4 SYSTEMPATH/CodeIgniter.php(453): CodeIgniter\Filters\Filters->run('Reports/Filing/Report/uoi_slp_search', 'before')
 5 SYSTEMPATH/CodeIgniter.php(349): CodeIgniter\CodeIgniter->handleRequest(null, Object(Config\Cache), false)
 6 FCPATH/index.php(67): CodeIgniter\CodeIgniter->run()
