ERROR - 2024-04-02 12:08:28 --> ErrorException: pg_query(): Query failed: ERROR:  invalid input syntax for type bigint: &quot;&quot;
LINE 2: WHERE &quot;id&quot; = ''
                     ^ in /var/www/html/system/Database/Postgre/Connection.php:140
Stack trace:
#0 [internal function]: CodeIgniter\Debug\Exceptions->errorHandler(2, 'pg_query(): Que...', '/var/www/html/s...', 140)
#1 /var/www/html/system/Database/Postgre/Connection.php(140): pg_query(Object(PgSql\Connection), 'UPDATE "ec_pil_...')
#2 /var/www/html/system/Database/BaseConnection.php(666): CodeIgniter\Database\Postgre\Connection->execute('UPDATE "ec_pil_...')
#3 /var/www/html/system/Database/BaseConnection.php(593): CodeIgniter\Database\BaseConnection->simpleQuery('UPDATE "ec_pil_...')
#4 /var/www/html/system/Database/BaseBuilder.php(2079): CodeIgniter\Database\BaseConnection->query('UPDATE "ec_pil_...', Array, false)
#5 /var/www/html/app/Models/PIL/PilModel.php(298): CodeIgniter\Database\BaseBuilder->update(Array)
#6 /var/www/html/app/Controllers/PIL/PilController.php(222): App\Models\PIL\PilModel->savePilGroupData('', 'test by mohit', '1')
#7 /var/www/html/system/CodeIgniter.php(925): App\Controllers\PIL\PilController->savePilGroupData()
#8 /var/www/html/system/CodeIgniter.php(480): CodeIgniter\CodeIgniter->runController(Object(App\Controllers\PIL\PilController))
#9 /var/www/html/system/CodeIgniter.php(349): CodeIgniter\CodeIgniter->handleRequest(NULL, Object(Config\Cache), false)
#10 /var/www/html/public/index.php(67): CodeIgniter\CodeIgniter->run()
#11 {main}
CRITICAL - 2024-04-02 12:08:28 --> pg_query(): Query failed: ERROR:  invalid input syntax for type bigint: &quot;&quot;
LINE 2: WHERE &quot;id&quot; = ''
                     ^
in SYSTEMPATH/Database/Postgre/Connection.php on line 140.
 1 [internal function]: CodeIgniter\Debug\Exceptions->errorHandler(2, 'pg_query(): Query failed: ERROR:  invalid input syntax for type bigint: &quot;&quot;
LINE 2: WHERE &quot;id&quot; = \'\'
                     ^', 'SYSTEMPATH/Database/Postgre/Connection.php', 140)
 2 SYSTEMPATH/Database/Postgre/Connection.php(140): pg_query(Object(PgSql\Connection), 'UPDATE "ec_pil_group_file" SET "group_file_number" = \'test by mohit\', "adm_updated_by" = \'1\', "updated_on" = \'2024-04-02 12:08:28\', "create_modify" = \'2024-04-02 12:08:28\', "updated_by" = \'1\', "updated_by_ip" = \'10.40.186.15\'
WHERE "id" = \'\'')
 3 SYSTEMPATH/Database/BaseConnection.php(666): CodeIgniter\Database\Postgre\Connection->execute('UPDATE "ec_pil_group_file" SET "group_file_number" = \'test by mohit\', "adm_updated_by" = \'1\', "updated_on" = \'2024-04-02 12:08:28\', "create_modify" = \'2024-04-02 12:08:28\', "updated_by" = \'1\', "updated_by_ip" = \'10.40.186.15\'
WHERE "id" = \'\'')
 4 SYSTEMPATH/Database/BaseConnection.php(593): CodeIgniter\Database\BaseConnection->simpleQuery('UPDATE "ec_pil_group_file" SET "group_file_number" = \'test by mohit\', "adm_updated_by" = \'1\', "updated_on" = \'2024-04-02 12:08:28\', "create_modify" = \'2024-04-02 12:08:28\', "updated_by" = \'1\', "updated_by_ip" = \'10.40.186.15\'
WHERE "id" = \'\'')
 5 SYSTEMPATH/Database/BaseBuilder.php(2079): CodeIgniter\Database\BaseConnection->query('UPDATE "ec_pil_group_file" SET "group_file_number" = :group_file_number:, "adm_updated_by" = :adm_updated_by:, "updated_on" = :updated_on:, "create_modify" = :create_modify:, "updated_by" = :updated_by:, "updated_by_ip" = :updated_by_ip:
WHERE "id" = :id:', [...], false)
 6 APPPATH/Models/PIL/PilModel.php(298): CodeIgniter\Database\BaseBuilder->update([...])
 7 APPPATH/Controllers/PIL/PilController.php(222): App\Models\PIL\PilModel->savePilGroupData('ROOTPATH/public', 'test by mohit', '1')
 8 SYSTEMPATH/CodeIgniter.php(925): App\Controllers\PIL\PilController->savePilGroupData()
 9 SYSTEMPATH/CodeIgniter.php(480): CodeIgniter\CodeIgniter->runController(Object(App\Controllers\PIL\PilController))
10 SYSTEMPATH/CodeIgniter.php(349): CodeIgniter\CodeIgniter->handleRequest(null, Object(Config\Cache), false)
11 FCPATH/index.php(67): CodeIgniter\CodeIgniter->run()
ERROR - 2024-04-02 12:08:40 --> ErrorException: pg_query(): Query failed: ERROR:  invalid input syntax for type bigint: &quot;&quot;
LINE 2: WHERE &quot;id&quot; = ''
                     ^ in /var/www/html/system/Database/Postgre/Connection.php:140
Stack trace:
#0 [internal function]: CodeIgniter\Debug\Exceptions->errorHandler(2, 'pg_query(): Que...', '/var/www/html/s...', 140)
#1 /var/www/html/system/Database/Postgre/Connection.php(140): pg_query(Object(PgSql\Connection), 'UPDATE "ec_pil_...')
#2 /var/www/html/system/Database/BaseConnection.php(666): CodeIgniter\Database\Postgre\Connection->execute('UPDATE "ec_pil_...')
#3 /var/www/html/system/Database/BaseConnection.php(593): CodeIgniter\Database\BaseConnection->simpleQuery('UPDATE "ec_pil_...')
#4 /var/www/html/system/Database/BaseBuilder.php(2079): CodeIgniter\Database\BaseConnection->query('UPDATE "ec_pil_...', Array, false)
#5 /var/www/html/app/Models/PIL/PilModel.php(298): CodeIgniter\Database\BaseBuilder->update(Array)
#6 /var/www/html/app/Controllers/PIL/PilController.php(222): App\Models\PIL\PilModel->savePilGroupData('', 'test by mohit', '1')
#7 /var/www/html/system/CodeIgniter.php(925): App\Controllers\PIL\PilController->savePilGroupData()
#8 /var/www/html/system/CodeIgniter.php(480): CodeIgniter\CodeIgniter->runController(Object(App\Controllers\PIL\PilController))
#9 /var/www/html/system/CodeIgniter.php(349): CodeIgniter\CodeIgniter->handleRequest(NULL, Object(Config\Cache), false)
#10 /var/www/html/public/index.php(67): CodeIgniter\CodeIgniter->run()
#11 {main}
CRITICAL - 2024-04-02 12:08:40 --> pg_query(): Query failed: ERROR:  invalid input syntax for type bigint: &quot;&quot;
LINE 2: WHERE &quot;id&quot; = ''
                     ^
in SYSTEMPATH/Database/Postgre/Connection.php on line 140.
 1 [internal function]: CodeIgniter\Debug\Exceptions->errorHandler(2, 'pg_query(): Query failed: ERROR:  invalid input syntax for type bigint: &quot;&quot;
LINE 2: WHERE &quot;id&quot; = \'\'
                     ^', 'SYSTEMPATH/Database/Postgre/Connection.php', 140)
 2 SYSTEMPATH/Database/Postgre/Connection.php(140): pg_query(Object(PgSql\Connection), 'UPDATE "ec_pil_group_file" SET "group_file_number" = \'test by mohit\', "adm_updated_by" = \'1\', "updated_on" = \'2024-04-02 12:08:40\', "create_modify" = \'2024-04-02 12:08:40\', "updated_by" = \'1\', "updated_by_ip" = \'10.40.186.15\'
WHERE "id" = \'\'')
 3 SYSTEMPATH/Database/BaseConnection.php(666): CodeIgniter\Database\Postgre\Connection->execute('UPDATE "ec_pil_group_file" SET "group_file_number" = \'test by mohit\', "adm_updated_by" = \'1\', "updated_on" = \'2024-04-02 12:08:40\', "create_modify" = \'2024-04-02 12:08:40\', "updated_by" = \'1\', "updated_by_ip" = \'10.40.186.15\'
WHERE "id" = \'\'')
 4 SYSTEMPATH/Database/BaseConnection.php(593): CodeIgniter\Database\BaseConnection->simpleQuery('UPDATE "ec_pil_group_file" SET "group_file_number" = \'test by mohit\', "adm_updated_by" = \'1\', "updated_on" = \'2024-04-02 12:08:40\', "create_modify" = \'2024-04-02 12:08:40\', "updated_by" = \'1\', "updated_by_ip" = \'10.40.186.15\'
WHERE "id" = \'\'')
 5 SYSTEMPATH/Database/BaseBuilder.php(2079): CodeIgniter\Database\BaseConnection->query('UPDATE "ec_pil_group_file" SET "group_file_number" = :group_file_number:, "adm_updated_by" = :adm_updated_by:, "updated_on" = :updated_on:, "create_modify" = :create_modify:, "updated_by" = :updated_by:, "updated_by_ip" = :updated_by_ip:
WHERE "id" = :id:', [...], false)
 6 APPPATH/Models/PIL/PilModel.php(298): CodeIgniter\Database\BaseBuilder->update([...])
 7 APPPATH/Controllers/PIL/PilController.php(222): App\Models\PIL\PilModel->savePilGroupData('ROOTPATH/public', 'test by mohit', '1')
 8 SYSTEMPATH/CodeIgniter.php(925): App\Controllers\PIL\PilController->savePilGroupData()
 9 SYSTEMPATH/CodeIgniter.php(480): CodeIgniter\CodeIgniter->runController(Object(App\Controllers\PIL\PilController))
10 SYSTEMPATH/CodeIgniter.php(349): CodeIgniter\CodeIgniter->handleRequest(null, Object(Config\Cache), false)
11 FCPATH/index.php(67): CodeIgniter\CodeIgniter->run()
ERROR - 2024-04-02 12:08:46 --> ErrorException: pg_query(): Query failed: ERROR:  invalid input syntax for type bigint: &quot;&quot;
LINE 2: WHERE &quot;id&quot; = ''
                     ^ in /var/www/html/system/Database/Postgre/Connection.php:140
Stack trace:
#0 [internal function]: CodeIgniter\Debug\Exceptions->errorHandler(2, 'pg_query(): Que...', '/var/www/html/s...', 140)
#1 /var/www/html/system/Database/Postgre/Connection.php(140): pg_query(Object(PgSql\Connection), 'UPDATE "ec_pil_...')
#2 /var/www/html/system/Database/BaseConnection.php(666): CodeIgniter\Database\Postgre\Connection->execute('UPDATE "ec_pil_...')
#3 /var/www/html/system/Database/BaseConnection.php(593): CodeIgniter\Database\BaseConnection->simpleQuery('UPDATE "ec_pil_...')
#4 /var/www/html/system/Database/BaseBuilder.php(2079): CodeIgniter\Database\BaseConnection->query('UPDATE "ec_pil_...', Array, false)
#5 /var/www/html/app/Models/PIL/PilModel.php(298): CodeIgniter\Database\BaseBuilder->update(Array)
#6 /var/www/html/app/Controllers/PIL/PilController.php(222): App\Models\PIL\PilModel->savePilGroupData('', 'test by mohit1', '1')
#7 /var/www/html/system/CodeIgniter.php(925): App\Controllers\PIL\PilController->savePilGroupData()
#8 /var/www/html/system/CodeIgniter.php(480): CodeIgniter\CodeIgniter->runController(Object(App\Controllers\PIL\PilController))
#9 /var/www/html/system/CodeIgniter.php(349): CodeIgniter\CodeIgniter->handleRequest(NULL, Object(Config\Cache), false)
#10 /var/www/html/public/index.php(67): CodeIgniter\CodeIgniter->run()
#11 {main}
CRITICAL - 2024-04-02 12:08:46 --> pg_query(): Query failed: ERROR:  invalid input syntax for type bigint: &quot;&quot;
LINE 2: WHERE &quot;id&quot; = ''
                     ^
in SYSTEMPATH/Database/Postgre/Connection.php on line 140.
 1 [internal function]: CodeIgniter\Debug\Exceptions->errorHandler(2, 'pg_query(): Query failed: ERROR:  invalid input syntax for type bigint: &quot;&quot;
LINE 2: WHERE &quot;id&quot; = \'\'
                     ^', 'SYSTEMPATH/Database/Postgre/Connection.php', 140)
 2 SYSTEMPATH/Database/Postgre/Connection.php(140): pg_query(Object(PgSql\Connection), 'UPDATE "ec_pil_group_file" SET "group_file_number" = \'test by mohit1\', "adm_updated_by" = \'1\', "updated_on" = \'2024-04-02 12:08:46\', "create_modify" = \'2024-04-02 12:08:46\', "updated_by" = \'1\', "updated_by_ip" = \'10.40.186.15\'
WHERE "id" = \'\'')
 3 SYSTEMPATH/Database/BaseConnection.php(666): CodeIgniter\Database\Postgre\Connection->execute('UPDATE "ec_pil_group_file" SET "group_file_number" = \'test by mohit1\', "adm_updated_by" = \'1\', "updated_on" = \'2024-04-02 12:08:46\', "create_modify" = \'2024-04-02 12:08:46\', "updated_by" = \'1\', "updated_by_ip" = \'10.40.186.15\'
WHERE "id" = \'\'')
 4 SYSTEMPATH/Database/BaseConnection.php(593): CodeIgniter\Database\BaseConnection->simpleQuery('UPDATE "ec_pil_group_file" SET "group_file_number" = \'test by mohit1\', "adm_updated_by" = \'1\', "updated_on" = \'2024-04-02 12:08:46\', "create_modify" = \'2024-04-02 12:08:46\', "updated_by" = \'1\', "updated_by_ip" = \'10.40.186.15\'
WHERE "id" = \'\'')
 5 SYSTEMPATH/Database/BaseBuilder.php(2079): CodeIgniter\Database\BaseConnection->query('UPDATE "ec_pil_group_file" SET "group_file_number" = :group_file_number:, "adm_updated_by" = :adm_updated_by:, "updated_on" = :updated_on:, "create_modify" = :create_modify:, "updated_by" = :updated_by:, "updated_by_ip" = :updated_by_ip:
WHERE "id" = :id:', [...], false)
 6 APPPATH/Models/PIL/PilModel.php(298): CodeIgniter\Database\BaseBuilder->update([...])
 7 APPPATH/Controllers/PIL/PilController.php(222): App\Models\PIL\PilModel->savePilGroupData('ROOTPATH/public', 'test by mohit1', '1')
 8 SYSTEMPATH/CodeIgniter.php(925): App\Controllers\PIL\PilController->savePilGroupData()
 9 SYSTEMPATH/CodeIgniter.php(480): CodeIgniter\CodeIgniter->runController(Object(App\Controllers\PIL\PilController))
10 SYSTEMPATH/CodeIgniter.php(349): CodeIgniter\CodeIgniter->handleRequest(null, Object(Config\Cache), false)
11 FCPATH/index.php(67): CodeIgniter\CodeIgniter->run()
ERROR - 2024-04-02 12:09:04 --> ErrorException: pg_query(): Query failed: ERROR:  invalid input syntax for type bigint: &quot;&quot;
LINE 2: WHERE &quot;id&quot; = ''
                     ^ in /var/www/html/system/Database/Postgre/Connection.php:140
Stack trace:
#0 [internal function]: CodeIgniter\Debug\Exceptions->errorHandler(2, 'pg_query(): Que...', '/var/www/html/s...', 140)
#1 /var/www/html/system/Database/Postgre/Connection.php(140): pg_query(Object(PgSql\Connection), 'UPDATE "ec_pil_...')
#2 /var/www/html/system/Database/BaseConnection.php(666): CodeIgniter\Database\Postgre\Connection->execute('UPDATE "ec_pil_...')
#3 /var/www/html/system/Database/BaseConnection.php(593): CodeIgniter\Database\BaseConnection->simpleQuery('UPDATE "ec_pil_...')
#4 /var/www/html/system/Database/BaseBuilder.php(2079): CodeIgniter\Database\BaseConnection->query('UPDATE "ec_pil_...', Array, false)
#5 /var/www/html/app/Models/PIL/PilModel.php(298): CodeIgniter\Database\BaseBuilder->update(Array)
#6 /var/www/html/app/Controllers/PIL/PilController.php(222): App\Models\PIL\PilModel->savePilGroupData('', 'fgdfgfgd', '1')
#7 /var/www/html/system/CodeIgniter.php(925): App\Controllers\PIL\PilController->savePilGroupData()
#8 /var/www/html/system/CodeIgniter.php(480): CodeIgniter\CodeIgniter->runController(Object(App\Controllers\PIL\PilController))
#9 /var/www/html/system/CodeIgniter.php(349): CodeIgniter\CodeIgniter->handleRequest(NULL, Object(Config\Cache), false)
#10 /var/www/html/public/index.php(67): CodeIgniter\CodeIgniter->run()
#11 {main}
CRITICAL - 2024-04-02 12:09:04 --> pg_query(): Query failed: ERROR:  invalid input syntax for type bigint: &quot;&quot;
LINE 2: WHERE &quot;id&quot; = ''
                     ^
in SYSTEMPATH/Database/Postgre/Connection.php on line 140.
 1 [internal function]: CodeIgniter\Debug\Exceptions->errorHandler(2, 'pg_query(): Query failed: ERROR:  invalid input syntax for type bigint: &quot;&quot;
LINE 2: WHERE &quot;id&quot; = \'\'
                     ^', 'SYSTEMPATH/Database/Postgre/Connection.php', 140)
 2 SYSTEMPATH/Database/Postgre/Connection.php(140): pg_query(Object(PgSql\Connection), 'UPDATE "ec_pil_group_file" SET "group_file_number" = \'fgdfgfgd\', "adm_updated_by" = \'1\', "updated_on" = \'2024-04-02 12:09:04\', "create_modify" = \'2024-04-02 12:09:04\', "updated_by" = \'1\', "updated_by_ip" = \'10.40.186.15\'
WHERE "id" = \'\'')
 3 SYSTEMPATH/Database/BaseConnection.php(666): CodeIgniter\Database\Postgre\Connection->execute('UPDATE "ec_pil_group_file" SET "group_file_number" = \'fgdfgfgd\', "adm_updated_by" = \'1\', "updated_on" = \'2024-04-02 12:09:04\', "create_modify" = \'2024-04-02 12:09:04\', "updated_by" = \'1\', "updated_by_ip" = \'10.40.186.15\'
WHERE "id" = \'\'')
 4 SYSTEMPATH/Database/BaseConnection.php(593): CodeIgniter\Database\BaseConnection->simpleQuery('UPDATE "ec_pil_group_file" SET "group_file_number" = \'fgdfgfgd\', "adm_updated_by" = \'1\', "updated_on" = \'2024-04-02 12:09:04\', "create_modify" = \'2024-04-02 12:09:04\', "updated_by" = \'1\', "updated_by_ip" = \'10.40.186.15\'
WHERE "id" = \'\'')
 5 SYSTEMPATH/Database/BaseBuilder.php(2079): CodeIgniter\Database\BaseConnection->query('UPDATE "ec_pil_group_file" SET "group_file_number" = :group_file_number:, "adm_updated_by" = :adm_updated_by:, "updated_on" = :updated_on:, "create_modify" = :create_modify:, "updated_by" = :updated_by:, "updated_by_ip" = :updated_by_ip:
WHERE "id" = :id:', [...], false)
 6 APPPATH/Models/PIL/PilModel.php(298): CodeIgniter\Database\BaseBuilder->update([...])
 7 APPPATH/Controllers/PIL/PilController.php(222): App\Models\PIL\PilModel->savePilGroupData('ROOTPATH/public', 'fgdfgfgd', '1')
 8 SYSTEMPATH/CodeIgniter.php(925): App\Controllers\PIL\PilController->savePilGroupData()
 9 SYSTEMPATH/CodeIgniter.php(480): CodeIgniter\CodeIgniter->runController(Object(App\Controllers\PIL\PilController))
10 SYSTEMPATH/CodeIgniter.php(349): CodeIgniter\CodeIgniter->handleRequest(null, Object(Config\Cache), false)
11 FCPATH/index.php(67): CodeIgniter\CodeIgniter->run()
ERROR - 2024-04-02 14:42:24 --> ErrorException: pg_query(): Query failed: ERROR:  relation &quot;e_services.post_tracking&quot; does not exist
LINE 2: FROM &quot;e_services&quot;.&quot;post_tracking&quot;
             ^ in /var/www/html/system/Database/Postgre/Connection.php:140
Stack trace:
#0 [internal function]: CodeIgniter\Debug\Exceptions->errorHandler(2, 'pg_query(): Que...', '/var/www/html/s...', 140)
#1 /var/www/html/system/Database/Postgre/Connection.php(140): pg_query(Object(PgSql\Connection), 'SELECT *\nFROM "...')
#2 /var/www/html/system/Database/BaseConnection.php(666): CodeIgniter\Database\Postgre\Connection->execute('SELECT *\nFROM "...')
#3 /var/www/html/system/Database/BaseConnection.php(593): CodeIgniter\Database\BaseConnection->simpleQuery('SELECT *\nFROM "...')
#4 /var/www/html/system/Database/BaseBuilder.php(1585): CodeIgniter\Database\BaseConnection->query('SELECT *\nFROM "...', Array, false)
#5 /var/www/html/app/Models/Copying/Model_copying.php(74): CodeIgniter\Database\BaseBuilder->get()
#6 /var/www/html/app/Controllers/Copying/Copying.php(124): App\Models\Copying\Model_copying->getConsignmentDetails('AW764666011IN')
#7 /var/www/html/system/CodeIgniter.php(925): App\Controllers\Copying\Copying->getConsignmentDetails()
#8 /var/www/html/system/CodeIgniter.php(480): CodeIgniter\CodeIgniter->runController(Object(App\Controllers\Copying\Copying))
#9 /var/www/html/system/CodeIgniter.php(349): CodeIgniter\CodeIgniter->handleRequest(NULL, Object(Config\Cache), false)
#10 /var/www/html/public/index.php(67): CodeIgniter\CodeIgniter->run()
#11 {main}
CRITICAL - 2024-04-02 14:42:24 --> pg_query(): Query failed: ERROR:  relation &quot;e_services.post_tracking&quot; does not exist
LINE 2: FROM &quot;e_services&quot;.&quot;post_tracking&quot;
             ^
in SYSTEMPATH/Database/Postgre/Connection.php on line 140.
 1 [internal function]: CodeIgniter\Debug\Exceptions->errorHandler(2, 'pg_query(): Query failed: ERROR:  relation &quot;e_services.post_tracking&quot; does not exist
LINE 2: FROM &quot;e_services&quot;.&quot;post_tracking&quot;
             ^', 'SYSTEMPATH/Database/Postgre/Connection.php', 140)
 2 SYSTEMPATH/Database/Postgre/Connection.php(140): pg_query(Object(PgSql\Connection), 'SELECT *
FROM "e_services"."post_tracking"
WHERE "barcode" = \'AW764666011IN\'
ORDER BY "event_date" ASC, "event_time" ASC')
 3 SYSTEMPATH/Database/BaseConnection.php(666): CodeIgniter\Database\Postgre\Connection->execute('SELECT *
FROM "e_services"."post_tracking"
WHERE "barcode" = \'AW764666011IN\'
ORDER BY "event_date" ASC, "event_time" ASC')
 4 SYSTEMPATH/Database/BaseConnection.php(593): CodeIgniter\Database\BaseConnection->simpleQuery('SELECT *
FROM "e_services"."post_tracking"
WHERE "barcode" = \'AW764666011IN\'
ORDER BY "event_date" ASC, "event_time" ASC')
 5 SYSTEMPATH/Database/BaseBuilder.php(1585): CodeIgniter\Database\BaseConnection->query('SELECT *
FROM "e_services"."post_tracking"
WHERE "barcode" = :barcode:
ORDER BY "event_date" ASC, "event_time" ASC', [...], false)
 6 APPPATH/Models/Copying/Model_copying.php(74): CodeIgniter\Database\BaseBuilder->get()
 7 APPPATH/Controllers/Copying/Copying.php(124): App\Models\Copying\Model_copying->getConsignmentDetails('AW764666011IN')
 8 SYSTEMPATH/CodeIgniter.php(925): App\Controllers\Copying\Copying->getConsignmentDetails()
 9 SYSTEMPATH/CodeIgniter.php(480): CodeIgniter\CodeIgniter->runController(Object(App\Controllers\Copying\Copying))
10 SYSTEMPATH/CodeIgniter.php(349): CodeIgniter\CodeIgniter->handleRequest(null, Object(Config\Cache), false)
11 FCPATH/index.php(67): CodeIgniter\CodeIgniter->run()
ERROR - 2024-04-02 14:42:50 --> ErrorException: pg_query(): Query failed: ERROR:  relation &quot;e_services.post_tracking&quot; does not exist
LINE 2: FROM &quot;e_services&quot;.&quot;post_tracking&quot;
             ^ in /var/www/html/system/Database/Postgre/Connection.php:140
Stack trace:
#0 [internal function]: CodeIgniter\Debug\Exceptions->errorHandler(2, 'pg_query(): Que...', '/var/www/html/s...', 140)
#1 /var/www/html/system/Database/Postgre/Connection.php(140): pg_query(Object(PgSql\Connection), 'SELECT *\nFROM "...')
#2 /var/www/html/system/Database/BaseConnection.php(666): CodeIgniter\Database\Postgre\Connection->execute('SELECT *\nFROM "...')
#3 /var/www/html/system/Database/BaseConnection.php(593): CodeIgniter\Database\BaseConnection->simpleQuery('SELECT *\nFROM "...')
#4 /var/www/html/system/Database/BaseBuilder.php(1585): CodeIgniter\Database\BaseConnection->query('SELECT *\nFROM "...', Array, false)
#5 /var/www/html/app/Models/Copying/Model_copying.php(74): CodeIgniter\Database\BaseBuilder->get()
#6 /var/www/html/app/Controllers/Copying/Copying.php(124): App\Models\Copying\Model_copying->getConsignmentDetails('AW764666011IN')
#7 /var/www/html/system/CodeIgniter.php(925): App\Controllers\Copying\Copying->getConsignmentDetails()
#8 /var/www/html/system/CodeIgniter.php(480): CodeIgniter\CodeIgniter->runController(Object(App\Controllers\Copying\Copying))
#9 /var/www/html/system/CodeIgniter.php(349): CodeIgniter\CodeIgniter->handleRequest(NULL, Object(Config\Cache), false)
#10 /var/www/html/public/index.php(67): CodeIgniter\CodeIgniter->run()
#11 {main}
CRITICAL - 2024-04-02 14:42:50 --> pg_query(): Query failed: ERROR:  relation &quot;e_services.post_tracking&quot; does not exist
LINE 2: FROM &quot;e_services&quot;.&quot;post_tracking&quot;
             ^
in SYSTEMPATH/Database/Postgre/Connection.php on line 140.
 1 [internal function]: CodeIgniter\Debug\Exceptions->errorHandler(2, 'pg_query(): Query failed: ERROR:  relation &quot;e_services.post_tracking&quot; does not exist
LINE 2: FROM &quot;e_services&quot;.&quot;post_tracking&quot;
             ^', 'SYSTEMPATH/Database/Postgre/Connection.php', 140)
 2 SYSTEMPATH/Database/Postgre/Connection.php(140): pg_query(Object(PgSql\Connection), 'SELECT *
FROM "e_services"."post_tracking"
WHERE "barcode" = \'AW764666011IN\'
ORDER BY "event_date" ASC, "event_time" ASC')
 3 SYSTEMPATH/Database/BaseConnection.php(666): CodeIgniter\Database\Postgre\Connection->execute('SELECT *
FROM "e_services"."post_tracking"
WHERE "barcode" = \'AW764666011IN\'
ORDER BY "event_date" ASC, "event_time" ASC')
 4 SYSTEMPATH/Database/BaseConnection.php(593): CodeIgniter\Database\BaseConnection->simpleQuery('SELECT *
FROM "e_services"."post_tracking"
WHERE "barcode" = \'AW764666011IN\'
ORDER BY "event_date" ASC, "event_time" ASC')
 5 SYSTEMPATH/Database/BaseBuilder.php(1585): CodeIgniter\Database\BaseConnection->query('SELECT *
FROM "e_services"."post_tracking"
WHERE "barcode" = :barcode:
ORDER BY "event_date" ASC, "event_time" ASC', [...], false)
 6 APPPATH/Models/Copying/Model_copying.php(74): CodeIgniter\Database\BaseBuilder->get()
 7 APPPATH/Controllers/Copying/Copying.php(124): App\Models\Copying\Model_copying->getConsignmentDetails('AW764666011IN')
 8 SYSTEMPATH/CodeIgniter.php(925): App\Controllers\Copying\Copying->getConsignmentDetails()
 9 SYSTEMPATH/CodeIgniter.php(480): CodeIgniter\CodeIgniter->runController(Object(App\Controllers\Copying\Copying))
10 SYSTEMPATH/CodeIgniter.php(349): CodeIgniter\CodeIgniter->handleRequest(null, Object(Config\Cache), false)
11 FCPATH/index.php(67): CodeIgniter\CodeIgniter->run()
ERROR - 2024-04-02 14:42:52 --> ErrorException: pg_query(): Query failed: ERROR:  relation &quot;e_services.post_tracking&quot; does not exist
LINE 2: FROM &quot;e_services&quot;.&quot;post_tracking&quot;
             ^ in /var/www/html/system/Database/Postgre/Connection.php:140
Stack trace:
#0 [internal function]: CodeIgniter\Debug\Exceptions->errorHandler(2, 'pg_query(): Que...', '/var/www/html/s...', 140)
#1 /var/www/html/system/Database/Postgre/Connection.php(140): pg_query(Object(PgSql\Connection), 'SELECT *\nFROM "...')
#2 /var/www/html/system/Database/BaseConnection.php(666): CodeIgniter\Database\Postgre\Connection->execute('SELECT *\nFROM "...')
#3 /var/www/html/system/Database/BaseConnection.php(593): CodeIgniter\Database\BaseConnection->simpleQuery('SELECT *\nFROM "...')
#4 /var/www/html/system/Database/BaseBuilder.php(1585): CodeIgniter\Database\BaseConnection->query('SELECT *\nFROM "...', Array, false)
#5 /var/www/html/app/Models/Copying/Model_copying.php(74): CodeIgniter\Database\BaseBuilder->get()
#6 /var/www/html/app/Controllers/Copying/Copying.php(124): App\Models\Copying\Model_copying->getConsignmentDetails('AW764666011IN')
#7 /var/www/html/system/CodeIgniter.php(925): App\Controllers\Copying\Copying->getConsignmentDetails()
#8 /var/www/html/system/CodeIgniter.php(480): CodeIgniter\CodeIgniter->runController(Object(App\Controllers\Copying\Copying))
#9 /var/www/html/system/CodeIgniter.php(349): CodeIgniter\CodeIgniter->handleRequest(NULL, Object(Config\Cache), false)
#10 /var/www/html/public/index.php(67): CodeIgniter\CodeIgniter->run()
#11 {main}
CRITICAL - 2024-04-02 14:42:52 --> pg_query(): Query failed: ERROR:  relation &quot;e_services.post_tracking&quot; does not exist
LINE 2: FROM &quot;e_services&quot;.&quot;post_tracking&quot;
             ^
in SYSTEMPATH/Database/Postgre/Connection.php on line 140.
 1 [internal function]: CodeIgniter\Debug\Exceptions->errorHandler(2, 'pg_query(): Query failed: ERROR:  relation &quot;e_services.post_tracking&quot; does not exist
LINE 2: FROM &quot;e_services&quot;.&quot;post_tracking&quot;
             ^', 'SYSTEMPATH/Database/Postgre/Connection.php', 140)
 2 SYSTEMPATH/Database/Postgre/Connection.php(140): pg_query(Object(PgSql\Connection), 'SELECT *
FROM "e_services"."post_tracking"
WHERE "barcode" = \'AW764666011IN\'
ORDER BY "event_date" ASC, "event_time" ASC')
 3 SYSTEMPATH/Database/BaseConnection.php(666): CodeIgniter\Database\Postgre\Connection->execute('SELECT *
FROM "e_services"."post_tracking"
WHERE "barcode" = \'AW764666011IN\'
ORDER BY "event_date" ASC, "event_time" ASC')
 4 SYSTEMPATH/Database/BaseConnection.php(593): CodeIgniter\Database\BaseConnection->simpleQuery('SELECT *
FROM "e_services"."post_tracking"
WHERE "barcode" = \'AW764666011IN\'
ORDER BY "event_date" ASC, "event_time" ASC')
 5 SYSTEMPATH/Database/BaseBuilder.php(1585): CodeIgniter\Database\BaseConnection->query('SELECT *
FROM "e_services"."post_tracking"
WHERE "barcode" = :barcode:
ORDER BY "event_date" ASC, "event_time" ASC', [...], false)
 6 APPPATH/Models/Copying/Model_copying.php(74): CodeIgniter\Database\BaseBuilder->get()
 7 APPPATH/Controllers/Copying/Copying.php(124): App\Models\Copying\Model_copying->getConsignmentDetails('AW764666011IN')
 8 SYSTEMPATH/CodeIgniter.php(925): App\Controllers\Copying\Copying->getConsignmentDetails()
 9 SYSTEMPATH/CodeIgniter.php(480): CodeIgniter\CodeIgniter->runController(Object(App\Controllers\Copying\Copying))
10 SYSTEMPATH/CodeIgniter.php(349): CodeIgniter\CodeIgniter->handleRequest(null, Object(Config\Cache), false)
11 FCPATH/index.php(67): CodeIgniter\CodeIgniter->run()
CRITICAL - 2024-04-02 17:04:37 --> Undefined variable $judge
in APPPATH/Views/Reports/court/fixed_date_matters_search_view.php on line 31.
 1 APPPATH/Views/Reports/court/fixed_date_matters_search_view.php(31): CodeIgniter\Debug\Exceptions->errorHandler(2, 'Undefined variable $judge', 'APPPATH/Views/Reports/court/fixed_date_matters_search_view.php', 31)
 2 SYSTEMPATH/View/View.php(213): include('APPPATH/Views/Reports/court/fixed_date_matters_search_view.php')
 3 SYSTEMPATH/View/View.php(216): CodeIgniter\View\View->CodeIgniter\View\{closure}()
 4 SYSTEMPATH/Common.php(1135): CodeIgniter\View\View->render('Reports/court/fixed_date_matters_search_view', [], true)
 5 APPPATH/Controllers/Reports/Court/Report.php(61): view('Reports/court/fixed_date_matters_search_view')
 6 SYSTEMPATH/CodeIgniter.php(925): App\Controllers\Reports\Court\Report->get_search_view()
 7 SYSTEMPATH/CodeIgniter.php(480): CodeIgniter\CodeIgniter->runController(Object(App\Controllers\Reports\Court\Report))
 8 SYSTEMPATH/CodeIgniter.php(349): CodeIgniter\CodeIgniter->handleRequest(null, Object(Config\Cache), false)
 9 FCPATH/index.php(67): CodeIgniter\CodeIgniter->run()
CRITICAL - 2024-04-02 17:04:41 --> Undefined variable $judge
in APPPATH/Views/Reports/court/fixed_date_matters_search_view.php on line 31.
 1 APPPATH/Views/Reports/court/fixed_date_matters_search_view.php(31): CodeIgniter\Debug\Exceptions->errorHandler(2, 'Undefined variable $judge', 'APPPATH/Views/Reports/court/fixed_date_matters_search_view.php', 31)
 2 SYSTEMPATH/View/View.php(213): include('APPPATH/Views/Reports/court/fixed_date_matters_search_view.php')
 3 SYSTEMPATH/View/View.php(216): CodeIgniter\View\View->CodeIgniter\View\{closure}()
 4 SYSTEMPATH/Common.php(1135): CodeIgniter\View\View->render('Reports/court/fixed_date_matters_search_view', [], true)
 5 APPPATH/Controllers/Reports/Court/Report.php(61): view('Reports/court/fixed_date_matters_search_view')
 6 SYSTEMPATH/CodeIgniter.php(925): App\Controllers\Reports\Court\Report->get_search_view()
 7 SYSTEMPATH/CodeIgniter.php(480): CodeIgniter\CodeIgniter->runController(Object(App\Controllers\Reports\Court\Report))
 8 SYSTEMPATH/CodeIgniter.php(349): CodeIgniter\CodeIgniter->handleRequest(null, Object(Config\Cache), false)
 9 FCPATH/index.php(67): CodeIgniter\CodeIgniter->run()
CRITICAL - 2024-04-02 17:04:46 --> Undefined variable $judge
in APPPATH/Views/Reports/court/fixed_date_matters_search_view.php on line 31.
 1 APPPATH/Views/Reports/court/fixed_date_matters_search_view.php(31): CodeIgniter\Debug\Exceptions->errorHandler(2, 'Undefined variable $judge', 'APPPATH/Views/Reports/court/fixed_date_matters_search_view.php', 31)
 2 SYSTEMPATH/View/View.php(213): include('APPPATH/Views/Reports/court/fixed_date_matters_search_view.php')
 3 SYSTEMPATH/View/View.php(216): CodeIgniter\View\View->CodeIgniter\View\{closure}()
 4 SYSTEMPATH/Common.php(1135): CodeIgniter\View\View->render('Reports/court/fixed_date_matters_search_view', [], true)
 5 APPPATH/Controllers/Reports/Court/Report.php(61): view('Reports/court/fixed_date_matters_search_view')
 6 SYSTEMPATH/CodeIgniter.php(925): App\Controllers\Reports\Court\Report->get_search_view()
 7 SYSTEMPATH/CodeIgniter.php(480): CodeIgniter\CodeIgniter->runController(Object(App\Controllers\Reports\Court\Report))
 8 SYSTEMPATH/CodeIgniter.php(349): CodeIgniter\CodeIgniter->handleRequest(null, Object(Config\Cache), false)
 9 FCPATH/index.php(67): CodeIgniter\CodeIgniter->run()
CRITICAL - 2024-04-02 17:04:47 --> Undefined variable $judge
in APPPATH/Views/Reports/court/fixed_date_matters_search_view.php on line 31.
 1 APPPATH/Views/Reports/court/fixed_date_matters_search_view.php(31): CodeIgniter\Debug\Exceptions->errorHandler(2, 'Undefined variable $judge', 'APPPATH/Views/Reports/court/fixed_date_matters_search_view.php', 31)
 2 SYSTEMPATH/View/View.php(213): include('APPPATH/Views/Reports/court/fixed_date_matters_search_view.php')
 3 SYSTEMPATH/View/View.php(216): CodeIgniter\View\View->CodeIgniter\View\{closure}()
 4 SYSTEMPATH/Common.php(1135): CodeIgniter\View\View->render('Reports/court/fixed_date_matters_search_view', [], true)
 5 APPPATH/Controllers/Reports/Court/Report.php(61): view('Reports/court/fixed_date_matters_search_view')
 6 SYSTEMPATH/CodeIgniter.php(925): App\Controllers\Reports\Court\Report->get_search_view()
 7 SYSTEMPATH/CodeIgniter.php(480): CodeIgniter\CodeIgniter->runController(Object(App\Controllers\Reports\Court\Report))
 8 SYSTEMPATH/CodeIgniter.php(349): CodeIgniter\CodeIgniter->handleRequest(null, Object(Config\Cache), false)
 9 FCPATH/index.php(67): CodeIgniter\CodeIgniter->run()
CRITICAL - 2024-04-02 17:05:17 --> Undefined variable $judge
in APPPATH/Views/Reports/court/fixed_date_matters_search_view.php on line 31.
 1 APPPATH/Views/Reports/court/fixed_date_matters_search_view.php(31): CodeIgniter\Debug\Exceptions->errorHandler(2, 'Undefined variable $judge', 'APPPATH/Views/Reports/court/fixed_date_matters_search_view.php', 31)
 2 SYSTEMPATH/View/View.php(213): include('APPPATH/Views/Reports/court/fixed_date_matters_search_view.php')
 3 SYSTEMPATH/View/View.php(216): CodeIgniter\View\View->CodeIgniter\View\{closure}()
 4 SYSTEMPATH/Common.php(1135): CodeIgniter\View\View->render('Reports/court/fixed_date_matters_search_view', [], true)
 5 APPPATH/Controllers/Reports/Court/Report.php(61): view('Reports/court/fixed_date_matters_search_view')
 6 SYSTEMPATH/CodeIgniter.php(925): App\Controllers\Reports\Court\Report->get_search_view()
 7 SYSTEMPATH/CodeIgniter.php(480): CodeIgniter\CodeIgniter->runController(Object(App\Controllers\Reports\Court\Report))
 8 SYSTEMPATH/CodeIgniter.php(349): CodeIgniter\CodeIgniter->handleRequest(null, Object(Config\Cache), false)
 9 FCPATH/index.php(67): CodeIgniter\CodeIgniter->run()
CRITICAL - 2024-04-02 17:05:20 --> Undefined variable $judge
in APPPATH/Views/Reports/court/fixed_date_matters_search_view.php on line 31.
 1 APPPATH/Views/Reports/court/fixed_date_matters_search_view.php(31): CodeIgniter\Debug\Exceptions->errorHandler(2, 'Undefined variable $judge', 'APPPATH/Views/Reports/court/fixed_date_matters_search_view.php', 31)
 2 SYSTEMPATH/View/View.php(213): include('APPPATH/Views/Reports/court/fixed_date_matters_search_view.php')
 3 SYSTEMPATH/View/View.php(216): CodeIgniter\View\View->CodeIgniter\View\{closure}()
 4 SYSTEMPATH/Common.php(1135): CodeIgniter\View\View->render('Reports/court/fixed_date_matters_search_view', [], true)
 5 APPPATH/Controllers/Reports/Court/Report.php(61): view('Reports/court/fixed_date_matters_search_view')
 6 SYSTEMPATH/CodeIgniter.php(925): App\Controllers\Reports\Court\Report->get_search_view()
 7 SYSTEMPATH/CodeIgniter.php(480): CodeIgniter\CodeIgniter->runController(Object(App\Controllers\Reports\Court\Report))
 8 SYSTEMPATH/CodeIgniter.php(349): CodeIgniter\CodeIgniter->handleRequest(null, Object(Config\Cache), false)
 9 FCPATH/index.php(67): CodeIgniter\CodeIgniter->run()
CRITICAL - 2024-04-02 17:06:22 --> Undefined variable $judge
in APPPATH/Views/Reports/court/fixed_date_matters_search_view.php on line 31.
 1 APPPATH/Views/Reports/court/fixed_date_matters_search_view.php(31): CodeIgniter\Debug\Exceptions->errorHandler(2, 'Undefined variable $judge', 'APPPATH/Views/Reports/court/fixed_date_matters_search_view.php', 31)
 2 SYSTEMPATH/View/View.php(213): include('APPPATH/Views/Reports/court/fixed_date_matters_search_view.php')
 3 SYSTEMPATH/View/View.php(216): CodeIgniter\View\View->CodeIgniter\View\{closure}()
 4 SYSTEMPATH/Common.php(1135): CodeIgniter\View\View->render('Reports/court/fixed_date_matters_search_view', [], true)
 5 APPPATH/Controllers/Reports/Court/Report.php(61): view('Reports/court/fixed_date_matters_search_view')
 6 SYSTEMPATH/CodeIgniter.php(925): App\Controllers\Reports\Court\Report->get_search_view()
 7 SYSTEMPATH/CodeIgniter.php(480): CodeIgniter\CodeIgniter->runController(Object(App\Controllers\Reports\Court\Report))
 8 SYSTEMPATH/CodeIgniter.php(349): CodeIgniter\CodeIgniter->handleRequest(null, Object(Config\Cache), false)
 9 FCPATH/index.php(67): CodeIgniter\CodeIgniter->run()
CRITICAL - 2024-04-02 17:06:27 --> Undefined variable $judge
in APPPATH/Views/Reports/court/fixed_date_matters_search_view.php on line 31.
 1 APPPATH/Views/Reports/court/fixed_date_matters_search_view.php(31): CodeIgniter\Debug\Exceptions->errorHandler(2, 'Undefined variable $judge', 'APPPATH/Views/Reports/court/fixed_date_matters_search_view.php', 31)
 2 SYSTEMPATH/View/View.php(213): include('APPPATH/Views/Reports/court/fixed_date_matters_search_view.php')
 3 SYSTEMPATH/View/View.php(216): CodeIgniter\View\View->CodeIgniter\View\{closure}()
 4 SYSTEMPATH/Common.php(1135): CodeIgniter\View\View->render('Reports/court/fixed_date_matters_search_view', [], true)
 5 APPPATH/Controllers/Reports/Court/Report.php(61): view('Reports/court/fixed_date_matters_search_view')
 6 SYSTEMPATH/CodeIgniter.php(925): App\Controllers\Reports\Court\Report->get_search_view()
 7 SYSTEMPATH/CodeIgniter.php(480): CodeIgniter\CodeIgniter->runController(Object(App\Controllers\Reports\Court\Report))
 8 SYSTEMPATH/CodeIgniter.php(349): CodeIgniter\CodeIgniter->handleRequest(null, Object(Config\Cache), false)
 9 FCPATH/index.php(67): CodeIgniter\CodeIgniter->run()
CRITICAL - 2024-04-02 17:06:35 --> Undefined variable $judge
in APPPATH/Views/Reports/court/fixed_date_matters_search_view.php on line 31.
 1 APPPATH/Views/Reports/court/fixed_date_matters_search_view.php(31): CodeIgniter\Debug\Exceptions->errorHandler(2, 'Undefined variable $judge', 'APPPATH/Views/Reports/court/fixed_date_matters_search_view.php', 31)
 2 SYSTEMPATH/View/View.php(213): include('APPPATH/Views/Reports/court/fixed_date_matters_search_view.php')
 3 SYSTEMPATH/View/View.php(216): CodeIgniter\View\View->CodeIgniter\View\{closure}()
 4 SYSTEMPATH/Common.php(1135): CodeIgniter\View\View->render('Reports/court/fixed_date_matters_search_view', [], true)
 5 APPPATH/Controllers/Reports/Court/Report.php(61): view('Reports/court/fixed_date_matters_search_view')
 6 SYSTEMPATH/CodeIgniter.php(925): App\Controllers\Reports\Court\Report->get_search_view()
 7 SYSTEMPATH/CodeIgniter.php(480): CodeIgniter\CodeIgniter->runController(Object(App\Controllers\Reports\Court\Report))
 8 SYSTEMPATH/CodeIgniter.php(349): CodeIgniter\CodeIgniter->handleRequest(null, Object(Config\Cache), false)
 9 FCPATH/index.php(67): CodeIgniter\CodeIgniter->run()
CRITICAL - 2024-04-02 17:08:19 --> Undefined variable $judge
in APPPATH/Views/Reports/court/fixed_date_matters_search_view.php on line 31.
 1 APPPATH/Views/Reports/court/fixed_date_matters_search_view.php(31): CodeIgniter\Debug\Exceptions->errorHandler(2, 'Undefined variable $judge', 'APPPATH/Views/Reports/court/fixed_date_matters_search_view.php', 31)
 2 SYSTEMPATH/View/View.php(213): include('APPPATH/Views/Reports/court/fixed_date_matters_search_view.php')
 3 SYSTEMPATH/View/View.php(216): CodeIgniter\View\View->CodeIgniter\View\{closure}()
 4 SYSTEMPATH/Common.php(1135): CodeIgniter\View\View->render('Reports/court/fixed_date_matters_search_view', [], true)
 5 APPPATH/Controllers/Reports/Court/Report.php(61): view('Reports/court/fixed_date_matters_search_view')
 6 SYSTEMPATH/CodeIgniter.php(925): App\Controllers\Reports\Court\Report->get_search_view()
 7 SYSTEMPATH/CodeIgniter.php(480): CodeIgniter\CodeIgniter->runController(Object(App\Controllers\Reports\Court\Report))
 8 SYSTEMPATH/CodeIgniter.php(349): CodeIgniter\CodeIgniter->handleRequest(null, Object(Config\Cache), false)
 9 FCPATH/index.php(67): CodeIgniter\CodeIgniter->run()
CRITICAL - 2024-04-02 17:08:25 --> Undefined variable $judge
in APPPATH/Views/Reports/court/fixed_date_matters_search_view.php on line 31.
 1 APPPATH/Views/Reports/court/fixed_date_matters_search_view.php(31): CodeIgniter\Debug\Exceptions->errorHandler(2, 'Undefined variable $judge', 'APPPATH/Views/Reports/court/fixed_date_matters_search_view.php', 31)
 2 SYSTEMPATH/View/View.php(213): include('APPPATH/Views/Reports/court/fixed_date_matters_search_view.php')
 3 SYSTEMPATH/View/View.php(216): CodeIgniter\View\View->CodeIgniter\View\{closure}()
 4 SYSTEMPATH/Common.php(1135): CodeIgniter\View\View->render('Reports/court/fixed_date_matters_search_view', [], true)
 5 APPPATH/Controllers/Reports/Court/Report.php(61): view('Reports/court/fixed_date_matters_search_view')
 6 SYSTEMPATH/CodeIgniter.php(925): App\Controllers\Reports\Court\Report->get_search_view()
 7 SYSTEMPATH/CodeIgniter.php(480): CodeIgniter\CodeIgniter->runController(Object(App\Controllers\Reports\Court\Report))
 8 SYSTEMPATH/CodeIgniter.php(349): CodeIgniter\CodeIgniter->handleRequest(null, Object(Config\Cache), false)
 9 FCPATH/index.php(67): CodeIgniter\CodeIgniter->run()
