CRITICAL - 2024-03-21 10:35:26 --> Invalid file: Record_room/search/lst_aor_search.php
in SYSTEMPATH/Exceptions/FrameworkException.php on line 33.
 1 SYSTEMPATH/View/View.php(201): CodeIgniter\Exceptions\FrameworkException::forInvalidFile('Record_room/search/lst_aor_search.php')
 2 SYSTEMPATH/Common.php(1135): CodeIgniter\View\View->render('Record_room/search/lst_aor_search', [], true)
 3 APPPATH/Controllers/Record_room/Record.php(340): view('Record_room/search/lst_aor_search', [...])
 4 SYSTEMPATH/CodeIgniter.php(925): App\Controllers\Record_room\Record->lst_aor_search()
 5 SYSTEMPATH/CodeIgniter.php(480): CodeIgniter\CodeIgniter->runController(Object(App\Controllers\Record_room\Record))
 6 SYSTEMPATH/CodeIgniter.php(349): CodeIgniter\CodeIgniter->handleRequest(null, Object(Config\Cache), false)
 7 FCPATH/index.php(67): CodeIgniter\CodeIgniter->run()
CRITICAL - 2024-03-21 10:35:37 --> Invalid file: Record_room/search/lst_aor_search.php
in SYSTEMPATH/Exceptions/FrameworkException.php on line 33.
 1 SYSTEMPATH/View/View.php(201): CodeIgniter\Exceptions\FrameworkException::forInvalidFile('Record_room/search/lst_aor_search.php')
 2 SYSTEMPATH/Common.php(1135): CodeIgniter\View\View->render('Record_room/search/lst_aor_search', [], true)
 3 APPPATH/Controllers/Record_room/Record.php(340): view('Record_room/search/lst_aor_search', [...])
 4 SYSTEMPATH/CodeIgniter.php(925): App\Controllers\Record_room\Record->lst_aor_search()
 5 SYSTEMPATH/CodeIgniter.php(480): CodeIgniter\CodeIgniter->runController(Object(App\Controllers\Record_room\Record))
 6 SYSTEMPATH/CodeIgniter.php(349): CodeIgniter\CodeIgniter->handleRequest(null, Object(Config\Cache), false)
 7 FCPATH/index.php(67): CodeIgniter\CodeIgniter->run()
CRITICAL - 2024-03-21 10:42:41 --> Invalid file: Record_room/search/lst_aor_search.php
in SYSTEMPATH/Exceptions/FrameworkException.php on line 33.
 1 SYSTEMPATH/View/View.php(201): CodeIgniter\Exceptions\FrameworkException::forInvalidFile('Record_room/search/lst_aor_search.php')
 2 SYSTEMPATH/Common.php(1135): CodeIgniter\View\View->render('Record_room/search/lst_aor_search', [], true)
 3 APPPATH/Controllers/Record_room/Record.php(340): view('Record_room/search/lst_aor_search', [...])
 4 SYSTEMPATH/CodeIgniter.php(925): App\Controllers\Record_room\Record->lst_aor_search()
 5 SYSTEMPATH/CodeIgniter.php(480): CodeIgniter\CodeIgniter->runController(Object(App\Controllers\Record_room\Record))
 6 SYSTEMPATH/CodeIgniter.php(349): CodeIgniter\CodeIgniter->handleRequest(null, Object(Config\Cache), false)
 7 FCPATH/index.php(67): CodeIgniter\CodeIgniter->run()
CRITICAL - 2024-03-21 10:47:46 --> Undefined variable $query3
in APPPATH/Models/Judicial/AmendCausetitleModel.php on line 60.
 1 APPPATH/Models/Judicial/AmendCausetitleModel.php(60): CodeIgniter\Debug\Exceptions->errorHandler(2, 'Undefined variable $query3', 'APPPATH/Models/Judicial/AmendCausetitleModel.php', 60)
 2 APPPATH/Controllers/Judicial/AmendCausetitle.php(61): App\Models\Judicial\AmendCausetitleModel->get_casedesc('365412023')
 3 SYSTEMPATH/CodeIgniter.php(925): App\Controllers\Judicial\AmendCausetitle->causetitle()
 4 SYSTEMPATH/CodeIgniter.php(480): CodeIgniter\CodeIgniter->runController(Object(App\Controllers\Judicial\AmendCausetitle))
 5 SYSTEMPATH/CodeIgniter.php(349): CodeIgniter\CodeIgniter->handleRequest(null, Object(Config\Cache), false)
 6 FCPATH/index.php(67): CodeIgniter\CodeIgniter->run()
CRITICAL - 2024-03-21 01:44:46 --> The action you requested is not allowed.
in SYSTEMPATH/Security/Security.php on line 307.
 1 SYSTEMPATH/Security/Security.php(307): CodeIgniter\Security\Exceptions\SecurityException::forDisallowedAction()
 2 SYSTEMPATH/Filters/CSRF.php(55): CodeIgniter\Security\Security->verify(Object(CodeIgniter\HTTP\IncomingRequest))
 3 SYSTEMPATH/Filters/Filters.php(173): CodeIgniter\Filters\CSRF->before(Object(CodeIgniter\HTTP\IncomingRequest), null)
 4 SYSTEMPATH/CodeIgniter.php(453): CodeIgniter\Filters\Filters->run('Judicial/PhysicalVerification/wrong_updated_get', 'before')
 5 SYSTEMPATH/CodeIgniter.php(349): CodeIgniter\CodeIgniter->handleRequest(null, Object(Config\Cache), false)
 6 FCPATH/index.php(67): CodeIgniter\CodeIgniter->run()
ERROR - 2024-03-21 12:14:53 --> ErrorException: pg_query(): Query failed: ERROR:  relation &quot;judge&quot; does not exist
LINE 2: FROM &quot;judge&quot;
             ^ in /var/www/html/system/Database/Postgre/Connection.php:140
Stack trace:
#0 [internal function]: CodeIgniter\Debug\Exceptions->errorHandler(2, 'pg_query(): Que...', '/var/www/html/s...', 140)
#1 /var/www/html/system/Database/Postgre/Connection.php(140): pg_query(Object(PgSql\Connection), 'SELECT "first_n...')
#2 /var/www/html/system/Database/BaseConnection.php(666): CodeIgniter\Database\Postgre\Connection->execute('SELECT "first_n...')
#3 /var/www/html/system/Database/BaseConnection.php(593): CodeIgniter\Database\BaseConnection->simpleQuery('SELECT "first_n...')
#4 /var/www/html/system/Database/BaseBuilder.php(1585): CodeIgniter\Database\BaseConnection->query('SELECT "first_n...', Array, false)
#5 /var/www/html/app/Models/Judicial/PhysicalVerificationModel.php(473): CodeIgniter\Database\BaseBuilder->get()
#6 /var/www/html/app/Controllers/Judicial/PhysicalVerification.php(42): App\Models\Judicial\PhysicalVerificationModel->wrong_updated_get(Array)
#7 /var/www/html/system/CodeIgniter.php(925): App\Controllers\Judicial\PhysicalVerification->wrong_updated_get()
#8 /var/www/html/system/CodeIgniter.php(480): CodeIgniter\CodeIgniter->runController(Object(App\Controllers\Judicial\PhysicalVerification))
#9 /var/www/html/system/CodeIgniter.php(349): CodeIgniter\CodeIgniter->handleRequest(NULL, Object(Config\Cache), false)
#10 /var/www/html/public/index.php(67): CodeIgniter\CodeIgniter->run()
#11 {main}
CRITICAL - 2024-03-21 12:14:53 --> pg_query(): Query failed: ERROR:  relation &quot;judge&quot; does not exist
LINE 2: FROM &quot;judge&quot;
             ^
in SYSTEMPATH/Database/Postgre/Connection.php on line 140.
 1 [internal function]: CodeIgniter\Debug\Exceptions->errorHandler(2, 'pg_query(): Query failed: ERROR:  relation &quot;judge&quot; does not exist
LINE 2: FROM &quot;judge&quot;
             ^', 'SYSTEMPATH/Database/Postgre/Connection.php', 140)
 2 SYSTEMPATH/Database/Postgre/Connection.php(140): pg_query(Object(PgSql\Connection), 'SELECT "first_name", "sur_name"
FROM "judge"
WHERE "display" = \'Y\'
AND "jcode" = \'85\'')
 3 SYSTEMPATH/Database/BaseConnection.php(666): CodeIgniter\Database\Postgre\Connection->execute('SELECT "first_name", "sur_name"
FROM "judge"
WHERE "display" = \'Y\'
AND "jcode" = \'85\'')
 4 SYSTEMPATH/Database/BaseConnection.php(593): CodeIgniter\Database\BaseConnection->simpleQuery('SELECT "first_name", "sur_name"
FROM "judge"
WHERE "display" = \'Y\'
AND "jcode" = \'85\'')
 5 SYSTEMPATH/Database/BaseBuilder.php(1585): CodeIgniter\Database\BaseConnection->query('SELECT "first_name", "sur_name"
FROM "judge"
WHERE "display" = :display:
AND "jcode" = :jcode:', [...], false)
 6 APPPATH/Models/Judicial/PhysicalVerificationModel.php(473): CodeIgniter\Database\BaseBuilder->get()
 7 APPPATH/Controllers/Judicial/PhysicalVerification.php(42): App\Models\Judicial\PhysicalVerificationModel->wrong_updated_get([...])
 8 SYSTEMPATH/CodeIgniter.php(925): App\Controllers\Judicial\PhysicalVerification->wrong_updated_get()
 9 SYSTEMPATH/CodeIgniter.php(480): CodeIgniter\CodeIgniter->runController(Object(App\Controllers\Judicial\PhysicalVerification))
10 SYSTEMPATH/CodeIgniter.php(349): CodeIgniter\CodeIgniter->handleRequest(null, Object(Config\Cache), false)
11 FCPATH/index.php(67): CodeIgniter\CodeIgniter->run()
