CRITICAL - 2024-03-28 12:49:24 --> e_services is not a valid database connection group.
in SYSTEMPATH/Database/Config.php on line 70.
 1 APPPATH/Models/Reports/Copying/ReportModel.php(247): CodeIgniter\Database\Config::connect('e_services')
 2 APPPATH/Controllers/Reports/Copying/Report.php(187): App\Models\Reports\Copying\ReportModel->getEpay([...])
 3 SYSTEMPATH/CodeIgniter.php(925): App\Controllers\Reports\Copying\Report->epay_search()
 4 SYSTEMPATH/CodeIgniter.php(480): CodeIgniter\CodeIgniter->runController(Object(App\Controllers\Reports\Copying\Report))
 5 SYSTEMPATH/CodeIgniter.php(349): CodeIgniter\CodeIgniter->handleRequest(null, Object(Config\Cache), false)
 6 FCPATH/index.php(67): CodeIgniter\CodeIgniter->run()
CRITICAL - 2024-03-28 13:52:58 --> e_services is not a valid database connection group.
in SYSTEMPATH/Database/Config.php on line 70.
 1 APPPATH/Models/Reports/Copying/ReportModel.php(247): CodeIgniter\Database\Config::connect('e_services')
 2 APPPATH/Controllers/Reports/Copying/Report.php(187): App\Models\Reports\Copying\ReportModel->getEpay([...])
 3 SYSTEMPATH/CodeIgniter.php(925): App\Controllers\Reports\Copying\Report->epay_search()
 4 SYSTEMPATH/CodeIgniter.php(480): CodeIgniter\CodeIgniter->runController(Object(App\Controllers\Reports\Copying\Report))
 5 SYSTEMPATH/CodeIgniter.php(349): CodeIgniter\CodeIgniter->handleRequest(null, Object(Config\Cache), false)
 6 FCPATH/index.php(67): CodeIgniter\CodeIgniter->run()
CRITICAL - 2024-03-28 14:04:45 --> Undefined variable $title
in APPPATH/Views/Reports/copying/get_content_diaryorcase.php on line 50.
 1 APPPATH/Views/Reports/copying/get_content_diaryorcase.php(50): CodeIgniter\Debug\Exceptions->errorHandler(2, 'Undefined variable $title', 'APPPATH/Views/Reports/copying/get_content_diaryorcase.php', 50)
 2 SYSTEMPATH/View/View.php(213): include('APPPATH/Views/Reports/copying/get_content_diaryorcase.php')
 3 SYSTEMPATH/View/View.php(216): CodeIgniter\View\View->CodeIgniter\View\{closure}()
 4 SYSTEMPATH/Common.php(1135): CodeIgniter\View\View->render('Reports/copying/get_content_diaryorcase', [], true)
 5 APPPATH/Controllers/Reports/Copying/Report.php(278): view('Reports/copying/get_content_diaryorcase', [...])
 6 SYSTEMPATH/CodeIgniter.php(925): App\Controllers\Reports\Copying\Report->diaryorcase_search()
 7 SYSTEMPATH/CodeIgniter.php(480): CodeIgniter\CodeIgniter->runController(Object(App\Controllers\Reports\Copying\Report))
 8 SYSTEMPATH/CodeIgniter.php(349): CodeIgniter\CodeIgniter->handleRequest(null, Object(Config\Cache), false)
 9 FCPATH/index.php(67): CodeIgniter\CodeIgniter->run()
CRITICAL - 2024-03-28 14:05:17 --> Undefined variable $title
in APPPATH/Views/Reports/copying/get_content_diaryorcase.php on line 50.
 1 APPPATH/Views/Reports/copying/get_content_diaryorcase.php(50): CodeIgniter\Debug\Exceptions->errorHandler(2, 'Undefined variable $title', 'APPPATH/Views/Reports/copying/get_content_diaryorcase.php', 50)
 2 SYSTEMPATH/View/View.php(213): include('APPPATH/Views/Reports/copying/get_content_diaryorcase.php')
 3 SYSTEMPATH/View/View.php(216): CodeIgniter\View\View->CodeIgniter\View\{closure}()
 4 SYSTEMPATH/Common.php(1135): CodeIgniter\View\View->render('Reports/copying/get_content_diaryorcase', [], true)
 5 APPPATH/Controllers/Reports/Copying/Report.php(278): view('Reports/copying/get_content_diaryorcase', [...])
 6 SYSTEMPATH/CodeIgniter.php(925): App\Controllers\Reports\Copying\Report->diaryorcase_search()
 7 SYSTEMPATH/CodeIgniter.php(480): CodeIgniter\CodeIgniter->runController(Object(App\Controllers\Reports\Copying\Report))
 8 SYSTEMPATH/CodeIgniter.php(349): CodeIgniter\CodeIgniter->handleRequest(null, Object(Config\Cache), false)
 9 FCPATH/index.php(67): CodeIgniter\CodeIgniter->run()
CRITICAL - 2024-03-28 14:05:55 --> Undefined variable $title
in APPPATH/Views/Reports/copying/get_content_diaryorcase.php on line 50.
 1 APPPATH/Views/Reports/copying/get_content_diaryorcase.php(50): CodeIgniter\Debug\Exceptions->errorHandler(2, 'Undefined variable $title', 'APPPATH/Views/Reports/copying/get_content_diaryorcase.php', 50)
 2 SYSTEMPATH/View/View.php(213): include('APPPATH/Views/Reports/copying/get_content_diaryorcase.php')
 3 SYSTEMPATH/View/View.php(216): CodeIgniter\View\View->CodeIgniter\View\{closure}()
 4 SYSTEMPATH/Common.php(1135): CodeIgniter\View\View->render('Reports/copying/get_content_diaryorcase', [], true)
 5 APPPATH/Controllers/Reports/Copying/Report.php(278): view('Reports/copying/get_content_diaryorcase', [...])
 6 SYSTEMPATH/CodeIgniter.php(925): App\Controllers\Reports\Copying\Report->diaryorcase_search()
 7 SYSTEMPATH/CodeIgniter.php(480): CodeIgniter\CodeIgniter->runController(Object(App\Controllers\Reports\Copying\Report))
 8 SYSTEMPATH/CodeIgniter.php(349): CodeIgniter\CodeIgniter->handleRequest(null, Object(Config\Cache), false)
 9 FCPATH/index.php(67): CodeIgniter\CodeIgniter->run()
CRITICAL - 2024-03-28 14:06:26 --> Undefined variable $title
in APPPATH/Views/Reports/copying/get_content_diaryorcase.php on line 50.
 1 APPPATH/Views/Reports/copying/get_content_diaryorcase.php(50): CodeIgniter\Debug\Exceptions->errorHandler(2, 'Undefined variable $title', 'APPPATH/Views/Reports/copying/get_content_diaryorcase.php', 50)
 2 SYSTEMPATH/View/View.php(213): include('APPPATH/Views/Reports/copying/get_content_diaryorcase.php')
 3 SYSTEMPATH/View/View.php(216): CodeIgniter\View\View->CodeIgniter\View\{closure}()
 4 SYSTEMPATH/Common.php(1135): CodeIgniter\View\View->render('Reports/copying/get_content_diaryorcase', [], true)
 5 APPPATH/Controllers/Reports/Copying/Report.php(278): view('Reports/copying/get_content_diaryorcase', [...])
 6 SYSTEMPATH/CodeIgniter.php(925): App\Controllers\Reports\Copying\Report->diaryorcase_search()
 7 SYSTEMPATH/CodeIgniter.php(480): CodeIgniter\CodeIgniter->runController(Object(App\Controllers\Reports\Copying\Report))
 8 SYSTEMPATH/CodeIgniter.php(349): CodeIgniter\CodeIgniter->handleRequest(null, Object(Config\Cache), false)
 9 FCPATH/index.php(67): CodeIgniter\CodeIgniter->run()
