CRITICAL - 2023-08-25 03:59:36 --> Class "CodeIgniter\Database\mysqli\Connection" not found
in SYSTEMPATH/Database/Database.php on line 136.
 1 SYSTEMPATH/Database/Database.php(56): CodeIgniter\Database\Database->initDriver('mysqli', 'CodeIgniter\\Database\\mysqli\\Connection', [...])
 2 SYSTEMPATH/Database/Config.php(82): CodeIgniter\Database\Database->load([...], 'default')
 3 SYSTEMPATH/Model.php(154): CodeIgniter\Database\Config::connect('default')
 4 APPPATH/Models/LoginModel.php(10): CodeIgniter\Model->__construct()
 5 APPPATH/Controllers/Login.php(14): App\Models\LoginModel->__construct()
 6 SYSTEMPATH/CodeIgniter.php(887): App\Controllers\Login->__construct()
 7 SYSTEMPATH/CodeIgniter.php(471): CodeIgniter\CodeIgniter->createController()
 8 SYSTEMPATH/CodeIgniter.php(349): CodeIgniter\CodeIgniter->handleRequest(null, Object(Config\Cache), false)
 9 FCPATH/index.php(67): CodeIgniter\CodeIgniter->run()
CRITICAL - 2023-08-25 03:59:39 --> Class "CodeIgniter\Database\mysqli\Connection" not found
in SYSTEMPATH/Database/Database.php on line 136.
 1 SYSTEMPATH/Database/Database.php(56): CodeIgniter\Database\Database->initDriver('mysqli', 'CodeIgniter\\Database\\mysqli\\Connection', [...])
 2 SYSTEMPATH/Database/Config.php(82): CodeIgniter\Database\Database->load([...], 'default')
 3 SYSTEMPATH/Model.php(154): CodeIgniter\Database\Config::connect('default')
 4 APPPATH/Models/LoginModel.php(10): CodeIgniter\Model->__construct()
 5 APPPATH/Controllers/Login.php(14): App\Models\LoginModel->__construct()
 6 SYSTEMPATH/CodeIgniter.php(887): App\Controllers\Login->__construct()
 7 SYSTEMPATH/CodeIgniter.php(471): CodeIgniter\CodeIgniter->createController()
 8 SYSTEMPATH/CodeIgniter.php(349): CodeIgniter\CodeIgniter->handleRequest(null, Object(Config\Cache), false)
 9 FCPATH/index.php(67): CodeIgniter\CodeIgniter->run()
CRITICAL - 2023-08-25 04:05:33 --> Class "CodeIgniter\Database\mysqli\Connection" not found
in SYSTEMPATH/Database/Database.php on line 136.
 1 SYSTEMPATH/Database/Database.php(56): CodeIgniter\Database\Database->initDriver('mysqli', 'CodeIgniter\\Database\\mysqli\\Connection', [...])
 2 SYSTEMPATH/Database/Config.php(82): CodeIgniter\Database\Database->load([...], 'default')
 3 SYSTEMPATH/Model.php(154): CodeIgniter\Database\Config::connect('default')
 4 APPPATH/Models/LoginModel.php(10): CodeIgniter\Model->__construct()
 5 APPPATH/Controllers/Login.php(83): App\Models\LoginModel->__construct()
 6 SYSTEMPATH/CodeIgniter.php(925): App\Controllers\Login->checkLogin()
 7 SYSTEMPATH/CodeIgniter.php(480): CodeIgniter\CodeIgniter->runController(Object(App\Controllers\Login))
 8 SYSTEMPATH/CodeIgniter.php(349): CodeIgniter\CodeIgniter->handleRequest(null, Object(Config\Cache), false)
 9 FCPATH/index.php(67): CodeIgniter\CodeIgniter->run()
CRITICAL - 2023-08-25 04:08:38 --> Creation of dynamic property App\Controllers\Login::$LoginModel is deprecated
in APPPATH/Controllers/Login.php on line 13.
 1 APPPATH/Controllers/Login.php(13): CodeIgniter\Debug\Exceptions->errorHandler(8192, 'Creation of dynamic property App\\Controllers\\Login::$LoginModel is deprecated', 'APPPATH/Controllers/Login.php', 13)
 2 SYSTEMPATH/CodeIgniter.php(887): App\Controllers\Login->__construct()
 3 SYSTEMPATH/CodeIgniter.php(471): CodeIgniter\CodeIgniter->createController()
 4 SYSTEMPATH/CodeIgniter.php(349): CodeIgniter\CodeIgniter->handleRequest(null, Object(Config\Cache), false)
 5 FCPATH/index.php(67): CodeIgniter\CodeIgniter->run()
CRITICAL - 2023-08-25 04:10:21 --> Creation of dynamic property App\Controllers\Login::$LoginModel is deprecated
in APPPATH/Controllers/Login.php on line 83.
 1 APPPATH/Controllers/Login.php(83): CodeIgniter\Debug\Exceptions->errorHandler(8192, 'Creation of dynamic property App\\Controllers\\Login::$LoginModel is deprecated', 'APPPATH/Controllers/Login.php', 83)
 2 SYSTEMPATH/CodeIgniter.php(925): App\Controllers\Login->checkLogin()
 3 SYSTEMPATH/CodeIgniter.php(480): CodeIgniter\CodeIgniter->runController(Object(App\Controllers\Login))
 4 SYSTEMPATH/CodeIgniter.php(349): CodeIgniter\CodeIgniter->handleRequest(null, Object(Config\Cache), false)
 5 FCPATH/index.php(67): CodeIgniter\CodeIgniter->run()
ERROR - 2023-08-25 04:11:16 --> Error connecting to the database: mysqli_sql_exception: Connection timed out in /var/www/html/system/Database/MySQLi/Connection.php:170
Stack trace:
#0 /var/www/html/system/Database/MySQLi/Connection.php(170): mysqli->real_connect('10.25.78.67', 'anshu', Object(SensitiveParameterValue), 'sci_cmis_final_...', 5432, '', 0)
#1 /var/www/html/system/Database/BaseConnection.php(382): CodeIgniter\Database\MySQLi\Connection->connect(false)
#2 /var/www/html/system/Database/BaseConnection.php(561): CodeIgniter\Database\BaseConnection->initialize()
#3 /var/www/html/app/Models/LoginModel.php(38): CodeIgniter\Database\BaseConnection->query('select * from u...')
#4 /var/www/html/app/Controllers/Login.php(88): App\Models\LoginModel->checkLogin('1779', '1854b645e1eac69...')
#5 /var/www/html/system/CodeIgniter.php(925): App\Controllers\Login->checkLogin()
#6 /var/www/html/system/CodeIgniter.php(480): CodeIgniter\CodeIgniter->runController(Object(App\Controllers\Login))
#7 /var/www/html/system/CodeIgniter.php(349): CodeIgniter\CodeIgniter->handleRequest(NULL, Object(Config\Cache), false)
#8 /var/www/html/public/index.php(67): CodeIgniter\CodeIgniter->run()
#9 {main}

Next CodeIgniter\Database\Exceptions\DatabaseException: Connection timed out in /var/www/html/system/Database/MySQLi/Connection.php:215
Stack trace:
#0 /var/www/html/system/Database/BaseConnection.php(382): CodeIgniter\Database\MySQLi\Connection->connect(false)
#1 /var/www/html/system/Database/BaseConnection.php(561): CodeIgniter\Database\BaseConnection->initialize()
#2 /var/www/html/app/Models/LoginModel.php(38): CodeIgniter\Database\BaseConnection->query('select * from u...')
#3 /var/www/html/app/Controllers/Login.php(88): App\Models\LoginModel->checkLogin('1779', '1854b645e1eac69...')
#4 /var/www/html/system/CodeIgniter.php(925): App\Controllers\Login->checkLogin()
#5 /var/www/html/system/CodeIgniter.php(480): CodeIgniter\CodeIgniter->runController(Object(App\Controllers\Login))
#6 /var/www/html/system/CodeIgniter.php(349): CodeIgniter\CodeIgniter->handleRequest(NULL, Object(Config\Cache), false)
#7 /var/www/html/public/index.php(67): CodeIgniter\CodeIgniter->run()
#8 {main}
CRITICAL - 2023-08-25 04:11:16 --> Unable to connect to the database.
Main connection [MySQLi]: Connection timed out
in SYSTEMPATH/Database/BaseConnection.php on line 418.
 1 SYSTEMPATH/Database/BaseConnection.php(561): CodeIgniter\Database\BaseConnection->initialize()
 2 APPPATH/Models/LoginModel.php(38): CodeIgniter\Database\BaseConnection->query('select * from users where display=\'Y\' and empid=1779 and userpass=\'1854b645e1eac69c7dd8f23a40296fb4\'')
 3 APPPATH/Controllers/Login.php(88): App\Models\LoginModel->checkLogin('1779', '1854b645e1eac69c7dd8f23a40296fb4')
 4 SYSTEMPATH/CodeIgniter.php(925): App\Controllers\Login->checkLogin()
 5 SYSTEMPATH/CodeIgniter.php(480): CodeIgniter\CodeIgniter->runController(Object(App\Controllers\Login))
 6 SYSTEMPATH/CodeIgniter.php(349): CodeIgniter\CodeIgniter->handleRequest(null, Object(Config\Cache), false)
 7 FCPATH/index.php(67): CodeIgniter\CodeIgniter->run()
ERROR - 2023-08-25 04:12:01 --> Error connecting to the database: mysqli_sql_exception: Connection timed out in /var/www/html/system/Database/MySQLi/Connection.php:170
Stack trace:
#0 /var/www/html/system/Database/MySQLi/Connection.php(170): mysqli->real_connect('10.25.78.67', 'anshu', Object(SensitiveParameterValue), 'sci_cmis_final_...', 5432, '', 0)
#1 /var/www/html/system/Database/BaseConnection.php(382): CodeIgniter\Database\MySQLi\Connection->connect(false)
#2 /var/www/html/system/Database/BaseConnection.php(561): CodeIgniter\Database\BaseConnection->initialize()
#3 /var/www/html/app/Models/LoginModel.php(38): CodeIgniter\Database\BaseConnection->query('select * from u...')
#4 /var/www/html/app/Controllers/Login.php(88): App\Models\LoginModel->checkLogin('1779', '1854b645e1eac69...')
#5 /var/www/html/system/CodeIgniter.php(925): App\Controllers\Login->checkLogin()
#6 /var/www/html/system/CodeIgniter.php(480): CodeIgniter\CodeIgniter->runController(Object(App\Controllers\Login))
#7 /var/www/html/system/CodeIgniter.php(349): CodeIgniter\CodeIgniter->handleRequest(NULL, Object(Config\Cache), false)
#8 /var/www/html/public/index.php(67): CodeIgniter\CodeIgniter->run()
#9 {main}

Next CodeIgniter\Database\Exceptions\DatabaseException: Connection timed out in /var/www/html/system/Database/MySQLi/Connection.php:215
Stack trace:
#0 /var/www/html/system/Database/BaseConnection.php(382): CodeIgniter\Database\MySQLi\Connection->connect(false)
#1 /var/www/html/system/Database/BaseConnection.php(561): CodeIgniter\Database\BaseConnection->initialize()
#2 /var/www/html/app/Models/LoginModel.php(38): CodeIgniter\Database\BaseConnection->query('select * from u...')
#3 /var/www/html/app/Controllers/Login.php(88): App\Models\LoginModel->checkLogin('1779', '1854b645e1eac69...')
#4 /var/www/html/system/CodeIgniter.php(925): App\Controllers\Login->checkLogin()
#5 /var/www/html/system/CodeIgniter.php(480): CodeIgniter\CodeIgniter->runController(Object(App\Controllers\Login))
#6 /var/www/html/system/CodeIgniter.php(349): CodeIgniter\CodeIgniter->handleRequest(NULL, Object(Config\Cache), false)
#7 /var/www/html/public/index.php(67): CodeIgniter\CodeIgniter->run()
#8 {main}
CRITICAL - 2023-08-25 04:12:01 --> Unable to connect to the database.
Main connection [MySQLi]: Connection timed out
in SYSTEMPATH/Database/BaseConnection.php on line 418.
 1 SYSTEMPATH/Database/BaseConnection.php(561): CodeIgniter\Database\BaseConnection->initialize()
 2 APPPATH/Models/LoginModel.php(38): CodeIgniter\Database\BaseConnection->query('select * from users where display=\'Y\' and empid=1779 and userpass=\'1854b645e1eac69c7dd8f23a40296fb4\'')
 3 APPPATH/Controllers/Login.php(88): App\Models\LoginModel->checkLogin('1779', '1854b645e1eac69c7dd8f23a40296fb4')
 4 SYSTEMPATH/CodeIgniter.php(925): App\Controllers\Login->checkLogin()
 5 SYSTEMPATH/CodeIgniter.php(480): CodeIgniter\CodeIgniter->runController(Object(App\Controllers\Login))
 6 SYSTEMPATH/CodeIgniter.php(349): CodeIgniter\CodeIgniter->handleRequest(null, Object(Config\Cache), false)
 7 FCPATH/index.php(67): CodeIgniter\CodeIgniter->run()
CRITICAL - 2023-08-25 05:49:29 --> Creation of dynamic property App\Controllers\Login::$LoginModel is deprecated
in APPPATH/Controllers/Login.php on line 13.
 1 APPPATH/Controllers/Login.php(13): CodeIgniter\Debug\Exceptions->errorHandler(8192, 'Creation of dynamic property App\\Controllers\\Login::$LoginModel is deprecated', 'APPPATH/Controllers/Login.php', 13)
 2 SYSTEMPATH/CodeIgniter.php(887): App\Controllers\Login->__construct()
 3 SYSTEMPATH/CodeIgniter.php(471): CodeIgniter\CodeIgniter->createController()
 4 SYSTEMPATH/CodeIgniter.php(349): CodeIgniter\CodeIgniter->handleRequest(null, Object(Config\Cache), false)
 5 FCPATH/index.php(67): CodeIgniter\CodeIgniter->run()
CRITICAL - 2023-08-25 06:27:06 --> Call to undefined function App\Models\now()
in APPPATH/Models/LoginModel.php on line 59.
 1 APPPATH/Controllers/Login.php(105): App\Models\LoginModel->login_in_update('1')
 2 SYSTEMPATH/CodeIgniter.php(925): App\Controllers\Login->checkLogin()
 3 SYSTEMPATH/CodeIgniter.php(480): CodeIgniter\CodeIgniter->runController(Object(App\Controllers\Login))
 4 SYSTEMPATH/CodeIgniter.php(349): CodeIgniter\CodeIgniter->handleRequest(null, Object(Config\Cache), false)
 5 FCPATH/index.php(67): CodeIgniter\CodeIgniter->run()
