ERROR - 2024-03-16 10:00:37 --> ErrorException: pg_query(): Query failed: ERROR:  column &quot;address&quot; does not exist
LINE 1: SELECT &quot;aor_code&quot;, &quot;name&quot;, &quot;mobile&quot;, &quot;address&quot;
                                             ^
HINT:  Perhaps you meant to reference the column &quot;bar.paddress&quot; or the column &quot;bar.caddress&quot;. in /var/www/html/system/Database/Postgre/Connection.php:140
Stack trace:
#0 [internal function]: CodeIgniter\Debug\Exceptions->errorHandler(2, 'pg_query(): Que...', '/var/www/html/s...', 140)
#1 /var/www/html/system/Database/Postgre/Connection.php(140): pg_query(Object(PgSql\Connection), 'SELECT "aor_cod...')
#2 /var/www/html/system/Database/BaseConnection.php(666): CodeIgniter\Database\Postgre\Connection->execute('SELECT "aor_cod...')
#3 /var/www/html/system/Database/BaseConnection.php(593): CodeIgniter\Database\BaseConnection->simpleQuery('SELECT "aor_cod...')
#4 /var/www/html/system/Database/BaseBuilder.php(1585): CodeIgniter\Database\BaseConnection->query('SELECT "aor_cod...', Array, false)
#5 /var/www/html/app/Models/Record_room/Model_record.php(164): CodeIgniter\Database\BaseBuilder->get()
#6 /var/www/html/app/Controllers/Record_room/Record.php(242): App\Models\Record_room\Model_record->getAORDetails()
#7 /var/www/html/system/CodeIgniter.php(925): App\Controllers\Record_room\Record->aorDetails()
#8 /var/www/html/system/CodeIgniter.php(480): CodeIgniter\CodeIgniter->runController(Object(App\Controllers\Record_room\Record))
#9 /var/www/html/system/CodeIgniter.php(349): CodeIgniter\CodeIgniter->handleRequest(NULL, Object(Config\Cache), false)
#10 /var/www/html/public/index.php(67): CodeIgniter\CodeIgniter->run()
#11 {main}
CRITICAL - 2024-03-16 10:00:37 --> pg_query(): Query failed: ERROR:  column &quot;address&quot; does not exist
LINE 1: SELECT &quot;aor_code&quot;, &quot;name&quot;, &quot;mobile&quot;, &quot;address&quot;
                                             ^
HINT:  Perhaps you meant to reference the column &quot;bar.paddress&quot; or the column &quot;bar.caddress&quot;.
in SYSTEMPATH/Database/Postgre/Connection.php on line 140.
 1 [internal function]: CodeIgniter\Debug\Exceptions->errorHandler(2, 'pg_query(): Query failed: ERROR:  column &quot;address&quot; does not exist
LINE 1: SELECT &quot;aor_code&quot;, &quot;name&quot;, &quot;mobile&quot;, &quot;address&quot;
                                             ^
HINT:  Perhaps you meant to reference the column &quot;bar.paddress&quot; or the column &quot;bar.caddress&quot;.', 'SYSTEMPATH/Database/Postgre/Connection.php', 140)
 2 SYSTEMPATH/Database/Postgre/Connection.php(140): pg_query(Object(PgSql\Connection), 'SELECT "aor_code", "name", "mobile", "address"
FROM "master"."bar"
WHERE "isdead" = \'N\'
AND "if_aor" = \'Y\'
ORDER BY "aor_code"')
 3 SYSTEMPATH/Database/BaseConnection.php(666): CodeIgniter\Database\Postgre\Connection->execute('SELECT "aor_code", "name", "mobile", "address"
FROM "master"."bar"
WHERE "isdead" = \'N\'
AND "if_aor" = \'Y\'
ORDER BY "aor_code"')
 4 SYSTEMPATH/Database/BaseConnection.php(593): CodeIgniter\Database\BaseConnection->simpleQuery('SELECT "aor_code", "name", "mobile", "address"
FROM "master"."bar"
WHERE "isdead" = \'N\'
AND "if_aor" = \'Y\'
ORDER BY "aor_code"')
 5 SYSTEMPATH/Database/BaseBuilder.php(1585): CodeIgniter\Database\BaseConnection->query('SELECT "aor_code", "name", "mobile", "address"
FROM "master"."bar"
WHERE "isdead" = :isdead:
AND "if_aor" = :if_aor:
ORDER BY "aor_code"', [...], false)
 6 APPPATH/Models/Record_room/Model_record.php(164): CodeIgniter\Database\BaseBuilder->get()
 7 APPPATH/Controllers/Record_room/Record.php(242): App\Models\Record_room\Model_record->getAORDetails()
 8 SYSTEMPATH/CodeIgniter.php(925): App\Controllers\Record_room\Record->aorDetails()
 9 SYSTEMPATH/CodeIgniter.php(480): CodeIgniter\CodeIgniter->runController(Object(App\Controllers\Record_room\Record))
10 SYSTEMPATH/CodeIgniter.php(349): CodeIgniter\CodeIgniter->handleRequest(null, Object(Config\Cache), false)
11 FCPATH/index.php(67): CodeIgniter\CodeIgniter->run()
ERROR - 2024-03-16 10:12:43 --> ErrorException: pg_query(): Query failed: ERROR:  column &quot;address&quot; does not exist
LINE 1: SELECT &quot;aor_code&quot;, &quot;name&quot;, &quot;mobile&quot;, &quot;address&quot;
                                             ^
HINT:  Perhaps you meant to reference the column &quot;bar.paddress&quot; or the column &quot;bar.caddress&quot;. in /var/www/html/system/Database/Postgre/Connection.php:140
Stack trace:
#0 [internal function]: CodeIgniter\Debug\Exceptions->errorHandler(2, 'pg_query(): Que...', '/var/www/html/s...', 140)
#1 /var/www/html/system/Database/Postgre/Connection.php(140): pg_query(Object(PgSql\Connection), 'SELECT "aor_cod...')
#2 /var/www/html/system/Database/BaseConnection.php(666): CodeIgniter\Database\Postgre\Connection->execute('SELECT "aor_cod...')
#3 /var/www/html/system/Database/BaseConnection.php(593): CodeIgniter\Database\BaseConnection->simpleQuery('SELECT "aor_cod...')
#4 /var/www/html/system/Database/BaseBuilder.php(1585): CodeIgniter\Database\BaseConnection->query('SELECT "aor_cod...', Array, false)
#5 /var/www/html/app/Models/Record_room/Model_record.php(164): CodeIgniter\Database\BaseBuilder->get()
#6 /var/www/html/app/Controllers/Record_room/Record.php(242): App\Models\Record_room\Model_record->getAORDetails()
#7 /var/www/html/system/CodeIgniter.php(925): App\Controllers\Record_room\Record->aorDetails()
#8 /var/www/html/system/CodeIgniter.php(480): CodeIgniter\CodeIgniter->runController(Object(App\Controllers\Record_room\Record))
#9 /var/www/html/system/CodeIgniter.php(349): CodeIgniter\CodeIgniter->handleRequest(NULL, Object(Config\Cache), false)
#10 /var/www/html/public/index.php(67): CodeIgniter\CodeIgniter->run()
#11 {main}
CRITICAL - 2024-03-16 10:12:43 --> pg_query(): Query failed: ERROR:  column &quot;address&quot; does not exist
LINE 1: SELECT &quot;aor_code&quot;, &quot;name&quot;, &quot;mobile&quot;, &quot;address&quot;
                                             ^
HINT:  Perhaps you meant to reference the column &quot;bar.paddress&quot; or the column &quot;bar.caddress&quot;.
in SYSTEMPATH/Database/Postgre/Connection.php on line 140.
 1 [internal function]: CodeIgniter\Debug\Exceptions->errorHandler(2, 'pg_query(): Query failed: ERROR:  column &quot;address&quot; does not exist
LINE 1: SELECT &quot;aor_code&quot;, &quot;name&quot;, &quot;mobile&quot;, &quot;address&quot;
                                             ^
HINT:  Perhaps you meant to reference the column &quot;bar.paddress&quot; or the column &quot;bar.caddress&quot;.', 'SYSTEMPATH/Database/Postgre/Connection.php', 140)
 2 SYSTEMPATH/Database/Postgre/Connection.php(140): pg_query(Object(PgSql\Connection), 'SELECT "aor_code", "name", "mobile", "address"
FROM "master"."bar"
WHERE "isdead" = \'N\'
AND "if_aor" = \'Y\'
ORDER BY "aor_code"')
 3 SYSTEMPATH/Database/BaseConnection.php(666): CodeIgniter\Database\Postgre\Connection->execute('SELECT "aor_code", "name", "mobile", "address"
FROM "master"."bar"
WHERE "isdead" = \'N\'
AND "if_aor" = \'Y\'
ORDER BY "aor_code"')
 4 SYSTEMPATH/Database/BaseConnection.php(593): CodeIgniter\Database\BaseConnection->simpleQuery('SELECT "aor_code", "name", "mobile", "address"
FROM "master"."bar"
WHERE "isdead" = \'N\'
AND "if_aor" = \'Y\'
ORDER BY "aor_code"')
 5 SYSTEMPATH/Database/BaseBuilder.php(1585): CodeIgniter\Database\BaseConnection->query('SELECT "aor_code", "name", "mobile", "address"
FROM "master"."bar"
WHERE "isdead" = :isdead:
AND "if_aor" = :if_aor:
ORDER BY "aor_code"', [...], false)
 6 APPPATH/Models/Record_room/Model_record.php(164): CodeIgniter\Database\BaseBuilder->get()
 7 APPPATH/Controllers/Record_room/Record.php(242): App\Models\Record_room\Model_record->getAORDetails()
 8 SYSTEMPATH/CodeIgniter.php(925): App\Controllers\Record_room\Record->aorDetails()
 9 SYSTEMPATH/CodeIgniter.php(480): CodeIgniter\CodeIgniter->runController(Object(App\Controllers\Record_room\Record))
10 SYSTEMPATH/CodeIgniter.php(349): CodeIgniter\CodeIgniter->handleRequest(null, Object(Config\Cache), false)
11 FCPATH/index.php(67): CodeIgniter\CodeIgniter->run()
ERROR - 2024-03-16 10:17:23 --> ErrorException: pg_query(): Query failed: ERROR:  invalid input syntax for type integer: &quot;266,283&quot; in /var/www/html/system/Database/Postgre/Connection.php:140
Stack trace:
#0 [internal function]: CodeIgniter\Debug\Exceptions->errorHandler(2, 'pg_query(): Que...', '/var/www/html/s...', 140)
#1 /var/www/html/system/Database/Postgre/Connection.php(140): pg_query(Object(PgSql\Connection), 'SELECT "a".*, "...')
#2 /var/www/html/system/Database/BaseConnection.php(666): CodeIgniter\Database\Postgre\Connection->execute('SELECT "a".*, "...')
#3 /var/www/html/system/Database/BaseConnection.php(593): CodeIgniter\Database\BaseConnection->simpleQuery('SELECT "a".*, "...')
#4 /var/www/html/system/Database/BaseBuilder.php(1585): CodeIgniter\Database\BaseConnection->query('SELECT "a".*, "...', Array, false)
#5 /var/www/html/app/Models/Filing/CoramModel.php(263): CodeIgniter\Database\BaseBuilder->get()
#6 /var/www/html/app/Controllers/Filing/Coram.php(33): App\Models\Filing\CoramModel->coram_detail('1232023')
#7 /var/www/html/system/CodeIgniter.php(925): App\Controllers\Filing\Coram->index()
#8 /var/www/html/system/CodeIgniter.php(480): CodeIgniter\CodeIgniter->runController(Object(App\Controllers\Filing\Coram))
#9 /var/www/html/system/CodeIgniter.php(349): CodeIgniter\CodeIgniter->handleRequest(NULL, Object(Config\Cache), false)
#10 /var/www/html/public/index.php(67): CodeIgniter\CodeIgniter->run()
#11 {main}
CRITICAL - 2024-03-16 10:17:23 --> pg_query(): Query failed: ERROR:  invalid input syntax for type integer: &quot;266,283&quot;
in SYSTEMPATH/Database/Postgre/Connection.php on line 140.
 1 [internal function]: CodeIgniter\Debug\Exceptions->errorHandler(2, 'pg_query(): Query failed: ERROR:  invalid input syntax for type integer: &quot;266,283&quot;', 'SYSTEMPATH/Database/Postgre/Connection.php', 140)
 2 SYSTEMPATH/Database/Postgre/Connection.php(140): pg_query(Object(PgSql\Connection), 'SELECT "a".*, "u"."empid", "u"."name"
FROM (SELECT * FROM (SELECT "j"."jcode", string_agg(concat(j.jname, \'[\', "j"."abbreviation", \']\'), \'\') as jname, "c"."diary_no", \'C\' AS notbef, "c"."ent_dt", "n"."res_add", "c"."jud" as "coram", "j"."judge_seniority", "c"."usercode" FROM "public"."coram_a" "c" JOIN "master"."judge" "j" ON "j"."jcode" = ANY(string_to_array(CAST(c.jud AS VARCHAR), \',\')::int[]) > \'0\' LEFT JOIN "master"."not_before_reason" "n" ON "n"."res_id" = "c"."res_id" WHERE "c"."diary_no" = \'1232023\' AND "c"."to_dt" IS NULL AND "c"."display" = \'Y\' GROUP BY "c"."diary_no", "j"."jcode", "c"."ent_dt", "n"."res_add", "c"."jud", "c"."usercode") "uwrp0" UNION SELECT * FROM (SELECT "j"."jcode", string_agg(concat(j.jname, \'[\', "j"."abbreviation", \']\'), \'\') as jname, "h"."diary_no", \'C\' AS notbef, "h"."ent_dt", "n"."res_add", CAST(h.coram AS int), "j"."judge_seniority", "h"."usercode" FROM "public"."heardt_a" "h" JOIN "master"."judge" "j" ON "j"."jcode" = ANY(string_to_array(CAST(h.coram AS VARCHAR), \',\')::int[]) > \'0\' LEFT JOIN "master"."not_before_reason" "n" ON "n"."res_id" = "h"."list_before_remark" WHERE "h"."diary_no" = \'1232023\' GROUP BY "h"."diary_no", "j"."jcode", "h"."ent_dt", "n"."res_add", "h"."coram", "h"."usercode") "uwrp1"  UNION SELECT * FROM (SELECT "j"."jcode", concat(j.jname, \'[\', "j"."abbreviation", \']\') as jname, "n"."diary_no", "n"."notbef", "n"."ent_dt", "nbs"."res_add", 0, "j"."judge_seniority", "n"."usercode" FROM "public"."not_before" "n" LEFT JOIN "master"."judge" "j" ON "j"."jcode" = "n"."j1" LEFT JOIN "master"."not_before_reason" "nbs" ON "n"."res_id" = "nbs"."res_id" WHERE "n"."diary_no" = \'1232023\' ORDER BY "j"."judge_seniority") "uwrp2") "a"
LEFT JOIN "master"."users" "u" ON "u"."usercode" = "a"."usercode"')
 3 SYSTEMPATH/Database/BaseConnection.php(666): CodeIgniter\Database\Postgre\Connection->execute('SELECT "a".*, "u"."empid", "u"."name"
FROM (SELECT * FROM (SELECT "j"."jcode", string_agg(concat(j.jname, \'[\', "j"."abbreviation", \']\'), \'\') as jname, "c"."diary_no", \'C\' AS notbef, "c"."ent_dt", "n"."res_add", "c"."jud" as "coram", "j"."judge_seniority", "c"."usercode" FROM "public"."coram_a" "c" JOIN "master"."judge" "j" ON "j"."jcode" = ANY(string_to_array(CAST(c.jud AS VARCHAR), \',\')::int[]) > \'0\' LEFT JOIN "master"."not_before_reason" "n" ON "n"."res_id" = "c"."res_id" WHERE "c"."diary_no" = \'1232023\' AND "c"."to_dt" IS NULL AND "c"."display" = \'Y\' GROUP BY "c"."diary_no", "j"."jcode", "c"."ent_dt", "n"."res_add", "c"."jud", "c"."usercode") "uwrp0" UNION SELECT * FROM (SELECT "j"."jcode", string_agg(concat(j.jname, \'[\', "j"."abbreviation", \']\'), \'\') as jname, "h"."diary_no", \'C\' AS notbef, "h"."ent_dt", "n"."res_add", CAST(h.coram AS int), "j"."judge_seniority", "h"."usercode" FROM "public"."heardt_a" "h" JOIN "master"."judge" "j" ON "j"."jcode" = ANY(string_to_array(CAST(h.coram AS VARCHAR), \',\')::int[]) > \'0\' LEFT JOIN "master"."not_before_reason" "n" ON "n"."res_id" = "h"."list_before_remark" WHERE "h"."diary_no" = \'1232023\' GROUP BY "h"."diary_no", "j"."jcode", "h"."ent_dt", "n"."res_add", "h"."coram", "h"."usercode") "uwrp1"  UNION SELECT * FROM (SELECT "j"."jcode", concat(j.jname, \'[\', "j"."abbreviation", \']\') as jname, "n"."diary_no", "n"."notbef", "n"."ent_dt", "nbs"."res_add", 0, "j"."judge_seniority", "n"."usercode" FROM "public"."not_before" "n" LEFT JOIN "master"."judge" "j" ON "j"."jcode" = "n"."j1" LEFT JOIN "master"."not_before_reason" "nbs" ON "n"."res_id" = "nbs"."res_id" WHERE "n"."diary_no" = \'1232023\' ORDER BY "j"."judge_seniority") "uwrp2") "a"
LEFT JOIN "master"."users" "u" ON "u"."usercode" = "a"."usercode"')
 4 SYSTEMPATH/Database/BaseConnection.php(593): CodeIgniter\Database\BaseConnection->simpleQuery('SELECT "a".*, "u"."empid", "u"."name"
FROM (SELECT * FROM (SELECT "j"."jcode", string_agg(concat(j.jname, \'[\', "j"."abbreviation", \']\'), \'\') as jname, "c"."diary_no", \'C\' AS notbef, "c"."ent_dt", "n"."res_add", "c"."jud" as "coram", "j"."judge_seniority", "c"."usercode" FROM "public"."coram_a" "c" JOIN "master"."judge" "j" ON "j"."jcode" = ANY(string_to_array(CAST(c.jud AS VARCHAR), \',\')::int[]) > \'0\' LEFT JOIN "master"."not_before_reason" "n" ON "n"."res_id" = "c"."res_id" WHERE "c"."diary_no" = \'1232023\' AND "c"."to_dt" IS NULL AND "c"."display" = \'Y\' GROUP BY "c"."diary_no", "j"."jcode", "c"."ent_dt", "n"."res_add", "c"."jud", "c"."usercode") "uwrp0" UNION SELECT * FROM (SELECT "j"."jcode", string_agg(concat(j.jname, \'[\', "j"."abbreviation", \']\'), \'\') as jname, "h"."diary_no", \'C\' AS notbef, "h"."ent_dt", "n"."res_add", CAST(h.coram AS int), "j"."judge_seniority", "h"."usercode" FROM "public"."heardt_a" "h" JOIN "master"."judge" "j" ON "j"."jcode" = ANY(string_to_array(CAST(h.coram AS VARCHAR), \',\')::int[]) > \'0\' LEFT JOIN "master"."not_before_reason" "n" ON "n"."res_id" = "h"."list_before_remark" WHERE "h"."diary_no" = \'1232023\' GROUP BY "h"."diary_no", "j"."jcode", "h"."ent_dt", "n"."res_add", "h"."coram", "h"."usercode") "uwrp1"  UNION SELECT * FROM (SELECT "j"."jcode", concat(j.jname, \'[\', "j"."abbreviation", \']\') as jname, "n"."diary_no", "n"."notbef", "n"."ent_dt", "nbs"."res_add", 0, "j"."judge_seniority", "n"."usercode" FROM "public"."not_before" "n" LEFT JOIN "master"."judge" "j" ON "j"."jcode" = "n"."j1" LEFT JOIN "master"."not_before_reason" "nbs" ON "n"."res_id" = "nbs"."res_id" WHERE "n"."diary_no" = \'1232023\' ORDER BY "j"."judge_seniority") "uwrp2") "a"
LEFT JOIN "master"."users" "u" ON "u"."usercode" = "a"."usercode"')
 5 SYSTEMPATH/Database/BaseBuilder.php(1585): CodeIgniter\Database\BaseConnection->query('SELECT "a".*, "u"."empid", "u"."name"
FROM (SELECT * FROM (SELECT "j"."jcode", string_agg(concat(j.jname, \'[\', "j"."abbreviation", \']\'), \'\') as jname, "c"."diary_no", \'C\' AS notbef, "c"."ent_dt", "n"."res_add", "c"."jud" as "coram", "j"."judge_seniority", "c"."usercode" FROM "public"."coram_a" "c" JOIN "master"."judge" "j" ON "j"."jcode" = ANY(string_to_array(CAST(c.jud AS VARCHAR), \',\')::int[]) > \'0\' LEFT JOIN "master"."not_before_reason" "n" ON "n"."res_id" = "c"."res_id" WHERE "c"."diary_no" = \'1232023\' AND "c"."to_dt" IS NULL AND "c"."display" = \'Y\' GROUP BY "c"."diary_no", "j"."jcode", "c"."ent_dt", "n"."res_add", "c"."jud", "c"."usercode") "uwrp0" UNION SELECT * FROM (SELECT "j"."jcode", string_agg(concat(j.jname, \'[\', "j"."abbreviation", \']\'), \'\') as jname, "h"."diary_no", \'C\' AS notbef, "h"."ent_dt", "n"."res_add", CAST(h.coram AS int), "j"."judge_seniority", "h"."usercode" FROM "public"."heardt_a" "h" JOIN "master"."judge" "j" ON "j"."jcode" = ANY(string_to_array(CAST(h.coram AS VARCHAR), \',\')::int[]) > \'0\' LEFT JOIN "master"."not_before_reason" "n" ON "n"."res_id" = "h"."list_before_remark" WHERE "h"."diary_no" = \'1232023\' GROUP BY "h"."diary_no", "j"."jcode", "h"."ent_dt", "n"."res_add", "h"."coram", "h"."usercode") "uwrp1"  UNION SELECT * FROM (SELECT "j"."jcode", concat(j.jname, \'[\', "j"."abbreviation", \']\') as jname, "n"."diary_no", "n"."notbef", "n"."ent_dt", "nbs"."res_add", 0, "j"."judge_seniority", "n"."usercode" FROM "public"."not_before" "n" LEFT JOIN "master"."judge" "j" ON "j"."jcode" = "n"."j1" LEFT JOIN "master"."not_before_reason" "nbs" ON "n"."res_id" = "nbs"."res_id" WHERE "n"."diary_no" = \'1232023\' ORDER BY "j"."judge_seniority") "uwrp2") "a"
LEFT JOIN "master"."users" "u" ON "u"."usercode" = "a"."usercode"', [], false)
 6 APPPATH/Models/Filing/CoramModel.php(263): CodeIgniter\Database\BaseBuilder->get()
 7 APPPATH/Controllers/Filing/Coram.php(33): App\Models\Filing\CoramModel->coram_detail('1232023')
 8 SYSTEMPATH/CodeIgniter.php(925): App\Controllers\Filing\Coram->index()
 9 SYSTEMPATH/CodeIgniter.php(480): CodeIgniter\CodeIgniter->runController(Object(App\Controllers\Filing\Coram))
10 SYSTEMPATH/CodeIgniter.php(349): CodeIgniter\CodeIgniter->handleRequest(null, Object(Config\Cache), false)
11 FCPATH/index.php(67): CodeIgniter\CodeIgniter->run()
CRITICAL - 2024-03-16 10:17:41 --> Undefined array key 0
in APPPATH/Views/Coram/coram_query.php on line 52.
 1 APPPATH/Views/Coram/coram_query.php(52): CodeIgniter\Debug\Exceptions->errorHandler(2, 'Undefined array key 0', 'APPPATH/Views/Coram/coram_query.php', 52)
 2 SYSTEMPATH/View/View.php(213): include('APPPATH/Views/Coram/coram_query.php')
 3 SYSTEMPATH/View/View.php(216): CodeIgniter\View\View->CodeIgniter\View\{closure}()
 4 SYSTEMPATH/Common.php(1135): CodeIgniter\View\View->render('Coram/coram_query', [], true)
 5 APPPATH/Controllers/Coram/Coram_query.php(57): view('Coram/coram_query', [...])
 6 SYSTEMPATH/CodeIgniter.php(925): App\Controllers\Coram\Coram_query->index()
 7 SYSTEMPATH/CodeIgniter.php(480): CodeIgniter\CodeIgniter->runController(Object(App\Controllers\Coram\Coram_query))
 8 SYSTEMPATH/CodeIgniter.php(349): CodeIgniter\CodeIgniter->handleRequest(null, Object(Config\Cache), false)
 9 FCPATH/index.php(67): CodeIgniter\CodeIgniter->run()
ERROR - 2024-03-16 10:20:21 --> ErrorException: pg_query(): Query failed: ERROR:  invalid input syntax for type integer: &quot;266,283&quot; in /var/www/html/system/Database/Postgre/Connection.php:140
Stack trace:
#0 [internal function]: CodeIgniter\Debug\Exceptions->errorHandler(2, 'pg_query(): Que...', '/var/www/html/s...', 140)
#1 /var/www/html/system/Database/Postgre/Connection.php(140): pg_query(Object(PgSql\Connection), 'SELECT "a".*, "...')
#2 /var/www/html/system/Database/BaseConnection.php(666): CodeIgniter\Database\Postgre\Connection->execute('SELECT "a".*, "...')
#3 /var/www/html/system/Database/BaseConnection.php(593): CodeIgniter\Database\BaseConnection->simpleQuery('SELECT "a".*, "...')
#4 /var/www/html/system/Database/BaseBuilder.php(1585): CodeIgniter\Database\BaseConnection->query('SELECT "a".*, "...', Array, false)
#5 /var/www/html/app/Models/Filing/CoramModel.php(263): CodeIgniter\Database\BaseBuilder->get()
#6 /var/www/html/app/Controllers/Filing/Coram.php(67): App\Models\Filing\CoramModel->coram_detail('1232023')
#7 /var/www/html/system/CodeIgniter.php(925): App\Controllers\Filing\Coram->coram_add()
#8 /var/www/html/system/CodeIgniter.php(480): CodeIgniter\CodeIgniter->runController(Object(App\Controllers\Filing\Coram))
#9 /var/www/html/system/CodeIgniter.php(349): CodeIgniter\CodeIgniter->handleRequest(NULL, Object(Config\Cache), false)
#10 /var/www/html/public/index.php(67): CodeIgniter\CodeIgniter->run()
#11 {main}
CRITICAL - 2024-03-16 10:20:21 --> pg_query(): Query failed: ERROR:  invalid input syntax for type integer: &quot;266,283&quot;
in SYSTEMPATH/Database/Postgre/Connection.php on line 140.
 1 [internal function]: CodeIgniter\Debug\Exceptions->errorHandler(2, 'pg_query(): Query failed: ERROR:  invalid input syntax for type integer: &quot;266,283&quot;', 'SYSTEMPATH/Database/Postgre/Connection.php', 140)
 2 SYSTEMPATH/Database/Postgre/Connection.php(140): pg_query(Object(PgSql\Connection), 'SELECT "a".*, "u"."empid", "u"."name"
FROM (SELECT * FROM (SELECT "j"."jcode", string_agg(concat(j.jname, \'[\', "j"."abbreviation", \']\'), \'\') as jname, "c"."diary_no", \'C\' AS notbef, "c"."ent_dt", "n"."res_add", "c"."jud" as "coram", "j"."judge_seniority", "c"."usercode" FROM "public"."coram_a" "c" JOIN "master"."judge" "j" ON "j"."jcode" = ANY(string_to_array(CAST(c.jud AS VARCHAR), \',\')::int[]) > \'0\' LEFT JOIN "master"."not_before_reason" "n" ON "n"."res_id" = "c"."res_id" WHERE "c"."diary_no" = \'1232023\' AND "c"."to_dt" IS NULL AND "c"."display" = \'Y\' GROUP BY "c"."diary_no", "j"."jcode", "c"."ent_dt", "n"."res_add", "c"."jud", "c"."usercode") "uwrp0" UNION SELECT * FROM (SELECT "j"."jcode", string_agg(concat(j.jname, \'[\', "j"."abbreviation", \']\'), \'\') as jname, "h"."diary_no", \'C\' AS notbef, "h"."ent_dt", "n"."res_add", CAST(h.coram AS int), "j"."judge_seniority", "h"."usercode" FROM "public"."heardt_a" "h" JOIN "master"."judge" "j" ON "j"."jcode" = ANY(string_to_array(CAST(h.coram AS VARCHAR), \',\')::int[]) > \'0\' LEFT JOIN "master"."not_before_reason" "n" ON "n"."res_id" = "h"."list_before_remark" WHERE "h"."diary_no" = \'1232023\' GROUP BY "h"."diary_no", "j"."jcode", "h"."ent_dt", "n"."res_add", "h"."coram", "h"."usercode") "uwrp1"  UNION SELECT * FROM (SELECT "j"."jcode", concat(j.jname, \'[\', "j"."abbreviation", \']\') as jname, "n"."diary_no", "n"."notbef", "n"."ent_dt", "nbs"."res_add", 0, "j"."judge_seniority", "n"."usercode" FROM "public"."not_before" "n" LEFT JOIN "master"."judge" "j" ON "j"."jcode" = "n"."j1" LEFT JOIN "master"."not_before_reason" "nbs" ON "n"."res_id" = "nbs"."res_id" WHERE "n"."diary_no" = \'1232023\' ORDER BY "j"."judge_seniority") "uwrp2") "a"
LEFT JOIN "master"."users" "u" ON "u"."usercode" = "a"."usercode"')
 3 SYSTEMPATH/Database/BaseConnection.php(666): CodeIgniter\Database\Postgre\Connection->execute('SELECT "a".*, "u"."empid", "u"."name"
FROM (SELECT * FROM (SELECT "j"."jcode", string_agg(concat(j.jname, \'[\', "j"."abbreviation", \']\'), \'\') as jname, "c"."diary_no", \'C\' AS notbef, "c"."ent_dt", "n"."res_add", "c"."jud" as "coram", "j"."judge_seniority", "c"."usercode" FROM "public"."coram_a" "c" JOIN "master"."judge" "j" ON "j"."jcode" = ANY(string_to_array(CAST(c.jud AS VARCHAR), \',\')::int[]) > \'0\' LEFT JOIN "master"."not_before_reason" "n" ON "n"."res_id" = "c"."res_id" WHERE "c"."diary_no" = \'1232023\' AND "c"."to_dt" IS NULL AND "c"."display" = \'Y\' GROUP BY "c"."diary_no", "j"."jcode", "c"."ent_dt", "n"."res_add", "c"."jud", "c"."usercode") "uwrp0" UNION SELECT * FROM (SELECT "j"."jcode", string_agg(concat(j.jname, \'[\', "j"."abbreviation", \']\'), \'\') as jname, "h"."diary_no", \'C\' AS notbef, "h"."ent_dt", "n"."res_add", CAST(h.coram AS int), "j"."judge_seniority", "h"."usercode" FROM "public"."heardt_a" "h" JOIN "master"."judge" "j" ON "j"."jcode" = ANY(string_to_array(CAST(h.coram AS VARCHAR), \',\')::int[]) > \'0\' LEFT JOIN "master"."not_before_reason" "n" ON "n"."res_id" = "h"."list_before_remark" WHERE "h"."diary_no" = \'1232023\' GROUP BY "h"."diary_no", "j"."jcode", "h"."ent_dt", "n"."res_add", "h"."coram", "h"."usercode") "uwrp1"  UNION SELECT * FROM (SELECT "j"."jcode", concat(j.jname, \'[\', "j"."abbreviation", \']\') as jname, "n"."diary_no", "n"."notbef", "n"."ent_dt", "nbs"."res_add", 0, "j"."judge_seniority", "n"."usercode" FROM "public"."not_before" "n" LEFT JOIN "master"."judge" "j" ON "j"."jcode" = "n"."j1" LEFT JOIN "master"."not_before_reason" "nbs" ON "n"."res_id" = "nbs"."res_id" WHERE "n"."diary_no" = \'1232023\' ORDER BY "j"."judge_seniority") "uwrp2") "a"
LEFT JOIN "master"."users" "u" ON "u"."usercode" = "a"."usercode"')
 4 SYSTEMPATH/Database/BaseConnection.php(593): CodeIgniter\Database\BaseConnection->simpleQuery('SELECT "a".*, "u"."empid", "u"."name"
FROM (SELECT * FROM (SELECT "j"."jcode", string_agg(concat(j.jname, \'[\', "j"."abbreviation", \']\'), \'\') as jname, "c"."diary_no", \'C\' AS notbef, "c"."ent_dt", "n"."res_add", "c"."jud" as "coram", "j"."judge_seniority", "c"."usercode" FROM "public"."coram_a" "c" JOIN "master"."judge" "j" ON "j"."jcode" = ANY(string_to_array(CAST(c.jud AS VARCHAR), \',\')::int[]) > \'0\' LEFT JOIN "master"."not_before_reason" "n" ON "n"."res_id" = "c"."res_id" WHERE "c"."diary_no" = \'1232023\' AND "c"."to_dt" IS NULL AND "c"."display" = \'Y\' GROUP BY "c"."diary_no", "j"."jcode", "c"."ent_dt", "n"."res_add", "c"."jud", "c"."usercode") "uwrp0" UNION SELECT * FROM (SELECT "j"."jcode", string_agg(concat(j.jname, \'[\', "j"."abbreviation", \']\'), \'\') as jname, "h"."diary_no", \'C\' AS notbef, "h"."ent_dt", "n"."res_add", CAST(h.coram AS int), "j"."judge_seniority", "h"."usercode" FROM "public"."heardt_a" "h" JOIN "master"."judge" "j" ON "j"."jcode" = ANY(string_to_array(CAST(h.coram AS VARCHAR), \',\')::int[]) > \'0\' LEFT JOIN "master"."not_before_reason" "n" ON "n"."res_id" = "h"."list_before_remark" WHERE "h"."diary_no" = \'1232023\' GROUP BY "h"."diary_no", "j"."jcode", "h"."ent_dt", "n"."res_add", "h"."coram", "h"."usercode") "uwrp1"  UNION SELECT * FROM (SELECT "j"."jcode", concat(j.jname, \'[\', "j"."abbreviation", \']\') as jname, "n"."diary_no", "n"."notbef", "n"."ent_dt", "nbs"."res_add", 0, "j"."judge_seniority", "n"."usercode" FROM "public"."not_before" "n" LEFT JOIN "master"."judge" "j" ON "j"."jcode" = "n"."j1" LEFT JOIN "master"."not_before_reason" "nbs" ON "n"."res_id" = "nbs"."res_id" WHERE "n"."diary_no" = \'1232023\' ORDER BY "j"."judge_seniority") "uwrp2") "a"
LEFT JOIN "master"."users" "u" ON "u"."usercode" = "a"."usercode"')
 5 SYSTEMPATH/Database/BaseBuilder.php(1585): CodeIgniter\Database\BaseConnection->query('SELECT "a".*, "u"."empid", "u"."name"
FROM (SELECT * FROM (SELECT "j"."jcode", string_agg(concat(j.jname, \'[\', "j"."abbreviation", \']\'), \'\') as jname, "c"."diary_no", \'C\' AS notbef, "c"."ent_dt", "n"."res_add", "c"."jud" as "coram", "j"."judge_seniority", "c"."usercode" FROM "public"."coram_a" "c" JOIN "master"."judge" "j" ON "j"."jcode" = ANY(string_to_array(CAST(c.jud AS VARCHAR), \',\')::int[]) > \'0\' LEFT JOIN "master"."not_before_reason" "n" ON "n"."res_id" = "c"."res_id" WHERE "c"."diary_no" = \'1232023\' AND "c"."to_dt" IS NULL AND "c"."display" = \'Y\' GROUP BY "c"."diary_no", "j"."jcode", "c"."ent_dt", "n"."res_add", "c"."jud", "c"."usercode") "uwrp0" UNION SELECT * FROM (SELECT "j"."jcode", string_agg(concat(j.jname, \'[\', "j"."abbreviation", \']\'), \'\') as jname, "h"."diary_no", \'C\' AS notbef, "h"."ent_dt", "n"."res_add", CAST(h.coram AS int), "j"."judge_seniority", "h"."usercode" FROM "public"."heardt_a" "h" JOIN "master"."judge" "j" ON "j"."jcode" = ANY(string_to_array(CAST(h.coram AS VARCHAR), \',\')::int[]) > \'0\' LEFT JOIN "master"."not_before_reason" "n" ON "n"."res_id" = "h"."list_before_remark" WHERE "h"."diary_no" = \'1232023\' GROUP BY "h"."diary_no", "j"."jcode", "h"."ent_dt", "n"."res_add", "h"."coram", "h"."usercode") "uwrp1"  UNION SELECT * FROM (SELECT "j"."jcode", concat(j.jname, \'[\', "j"."abbreviation", \']\') as jname, "n"."diary_no", "n"."notbef", "n"."ent_dt", "nbs"."res_add", 0, "j"."judge_seniority", "n"."usercode" FROM "public"."not_before" "n" LEFT JOIN "master"."judge" "j" ON "j"."jcode" = "n"."j1" LEFT JOIN "master"."not_before_reason" "nbs" ON "n"."res_id" = "nbs"."res_id" WHERE "n"."diary_no" = \'1232023\' ORDER BY "j"."judge_seniority") "uwrp2") "a"
LEFT JOIN "master"."users" "u" ON "u"."usercode" = "a"."usercode"', [], false)
 6 APPPATH/Models/Filing/CoramModel.php(263): CodeIgniter\Database\BaseBuilder->get()
 7 APPPATH/Controllers/Filing/Coram.php(67): App\Models\Filing\CoramModel->coram_detail('1232023')
 8 SYSTEMPATH/CodeIgniter.php(925): App\Controllers\Filing\Coram->coram_add()
 9 SYSTEMPATH/CodeIgniter.php(480): CodeIgniter\CodeIgniter->runController(Object(App\Controllers\Filing\Coram))
10 SYSTEMPATH/CodeIgniter.php(349): CodeIgniter\CodeIgniter->handleRequest(null, Object(Config\Cache), false)
11 FCPATH/index.php(67): CodeIgniter\CodeIgniter->run()
ERROR - 2024-03-16 10:21:26 --> ErrorException: pg_query(): Query failed: ERROR:  invalid input syntax for type integer: &quot;266,283&quot; in /var/www/html/system/Database/Postgre/Connection.php:140
Stack trace:
#0 [internal function]: CodeIgniter\Debug\Exceptions->errorHandler(2, 'pg_query(): Que...', '/var/www/html/s...', 140)
#1 /var/www/html/system/Database/Postgre/Connection.php(140): pg_query(Object(PgSql\Connection), 'SELECT "a".*, "...')
#2 /var/www/html/system/Database/BaseConnection.php(666): CodeIgniter\Database\Postgre\Connection->execute('SELECT "a".*, "...')
#3 /var/www/html/system/Database/BaseConnection.php(593): CodeIgniter\Database\BaseConnection->simpleQuery('SELECT "a".*, "...')
#4 /var/www/html/system/Database/BaseBuilder.php(1585): CodeIgniter\Database\BaseConnection->query('SELECT "a".*, "...', Array, false)
#5 /var/www/html/app/Models/Filing/CoramModel.php(263): CodeIgniter\Database\BaseBuilder->get()
#6 /var/www/html/app/Controllers/Filing/Coram.php(33): App\Models\Filing\CoramModel->coram_detail('1232023')
#7 /var/www/html/system/CodeIgniter.php(925): App\Controllers\Filing\Coram->index()
#8 /var/www/html/system/CodeIgniter.php(480): CodeIgniter\CodeIgniter->runController(Object(App\Controllers\Filing\Coram))
#9 /var/www/html/system/CodeIgniter.php(349): CodeIgniter\CodeIgniter->handleRequest(NULL, Object(Config\Cache), false)
#10 /var/www/html/public/index.php(67): CodeIgniter\CodeIgniter->run()
#11 {main}
CRITICAL - 2024-03-16 10:21:26 --> pg_query(): Query failed: ERROR:  invalid input syntax for type integer: &quot;266,283&quot;
in SYSTEMPATH/Database/Postgre/Connection.php on line 140.
 1 [internal function]: CodeIgniter\Debug\Exceptions->errorHandler(2, 'pg_query(): Query failed: ERROR:  invalid input syntax for type integer: &quot;266,283&quot;', 'SYSTEMPATH/Database/Postgre/Connection.php', 140)
 2 SYSTEMPATH/Database/Postgre/Connection.php(140): pg_query(Object(PgSql\Connection), 'SELECT "a".*, "u"."empid", "u"."name"
FROM (SELECT * FROM (SELECT "j"."jcode", string_agg(concat(j.jname, \'[\', "j"."abbreviation", \']\'), \'\') as jname, "c"."diary_no", \'C\' AS notbef, "c"."ent_dt", "n"."res_add", "c"."jud" as "coram", "j"."judge_seniority", "c"."usercode" FROM "public"."coram_a" "c" JOIN "master"."judge" "j" ON "j"."jcode" = ANY(string_to_array(CAST(c.jud AS VARCHAR), \',\')::int[]) > \'0\' LEFT JOIN "master"."not_before_reason" "n" ON "n"."res_id" = "c"."res_id" WHERE "c"."diary_no" = \'1232023\' AND "c"."to_dt" IS NULL AND "c"."display" = \'Y\' GROUP BY "c"."diary_no", "j"."jcode", "c"."ent_dt", "n"."res_add", "c"."jud", "c"."usercode") "uwrp0" UNION SELECT * FROM (SELECT "j"."jcode", string_agg(concat(j.jname, \'[\', "j"."abbreviation", \']\'), \'\') as jname, "h"."diary_no", \'C\' AS notbef, "h"."ent_dt", "n"."res_add", CAST(h.coram AS int), "j"."judge_seniority", "h"."usercode" FROM "public"."heardt_a" "h" JOIN "master"."judge" "j" ON "j"."jcode" = ANY(string_to_array(CAST(h.coram AS VARCHAR), \',\')::int[]) > \'0\' LEFT JOIN "master"."not_before_reason" "n" ON "n"."res_id" = "h"."list_before_remark" WHERE "h"."diary_no" = \'1232023\' GROUP BY "h"."diary_no", "j"."jcode", "h"."ent_dt", "n"."res_add", "h"."coram", "h"."usercode") "uwrp1"  UNION SELECT * FROM (SELECT "j"."jcode", concat(j.jname, \'[\', "j"."abbreviation", \']\') as jname, "n"."diary_no", "n"."notbef", "n"."ent_dt", "nbs"."res_add", 0, "j"."judge_seniority", "n"."usercode" FROM "public"."not_before" "n" LEFT JOIN "master"."judge" "j" ON "j"."jcode" = "n"."j1" LEFT JOIN "master"."not_before_reason" "nbs" ON "n"."res_id" = "nbs"."res_id" WHERE "n"."diary_no" = \'1232023\' ORDER BY "j"."judge_seniority") "uwrp2") "a"
LEFT JOIN "master"."users" "u" ON "u"."usercode" = "a"."usercode"')
 3 SYSTEMPATH/Database/BaseConnection.php(666): CodeIgniter\Database\Postgre\Connection->execute('SELECT "a".*, "u"."empid", "u"."name"
FROM (SELECT * FROM (SELECT "j"."jcode", string_agg(concat(j.jname, \'[\', "j"."abbreviation", \']\'), \'\') as jname, "c"."diary_no", \'C\' AS notbef, "c"."ent_dt", "n"."res_add", "c"."jud" as "coram", "j"."judge_seniority", "c"."usercode" FROM "public"."coram_a" "c" JOIN "master"."judge" "j" ON "j"."jcode" = ANY(string_to_array(CAST(c.jud AS VARCHAR), \',\')::int[]) > \'0\' LEFT JOIN "master"."not_before_reason" "n" ON "n"."res_id" = "c"."res_id" WHERE "c"."diary_no" = \'1232023\' AND "c"."to_dt" IS NULL AND "c"."display" = \'Y\' GROUP BY "c"."diary_no", "j"."jcode", "c"."ent_dt", "n"."res_add", "c"."jud", "c"."usercode") "uwrp0" UNION SELECT * FROM (SELECT "j"."jcode", string_agg(concat(j.jname, \'[\', "j"."abbreviation", \']\'), \'\') as jname, "h"."diary_no", \'C\' AS notbef, "h"."ent_dt", "n"."res_add", CAST(h.coram AS int), "j"."judge_seniority", "h"."usercode" FROM "public"."heardt_a" "h" JOIN "master"."judge" "j" ON "j"."jcode" = ANY(string_to_array(CAST(h.coram AS VARCHAR), \',\')::int[]) > \'0\' LEFT JOIN "master"."not_before_reason" "n" ON "n"."res_id" = "h"."list_before_remark" WHERE "h"."diary_no" = \'1232023\' GROUP BY "h"."diary_no", "j"."jcode", "h"."ent_dt", "n"."res_add", "h"."coram", "h"."usercode") "uwrp1"  UNION SELECT * FROM (SELECT "j"."jcode", concat(j.jname, \'[\', "j"."abbreviation", \']\') as jname, "n"."diary_no", "n"."notbef", "n"."ent_dt", "nbs"."res_add", 0, "j"."judge_seniority", "n"."usercode" FROM "public"."not_before" "n" LEFT JOIN "master"."judge" "j" ON "j"."jcode" = "n"."j1" LEFT JOIN "master"."not_before_reason" "nbs" ON "n"."res_id" = "nbs"."res_id" WHERE "n"."diary_no" = \'1232023\' ORDER BY "j"."judge_seniority") "uwrp2") "a"
LEFT JOIN "master"."users" "u" ON "u"."usercode" = "a"."usercode"')
 4 SYSTEMPATH/Database/BaseConnection.php(593): CodeIgniter\Database\BaseConnection->simpleQuery('SELECT "a".*, "u"."empid", "u"."name"
FROM (SELECT * FROM (SELECT "j"."jcode", string_agg(concat(j.jname, \'[\', "j"."abbreviation", \']\'), \'\') as jname, "c"."diary_no", \'C\' AS notbef, "c"."ent_dt", "n"."res_add", "c"."jud" as "coram", "j"."judge_seniority", "c"."usercode" FROM "public"."coram_a" "c" JOIN "master"."judge" "j" ON "j"."jcode" = ANY(string_to_array(CAST(c.jud AS VARCHAR), \',\')::int[]) > \'0\' LEFT JOIN "master"."not_before_reason" "n" ON "n"."res_id" = "c"."res_id" WHERE "c"."diary_no" = \'1232023\' AND "c"."to_dt" IS NULL AND "c"."display" = \'Y\' GROUP BY "c"."diary_no", "j"."jcode", "c"."ent_dt", "n"."res_add", "c"."jud", "c"."usercode") "uwrp0" UNION SELECT * FROM (SELECT "j"."jcode", string_agg(concat(j.jname, \'[\', "j"."abbreviation", \']\'), \'\') as jname, "h"."diary_no", \'C\' AS notbef, "h"."ent_dt", "n"."res_add", CAST(h.coram AS int), "j"."judge_seniority", "h"."usercode" FROM "public"."heardt_a" "h" JOIN "master"."judge" "j" ON "j"."jcode" = ANY(string_to_array(CAST(h.coram AS VARCHAR), \',\')::int[]) > \'0\' LEFT JOIN "master"."not_before_reason" "n" ON "n"."res_id" = "h"."list_before_remark" WHERE "h"."diary_no" = \'1232023\' GROUP BY "h"."diary_no", "j"."jcode", "h"."ent_dt", "n"."res_add", "h"."coram", "h"."usercode") "uwrp1"  UNION SELECT * FROM (SELECT "j"."jcode", concat(j.jname, \'[\', "j"."abbreviation", \']\') as jname, "n"."diary_no", "n"."notbef", "n"."ent_dt", "nbs"."res_add", 0, "j"."judge_seniority", "n"."usercode" FROM "public"."not_before" "n" LEFT JOIN "master"."judge" "j" ON "j"."jcode" = "n"."j1" LEFT JOIN "master"."not_before_reason" "nbs" ON "n"."res_id" = "nbs"."res_id" WHERE "n"."diary_no" = \'1232023\' ORDER BY "j"."judge_seniority") "uwrp2") "a"
LEFT JOIN "master"."users" "u" ON "u"."usercode" = "a"."usercode"')
 5 SYSTEMPATH/Database/BaseBuilder.php(1585): CodeIgniter\Database\BaseConnection->query('SELECT "a".*, "u"."empid", "u"."name"
FROM (SELECT * FROM (SELECT "j"."jcode", string_agg(concat(j.jname, \'[\', "j"."abbreviation", \']\'), \'\') as jname, "c"."diary_no", \'C\' AS notbef, "c"."ent_dt", "n"."res_add", "c"."jud" as "coram", "j"."judge_seniority", "c"."usercode" FROM "public"."coram_a" "c" JOIN "master"."judge" "j" ON "j"."jcode" = ANY(string_to_array(CAST(c.jud AS VARCHAR), \',\')::int[]) > \'0\' LEFT JOIN "master"."not_before_reason" "n" ON "n"."res_id" = "c"."res_id" WHERE "c"."diary_no" = \'1232023\' AND "c"."to_dt" IS NULL AND "c"."display" = \'Y\' GROUP BY "c"."diary_no", "j"."jcode", "c"."ent_dt", "n"."res_add", "c"."jud", "c"."usercode") "uwrp0" UNION SELECT * FROM (SELECT "j"."jcode", string_agg(concat(j.jname, \'[\', "j"."abbreviation", \']\'), \'\') as jname, "h"."diary_no", \'C\' AS notbef, "h"."ent_dt", "n"."res_add", CAST(h.coram AS int), "j"."judge_seniority", "h"."usercode" FROM "public"."heardt_a" "h" JOIN "master"."judge" "j" ON "j"."jcode" = ANY(string_to_array(CAST(h.coram AS VARCHAR), \',\')::int[]) > \'0\' LEFT JOIN "master"."not_before_reason" "n" ON "n"."res_id" = "h"."list_before_remark" WHERE "h"."diary_no" = \'1232023\' GROUP BY "h"."diary_no", "j"."jcode", "h"."ent_dt", "n"."res_add", "h"."coram", "h"."usercode") "uwrp1"  UNION SELECT * FROM (SELECT "j"."jcode", concat(j.jname, \'[\', "j"."abbreviation", \']\') as jname, "n"."diary_no", "n"."notbef", "n"."ent_dt", "nbs"."res_add", 0, "j"."judge_seniority", "n"."usercode" FROM "public"."not_before" "n" LEFT JOIN "master"."judge" "j" ON "j"."jcode" = "n"."j1" LEFT JOIN "master"."not_before_reason" "nbs" ON "n"."res_id" = "nbs"."res_id" WHERE "n"."diary_no" = \'1232023\' ORDER BY "j"."judge_seniority") "uwrp2") "a"
LEFT JOIN "master"."users" "u" ON "u"."usercode" = "a"."usercode"', [], false)
 6 APPPATH/Models/Filing/CoramModel.php(263): CodeIgniter\Database\BaseBuilder->get()
 7 APPPATH/Controllers/Filing/Coram.php(33): App\Models\Filing\CoramModel->coram_detail('1232023')
 8 SYSTEMPATH/CodeIgniter.php(925): App\Controllers\Filing\Coram->index()
 9 SYSTEMPATH/CodeIgniter.php(480): CodeIgniter\CodeIgniter->runController(Object(App\Controllers\Filing\Coram))
10 SYSTEMPATH/CodeIgniter.php(349): CodeIgniter\CodeIgniter->handleRequest(null, Object(Config\Cache), false)
11 FCPATH/index.php(67): CodeIgniter\CodeIgniter->run()
CRITICAL - 2024-03-16 10:24:08 --> substr_replace(): Passing null to parameter #1 ($string) of type array|string is deprecated
in APPPATH/Controllers/Coram/Retired_remove_coram.php on line 77.
 1 [internal function]: CodeIgniter\Debug\Exceptions->errorHandler(8192, 'substr_replace(): Passing null to parameter #1 ($string) of type array|string is deprecated', 'APPPATH/Controllers/Coram/Retired_remove_coram.php', 77)
 2 APPPATH/Controllers/Coram/Retired_remove_coram.php(77): substr_replace(null, '-', -4, 0)
 3 SYSTEMPATH/CodeIgniter.php(925): App\Controllers\Coram\Retired_remove_coram->remove_coram()
 4 SYSTEMPATH/CodeIgniter.php(480): CodeIgniter\CodeIgniter->runController(Object(App\Controllers\Coram\Retired_remove_coram))
 5 SYSTEMPATH/CodeIgniter.php(349): CodeIgniter\CodeIgniter->handleRequest(null, Object(Config\Cache), false)
 6 FCPATH/index.php(67): CodeIgniter\CodeIgniter->run()
CRITICAL - 2024-03-16 10:24:54 --> substr_replace(): Passing null to parameter #1 ($string) of type array|string is deprecated
in APPPATH/Controllers/Coram/Retired_remove_coram.php on line 77.
 1 [internal function]: CodeIgniter\Debug\Exceptions->errorHandler(8192, 'substr_replace(): Passing null to parameter #1 ($string) of type array|string is deprecated', 'APPPATH/Controllers/Coram/Retired_remove_coram.php', 77)
 2 APPPATH/Controllers/Coram/Retired_remove_coram.php(77): substr_replace(null, '-', -4, 0)
 3 SYSTEMPATH/CodeIgniter.php(925): App\Controllers\Coram\Retired_remove_coram->remove_coram()
 4 SYSTEMPATH/CodeIgniter.php(480): CodeIgniter\CodeIgniter->runController(Object(App\Controllers\Coram\Retired_remove_coram))
 5 SYSTEMPATH/CodeIgniter.php(349): CodeIgniter\CodeIgniter->handleRequest(null, Object(Config\Cache), false)
 6 FCPATH/index.php(67): CodeIgniter\CodeIgniter->run()
ERROR - 2024-03-16 10:25:06 --> ErrorException: pg_query(): Query failed: ERROR:  column &quot;address&quot; does not exist
LINE 1: SELECT &quot;aor_code&quot;, &quot;name&quot;, &quot;mobile&quot;, &quot;address&quot;
                                             ^
HINT:  Perhaps you meant to reference the column &quot;bar.paddress&quot; or the column &quot;bar.caddress&quot;. in /var/www/html/system/Database/Postgre/Connection.php:140
Stack trace:
#0 [internal function]: CodeIgniter\Debug\Exceptions->errorHandler(2, 'pg_query(): Que...', '/var/www/html/s...', 140)
#1 /var/www/html/system/Database/Postgre/Connection.php(140): pg_query(Object(PgSql\Connection), 'SELECT "aor_cod...')
#2 /var/www/html/system/Database/BaseConnection.php(666): CodeIgniter\Database\Postgre\Connection->execute('SELECT "aor_cod...')
#3 /var/www/html/system/Database/BaseConnection.php(593): CodeIgniter\Database\BaseConnection->simpleQuery('SELECT "aor_cod...')
#4 /var/www/html/system/Database/BaseBuilder.php(1585): CodeIgniter\Database\BaseConnection->query('SELECT "aor_cod...', Array, false)
#5 /var/www/html/app/Models/Record_room/Model_record.php(164): CodeIgniter\Database\BaseBuilder->get()
#6 /var/www/html/app/Controllers/Record_room/Record.php(242): App\Models\Record_room\Model_record->getAORDetails()
#7 /var/www/html/system/CodeIgniter.php(925): App\Controllers\Record_room\Record->aorDetails()
#8 /var/www/html/system/CodeIgniter.php(480): CodeIgniter\CodeIgniter->runController(Object(App\Controllers\Record_room\Record))
#9 /var/www/html/system/CodeIgniter.php(349): CodeIgniter\CodeIgniter->handleRequest(NULL, Object(Config\Cache), false)
#10 /var/www/html/public/index.php(67): CodeIgniter\CodeIgniter->run()
#11 {main}
CRITICAL - 2024-03-16 10:25:06 --> pg_query(): Query failed: ERROR:  column &quot;address&quot; does not exist
LINE 1: SELECT &quot;aor_code&quot;, &quot;name&quot;, &quot;mobile&quot;, &quot;address&quot;
                                             ^
HINT:  Perhaps you meant to reference the column &quot;bar.paddress&quot; or the column &quot;bar.caddress&quot;.
in SYSTEMPATH/Database/Postgre/Connection.php on line 140.
 1 [internal function]: CodeIgniter\Debug\Exceptions->errorHandler(2, 'pg_query(): Query failed: ERROR:  column &quot;address&quot; does not exist
LINE 1: SELECT &quot;aor_code&quot;, &quot;name&quot;, &quot;mobile&quot;, &quot;address&quot;
                                             ^
HINT:  Perhaps you meant to reference the column &quot;bar.paddress&quot; or the column &quot;bar.caddress&quot;.', 'SYSTEMPATH/Database/Postgre/Connection.php', 140)
 2 SYSTEMPATH/Database/Postgre/Connection.php(140): pg_query(Object(PgSql\Connection), 'SELECT "aor_code", "name", "mobile", "address"
FROM "master"."bar"
WHERE "isdead" = \'N\'
AND "if_aor" = \'Y\'
ORDER BY "aor_code"')
 3 SYSTEMPATH/Database/BaseConnection.php(666): CodeIgniter\Database\Postgre\Connection->execute('SELECT "aor_code", "name", "mobile", "address"
FROM "master"."bar"
WHERE "isdead" = \'N\'
AND "if_aor" = \'Y\'
ORDER BY "aor_code"')
 4 SYSTEMPATH/Database/BaseConnection.php(593): CodeIgniter\Database\BaseConnection->simpleQuery('SELECT "aor_code", "name", "mobile", "address"
FROM "master"."bar"
WHERE "isdead" = \'N\'
AND "if_aor" = \'Y\'
ORDER BY "aor_code"')
 5 SYSTEMPATH/Database/BaseBuilder.php(1585): CodeIgniter\Database\BaseConnection->query('SELECT "aor_code", "name", "mobile", "address"
FROM "master"."bar"
WHERE "isdead" = :isdead:
AND "if_aor" = :if_aor:
ORDER BY "aor_code"', [...], false)
 6 APPPATH/Models/Record_room/Model_record.php(164): CodeIgniter\Database\BaseBuilder->get()
 7 APPPATH/Controllers/Record_room/Record.php(242): App\Models\Record_room\Model_record->getAORDetails()
 8 SYSTEMPATH/CodeIgniter.php(925): App\Controllers\Record_room\Record->aorDetails()
 9 SYSTEMPATH/CodeIgniter.php(480): CodeIgniter\CodeIgniter->runController(Object(App\Controllers\Record_room\Record))
10 SYSTEMPATH/CodeIgniter.php(349): CodeIgniter\CodeIgniter->handleRequest(null, Object(Config\Cache), false)
11 FCPATH/index.php(67): CodeIgniter\CodeIgniter->run()
ERROR - 2024-03-16 10:29:44 --> ErrorException: pg_query(): Query failed: ERROR:  column &quot;address&quot; does not exist
LINE 1: SELECT &quot;aor_code&quot;, &quot;name&quot;, &quot;mobile&quot;, &quot;address&quot;
                                             ^
HINT:  Perhaps you meant to reference the column &quot;bar.paddress&quot; or the column &quot;bar.caddress&quot;. in /var/www/html/system/Database/Postgre/Connection.php:140
Stack trace:
#0 [internal function]: CodeIgniter\Debug\Exceptions->errorHandler(2, 'pg_query(): Que...', '/var/www/html/s...', 140)
#1 /var/www/html/system/Database/Postgre/Connection.php(140): pg_query(Object(PgSql\Connection), 'SELECT "aor_cod...')
#2 /var/www/html/system/Database/BaseConnection.php(666): CodeIgniter\Database\Postgre\Connection->execute('SELECT "aor_cod...')
#3 /var/www/html/system/Database/BaseConnection.php(593): CodeIgniter\Database\BaseConnection->simpleQuery('SELECT "aor_cod...')
#4 /var/www/html/system/Database/BaseBuilder.php(1585): CodeIgniter\Database\BaseConnection->query('SELECT "aor_cod...', Array, false)
#5 /var/www/html/app/Models/Record_room/Model_record.php(164): CodeIgniter\Database\BaseBuilder->get()
#6 /var/www/html/app/Controllers/Record_room/Record.php(242): App\Models\Record_room\Model_record->getAORDetails()
#7 /var/www/html/system/CodeIgniter.php(925): App\Controllers\Record_room\Record->aorDetails()
#8 /var/www/html/system/CodeIgniter.php(480): CodeIgniter\CodeIgniter->runController(Object(App\Controllers\Record_room\Record))
#9 /var/www/html/system/CodeIgniter.php(349): CodeIgniter\CodeIgniter->handleRequest(NULL, Object(Config\Cache), false)
#10 /var/www/html/public/index.php(67): CodeIgniter\CodeIgniter->run()
#11 {main}
CRITICAL - 2024-03-16 10:29:44 --> pg_query(): Query failed: ERROR:  column &quot;address&quot; does not exist
LINE 1: SELECT &quot;aor_code&quot;, &quot;name&quot;, &quot;mobile&quot;, &quot;address&quot;
                                             ^
HINT:  Perhaps you meant to reference the column &quot;bar.paddress&quot; or the column &quot;bar.caddress&quot;.
in SYSTEMPATH/Database/Postgre/Connection.php on line 140.
 1 [internal function]: CodeIgniter\Debug\Exceptions->errorHandler(2, 'pg_query(): Query failed: ERROR:  column &quot;address&quot; does not exist
LINE 1: SELECT &quot;aor_code&quot;, &quot;name&quot;, &quot;mobile&quot;, &quot;address&quot;
                                             ^
HINT:  Perhaps you meant to reference the column &quot;bar.paddress&quot; or the column &quot;bar.caddress&quot;.', 'SYSTEMPATH/Database/Postgre/Connection.php', 140)
 2 SYSTEMPATH/Database/Postgre/Connection.php(140): pg_query(Object(PgSql\Connection), 'SELECT "aor_code", "name", "mobile", "address"
FROM "master"."bar"
WHERE "isdead" = \'N\'
AND "if_aor" = \'Y\'
ORDER BY "aor_code"')
 3 SYSTEMPATH/Database/BaseConnection.php(666): CodeIgniter\Database\Postgre\Connection->execute('SELECT "aor_code", "name", "mobile", "address"
FROM "master"."bar"
WHERE "isdead" = \'N\'
AND "if_aor" = \'Y\'
ORDER BY "aor_code"')
 4 SYSTEMPATH/Database/BaseConnection.php(593): CodeIgniter\Database\BaseConnection->simpleQuery('SELECT "aor_code", "name", "mobile", "address"
FROM "master"."bar"
WHERE "isdead" = \'N\'
AND "if_aor" = \'Y\'
ORDER BY "aor_code"')
 5 SYSTEMPATH/Database/BaseBuilder.php(1585): CodeIgniter\Database\BaseConnection->query('SELECT "aor_code", "name", "mobile", "address"
FROM "master"."bar"
WHERE "isdead" = :isdead:
AND "if_aor" = :if_aor:
ORDER BY "aor_code"', [...], false)
 6 APPPATH/Models/Record_room/Model_record.php(164): CodeIgniter\Database\BaseBuilder->get()
 7 APPPATH/Controllers/Record_room/Record.php(242): App\Models\Record_room\Model_record->getAORDetails()
 8 SYSTEMPATH/CodeIgniter.php(925): App\Controllers\Record_room\Record->aorDetails()
 9 SYSTEMPATH/CodeIgniter.php(480): CodeIgniter\CodeIgniter->runController(Object(App\Controllers\Record_room\Record))
10 SYSTEMPATH/CodeIgniter.php(349): CodeIgniter\CodeIgniter->handleRequest(null, Object(Config\Cache), false)
11 FCPATH/index.php(67): CodeIgniter\CodeIgniter->run()
CRITICAL - 2024-03-16 00:31:27 --> The action you requested is not allowed.
in SYSTEMPATH/Security/Security.php on line 307.
 1 SYSTEMPATH/Security/Security.php(307): CodeIgniter\Security\Exceptions\SecurityException::forDisallowedAction()
 2 SYSTEMPATH/Filters/CSRF.php(55): CodeIgniter\Security\Security->verify(Object(CodeIgniter\HTTP\IncomingRequest))
 3 SYSTEMPATH/Filters/Filters.php(173): CodeIgniter\Filters\CSRF->before(Object(CodeIgniter\HTTP\IncomingRequest), null)
 4 SYSTEMPATH/CodeIgniter.php(453): CodeIgniter\Filters\Filters->run('Copying/Copying/application_status_update', 'before')
 5 SYSTEMPATH/CodeIgniter.php(349): CodeIgniter\CodeIgniter->handleRequest(null, Object(Config\Cache), false)
 6 FCPATH/index.php(67): CodeIgniter\CodeIgniter->run()
CRITICAL - 2024-03-16 11:45:04 --> file_get_contents(http://10.25.78.60/supreme_court/jud_ord_html_pdf/2017/5446/906732.pdf): Failed to open stream: HTTP request failed! HTTP/1.1 404 Not Found

in APPPATH/Controllers/Copying/Copying.php on line 70.
 1 [internal function]: CodeIgniter\Debug\Exceptions->errorHandler(2, 'file_get_contents(http://10.25.78.60/supreme_court/jud_ord_html_pdf/2017/5446/906732.pdf): Failed to open stream: HTTP request failed! HTTP/1.1 404 Not Found
', 'APPPATH/Controllers/Copying/Copying.php', 70)
 2 APPPATH/Controllers/Copying/Copying.php(70): file_get_contents('http://10.25.78.60/supreme_court/jud_ord_html_pdf/2017/5446/906732.pdf')
 3 SYSTEMPATH/CodeIgniter.php(925): App\Controllers\Copying\Copying->download_order()
 4 SYSTEMPATH/CodeIgniter.php(480): CodeIgniter\CodeIgniter->runController(Object(App\Controllers\Copying\Copying))
 5 SYSTEMPATH/CodeIgniter.php(349): CodeIgniter\CodeIgniter->handleRequest(null, Object(Config\Cache), false)
 6 FCPATH/index.php(67): CodeIgniter\CodeIgniter->run()
CRITICAL - 2024-03-16 11:55:33 --> in_array(): Argument #2 ($haystack) must be of type array, string given
in APPPATH/Views/Filing/filing_breadcrumb.php on line 36.
 1 APPPATH/Views/Filing/filing_breadcrumb.php(36): in_array('1', 'ROOTPATH/public')
 2 SYSTEMPATH/View/View.php(213): include('APPPATH/Views/Filing/filing_breadcrumb.php')
 3 SYSTEMPATH/View/View.php(216): CodeIgniter\View\View->CodeIgniter\View\{closure}()
 4 SYSTEMPATH/Common.php(1135): CodeIgniter\View\View->render('Filing/filing_breadcrumb', [], true)
 5 APPPATH/Views/Filing/diary_update.php(88): view('Filing/filing_breadcrumb')
 6 SYSTEMPATH/View/View.php(213): include('APPPATH/Views/Filing/diary_update.php')
 7 SYSTEMPATH/View/View.php(216): CodeIgniter\View\View->CodeIgniter\View\{closure}()
 8 SYSTEMPATH/Common.php(1135): CodeIgniter\View\View->render('Filing/diary_update', [], true)
 9 APPPATH/Controllers/Filing/Diary_modify.php(121): view('Filing/diary_update', [...])
10 SYSTEMPATH/CodeIgniter.php(925): App\Controllers\Filing\Diary_modify->index()
11 SYSTEMPATH/CodeIgniter.php(480): CodeIgniter\CodeIgniter->runController(Object(App\Controllers\Filing\Diary_modify))
12 SYSTEMPATH/CodeIgniter.php(349): CodeIgniter\CodeIgniter->handleRequest(null, Object(Config\Cache), false)
13 FCPATH/index.php(67): CodeIgniter\CodeIgniter->run()
CRITICAL - 2024-03-16 11:58:41 --> Call to undefined method App\Controllers\PIL\PilController::getPilGroup()
in APPPATH/Controllers/PIL/PilController.php on line 236.
 1 SYSTEMPATH/CodeIgniter.php(925): App\Controllers\PIL\PilController->reportPilGroup()
 2 SYSTEMPATH/CodeIgniter.php(480): CodeIgniter\CodeIgniter->runController(Object(App\Controllers\PIL\PilController))
 3 SYSTEMPATH/CodeIgniter.php(349): CodeIgniter\CodeIgniter->handleRequest(null, Object(Config\Cache), false)
 4 FCPATH/index.php(67): CodeIgniter\CodeIgniter->run()
ERROR - 2024-03-16 12:53:02 --> ErrorException: pg_query(): Query failed: ERROR:  relation &quot;e_services.bharat_kosh_request_batch&quot; does not exist
LINE 5: LEFT JOIN &quot;e_services&quot;.&quot;bharat_kosh_request_batch&quot; &quot;bh&quot; ON &quot;...
                  ^ in /var/www/html/system/Database/Postgre/Connection.php:140
Stack trace:
#0 [internal function]: CodeIgniter\Debug\Exceptions->errorHandler(2, 'pg_query(): Que...', '/var/www/html/s...', 140)
#1 /var/www/html/system/Database/Postgre/Connection.php(140): pg_query(Object(PgSql\Connection), 'SELECT "a"."id"...')
#2 /var/www/html/system/Database/BaseConnection.php(666): CodeIgniter\Database\Postgre\Connection->execute('SELECT "a"."id"...')
#3 /var/www/html/system/Database/BaseConnection.php(593): CodeIgniter\Database\BaseConnection->simpleQuery('SELECT "a"."id"...')
#4 /var/www/html/system/Database/BaseBuilder.php(1585): CodeIgniter\Database\BaseConnection->query('SELECT "a"."id"...', Array, false)
#5 /var/www/html/app/Models/Reports/Copying/ReportModel.php(215): CodeIgniter\Database\BaseBuilder->get()
#6 /var/www/html/app/Controllers/Reports/Copying/Report.php(119): App\Models\Reports\Copying\ReportModel->getEcopyStatus(Array)
#7 /var/www/html/system/CodeIgniter.php(925): App\Controllers\Reports\Copying\Report->ecopy_status_search()
#8 /var/www/html/system/CodeIgniter.php(480): CodeIgniter\CodeIgniter->runController(Object(App\Controllers\Reports\Copying\Report))
#9 /var/www/html/system/CodeIgniter.php(349): CodeIgniter\CodeIgniter->handleRequest(NULL, Object(Config\Cache), false)
#10 /var/www/html/public/index.php(67): CodeIgniter\CodeIgniter->run()
#11 {main}
CRITICAL - 2024-03-16 12:53:02 --> pg_query(): Query failed: ERROR:  relation &quot;e_services.bharat_kosh_request_batch&quot; does not exist
LINE 5: LEFT JOIN &quot;e_services&quot;.&quot;bharat_kosh_request_batch&quot; &quot;bh&quot; ON &quot;...
                  ^
in SYSTEMPATH/Database/Postgre/Connection.php on line 140.
 1 [internal function]: CodeIgniter\Debug\Exceptions->errorHandler(2, 'pg_query(): Query failed: ERROR:  relation &quot;e_services.bharat_kosh_request_batch&quot; does not exist
LINE 5: LEFT JOIN &quot;e_services&quot;.&quot;bharat_kosh_request_batch&quot; &quot;bh&quot; ON &quot;...
                  ^', 'SYSTEMPATH/Database/Postgre/Connection.php', 140)
 2 SYSTEMPATH/Database/Postgre/Connection.php(140): pg_query(Object(PgSql\Connection), 'SELECT "a"."id", "a"."description", "a"."code", COUNT(b.crn) AS total_appl, COALESCE(SUM(b.copying_fee_in_stamp), 0) AS copying_fee_in_stamp, COALESCE(SUM(b.copying_service_charges), 0) AS copying_service_charges, COALESCE(SUM(b.postage), 0) AS postage, SUM(CASE WHEN b.application_status NOT IN (\'F\', \'R\', \'D\', \'C\', \'W\') THEN 1 ELSE 0 END) AS pending, SUM(CASE WHEN b.application_status IN (\'F\', \'R\', \'D\', \'C\', \'W\') THEN 1 ELSE 0 END) AS disposed, SUM(CASE WHEN b.delivery_mode::integer = 1 THEN 1 ELSE 0 END) AS post_mode, SUM(CASE WHEN b.delivery_mode::integer = 2 THEN 1 ELSE 0 END) AS counter_mode
FROM "master"."copy_category" "a"
LEFT JOIN (SELECT "a"."crn", "a"."application_status", "a"."copy_category", "a"."delivery_mode", SUM(CASE WHEN bh.payment_type_id = 9527 THEN bh.amount ELSE 0 END) AS copying_fee_in_stamp, SUM(CASE WHEN bh.payment_type_id = 9528 THEN bh.amount ELSE 0 END) AS copying_service_charges, SUM(CASE WHEN bh.payment_type_id = 9525 THEN bh.amount ELSE 0 END) AS postage
FROM "copying_order_issuing_application_new" "a"
LEFT JOIN "e_services"."bharat_kosh_request_batch" "bh" ON "bh"."order_batch_merchant_batch_code" = "a"."crn"
WHERE "a"."source" = 6
AND DATE(a.application_receipt) >= \'2023-02-14\'
AND DATE(a.application_receipt) <= \'2023-02-14\'
GROUP BY "a"."crn", "a"."application_status", "a"."copy_category", "a"."delivery_mode") b ON CAST(b.copy_category AS INTEGER) = a.id
GROUP BY "a"."id", "a"."description", "a"."code"')
 3 SYSTEMPATH/Database/BaseConnection.php(666): CodeIgniter\Database\Postgre\Connection->execute('SELECT "a"."id", "a"."description", "a"."code", COUNT(b.crn) AS total_appl, COALESCE(SUM(b.copying_fee_in_stamp), 0) AS copying_fee_in_stamp, COALESCE(SUM(b.copying_service_charges), 0) AS copying_service_charges, COALESCE(SUM(b.postage), 0) AS postage, SUM(CASE WHEN b.application_status NOT IN (\'F\', \'R\', \'D\', \'C\', \'W\') THEN 1 ELSE 0 END) AS pending, SUM(CASE WHEN b.application_status IN (\'F\', \'R\', \'D\', \'C\', \'W\') THEN 1 ELSE 0 END) AS disposed, SUM(CASE WHEN b.delivery_mode::integer = 1 THEN 1 ELSE 0 END) AS post_mode, SUM(CASE WHEN b.delivery_mode::integer = 2 THEN 1 ELSE 0 END) AS counter_mode
FROM "master"."copy_category" "a"
LEFT JOIN (SELECT "a"."crn", "a"."application_status", "a"."copy_category", "a"."delivery_mode", SUM(CASE WHEN bh.payment_type_id = 9527 THEN bh.amount ELSE 0 END) AS copying_fee_in_stamp, SUM(CASE WHEN bh.payment_type_id = 9528 THEN bh.amount ELSE 0 END) AS copying_service_charges, SUM(CASE WHEN bh.payment_type_id = 9525 THEN bh.amount ELSE 0 END) AS postage
FROM "copying_order_issuing_application_new" "a"
LEFT JOIN "e_services"."bharat_kosh_request_batch" "bh" ON "bh"."order_batch_merchant_batch_code" = "a"."crn"
WHERE "a"."source" = 6
AND DATE(a.application_receipt) >= \'2023-02-14\'
AND DATE(a.application_receipt) <= \'2023-02-14\'
GROUP BY "a"."crn", "a"."application_status", "a"."copy_category", "a"."delivery_mode") b ON CAST(b.copy_category AS INTEGER) = a.id
GROUP BY "a"."id", "a"."description", "a"."code"')
 4 SYSTEMPATH/Database/BaseConnection.php(593): CodeIgniter\Database\BaseConnection->simpleQuery('SELECT "a"."id", "a"."description", "a"."code", COUNT(b.crn) AS total_appl, COALESCE(SUM(b.copying_fee_in_stamp), 0) AS copying_fee_in_stamp, COALESCE(SUM(b.copying_service_charges), 0) AS copying_service_charges, COALESCE(SUM(b.postage), 0) AS postage, SUM(CASE WHEN b.application_status NOT IN (\'F\', \'R\', \'D\', \'C\', \'W\') THEN 1 ELSE 0 END) AS pending, SUM(CASE WHEN b.application_status IN (\'F\', \'R\', \'D\', \'C\', \'W\') THEN 1 ELSE 0 END) AS disposed, SUM(CASE WHEN b.delivery_mode::integer = 1 THEN 1 ELSE 0 END) AS post_mode, SUM(CASE WHEN b.delivery_mode::integer = 2 THEN 1 ELSE 0 END) AS counter_mode
FROM "master"."copy_category" "a"
LEFT JOIN (SELECT "a"."crn", "a"."application_status", "a"."copy_category", "a"."delivery_mode", SUM(CASE WHEN bh.payment_type_id = 9527 THEN bh.amount ELSE 0 END) AS copying_fee_in_stamp, SUM(CASE WHEN bh.payment_type_id = 9528 THEN bh.amount ELSE 0 END) AS copying_service_charges, SUM(CASE WHEN bh.payment_type_id = 9525 THEN bh.amount ELSE 0 END) AS postage
FROM "copying_order_issuing_application_new" "a"
LEFT JOIN "e_services"."bharat_kosh_request_batch" "bh" ON "bh"."order_batch_merchant_batch_code" = "a"."crn"
WHERE "a"."source" = 6
AND DATE(a.application_receipt) >= \'2023-02-14\'
AND DATE(a.application_receipt) <= \'2023-02-14\'
GROUP BY "a"."crn", "a"."application_status", "a"."copy_category", "a"."delivery_mode") b ON CAST(b.copy_category AS INTEGER) = a.id
GROUP BY "a"."id", "a"."description", "a"."code"')
 5 SYSTEMPATH/Database/BaseBuilder.php(1585): CodeIgniter\Database\BaseConnection->query('SELECT "a"."id", "a"."description", "a"."code", COUNT(b.crn) AS total_appl, COALESCE(SUM(b.copying_fee_in_stamp), 0) AS copying_fee_in_stamp, COALESCE(SUM(b.copying_service_charges), 0) AS copying_service_charges, COALESCE(SUM(b.postage), 0) AS postage, SUM(CASE WHEN b.application_status NOT IN (\'F\', \'R\', \'D\', \'C\', \'W\') THEN 1 ELSE 0 END) AS pending, SUM(CASE WHEN b.application_status IN (\'F\', \'R\', \'D\', \'C\', \'W\') THEN 1 ELSE 0 END) AS disposed, SUM(CASE WHEN b.delivery_mode::integer = 1 THEN 1 ELSE 0 END) AS post_mode, SUM(CASE WHEN b.delivery_mode::integer = 2 THEN 1 ELSE 0 END) AS counter_mode
FROM "master"."copy_category" "a"
LEFT JOIN (SELECT "a"."crn", "a"."application_status", "a"."copy_category", "a"."delivery_mode", SUM(CASE WHEN bh.payment_type_id = 9527 THEN bh.amount ELSE 0 END) AS copying_fee_in_stamp, SUM(CASE WHEN bh.payment_type_id = 9528 THEN bh.amount ELSE 0 END) AS copying_service_charges, SUM(CASE WHEN bh.payment_type_id = 9525 THEN bh.amount ELSE 0 END) AS postage
FROM "copying_order_issuing_application_new" "a"
LEFT JOIN "e_services"."bharat_kosh_request_batch" "bh" ON "bh"."order_batch_merchant_batch_code" = "a"."crn"
WHERE "a"."source" = 6
AND DATE(a.application_receipt) >= \'2023-02-14\'
AND DATE(a.application_receipt) <= \'2023-02-14\'
GROUP BY "a"."crn", "a"."application_status", "a"."copy_category", "a"."delivery_mode") b ON CAST(b.copy_category AS INTEGER) = a.id
GROUP BY "a"."id", "a"."description", "a"."code"', [], false)
 6 APPPATH/Models/Reports/Copying/ReportModel.php(215): CodeIgniter\Database\BaseBuilder->get()
 7 APPPATH/Controllers/Reports/Copying/Report.php(119): App\Models\Reports\Copying\ReportModel->getEcopyStatus([...])
 8 SYSTEMPATH/CodeIgniter.php(925): App\Controllers\Reports\Copying\Report->ecopy_status_search()
 9 SYSTEMPATH/CodeIgniter.php(480): CodeIgniter\CodeIgniter->runController(Object(App\Controllers\Reports\Copying\Report))
10 SYSTEMPATH/CodeIgniter.php(349): CodeIgniter\CodeIgniter->handleRequest(null, Object(Config\Cache), false)
11 FCPATH/index.php(67): CodeIgniter\CodeIgniter->run()
ERROR - 2024-03-16 12:54:26 --> ErrorException: pg_query(): Query failed: ERROR:  relation &quot;e_services.bharat_kosh_request_batch&quot; does not exist
LINE 5: LEFT JOIN &quot;e_services&quot;.&quot;bharat_kosh_request_batch&quot; &quot;bh&quot; ON &quot;...
                  ^ in /var/www/html/system/Database/Postgre/Connection.php:140
Stack trace:
#0 [internal function]: CodeIgniter\Debug\Exceptions->errorHandler(2, 'pg_query(): Que...', '/var/www/html/s...', 140)
#1 /var/www/html/system/Database/Postgre/Connection.php(140): pg_query(Object(PgSql\Connection), 'SELECT "a"."id"...')
#2 /var/www/html/system/Database/BaseConnection.php(666): CodeIgniter\Database\Postgre\Connection->execute('SELECT "a"."id"...')
#3 /var/www/html/system/Database/BaseConnection.php(593): CodeIgniter\Database\BaseConnection->simpleQuery('SELECT "a"."id"...')
#4 /var/www/html/system/Database/BaseBuilder.php(1585): CodeIgniter\Database\BaseConnection->query('SELECT "a"."id"...', Array, false)
#5 /var/www/html/app/Models/Reports/Copying/ReportModel.php(215): CodeIgniter\Database\BaseBuilder->get()
#6 /var/www/html/app/Controllers/Reports/Copying/Report.php(119): App\Models\Reports\Copying\ReportModel->getEcopyStatus(Array)
#7 /var/www/html/system/CodeIgniter.php(925): App\Controllers\Reports\Copying\Report->ecopy_status_search()
#8 /var/www/html/system/CodeIgniter.php(480): CodeIgniter\CodeIgniter->runController(Object(App\Controllers\Reports\Copying\Report))
#9 /var/www/html/system/CodeIgniter.php(349): CodeIgniter\CodeIgniter->handleRequest(NULL, Object(Config\Cache), false)
#10 /var/www/html/public/index.php(67): CodeIgniter\CodeIgniter->run()
#11 {main}
CRITICAL - 2024-03-16 12:54:26 --> pg_query(): Query failed: ERROR:  relation &quot;e_services.bharat_kosh_request_batch&quot; does not exist
LINE 5: LEFT JOIN &quot;e_services&quot;.&quot;bharat_kosh_request_batch&quot; &quot;bh&quot; ON &quot;...
                  ^
in SYSTEMPATH/Database/Postgre/Connection.php on line 140.
 1 [internal function]: CodeIgniter\Debug\Exceptions->errorHandler(2, 'pg_query(): Query failed: ERROR:  relation &quot;e_services.bharat_kosh_request_batch&quot; does not exist
LINE 5: LEFT JOIN &quot;e_services&quot;.&quot;bharat_kosh_request_batch&quot; &quot;bh&quot; ON &quot;...
                  ^', 'SYSTEMPATH/Database/Postgre/Connection.php', 140)
 2 SYSTEMPATH/Database/Postgre/Connection.php(140): pg_query(Object(PgSql\Connection), 'SELECT "a"."id", "a"."description", "a"."code", COUNT(b.crn) AS total_appl, COALESCE(SUM(b.copying_fee_in_stamp), 0) AS copying_fee_in_stamp, COALESCE(SUM(b.copying_service_charges), 0) AS copying_service_charges, COALESCE(SUM(b.postage), 0) AS postage, SUM(CASE WHEN b.application_status NOT IN (\'F\', \'R\', \'D\', \'C\', \'W\') THEN 1 ELSE 0 END) AS pending, SUM(CASE WHEN b.application_status IN (\'F\', \'R\', \'D\', \'C\', \'W\') THEN 1 ELSE 0 END) AS disposed, SUM(CASE WHEN b.delivery_mode::integer = 1 THEN 1 ELSE 0 END) AS post_mode, SUM(CASE WHEN b.delivery_mode::integer = 2 THEN 1 ELSE 0 END) AS counter_mode
FROM "master"."copy_category" "a"
LEFT JOIN (SELECT "a"."crn", "a"."application_status", "a"."copy_category", "a"."delivery_mode", SUM(CASE WHEN bh.payment_type_id = 9527 THEN bh.amount ELSE 0 END) AS copying_fee_in_stamp, SUM(CASE WHEN bh.payment_type_id = 9528 THEN bh.amount ELSE 0 END) AS copying_service_charges, SUM(CASE WHEN bh.payment_type_id = 9525 THEN bh.amount ELSE 0 END) AS postage
FROM "copying_order_issuing_application_new" "a"
LEFT JOIN "e_services"."bharat_kosh_request_batch" "bh" ON "bh"."order_batch_merchant_batch_code" = "a"."crn"
WHERE "a"."source" = 6
AND DATE(a.application_receipt) >= \'2023-02-14\'
AND DATE(a.application_receipt) <= \'2023-02-14\'
GROUP BY "a"."crn", "a"."application_status", "a"."copy_category", "a"."delivery_mode") b ON CAST(b.copy_category AS INTEGER) = a.id
GROUP BY "a"."id", "a"."description", "a"."code"')
 3 SYSTEMPATH/Database/BaseConnection.php(666): CodeIgniter\Database\Postgre\Connection->execute('SELECT "a"."id", "a"."description", "a"."code", COUNT(b.crn) AS total_appl, COALESCE(SUM(b.copying_fee_in_stamp), 0) AS copying_fee_in_stamp, COALESCE(SUM(b.copying_service_charges), 0) AS copying_service_charges, COALESCE(SUM(b.postage), 0) AS postage, SUM(CASE WHEN b.application_status NOT IN (\'F\', \'R\', \'D\', \'C\', \'W\') THEN 1 ELSE 0 END) AS pending, SUM(CASE WHEN b.application_status IN (\'F\', \'R\', \'D\', \'C\', \'W\') THEN 1 ELSE 0 END) AS disposed, SUM(CASE WHEN b.delivery_mode::integer = 1 THEN 1 ELSE 0 END) AS post_mode, SUM(CASE WHEN b.delivery_mode::integer = 2 THEN 1 ELSE 0 END) AS counter_mode
FROM "master"."copy_category" "a"
LEFT JOIN (SELECT "a"."crn", "a"."application_status", "a"."copy_category", "a"."delivery_mode", SUM(CASE WHEN bh.payment_type_id = 9527 THEN bh.amount ELSE 0 END) AS copying_fee_in_stamp, SUM(CASE WHEN bh.payment_type_id = 9528 THEN bh.amount ELSE 0 END) AS copying_service_charges, SUM(CASE WHEN bh.payment_type_id = 9525 THEN bh.amount ELSE 0 END) AS postage
FROM "copying_order_issuing_application_new" "a"
LEFT JOIN "e_services"."bharat_kosh_request_batch" "bh" ON "bh"."order_batch_merchant_batch_code" = "a"."crn"
WHERE "a"."source" = 6
AND DATE(a.application_receipt) >= \'2023-02-14\'
AND DATE(a.application_receipt) <= \'2023-02-14\'
GROUP BY "a"."crn", "a"."application_status", "a"."copy_category", "a"."delivery_mode") b ON CAST(b.copy_category AS INTEGER) = a.id
GROUP BY "a"."id", "a"."description", "a"."code"')
 4 SYSTEMPATH/Database/BaseConnection.php(593): CodeIgniter\Database\BaseConnection->simpleQuery('SELECT "a"."id", "a"."description", "a"."code", COUNT(b.crn) AS total_appl, COALESCE(SUM(b.copying_fee_in_stamp), 0) AS copying_fee_in_stamp, COALESCE(SUM(b.copying_service_charges), 0) AS copying_service_charges, COALESCE(SUM(b.postage), 0) AS postage, SUM(CASE WHEN b.application_status NOT IN (\'F\', \'R\', \'D\', \'C\', \'W\') THEN 1 ELSE 0 END) AS pending, SUM(CASE WHEN b.application_status IN (\'F\', \'R\', \'D\', \'C\', \'W\') THEN 1 ELSE 0 END) AS disposed, SUM(CASE WHEN b.delivery_mode::integer = 1 THEN 1 ELSE 0 END) AS post_mode, SUM(CASE WHEN b.delivery_mode::integer = 2 THEN 1 ELSE 0 END) AS counter_mode
FROM "master"."copy_category" "a"
LEFT JOIN (SELECT "a"."crn", "a"."application_status", "a"."copy_category", "a"."delivery_mode", SUM(CASE WHEN bh.payment_type_id = 9527 THEN bh.amount ELSE 0 END) AS copying_fee_in_stamp, SUM(CASE WHEN bh.payment_type_id = 9528 THEN bh.amount ELSE 0 END) AS copying_service_charges, SUM(CASE WHEN bh.payment_type_id = 9525 THEN bh.amount ELSE 0 END) AS postage
FROM "copying_order_issuing_application_new" "a"
LEFT JOIN "e_services"."bharat_kosh_request_batch" "bh" ON "bh"."order_batch_merchant_batch_code" = "a"."crn"
WHERE "a"."source" = 6
AND DATE(a.application_receipt) >= \'2023-02-14\'
AND DATE(a.application_receipt) <= \'2023-02-14\'
GROUP BY "a"."crn", "a"."application_status", "a"."copy_category", "a"."delivery_mode") b ON CAST(b.copy_category AS INTEGER) = a.id
GROUP BY "a"."id", "a"."description", "a"."code"')
 5 SYSTEMPATH/Database/BaseBuilder.php(1585): CodeIgniter\Database\BaseConnection->query('SELECT "a"."id", "a"."description", "a"."code", COUNT(b.crn) AS total_appl, COALESCE(SUM(b.copying_fee_in_stamp), 0) AS copying_fee_in_stamp, COALESCE(SUM(b.copying_service_charges), 0) AS copying_service_charges, COALESCE(SUM(b.postage), 0) AS postage, SUM(CASE WHEN b.application_status NOT IN (\'F\', \'R\', \'D\', \'C\', \'W\') THEN 1 ELSE 0 END) AS pending, SUM(CASE WHEN b.application_status IN (\'F\', \'R\', \'D\', \'C\', \'W\') THEN 1 ELSE 0 END) AS disposed, SUM(CASE WHEN b.delivery_mode::integer = 1 THEN 1 ELSE 0 END) AS post_mode, SUM(CASE WHEN b.delivery_mode::integer = 2 THEN 1 ELSE 0 END) AS counter_mode
FROM "master"."copy_category" "a"
LEFT JOIN (SELECT "a"."crn", "a"."application_status", "a"."copy_category", "a"."delivery_mode", SUM(CASE WHEN bh.payment_type_id = 9527 THEN bh.amount ELSE 0 END) AS copying_fee_in_stamp, SUM(CASE WHEN bh.payment_type_id = 9528 THEN bh.amount ELSE 0 END) AS copying_service_charges, SUM(CASE WHEN bh.payment_type_id = 9525 THEN bh.amount ELSE 0 END) AS postage
FROM "copying_order_issuing_application_new" "a"
LEFT JOIN "e_services"."bharat_kosh_request_batch" "bh" ON "bh"."order_batch_merchant_batch_code" = "a"."crn"
WHERE "a"."source" = 6
AND DATE(a.application_receipt) >= \'2023-02-14\'
AND DATE(a.application_receipt) <= \'2023-02-14\'
GROUP BY "a"."crn", "a"."application_status", "a"."copy_category", "a"."delivery_mode") b ON CAST(b.copy_category AS INTEGER) = a.id
GROUP BY "a"."id", "a"."description", "a"."code"', [], false)
 6 APPPATH/Models/Reports/Copying/ReportModel.php(215): CodeIgniter\Database\BaseBuilder->get()
 7 APPPATH/Controllers/Reports/Copying/Report.php(119): App\Models\Reports\Copying\ReportModel->getEcopyStatus([...])
 8 SYSTEMPATH/CodeIgniter.php(925): App\Controllers\Reports\Copying\Report->ecopy_status_search()
 9 SYSTEMPATH/CodeIgniter.php(480): CodeIgniter\CodeIgniter->runController(Object(App\Controllers\Reports\Copying\Report))
10 SYSTEMPATH/CodeIgniter.php(349): CodeIgniter\CodeIgniter->handleRequest(null, Object(Config\Cache), false)
11 FCPATH/index.php(67): CodeIgniter\CodeIgniter->run()
ERROR - 2024-03-16 12:54:58 --> ErrorException: pg_query(): Query failed: ERROR:  relation &quot;e_services.bharat_kosh_request_batch&quot; does not exist
LINE 5: LEFT JOIN &quot;e_services&quot;.&quot;bharat_kosh_request_batch&quot; &quot;bh&quot; ON &quot;...
                  ^ in /var/www/html/system/Database/Postgre/Connection.php:140
Stack trace:
#0 [internal function]: CodeIgniter\Debug\Exceptions->errorHandler(2, 'pg_query(): Que...', '/var/www/html/s...', 140)
#1 /var/www/html/system/Database/Postgre/Connection.php(140): pg_query(Object(PgSql\Connection), 'SELECT "a"."id"...')
#2 /var/www/html/system/Database/BaseConnection.php(666): CodeIgniter\Database\Postgre\Connection->execute('SELECT "a"."id"...')
#3 /var/www/html/system/Database/BaseConnection.php(593): CodeIgniter\Database\BaseConnection->simpleQuery('SELECT "a"."id"...')
#4 /var/www/html/system/Database/BaseBuilder.php(1585): CodeIgniter\Database\BaseConnection->query('SELECT "a"."id"...', Array, false)
#5 /var/www/html/app/Models/Reports/Copying/ReportModel.php(215): CodeIgniter\Database\BaseBuilder->get()
#6 /var/www/html/app/Controllers/Reports/Copying/Report.php(119): App\Models\Reports\Copying\ReportModel->getEcopyStatus(Array)
#7 /var/www/html/system/CodeIgniter.php(925): App\Controllers\Reports\Copying\Report->ecopy_status_search()
#8 /var/www/html/system/CodeIgniter.php(480): CodeIgniter\CodeIgniter->runController(Object(App\Controllers\Reports\Copying\Report))
#9 /var/www/html/system/CodeIgniter.php(349): CodeIgniter\CodeIgniter->handleRequest(NULL, Object(Config\Cache), false)
#10 /var/www/html/public/index.php(67): CodeIgniter\CodeIgniter->run()
#11 {main}
CRITICAL - 2024-03-16 12:54:58 --> pg_query(): Query failed: ERROR:  relation &quot;e_services.bharat_kosh_request_batch&quot; does not exist
LINE 5: LEFT JOIN &quot;e_services&quot;.&quot;bharat_kosh_request_batch&quot; &quot;bh&quot; ON &quot;...
                  ^
in SYSTEMPATH/Database/Postgre/Connection.php on line 140.
 1 [internal function]: CodeIgniter\Debug\Exceptions->errorHandler(2, 'pg_query(): Query failed: ERROR:  relation &quot;e_services.bharat_kosh_request_batch&quot; does not exist
LINE 5: LEFT JOIN &quot;e_services&quot;.&quot;bharat_kosh_request_batch&quot; &quot;bh&quot; ON &quot;...
                  ^', 'SYSTEMPATH/Database/Postgre/Connection.php', 140)
 2 SYSTEMPATH/Database/Postgre/Connection.php(140): pg_query(Object(PgSql\Connection), 'SELECT "a"."id", "a"."description", "a"."code", COUNT(b.crn) AS total_appl, COALESCE(SUM(b.copying_fee_in_stamp), 0) AS copying_fee_in_stamp, COALESCE(SUM(b.copying_service_charges), 0) AS copying_service_charges, COALESCE(SUM(b.postage), 0) AS postage, SUM(CASE WHEN b.application_status NOT IN (\'F\', \'R\', \'D\', \'C\', \'W\') THEN 1 ELSE 0 END) AS pending, SUM(CASE WHEN b.application_status IN (\'F\', \'R\', \'D\', \'C\', \'W\') THEN 1 ELSE 0 END) AS disposed, SUM(CASE WHEN b.delivery_mode::integer = 1 THEN 1 ELSE 0 END) AS post_mode, SUM(CASE WHEN b.delivery_mode::integer = 2 THEN 1 ELSE 0 END) AS counter_mode
FROM "master"."copy_category" "a"
LEFT JOIN (SELECT "a"."crn", "a"."application_status", "a"."copy_category", "a"."delivery_mode", SUM(CASE WHEN bh.payment_type_id = 9527 THEN bh.amount ELSE 0 END) AS copying_fee_in_stamp, SUM(CASE WHEN bh.payment_type_id = 9528 THEN bh.amount ELSE 0 END) AS copying_service_charges, SUM(CASE WHEN bh.payment_type_id = 9525 THEN bh.amount ELSE 0 END) AS postage
FROM "copying_order_issuing_application_new" "a"
LEFT JOIN "e_services"."bharat_kosh_request_batch" "bh" ON "bh"."order_batch_merchant_batch_code" = "a"."crn"
WHERE "a"."source" = 6
AND DATE(a.application_receipt) >= \'2023-02-14\'
AND DATE(a.application_receipt) <= \'2023-02-14\'
GROUP BY "a"."crn", "a"."application_status", "a"."copy_category", "a"."delivery_mode") b ON CAST(b.copy_category AS INTEGER) = a.id
GROUP BY "a"."id", "a"."description", "a"."code"')
 3 SYSTEMPATH/Database/BaseConnection.php(666): CodeIgniter\Database\Postgre\Connection->execute('SELECT "a"."id", "a"."description", "a"."code", COUNT(b.crn) AS total_appl, COALESCE(SUM(b.copying_fee_in_stamp), 0) AS copying_fee_in_stamp, COALESCE(SUM(b.copying_service_charges), 0) AS copying_service_charges, COALESCE(SUM(b.postage), 0) AS postage, SUM(CASE WHEN b.application_status NOT IN (\'F\', \'R\', \'D\', \'C\', \'W\') THEN 1 ELSE 0 END) AS pending, SUM(CASE WHEN b.application_status IN (\'F\', \'R\', \'D\', \'C\', \'W\') THEN 1 ELSE 0 END) AS disposed, SUM(CASE WHEN b.delivery_mode::integer = 1 THEN 1 ELSE 0 END) AS post_mode, SUM(CASE WHEN b.delivery_mode::integer = 2 THEN 1 ELSE 0 END) AS counter_mode
FROM "master"."copy_category" "a"
LEFT JOIN (SELECT "a"."crn", "a"."application_status", "a"."copy_category", "a"."delivery_mode", SUM(CASE WHEN bh.payment_type_id = 9527 THEN bh.amount ELSE 0 END) AS copying_fee_in_stamp, SUM(CASE WHEN bh.payment_type_id = 9528 THEN bh.amount ELSE 0 END) AS copying_service_charges, SUM(CASE WHEN bh.payment_type_id = 9525 THEN bh.amount ELSE 0 END) AS postage
FROM "copying_order_issuing_application_new" "a"
LEFT JOIN "e_services"."bharat_kosh_request_batch" "bh" ON "bh"."order_batch_merchant_batch_code" = "a"."crn"
WHERE "a"."source" = 6
AND DATE(a.application_receipt) >= \'2023-02-14\'
AND DATE(a.application_receipt) <= \'2023-02-14\'
GROUP BY "a"."crn", "a"."application_status", "a"."copy_category", "a"."delivery_mode") b ON CAST(b.copy_category AS INTEGER) = a.id
GROUP BY "a"."id", "a"."description", "a"."code"')
 4 SYSTEMPATH/Database/BaseConnection.php(593): CodeIgniter\Database\BaseConnection->simpleQuery('SELECT "a"."id", "a"."description", "a"."code", COUNT(b.crn) AS total_appl, COALESCE(SUM(b.copying_fee_in_stamp), 0) AS copying_fee_in_stamp, COALESCE(SUM(b.copying_service_charges), 0) AS copying_service_charges, COALESCE(SUM(b.postage), 0) AS postage, SUM(CASE WHEN b.application_status NOT IN (\'F\', \'R\', \'D\', \'C\', \'W\') THEN 1 ELSE 0 END) AS pending, SUM(CASE WHEN b.application_status IN (\'F\', \'R\', \'D\', \'C\', \'W\') THEN 1 ELSE 0 END) AS disposed, SUM(CASE WHEN b.delivery_mode::integer = 1 THEN 1 ELSE 0 END) AS post_mode, SUM(CASE WHEN b.delivery_mode::integer = 2 THEN 1 ELSE 0 END) AS counter_mode
FROM "master"."copy_category" "a"
LEFT JOIN (SELECT "a"."crn", "a"."application_status", "a"."copy_category", "a"."delivery_mode", SUM(CASE WHEN bh.payment_type_id = 9527 THEN bh.amount ELSE 0 END) AS copying_fee_in_stamp, SUM(CASE WHEN bh.payment_type_id = 9528 THEN bh.amount ELSE 0 END) AS copying_service_charges, SUM(CASE WHEN bh.payment_type_id = 9525 THEN bh.amount ELSE 0 END) AS postage
FROM "copying_order_issuing_application_new" "a"
LEFT JOIN "e_services"."bharat_kosh_request_batch" "bh" ON "bh"."order_batch_merchant_batch_code" = "a"."crn"
WHERE "a"."source" = 6
AND DATE(a.application_receipt) >= \'2023-02-14\'
AND DATE(a.application_receipt) <= \'2023-02-14\'
GROUP BY "a"."crn", "a"."application_status", "a"."copy_category", "a"."delivery_mode") b ON CAST(b.copy_category AS INTEGER) = a.id
GROUP BY "a"."id", "a"."description", "a"."code"')
 5 SYSTEMPATH/Database/BaseBuilder.php(1585): CodeIgniter\Database\BaseConnection->query('SELECT "a"."id", "a"."description", "a"."code", COUNT(b.crn) AS total_appl, COALESCE(SUM(b.copying_fee_in_stamp), 0) AS copying_fee_in_stamp, COALESCE(SUM(b.copying_service_charges), 0) AS copying_service_charges, COALESCE(SUM(b.postage), 0) AS postage, SUM(CASE WHEN b.application_status NOT IN (\'F\', \'R\', \'D\', \'C\', \'W\') THEN 1 ELSE 0 END) AS pending, SUM(CASE WHEN b.application_status IN (\'F\', \'R\', \'D\', \'C\', \'W\') THEN 1 ELSE 0 END) AS disposed, SUM(CASE WHEN b.delivery_mode::integer = 1 THEN 1 ELSE 0 END) AS post_mode, SUM(CASE WHEN b.delivery_mode::integer = 2 THEN 1 ELSE 0 END) AS counter_mode
FROM "master"."copy_category" "a"
LEFT JOIN (SELECT "a"."crn", "a"."application_status", "a"."copy_category", "a"."delivery_mode", SUM(CASE WHEN bh.payment_type_id = 9527 THEN bh.amount ELSE 0 END) AS copying_fee_in_stamp, SUM(CASE WHEN bh.payment_type_id = 9528 THEN bh.amount ELSE 0 END) AS copying_service_charges, SUM(CASE WHEN bh.payment_type_id = 9525 THEN bh.amount ELSE 0 END) AS postage
FROM "copying_order_issuing_application_new" "a"
LEFT JOIN "e_services"."bharat_kosh_request_batch" "bh" ON "bh"."order_batch_merchant_batch_code" = "a"."crn"
WHERE "a"."source" = 6
AND DATE(a.application_receipt) >= \'2023-02-14\'
AND DATE(a.application_receipt) <= \'2023-02-14\'
GROUP BY "a"."crn", "a"."application_status", "a"."copy_category", "a"."delivery_mode") b ON CAST(b.copy_category AS INTEGER) = a.id
GROUP BY "a"."id", "a"."description", "a"."code"', [], false)
 6 APPPATH/Models/Reports/Copying/ReportModel.php(215): CodeIgniter\Database\BaseBuilder->get()
 7 APPPATH/Controllers/Reports/Copying/Report.php(119): App\Models\Reports\Copying\ReportModel->getEcopyStatus([...])
 8 SYSTEMPATH/CodeIgniter.php(925): App\Controllers\Reports\Copying\Report->ecopy_status_search()
 9 SYSTEMPATH/CodeIgniter.php(480): CodeIgniter\CodeIgniter->runController(Object(App\Controllers\Reports\Copying\Report))
10 SYSTEMPATH/CodeIgniter.php(349): CodeIgniter\CodeIgniter->handleRequest(null, Object(Config\Cache), false)
11 FCPATH/index.php(67): CodeIgniter\CodeIgniter->run()
ERROR - 2024-03-16 12:58:35 --> ErrorException: pg_query(): Query failed: ERROR:  relation &quot;e_services.bharat_kosh_status&quot; does not exist
LINE 2: FROM &quot;e_services&quot;.&quot;bharat_kosh_status&quot; &quot;s&quot;
             ^ in /var/www/html/system/Database/Postgre/Connection.php:140
Stack trace:
#0 [internal function]: CodeIgniter\Debug\Exceptions->errorHandler(2, 'pg_query(): Que...', '/var/www/html/s...', 140)
#1 /var/www/html/system/Database/Postgre/Connection.php(140): pg_query(Object(PgSql\Connection), 'SELECT "r"."ord...')
#2 /var/www/html/system/Database/BaseConnection.php(666): CodeIgniter\Database\Postgre\Connection->execute('SELECT "r"."ord...')
#3 /var/www/html/system/Database/BaseConnection.php(593): CodeIgniter\Database\BaseConnection->simpleQuery('SELECT "r"."ord...')
#4 /var/www/html/system/Database/BaseBuilder.php(1585): CodeIgniter\Database\BaseConnection->query('SELECT "r"."ord...', Array, false)
#5 /var/www/html/app/Models/Reports/Copying/ReportModel.php(240): CodeIgniter\Database\BaseBuilder->get()
#6 /var/www/html/app/Controllers/Reports/Copying/Report.php(132): App\Models\Reports\Copying\ReportModel->getEpay(Array)
#7 /var/www/html/system/CodeIgniter.php(925): App\Controllers\Reports\Copying\Report->epay_search()
#8 /var/www/html/system/CodeIgniter.php(480): CodeIgniter\CodeIgniter->runController(Object(App\Controllers\Reports\Copying\Report))
#9 /var/www/html/system/CodeIgniter.php(349): CodeIgniter\CodeIgniter->handleRequest(NULL, Object(Config\Cache), false)
#10 /var/www/html/public/index.php(67): CodeIgniter\CodeIgniter->run()
#11 {main}
CRITICAL - 2024-03-16 12:58:35 --> pg_query(): Query failed: ERROR:  relation &quot;e_services.bharat_kosh_status&quot; does not exist
LINE 2: FROM &quot;e_services&quot;.&quot;bharat_kosh_status&quot; &quot;s&quot;
             ^
in SYSTEMPATH/Database/Postgre/Connection.php on line 140.
 1 [internal function]: CodeIgniter\Debug\Exceptions->errorHandler(2, 'pg_query(): Query failed: ERROR:  relation &quot;e_services.bharat_kosh_status&quot; does not exist
LINE 2: FROM &quot;e_services&quot;.&quot;bharat_kosh_status&quot; &quot;s&quot;
             ^', 'SYSTEMPATH/Database/Postgre/Connection.php', 140)
 2 SYSTEMPATH/Database/Postgre/Connection.php(140): pg_query(Object(PgSql\Connection), 'SELECT "r"."order_code", "s"."entry_time", "r"."shipping_first_name", "r"."shipping_last_name", STRING_AGG(b.cart_description || \' - Rs. \' || b.amount, \', \') AS description, SUM(b.amount) AS total_sum, "r"."order_batch_total_amount"
FROM "e_services"."bharat_kosh_status" "s"
INNER JOIN "e_services"."bharat_kosh_request" "r" ON "s"."order_code" = "r"."order_code"
LEFT JOIN "e_services"."bharat_kosh_request_batch" "b" ON "b"."order_batch_merchant_batch_code" = "r"."order_code"
WHERE "s"."response_status" = \'SUCCESS\'
AND  "s"."order_code" NOT LIKE \'%DF%%\' ESCAPE \'!\'
AND date(s.entry_time) >= \'2023-02-14\'
AND date(s.entry_time) <= \'2023-02-18\'
GROUP BY "r"."order_code", "s"."entry_time", "r"."shipping_first_name", "r"."shipping_last_name", "r"."order_batch_total_amount"
ORDER BY "s"."entry_time"')
 3 SYSTEMPATH/Database/BaseConnection.php(666): CodeIgniter\Database\Postgre\Connection->execute('SELECT "r"."order_code", "s"."entry_time", "r"."shipping_first_name", "r"."shipping_last_name", STRING_AGG(b.cart_description || \' - Rs. \' || b.amount, \', \') AS description, SUM(b.amount) AS total_sum, "r"."order_batch_total_amount"
FROM "e_services"."bharat_kosh_status" "s"
INNER JOIN "e_services"."bharat_kosh_request" "r" ON "s"."order_code" = "r"."order_code"
LEFT JOIN "e_services"."bharat_kosh_request_batch" "b" ON "b"."order_batch_merchant_batch_code" = "r"."order_code"
WHERE "s"."response_status" = \'SUCCESS\'
AND  "s"."order_code" NOT LIKE \'%DF%%\' ESCAPE \'!\'
AND date(s.entry_time) >= \'2023-02-14\'
AND date(s.entry_time) <= \'2023-02-18\'
GROUP BY "r"."order_code", "s"."entry_time", "r"."shipping_first_name", "r"."shipping_last_name", "r"."order_batch_total_amount"
ORDER BY "s"."entry_time"')
 4 SYSTEMPATH/Database/BaseConnection.php(593): CodeIgniter\Database\BaseConnection->simpleQuery('SELECT "r"."order_code", "s"."entry_time", "r"."shipping_first_name", "r"."shipping_last_name", STRING_AGG(b.cart_description || \' - Rs. \' || b.amount, \', \') AS description, SUM(b.amount) AS total_sum, "r"."order_batch_total_amount"
FROM "e_services"."bharat_kosh_status" "s"
INNER JOIN "e_services"."bharat_kosh_request" "r" ON "s"."order_code" = "r"."order_code"
LEFT JOIN "e_services"."bharat_kosh_request_batch" "b" ON "b"."order_batch_merchant_batch_code" = "r"."order_code"
WHERE "s"."response_status" = \'SUCCESS\'
AND  "s"."order_code" NOT LIKE \'%DF%%\' ESCAPE \'!\'
AND date(s.entry_time) >= \'2023-02-14\'
AND date(s.entry_time) <= \'2023-02-18\'
GROUP BY "r"."order_code", "s"."entry_time", "r"."shipping_first_name", "r"."shipping_last_name", "r"."order_batch_total_amount"
ORDER BY "s"."entry_time"')
 5 SYSTEMPATH/Database/BaseBuilder.php(1585): CodeIgniter\Database\BaseConnection->query('SELECT "r"."order_code", "s"."entry_time", "r"."shipping_first_name", "r"."shipping_last_name", STRING_AGG(b.cart_description || \' - Rs. \' || b.amount, \', \') AS description, SUM(b.amount) AS total_sum, "r"."order_batch_total_amount"
FROM "e_services"."bharat_kosh_status" "s"
INNER JOIN "e_services"."bharat_kosh_request" "r" ON "s"."order_code" = "r"."order_code"
LEFT JOIN "e_services"."bharat_kosh_request_batch" "b" ON "b"."order_batch_merchant_batch_code" = "r"."order_code"
WHERE "s"."response_status" = :s.response_status:
AND  "s"."order_code" NOT LIKE :s.order_code: ESCAPE \'!\'
AND date(s.entry_time) >= :date(s.entry_time):
AND date(s.entry_time) <= :date(s.entry_time).1:
GROUP BY "r"."order_code", "s"."entry_time", "r"."shipping_first_name", "r"."shipping_last_name", "r"."order_batch_total_amount"
ORDER BY "s"."entry_time"', [...], false)
 6 APPPATH/Models/Reports/Copying/ReportModel.php(240): CodeIgniter\Database\BaseBuilder->get()
 7 APPPATH/Controllers/Reports/Copying/Report.php(132): App\Models\Reports\Copying\ReportModel->getEpay([...])
 8 SYSTEMPATH/CodeIgniter.php(925): App\Controllers\Reports\Copying\Report->epay_search()
 9 SYSTEMPATH/CodeIgniter.php(480): CodeIgniter\CodeIgniter->runController(Object(App\Controllers\Reports\Copying\Report))
10 SYSTEMPATH/CodeIgniter.php(349): CodeIgniter\CodeIgniter->handleRequest(null, Object(Config\Cache), false)
11 FCPATH/index.php(67): CodeIgniter\CodeIgniter->run()
