CRITICAL - 2024-02-28 10:19:27 --> Undefined array key "diary_no"
in APPPATH/Controllers/Reports/Filing/Report.php on line 866.
 1 APPPATH/Controllers/Reports/Filing/Report.php(866): CodeIgniter\Debug\Exceptions->errorHandler(2, 'Undefined array key "diary_no"', 'APPPATH/Controllers/Reports/Filing/Report.php', 866)
 2 SYSTEMPATH/CodeIgniter.php(925): App\Controllers\Reports\Filing\Report->get_change_category_details()
 3 SYSTEMPATH/CodeIgniter.php(480): CodeIgniter\CodeIgniter->runController(Object(App\Controllers\Reports\Filing\Report))
 4 SYSTEMPATH/CodeIgniter.php(349): CodeIgniter\CodeIgniter->handleRequest(null, Object(Config\Cache), false)
 5 FCPATH/index.php(67): CodeIgniter\CodeIgniter->run()
CRITICAL - 2024-02-28 10:19:28 --> Undefined array key "diary_no"
in APPPATH/Controllers/Reports/Filing/Report.php on line 866.
 1 APPPATH/Controllers/Reports/Filing/Report.php(866): CodeIgniter\Debug\Exceptions->errorHandler(2, 'Undefined array key "diary_no"', 'APPPATH/Controllers/Reports/Filing/Report.php', 866)
 2 SYSTEMPATH/CodeIgniter.php(925): App\Controllers\Reports\Filing\Report->get_change_category_details()
 3 SYSTEMPATH/CodeIgniter.php(480): CodeIgniter\CodeIgniter->runController(Object(App\Controllers\Reports\Filing\Report))
 4 SYSTEMPATH/CodeIgniter.php(349): CodeIgniter\CodeIgniter->handleRequest(null, Object(Config\Cache), false)
 5 FCPATH/index.php(67): CodeIgniter\CodeIgniter->run()
CRITICAL - 2024-02-28 10:19:32 --> Undefined array key "diary_no"
in APPPATH/Controllers/Reports/Filing/Report.php on line 866.
 1 APPPATH/Controllers/Reports/Filing/Report.php(866): CodeIgniter\Debug\Exceptions->errorHandler(2, 'Undefined array key "diary_no"', 'APPPATH/Controllers/Reports/Filing/Report.php', 866)
 2 SYSTEMPATH/CodeIgniter.php(925): App\Controllers\Reports\Filing\Report->get_change_category_details()
 3 SYSTEMPATH/CodeIgniter.php(480): CodeIgniter\CodeIgniter->runController(Object(App\Controllers\Reports\Filing\Report))
 4 SYSTEMPATH/CodeIgniter.php(349): CodeIgniter\CodeIgniter->handleRequest(null, Object(Config\Cache), false)
 5 FCPATH/index.php(67): CodeIgniter\CodeIgniter->run()
CRITICAL - 2024-02-28 00:22:45 --> The action you requested is not allowed.
in SYSTEMPATH/Security/Security.php on line 307.
 1 SYSTEMPATH/Security/Security.php(307): CodeIgniter\Security\Exceptions\SecurityException::forDisallowedAction()
 2 SYSTEMPATH/Filters/CSRF.php(55): CodeIgniter\Security\Security->verify(Object(CodeIgniter\HTTP\IncomingRequest))
 3 SYSTEMPATH/Filters/Filters.php(173): CodeIgniter\Filters\CSRF->before(Object(CodeIgniter\HTTP\IncomingRequest), null)
 4 SYSTEMPATH/CodeIgniter.php(453): CodeIgniter\Filters\Filters->run('Supreme_court/Content', 'before')
 5 SYSTEMPATH/CodeIgniter.php(349): CodeIgniter\CodeIgniter->handleRequest(null, Object(Config\Cache), false)
 6 FCPATH/index.php(67): CodeIgniter\CodeIgniter->run()
CRITICAL - 2024-02-28 00:23:42 --> The action you requested is not allowed.
in SYSTEMPATH/Security/Security.php on line 307.
 1 SYSTEMPATH/Security/Security.php(307): CodeIgniter\Security\Exceptions\SecurityException::forDisallowedAction()
 2 SYSTEMPATH/Filters/CSRF.php(55): CodeIgniter\Security\Security->verify(Object(CodeIgniter\HTTP\IncomingRequest))
 3 SYSTEMPATH/Filters/Filters.php(173): CodeIgniter\Filters\CSRF->before(Object(CodeIgniter\HTTP\IncomingRequest), null)
 4 SYSTEMPATH/CodeIgniter.php(453): CodeIgniter\Filters\Filters->run('Filing/File_trap_dispatch_receive/display_matters', 'before')
 5 SYSTEMPATH/CodeIgniter.php(349): CodeIgniter\CodeIgniter->handleRequest(null, Object(Config\Cache), false)
 6 FCPATH/index.php(67): CodeIgniter\CodeIgniter->run()
CRITICAL - 2024-02-28 12:05:25 --> You must set the database table to be used with your query.
in SYSTEMPATH/Database/BaseConnection.php on line 845.
 1 SYSTEMPATH/Model.php(611): CodeIgniter\Database\BaseConnection->table(null)
 2 SYSTEMPATH/Model.php(797): CodeIgniter\Model->builder()
 3 APPPATH/Controllers/Reports/Filing/Report.php(872): CodeIgniter\Model->__call('category_enetered_by_checker', [...])
 4 SYSTEMPATH/CodeIgniter.php(925): App\Controllers\Reports\Filing\Report->get_change_category_details()
 5 SYSTEMPATH/CodeIgniter.php(480): CodeIgniter\CodeIgniter->runController(Object(App\Controllers\Reports\Filing\Report))
 6 SYSTEMPATH/CodeIgniter.php(349): CodeIgniter\CodeIgniter->handleRequest(null, Object(Config\Cache), false)
 7 FCPATH/index.php(67): CodeIgniter\CodeIgniter->run()
CRITICAL - 2024-02-28 00:40:08 --> syntax error, unexpected token "else"
in APPPATH/Controllers/Reports/Filing/Report.php on line 889.
 1 SYSTEMPATH/Router/Router.php(499): CodeIgniter\Router\AutoRouter->getRoute('Reports/Filing/Report/get_change_category_details')
 2 SYSTEMPATH/Router/Router.php(205): CodeIgniter\Router\Router->autoRoute('Reports/Filing/Report/get_change_category_details')
 3 SYSTEMPATH/CodeIgniter.php(800): CodeIgniter\Router\Router->handle('Reports/Filing/Report/get_change_category_details')
 4 SYSTEMPATH/CodeIgniter.php(428): CodeIgniter\CodeIgniter->tryToRouteIt(Object(CodeIgniter\Router\RouteCollection))
 5 SYSTEMPATH/CodeIgniter.php(349): CodeIgniter\CodeIgniter->handleRequest(null, Object(Config\Cache), false)
 6 FCPATH/index.php(67): CodeIgniter\CodeIgniter->run()
CRITICAL - 2024-02-28 00:43:51 --> The action you requested is not allowed.
in SYSTEMPATH/Security/Security.php on line 307.
 1 SYSTEMPATH/Security/Security.php(307): CodeIgniter\Security\Exceptions\SecurityException::forDisallowedAction()
 2 SYSTEMPATH/Filters/CSRF.php(55): CodeIgniter\Security\Security->verify(Object(CodeIgniter\HTTP\IncomingRequest))
 3 SYSTEMPATH/Filters/Filters.php(173): CodeIgniter\Filters\CSRF->before(Object(CodeIgniter\HTTP\IncomingRequest), null)
 4 SYSTEMPATH/CodeIgniter.php(453): CodeIgniter\Filters\Filters->run('Reports/Filing/Report/get_change_category_details', 'before')
 5 SYSTEMPATH/CodeIgniter.php(349): CodeIgniter\CodeIgniter->handleRequest(null, Object(Config\Cache), false)
 6 FCPATH/index.php(67): CodeIgniter\CodeIgniter->run()
CRITICAL - 2024-02-28 00:43:51 --> The action you requested is not allowed.
in SYSTEMPATH/Security/Security.php on line 307.
 1 SYSTEMPATH/Security/Security.php(307): CodeIgniter\Security\Exceptions\SecurityException::forDisallowedAction()
 2 SYSTEMPATH/Filters/CSRF.php(55): CodeIgniter\Security\Security->verify(Object(CodeIgniter\HTTP\IncomingRequest))
 3 SYSTEMPATH/Filters/Filters.php(173): CodeIgniter\Filters\CSRF->before(Object(CodeIgniter\HTTP\IncomingRequest), null)
 4 SYSTEMPATH/CodeIgniter.php(453): CodeIgniter\Filters\Filters->run('Reports/Filing/Report/get_change_category_details', 'before')
 5 SYSTEMPATH/CodeIgniter.php(349): CodeIgniter\CodeIgniter->handleRequest(null, Object(Config\Cache), false)
 6 FCPATH/index.php(67): CodeIgniter\CodeIgniter->run()
CRITICAL - 2024-02-28 00:46:58 --> The action you requested is not allowed.
in SYSTEMPATH/Security/Security.php on line 307.
 1 SYSTEMPATH/Security/Security.php(307): CodeIgniter\Security\Exceptions\SecurityException::forDisallowedAction()
 2 SYSTEMPATH/Filters/CSRF.php(55): CodeIgniter\Security\Security->verify(Object(CodeIgniter\HTTP\IncomingRequest))
 3 SYSTEMPATH/Filters/Filters.php(173): CodeIgniter\Filters\CSRF->before(Object(CodeIgniter\HTTP\IncomingRequest), null)
 4 SYSTEMPATH/CodeIgniter.php(453): CodeIgniter\Filters\Filters->run('Reports/Filing/Report/get_change_category_details', 'before')
 5 SYSTEMPATH/CodeIgniter.php(349): CodeIgniter\CodeIgniter->handleRequest(null, Object(Config\Cache), false)
 6 FCPATH/index.php(67): CodeIgniter\CodeIgniter->run()
CRITICAL - 2024-02-28 12:20:48 --> sizeof(): Argument #1 ($value) must be of type Countable|array, int given
in APPPATH/Controllers/Reports/Filing/Report.php on line 874.
 1 APPPATH/Controllers/Reports/Filing/Report.php(874): sizeof(1)
 2 SYSTEMPATH/CodeIgniter.php(925): App\Controllers\Reports\Filing\Report->get_change_category_details()
 3 SYSTEMPATH/CodeIgniter.php(480): CodeIgniter\CodeIgniter->runController(Object(App\Controllers\Reports\Filing\Report))
 4 SYSTEMPATH/CodeIgniter.php(349): CodeIgniter\CodeIgniter->handleRequest(null, Object(Config\Cache), false)
 5 FCPATH/index.php(67): CodeIgniter\CodeIgniter->run()
CRITICAL - 2024-02-28 12:48:34 --> in_array(): Argument #2 ($haystack) must be of type array, string given
in APPPATH/Views/Filing/filing_breadcrumb.php on line 36.
 1 APPPATH/Views/Filing/filing_breadcrumb.php(36): in_array('1', 'ROOTPATH/public')
 2 SYSTEMPATH/View/View.php(213): include('APPPATH/Views/Filing/filing_breadcrumb.php')
 3 SYSTEMPATH/View/View.php(216): CodeIgniter\View\View->CodeIgniter\View\{closure}()
 4 SYSTEMPATH/Common.php(1135): CodeIgniter\View\View->render('Filing/filing_breadcrumb', [], true)
 5 APPPATH/Views/Filing/advocate.php(42): view('Filing/filing_breadcrumb')
 6 SYSTEMPATH/View/View.php(213): include('APPPATH/Views/Filing/advocate.php')
 7 SYSTEMPATH/View/View.php(216): CodeIgniter\View\View->CodeIgniter\View\{closure}()
 8 SYSTEMPATH/Common.php(1135): CodeIgniter\View\View->render('Filing/advocate', [], true)
 9 APPPATH/Controllers/Filing/Advocate.php(95): view('Filing/advocate', [...])
10 SYSTEMPATH/CodeIgniter.php(925): App\Controllers\Filing\Advocate->index()
11 SYSTEMPATH/CodeIgniter.php(480): CodeIgniter\CodeIgniter->runController(Object(App\Controllers\Filing\Advocate))
12 SYSTEMPATH/CodeIgniter.php(349): CodeIgniter\CodeIgniter->handleRequest(null, Object(Config\Cache), false)
13 FCPATH/index.php(67): CodeIgniter\CodeIgniter->run()
CRITICAL - 2024-02-28 12:54:01 --> in_array(): Argument #2 ($haystack) must be of type array, string given
in APPPATH/Views/Filing/filing_breadcrumb.php on line 36.
 1 APPPATH/Views/Filing/filing_breadcrumb.php(36): in_array('1', 'ROOTPATH/public')
 2 SYSTEMPATH/View/View.php(213): include('APPPATH/Views/Filing/filing_breadcrumb.php')
 3 SYSTEMPATH/View/View.php(216): CodeIgniter\View\View->CodeIgniter\View\{closure}()
 4 SYSTEMPATH/Common.php(1135): CodeIgniter\View\View->render('Filing/filing_breadcrumb', [], true)
 5 APPPATH/Views/Filing/advocate.php(42): view('Filing/filing_breadcrumb')
 6 SYSTEMPATH/View/View.php(213): include('APPPATH/Views/Filing/advocate.php')
 7 SYSTEMPATH/View/View.php(216): CodeIgniter\View\View->CodeIgniter\View\{closure}()
 8 SYSTEMPATH/Common.php(1135): CodeIgniter\View\View->render('Filing/advocate', [], true)
 9 APPPATH/Controllers/Filing/Advocate.php(95): view('Filing/advocate', [...])
10 SYSTEMPATH/CodeIgniter.php(925): App\Controllers\Filing\Advocate->index()
11 SYSTEMPATH/CodeIgniter.php(480): CodeIgniter\CodeIgniter->runController(Object(App\Controllers\Filing\Advocate))
12 SYSTEMPATH/CodeIgniter.php(349): CodeIgniter\CodeIgniter->handleRequest(null, Object(Config\Cache), false)
13 FCPATH/index.php(67): CodeIgniter\CodeIgniter->run()
CRITICAL - 2024-02-28 12:54:30 --> in_array(): Argument #2 ($haystack) must be of type array, string given
in APPPATH/Views/Filing/filing_breadcrumb.php on line 36.
 1 APPPATH/Views/Filing/filing_breadcrumb.php(36): in_array('1', 'ROOTPATH/public')
 2 SYSTEMPATH/View/View.php(213): include('APPPATH/Views/Filing/filing_breadcrumb.php')
 3 SYSTEMPATH/View/View.php(216): CodeIgniter\View\View->CodeIgniter\View\{closure}()
 4 SYSTEMPATH/Common.php(1135): CodeIgniter\View\View->render('Filing/filing_breadcrumb', [], true)
 5 APPPATH/Views/Filing/diary_update.php(88): view('Filing/filing_breadcrumb')
 6 SYSTEMPATH/View/View.php(213): include('APPPATH/Views/Filing/diary_update.php')
 7 SYSTEMPATH/View/View.php(216): CodeIgniter\View\View->CodeIgniter\View\{closure}()
 8 SYSTEMPATH/Common.php(1135): CodeIgniter\View\View->render('Filing/diary_update', [], true)
 9 APPPATH/Controllers/Filing/Diary_modify.php(121): view('Filing/diary_update', [...])
10 SYSTEMPATH/CodeIgniter.php(925): App\Controllers\Filing\Diary_modify->index()
11 SYSTEMPATH/CodeIgniter.php(480): CodeIgniter\CodeIgniter->runController(Object(App\Controllers\Filing\Diary_modify))
12 SYSTEMPATH/CodeIgniter.php(349): CodeIgniter\CodeIgniter->handleRequest(null, Object(Config\Cache), false)
13 FCPATH/index.php(67): CodeIgniter\CodeIgniter->run()
CRITICAL - 2024-02-28 16:30:36 --> ceil(): Argument #1 ($num) must be of type int|float, string given
in APPPATH/Models/Filing/PartyModel.php on line 276.
 1 APPPATH/Models/Filing/PartyModel.php(276): ceil('ROOTPATH/public')
 2 APPPATH/Controllers/Filing/Party.php(110): App\Models\Filing\PartyModel->savepartyDetails([...])
 3 SYSTEMPATH/CodeIgniter.php(925): App\Controllers\Filing\Party->save_party_details()
 4 SYSTEMPATH/CodeIgniter.php(480): CodeIgniter\CodeIgniter->runController(Object(App\Controllers\Filing\Party))
 5 SYSTEMPATH/CodeIgniter.php(349): CodeIgniter\CodeIgniter->handleRequest(null, Object(Config\Cache), false)
 6 FCPATH/index.php(67): CodeIgniter\CodeIgniter->run()
CRITICAL - 2024-02-28 16:31:04 --> ceil(): Argument #1 ($num) must be of type int|float, string given
in APPPATH/Models/Filing/PartyModel.php on line 276.
 1 APPPATH/Models/Filing/PartyModel.php(276): ceil('ROOTPATH/public')
 2 APPPATH/Controllers/Filing/Party.php(110): App\Models\Filing\PartyModel->savepartyDetails([...])
 3 SYSTEMPATH/CodeIgniter.php(925): App\Controllers\Filing\Party->save_party_details()
 4 SYSTEMPATH/CodeIgniter.php(480): CodeIgniter\CodeIgniter->runController(Object(App\Controllers\Filing\Party))
 5 SYSTEMPATH/CodeIgniter.php(349): CodeIgniter\CodeIgniter->handleRequest(null, Object(Config\Cache), false)
 6 FCPATH/index.php(67): CodeIgniter\CodeIgniter->run()
CRITICAL - 2024-02-28 16:34:48 --> ceil(): Argument #1 ($num) must be of type int|float, string given
in APPPATH/Models/Filing/PartyModel.php on line 276.
 1 APPPATH/Models/Filing/PartyModel.php(276): ceil('ROOTPATH/public')
 2 APPPATH/Controllers/Filing/Party.php(110): App\Models\Filing\PartyModel->savepartyDetails([...])
 3 SYSTEMPATH/CodeIgniter.php(925): App\Controllers\Filing\Party->save_party_details()
 4 SYSTEMPATH/CodeIgniter.php(480): CodeIgniter\CodeIgniter->runController(Object(App\Controllers\Filing\Party))
 5 SYSTEMPATH/CodeIgniter.php(349): CodeIgniter\CodeIgniter->handleRequest(null, Object(Config\Cache), false)
 6 FCPATH/index.php(67): CodeIgniter\CodeIgniter->run()
CRITICAL - 2024-02-28 16:35:03 --> ceil(): Argument #1 ($num) must be of type int|float, string given
in APPPATH/Models/Filing/PartyModel.php on line 276.
 1 APPPATH/Models/Filing/PartyModel.php(276): ceil('ROOTPATH/public')
 2 APPPATH/Controllers/Filing/Party.php(110): App\Models\Filing\PartyModel->savepartyDetails([...])
 3 SYSTEMPATH/CodeIgniter.php(925): App\Controllers\Filing\Party->save_party_details()
 4 SYSTEMPATH/CodeIgniter.php(480): CodeIgniter\CodeIgniter->runController(Object(App\Controllers\Filing\Party))
 5 SYSTEMPATH/CodeIgniter.php(349): CodeIgniter\CodeIgniter->handleRequest(null, Object(Config\Cache), false)
 6 FCPATH/index.php(67): CodeIgniter\CodeIgniter->run()
CRITICAL - 2024-02-28 16:40:43 --> ceil(): Argument #1 ($num) must be of type int|float, string given
in APPPATH/Models/Filing/PartyModel.php on line 276.
 1 APPPATH/Models/Filing/PartyModel.php(276): ceil('ROOTPATH/public')
 2 APPPATH/Controllers/Filing/Party.php(110): App\Models\Filing\PartyModel->savepartyDetails([...])
 3 SYSTEMPATH/CodeIgniter.php(925): App\Controllers\Filing\Party->save_party_details()
 4 SYSTEMPATH/CodeIgniter.php(480): CodeIgniter\CodeIgniter->runController(Object(App\Controllers\Filing\Party))
 5 SYSTEMPATH/CodeIgniter.php(349): CodeIgniter\CodeIgniter->handleRequest(null, Object(Config\Cache), false)
 6 FCPATH/index.php(67): CodeIgniter\CodeIgniter->run()
CRITICAL - 2024-02-28 16:41:24 --> ceil(): Argument #1 ($num) must be of type int|float, string given
in APPPATH/Models/Filing/PartyModel.php on line 276.
 1 APPPATH/Models/Filing/PartyModel.php(276): ceil('ROOTPATH/public')
 2 APPPATH/Controllers/Filing/Party.php(110): App\Models\Filing\PartyModel->savepartyDetails([...])
 3 SYSTEMPATH/CodeIgniter.php(925): App\Controllers\Filing\Party->save_party_details()
 4 SYSTEMPATH/CodeIgniter.php(480): CodeIgniter\CodeIgniter->runController(Object(App\Controllers\Filing\Party))
 5 SYSTEMPATH/CodeIgniter.php(349): CodeIgniter\CodeIgniter->handleRequest(null, Object(Config\Cache), false)
 6 FCPATH/index.php(67): CodeIgniter\CodeIgniter->run()
CRITICAL - 2024-02-28 16:42:17 --> ceil(): Argument #1 ($num) must be of type int|float, string given
in APPPATH/Models/Filing/PartyModel.php on line 276.
 1 APPPATH/Models/Filing/PartyModel.php(276): ceil('ROOTPATH/public')
 2 APPPATH/Controllers/Filing/Party.php(110): App\Models\Filing\PartyModel->savepartyDetails([...])
 3 SYSTEMPATH/CodeIgniter.php(925): App\Controllers\Filing\Party->save_party_details()
 4 SYSTEMPATH/CodeIgniter.php(480): CodeIgniter\CodeIgniter->runController(Object(App\Controllers\Filing\Party))
 5 SYSTEMPATH/CodeIgniter.php(349): CodeIgniter\CodeIgniter->handleRequest(null, Object(Config\Cache), false)
 6 FCPATH/index.php(67): CodeIgniter\CodeIgniter->run()
CRITICAL - 2024-02-28 16:59:12 --> ceil(): Argument #1 ($num) must be of type int|float, string given
in APPPATH/Models/Filing/PartyModel.php on line 276.
 1 APPPATH/Models/Filing/PartyModel.php(276): ceil('ROOTPATH/public')
 2 APPPATH/Controllers/Filing/Party.php(110): App\Models\Filing\PartyModel->savepartyDetails([...])
 3 SYSTEMPATH/CodeIgniter.php(925): App\Controllers\Filing\Party->save_party_details()
 4 SYSTEMPATH/CodeIgniter.php(480): CodeIgniter\CodeIgniter->runController(Object(App\Controllers\Filing\Party))
 5 SYSTEMPATH/CodeIgniter.php(349): CodeIgniter\CodeIgniter->handleRequest(null, Object(Config\Cache), false)
 6 FCPATH/index.php(67): CodeIgniter\CodeIgniter->run()
CRITICAL - 2024-02-28 05:45:10 --> The action you requested is not allowed.
in SYSTEMPATH/Security/Security.php on line 307.
 1 SYSTEMPATH/Security/Security.php(307): CodeIgniter\Security\Exceptions\SecurityException::forDisallowedAction()
 2 SYSTEMPATH/Filters/CSRF.php(55): CodeIgniter\Security\Security->verify(Object(CodeIgniter\HTTP\IncomingRequest))
 3 SYSTEMPATH/Filters/Filters.php(173): CodeIgniter\Filters\CSRF->before(Object(CodeIgniter\HTTP\IncomingRequest), null)
 4 SYSTEMPATH/CodeIgniter.php(453): CodeIgniter\Filters\Filters->run('Filing/Party/get_cause_title', 'before')
 5 SYSTEMPATH/CodeIgniter.php(349): CodeIgniter\CodeIgniter->handleRequest(null, Object(Config\Cache), false)
 6 FCPATH/index.php(67): CodeIgniter\CodeIgniter->run()
CRITICAL - 2024-02-28 05:45:11 --> The action you requested is not allowed.
in SYSTEMPATH/Security/Security.php on line 307.
 1 SYSTEMPATH/Security/Security.php(307): CodeIgniter\Security\Exceptions\SecurityException::forDisallowedAction()
 2 SYSTEMPATH/Filters/CSRF.php(55): CodeIgniter\Security\Security->verify(Object(CodeIgniter\HTTP\IncomingRequest))
 3 SYSTEMPATH/Filters/Filters.php(173): CodeIgniter\Filters\CSRF->before(Object(CodeIgniter\HTTP\IncomingRequest), null)
 4 SYSTEMPATH/CodeIgniter.php(453): CodeIgniter\Filters\Filters->run('Filing/Party/copy_party_details', 'before')
 5 SYSTEMPATH/CodeIgniter.php(349): CodeIgniter\CodeIgniter->handleRequest(null, Object(Config\Cache), false)
 6 FCPATH/index.php(67): CodeIgniter\CodeIgniter->run()
CRITICAL - 2024-02-28 05:45:25 --> The action you requested is not allowed.
in SYSTEMPATH/Security/Security.php on line 307.
 1 SYSTEMPATH/Security/Security.php(307): CodeIgniter\Security\Exceptions\SecurityException::forDisallowedAction()
 2 SYSTEMPATH/Filters/CSRF.php(55): CodeIgniter\Security\Security->verify(Object(CodeIgniter\HTTP\IncomingRequest))
 3 SYSTEMPATH/Filters/Filters.php(173): CodeIgniter\Filters\CSRF->before(Object(CodeIgniter\HTTP\IncomingRequest), null)
 4 SYSTEMPATH/CodeIgniter.php(453): CodeIgniter\Filters\Filters->run('Filing/Party/copy_party_details', 'before')
 5 SYSTEMPATH/CodeIgniter.php(349): CodeIgniter\CodeIgniter->handleRequest(null, Object(Config\Cache), false)
 6 FCPATH/index.php(67): CodeIgniter\CodeIgniter->run()
CRITICAL - 2024-02-28 05:51:20 --> The action you requested is not allowed.
in SYSTEMPATH/Security/Security.php on line 307.
 1 SYSTEMPATH/Security/Security.php(307): CodeIgniter\Security\Exceptions\SecurityException::forDisallowedAction()
 2 SYSTEMPATH/Filters/CSRF.php(55): CodeIgniter\Security\Security->verify(Object(CodeIgniter\HTTP\IncomingRequest))
 3 SYSTEMPATH/Filters/Filters.php(173): CodeIgniter\Filters\CSRF->before(Object(CodeIgniter\HTTP\IncomingRequest), null)
 4 SYSTEMPATH/CodeIgniter.php(453): CodeIgniter\Filters\Filters->run('Filing/Party/get_cause_title', 'before')
 5 SYSTEMPATH/CodeIgniter.php(349): CodeIgniter\CodeIgniter->handleRequest(null, Object(Config\Cache), false)
 6 FCPATH/index.php(67): CodeIgniter\CodeIgniter->run()
CRITICAL - 2024-02-28 17:21:27 --> Undefined array key 0
in APPPATH/Models/Filing/PartyModel.php on line 1333.
 1 APPPATH/Models/Filing/PartyModel.php(1333): CodeIgniter\Debug\Exceptions->errorHandler(2, 'Undefined array key 0', 'APPPATH/Models/Filing/PartyModel.php', 1333)
 2 APPPATH/Controllers/Filing/Party.php(135): App\Models\Filing\PartyModel->copy_party_details([...])
 3 SYSTEMPATH/CodeIgniter.php(925): App\Controllers\Filing\Party->copy_party_details()
 4 SYSTEMPATH/CodeIgniter.php(480): CodeIgniter\CodeIgniter->runController(Object(App\Controllers\Filing\Party))
 5 SYSTEMPATH/CodeIgniter.php(349): CodeIgniter\CodeIgniter->handleRequest(null, Object(Config\Cache), false)
 6 FCPATH/index.php(67): CodeIgniter\CodeIgniter->run()
CRITICAL - 2024-02-28 17:24:59 --> Undefined array key 0
in APPPATH/Models/Filing/PartyModel.php on line 1333.
 1 APPPATH/Models/Filing/PartyModel.php(1333): CodeIgniter\Debug\Exceptions->errorHandler(2, 'Undefined array key 0', 'APPPATH/Models/Filing/PartyModel.php', 1333)
 2 APPPATH/Controllers/Filing/Party.php(135): App\Models\Filing\PartyModel->copy_party_details([...])
 3 SYSTEMPATH/CodeIgniter.php(925): App\Controllers\Filing\Party->copy_party_details()
 4 SYSTEMPATH/CodeIgniter.php(480): CodeIgniter\CodeIgniter->runController(Object(App\Controllers\Filing\Party))
 5 SYSTEMPATH/CodeIgniter.php(349): CodeIgniter\CodeIgniter->handleRequest(null, Object(Config\Cache), false)
 6 FCPATH/index.php(67): CodeIgniter\CodeIgniter->run()
CRITICAL - 2024-02-28 23:39:32 --> The action you requested is not allowed.
in SYSTEMPATH/Security/Security.php on line 307.
 1 SYSTEMPATH/Security/Security.php(307): CodeIgniter\Security\Exceptions\SecurityException::forDisallowedAction()
 2 SYSTEMPATH/Filters/CSRF.php(55): CodeIgniter\Security\Security->verify(Object(CodeIgniter\HTTP\IncomingRequest))
 3 SYSTEMPATH/Filters/Filters.php(173): CodeIgniter\Filters\CSRF->before(Object(CodeIgniter\HTTP\IncomingRequest), null)
 4 SYSTEMPATH/CodeIgniter.php(453): CodeIgniter\Filters\Filters->run('Supreme_court/Content', 'before')
 5 SYSTEMPATH/CodeIgniter.php(349): CodeIgniter\CodeIgniter->handleRequest(null, Object(Config\Cache), false)
 6 FCPATH/index.php(67): CodeIgniter\CodeIgniter->run()
CRITICAL - 2024-02-28 23:39:32 --> The action you requested is not allowed.
in SYSTEMPATH/Security/Security.php on line 307.
 1 SYSTEMPATH/Security/Security.php(307): CodeIgniter\Security\Exceptions\SecurityException::forDisallowedAction()
 2 SYSTEMPATH/Filters/CSRF.php(55): CodeIgniter\Security\Security->verify(Object(CodeIgniter\HTTP\IncomingRequest))
 3 SYSTEMPATH/Filters/Filters.php(173): CodeIgniter\Filters\CSRF->before(Object(CodeIgniter\HTTP\IncomingRequest), null)
 4 SYSTEMPATH/CodeIgniter.php(453): CodeIgniter\Filters\Filters->run('Supreme_court/Content', 'before')
 5 SYSTEMPATH/CodeIgniter.php(349): CodeIgniter\CodeIgniter->handleRequest(null, Object(Config\Cache), false)
 6 FCPATH/index.php(67): CodeIgniter\CodeIgniter->run()
