CRITICAL - 2024-02-15 10:35:00 --> Undefined array key 0
in APPPATH/Controllers/Filing/Registration.php on line 31.
 1 APPPATH/Controllers/Filing/Registration.php(31): CodeIgniter\Debug\Exceptions->errorHandler(2, 'Undefined array key 0', 'APPPATH/Controllers/Filing/Registration.php', 31)
 2 SYSTEMPATH/CodeIgniter.php(925): App\Controllers\Filing\Registration->index()
 3 SYSTEMPATH/CodeIgniter.php(480): CodeIgniter\CodeIgniter->runController(Object(App\Controllers\Filing\Registration))
 4 SYSTEMPATH/CodeIgniter.php(349): CodeIgniter\CodeIgniter->handleRequest(null, Object(Config\Cache), false)
 5 FCPATH/index.php(67): CodeIgniter\CodeIgniter->run()
CRITICAL - 2024-02-15 10:35:29 --> Undefined array key 0
in APPPATH/Controllers/Filing/Registration.php on line 31.
 1 APPPATH/Controllers/Filing/Registration.php(31): CodeIgniter\Debug\Exceptions->errorHandler(2, 'Undefined array key 0', 'APPPATH/Controllers/Filing/Registration.php', 31)
 2 SYSTEMPATH/CodeIgniter.php(925): App\Controllers\Filing\Registration->index()
 3 SYSTEMPATH/CodeIgniter.php(480): CodeIgniter\CodeIgniter->runController(Object(App\Controllers\Filing\Registration))
 4 SYSTEMPATH/CodeIgniter.php(349): CodeIgniter\CodeIgniter->handleRequest(null, Object(Config\Cache), false)
 5 FCPATH/index.php(67): CodeIgniter\CodeIgniter->run()
CRITICAL - 2024-02-15 10:36:54 --> Undefined array key 0
in APPPATH/Controllers/Filing/Registration.php on line 31.
 1 APPPATH/Controllers/Filing/Registration.php(31): CodeIgniter\Debug\Exceptions->errorHandler(2, 'Undefined array key 0', 'APPPATH/Controllers/Filing/Registration.php', 31)
 2 SYSTEMPATH/CodeIgniter.php(925): App\Controllers\Filing\Registration->index()
 3 SYSTEMPATH/CodeIgniter.php(480): CodeIgniter\CodeIgniter->runController(Object(App\Controllers\Filing\Registration))
 4 SYSTEMPATH/CodeIgniter.php(349): CodeIgniter\CodeIgniter->handleRequest(null, Object(Config\Cache), false)
 5 FCPATH/index.php(67): CodeIgniter\CodeIgniter->run()
CRITICAL - 2024-02-15 10:39:14 --> Undefined array key 0
in APPPATH/Controllers/Filing/Registration.php on line 31.
 1 APPPATH/Controllers/Filing/Registration.php(31): CodeIgniter\Debug\Exceptions->errorHandler(2, 'Undefined array key 0', 'APPPATH/Controllers/Filing/Registration.php', 31)
 2 SYSTEMPATH/CodeIgniter.php(925): App\Controllers\Filing\Registration->index()
 3 SYSTEMPATH/CodeIgniter.php(480): CodeIgniter\CodeIgniter->runController(Object(App\Controllers\Filing\Registration))
 4 SYSTEMPATH/CodeIgniter.php(349): CodeIgniter\CodeIgniter->handleRequest(null, Object(Config\Cache), false)
 5 FCPATH/index.php(67): CodeIgniter\CodeIgniter->run()
CRITICAL - 2024-02-15 10:51:29 --> Undefined array key 0
in APPPATH/Controllers/Filing/Registration.php on line 120.
 1 APPPATH/Controllers/Filing/Registration.php(120): CodeIgniter\Debug\Exceptions->errorHandler(2, 'Undefined array key 0', 'APPPATH/Controllers/Filing/Registration.php', 120)
 2 SYSTEMPATH/CodeIgniter.php(925): App\Controllers\Filing\Registration->register_case()
 3 SYSTEMPATH/CodeIgniter.php(480): CodeIgniter\CodeIgniter->runController(Object(App\Controllers\Filing\Registration))
 4 SYSTEMPATH/CodeIgniter.php(349): CodeIgniter\CodeIgniter->handleRequest(null, Object(Config\Cache), false)
 5 FCPATH/index.php(67): CodeIgniter\CodeIgniter->run()
CRITICAL - 2024-02-15 10:52:13 --> Undefined array key 0
in APPPATH/Controllers/Filing/Registration.php on line 120.
 1 APPPATH/Controllers/Filing/Registration.php(120): CodeIgniter\Debug\Exceptions->errorHandler(2, 'Undefined array key 0', 'APPPATH/Controllers/Filing/Registration.php', 120)
 2 SYSTEMPATH/CodeIgniter.php(925): App\Controllers\Filing\Registration->register_case()
 3 SYSTEMPATH/CodeIgniter.php(480): CodeIgniter\CodeIgniter->runController(Object(App\Controllers\Filing\Registration))
 4 SYSTEMPATH/CodeIgniter.php(349): CodeIgniter\CodeIgniter->handleRequest(null, Object(Config\Cache), false)
 5 FCPATH/index.php(67): CodeIgniter\CodeIgniter->run()
CRITICAL - 2024-02-15 10:53:41 --> Undefined array key 0
in APPPATH/Controllers/Filing/Registration.php on line 120.
 1 APPPATH/Controllers/Filing/Registration.php(120): CodeIgniter\Debug\Exceptions->errorHandler(2, 'Undefined array key 0', 'APPPATH/Controllers/Filing/Registration.php', 120)
 2 SYSTEMPATH/CodeIgniter.php(925): App\Controllers\Filing\Registration->register_case()
 3 SYSTEMPATH/CodeIgniter.php(480): CodeIgniter\CodeIgniter->runController(Object(App\Controllers\Filing\Registration))
 4 SYSTEMPATH/CodeIgniter.php(349): CodeIgniter\CodeIgniter->handleRequest(null, Object(Config\Cache), false)
 5 FCPATH/index.php(67): CodeIgniter\CodeIgniter->run()
CRITICAL - 2024-02-15 10:53:54 --> Undefined array key 0
in APPPATH/Controllers/Filing/Registration.php on line 120.
 1 APPPATH/Controllers/Filing/Registration.php(120): CodeIgniter\Debug\Exceptions->errorHandler(2, 'Undefined array key 0', 'APPPATH/Controllers/Filing/Registration.php', 120)
 2 SYSTEMPATH/CodeIgniter.php(925): App\Controllers\Filing\Registration->register_case()
 3 SYSTEMPATH/CodeIgniter.php(480): CodeIgniter\CodeIgniter->runController(Object(App\Controllers\Filing\Registration))
 4 SYSTEMPATH/CodeIgniter.php(349): CodeIgniter\CodeIgniter->handleRequest(null, Object(Config\Cache), false)
 5 FCPATH/index.php(67): CodeIgniter\CodeIgniter->run()
CRITICAL - 2024-02-15 10:54:05 --> Undefined array key 0
in APPPATH/Controllers/Filing/Registration.php on line 120.
 1 APPPATH/Controllers/Filing/Registration.php(120): CodeIgniter\Debug\Exceptions->errorHandler(2, 'Undefined array key 0', 'APPPATH/Controllers/Filing/Registration.php', 120)
 2 SYSTEMPATH/CodeIgniter.php(925): App\Controllers\Filing\Registration->register_case()
 3 SYSTEMPATH/CodeIgniter.php(480): CodeIgniter\CodeIgniter->runController(Object(App\Controllers\Filing\Registration))
 4 SYSTEMPATH/CodeIgniter.php(349): CodeIgniter\CodeIgniter->handleRequest(null, Object(Config\Cache), false)
 5 FCPATH/index.php(67): CodeIgniter\CodeIgniter->run()
CRITICAL - 2024-02-15 14:26:38 --> Undefined array key "filing_details"
in APPPATH/Controllers/Filing/Tagging.php on line 22.
 1 APPPATH/Controllers/Filing/Tagging.php(22): CodeIgniter\Debug\Exceptions->errorHandler(2, 'Undefined array key "filing_details"', 'APPPATH/Controllers/Filing/Tagging.php', 22)
 2 SYSTEMPATH/CodeIgniter.php(925): App\Controllers\Filing\Tagging->index()
 3 SYSTEMPATH/CodeIgniter.php(480): CodeIgniter\CodeIgniter->runController(Object(App\Controllers\Filing\Tagging))
 4 SYSTEMPATH/CodeIgniter.php(349): CodeIgniter\CodeIgniter->handleRequest(null, Object(Config\Cache), false)
 5 FCPATH/index.php(67): CodeIgniter\CodeIgniter->run()
CRITICAL - 2024-02-15 02:58:34 --> Undefined array key "filing_details"
in APPPATH/Controllers/Filing/Verification.php on line 23.
 1 APPPATH/Controllers/Filing/Verification.php(23): CodeIgniter\Debug\Exceptions->errorHandler(2, 'Undefined array key "filing_details"', 'APPPATH/Controllers/Filing/Verification.php', 23)
 2 SYSTEMPATH/CodeIgniter.php(925): App\Controllers\Filing\Verification->index()
 3 SYSTEMPATH/CodeIgniter.php(480): CodeIgniter\CodeIgniter->runController(Object(App\Controllers\Filing\Verification))
 4 SYSTEMPATH/CodeIgniter.php(349): CodeIgniter\CodeIgniter->handleRequest(null, Object(Config\Cache), false)
 5 FCPATH/index.php(67): CodeIgniter\CodeIgniter->run()
CRITICAL - 2024-02-15 03:37:55 --> The action you requested is not allowed.
in SYSTEMPATH/Security/Security.php on line 307.
 1 SYSTEMPATH/Security/Security.php(307): CodeIgniter\Security\Exceptions\SecurityException::forDisallowedAction()
 2 SYSTEMPATH/Filters/CSRF.php(55): CodeIgniter\Security\Security->verify(Object(CodeIgniter\HTTP\IncomingRequest))
 3 SYSTEMPATH/Filters/Filters.php(173): CodeIgniter\Filters\CSRF->before(Object(CodeIgniter\HTTP\IncomingRequest), null)
 4 SYSTEMPATH/CodeIgniter.php(453): CodeIgniter\Filters\Filters->run('Filing/Coram/delete', 'before')
 5 SYSTEMPATH/CodeIgniter.php(349): CodeIgniter\CodeIgniter->handleRequest(null, Object(Config\Cache), false)
 6 FCPATH/index.php(67): CodeIgniter\CodeIgniter->run()
CRITICAL - 2024-02-15 04:05:11 --> The action you requested is not allowed.
in SYSTEMPATH/Security/Security.php on line 307.
 1 SYSTEMPATH/Security/Security.php(307): CodeIgniter\Security\Exceptions\SecurityException::forDisallowedAction()
 2 SYSTEMPATH/Filters/CSRF.php(55): CodeIgniter\Security\Security->verify(Object(CodeIgniter\HTTP\IncomingRequest))
 3 SYSTEMPATH/Filters/Filters.php(173): CodeIgniter\Filters\CSRF->before(Object(CodeIgniter\HTTP\IncomingRequest), null)
 4 SYSTEMPATH/CodeIgniter.php(453): CodeIgniter\Filters\Filters->run('Supreme_court/Content', 'before')
 5 SYSTEMPATH/CodeIgniter.php(349): CodeIgniter\CodeIgniter->handleRequest(null, Object(Config\Cache), false)
 6 FCPATH/index.php(67): CodeIgniter\CodeIgniter->run()
CRITICAL - 2024-02-15 16:35:59 --> Call to undefined method CodeIgniter\Database\Postgre\Builder::where_not_in()
in APPPATH/Models/Filing/IADocumentModel.php on line 540.
 1 APPPATH/Controllers/Filing/Ia_documents.php(59): App\Models\Filing\IADocumentModel->getDoc_type1('22212023')
 2 SYSTEMPATH/CodeIgniter.php(925): App\Controllers\Filing\Ia_documents->getDoc_type1()
 3 SYSTEMPATH/CodeIgniter.php(480): CodeIgniter\CodeIgniter->runController(Object(App\Controllers\Filing\Ia_documents))
 4 SYSTEMPATH/CodeIgniter.php(349): CodeIgniter\CodeIgniter->handleRequest(null, Object(Config\Cache), false)
 5 FCPATH/index.php(67): CodeIgniter\CodeIgniter->run()
CRITICAL - 2024-02-15 16:41:51 --> Call to undefined method CodeIgniter\Database\Postgre\Builder::where_not_in()
in APPPATH/Models/Filing/IADocumentModel.php on line 540.
 1 APPPATH/Controllers/Filing/Ia_documents.php(59): App\Models\Filing\IADocumentModel->getDoc_type1('22212023')
 2 SYSTEMPATH/CodeIgniter.php(925): App\Controllers\Filing\Ia_documents->getDoc_type1()
 3 SYSTEMPATH/CodeIgniter.php(480): CodeIgniter\CodeIgniter->runController(Object(App\Controllers\Filing\Ia_documents))
 4 SYSTEMPATH/CodeIgniter.php(349): CodeIgniter\CodeIgniter->handleRequest(null, Object(Config\Cache), false)
 5 FCPATH/index.php(67): CodeIgniter\CodeIgniter->run()
CRITICAL - 2024-02-15 23:20:46 --> The action you requested is not allowed.
in SYSTEMPATH/Security/Security.php on line 307.
 1 SYSTEMPATH/Security/Security.php(307): CodeIgniter\Security\Exceptions\SecurityException::forDisallowedAction()
 2 SYSTEMPATH/Filters/CSRF.php(55): CodeIgniter\Security\Security->verify(Object(CodeIgniter\HTTP\IncomingRequest))
 3 SYSTEMPATH/Filters/Filters.php(173): CodeIgniter\Filters\CSRF->before(Object(CodeIgniter\HTTP\IncomingRequest), null)
 4 SYSTEMPATH/CodeIgniter.php(453): CodeIgniter\Filters\Filters->run('Filing/Efiling/doc_for_refiling', 'before')
 5 SYSTEMPATH/CodeIgniter.php(349): CodeIgniter\CodeIgniter->handleRequest(null, Object(Config\Cache), false)
 6 FCPATH/index.php(67): CodeIgniter\CodeIgniter->run()
