CRITICAL - 2023-10-17 00:00:18 --> Call to undefined function App\Controllers\Common\url_encryption()
in APPPATH/Controllers/Common/Ajaxcalls.php on line 37.
 1 SYSTEMPATH/CodeIgniter.php(925): App\Controllers\Common\Ajaxcalls->get_high_court()
 2 SYSTEMPATH/CodeIgniter.php(480): CodeIgniter\CodeIgniter->runController(Object(App\Controllers\Common\Ajaxcalls))
 3 SYSTEMPATH/CodeIgniter.php(349): CodeIgniter\CodeIgniter->handleRequest(null, Object(Config\Cache), false)
 4 FCPATH/index.php(67): CodeIgniter\CodeIgniter->run()
CRITICAL - 2023-10-17 00:00:18 --> Call to undefined function App\Controllers\Common\url_encryption()
in APPPATH/Controllers/Common/Ajaxcalls.php on line 37.
 1 SYSTEMPATH/CodeIgniter.php(925): App\Controllers\Common\Ajaxcalls->get_high_court()
 2 SYSTEMPATH/CodeIgniter.php(480): CodeIgniter\CodeIgniter->runController(Object(App\Controllers\Common\Ajaxcalls))
 3 SYSTEMPATH/CodeIgniter.php(349): CodeIgniter\CodeIgniter->handleRequest(null, Object(Config\Cache), false)
 4 FCPATH/index.php(67): CodeIgniter\CodeIgniter->run()
CRITICAL - 2023-10-17 00:00:19 --> Call to undefined function App\Controllers\Common\url_encryption()
in APPPATH/Controllers/Common/Ajaxcalls.php on line 37.
 1 SYSTEMPATH/CodeIgniter.php(925): App\Controllers\Common\Ajaxcalls->get_high_court()
 2 SYSTEMPATH/CodeIgniter.php(480): CodeIgniter\CodeIgniter->runController(Object(App\Controllers\Common\Ajaxcalls))
 3 SYSTEMPATH/CodeIgniter.php(349): CodeIgniter\CodeIgniter->handleRequest(null, Object(Config\Cache), false)
 4 FCPATH/index.php(67): CodeIgniter\CodeIgniter->run()
CRITICAL - 2023-10-17 00:00:19 --> Call to undefined function App\Controllers\Common\url_encryption()
in APPPATH/Controllers/Common/Ajaxcalls.php on line 37.
 1 SYSTEMPATH/CodeIgniter.php(925): App\Controllers\Common\Ajaxcalls->get_high_court()
 2 SYSTEMPATH/CodeIgniter.php(480): CodeIgniter\CodeIgniter->runController(Object(App\Controllers\Common\Ajaxcalls))
 3 SYSTEMPATH/CodeIgniter.php(349): CodeIgniter\CodeIgniter->handleRequest(null, Object(Config\Cache), false)
 4 FCPATH/index.php(67): CodeIgniter\CodeIgniter->run()
CRITICAL - 2023-10-17 00:00:20 --> Call to undefined function App\Controllers\Common\url_encryption()
in APPPATH/Controllers/Common/Ajaxcalls.php on line 37.
 1 SYSTEMPATH/CodeIgniter.php(925): App\Controllers\Common\Ajaxcalls->get_high_court()
 2 SYSTEMPATH/CodeIgniter.php(480): CodeIgniter\CodeIgniter->runController(Object(App\Controllers\Common\Ajaxcalls))
 3 SYSTEMPATH/CodeIgniter.php(349): CodeIgniter\CodeIgniter->handleRequest(null, Object(Config\Cache), false)
 4 FCPATH/index.php(67): CodeIgniter\CodeIgniter->run()
CRITICAL - 2023-10-17 00:01:20 --> Call to undefined function App\Controllers\Common\url_encryption()
in APPPATH/Controllers/Common/Ajaxcalls.php on line 37.
 1 SYSTEMPATH/CodeIgniter.php(925): App\Controllers\Common\Ajaxcalls->get_high_court()
 2 SYSTEMPATH/CodeIgniter.php(480): CodeIgniter\CodeIgniter->runController(Object(App\Controllers\Common\Ajaxcalls))
 3 SYSTEMPATH/CodeIgniter.php(349): CodeIgniter\CodeIgniter->handleRequest(null, Object(Config\Cache), false)
 4 FCPATH/index.php(67): CodeIgniter\CodeIgniter->run()
CRITICAL - 2023-10-17 00:01:21 --> Call to undefined function App\Controllers\Common\url_encryption()
in APPPATH/Controllers/Common/Ajaxcalls.php on line 37.
 1 SYSTEMPATH/CodeIgniter.php(925): App\Controllers\Common\Ajaxcalls->get_high_court()
 2 SYSTEMPATH/CodeIgniter.php(480): CodeIgniter\CodeIgniter->runController(Object(App\Controllers\Common\Ajaxcalls))
 3 SYSTEMPATH/CodeIgniter.php(349): CodeIgniter\CodeIgniter->handleRequest(null, Object(Config\Cache), false)
 4 FCPATH/index.php(67): CodeIgniter\CodeIgniter->run()
CRITICAL - 2023-10-17 00:01:22 --> Call to undefined function App\Controllers\Common\url_encryption()
in APPPATH/Controllers/Common/Ajaxcalls.php on line 37.
 1 SYSTEMPATH/CodeIgniter.php(925): App\Controllers\Common\Ajaxcalls->get_high_court()
 2 SYSTEMPATH/CodeIgniter.php(480): CodeIgniter\CodeIgniter->runController(Object(App\Controllers\Common\Ajaxcalls))
 3 SYSTEMPATH/CodeIgniter.php(349): CodeIgniter\CodeIgniter->handleRequest(null, Object(Config\Cache), false)
 4 FCPATH/index.php(67): CodeIgniter\CodeIgniter->run()
CRITICAL - 2023-10-17 00:01:22 --> Call to undefined function App\Controllers\Common\url_encryption()
in APPPATH/Controllers/Common/Ajaxcalls.php on line 37.
 1 SYSTEMPATH/CodeIgniter.php(925): App\Controllers\Common\Ajaxcalls->get_high_court()
 2 SYSTEMPATH/CodeIgniter.php(480): CodeIgniter\CodeIgniter->runController(Object(App\Controllers\Common\Ajaxcalls))
 3 SYSTEMPATH/CodeIgniter.php(349): CodeIgniter\CodeIgniter->handleRequest(null, Object(Config\Cache), false)
 4 FCPATH/index.php(67): CodeIgniter\CodeIgniter->run()
CRITICAL - 2023-10-17 00:02:13 --> Cannot redeclare sendSMS() (previously declared in /var/www/html/app/Helpers/functions_helper.php:52)
in APPPATH/Helpers/common_helper.php on line 77.
 1 [internal function]: CodeIgniter\Debug\Exceptions->shutdownHandler()
CRITICAL - 2023-10-17 00:03:58 --> Cannot redeclare generateRandomString() (previously declared in /var/www/html/app/Helpers/functions_helper.php:59)
in APPPATH/Helpers/common_helper.php on line 86.
 1 [internal function]: CodeIgniter\Debug\Exceptions->shutdownHandler()
CRITICAL - 2023-10-17 00:04:17 --> Cannot redeclare get_diff_two_date() (previously declared in /var/www/html/app/Helpers/functions_helper.php:73)
in APPPATH/Helpers/common_helper.php on line 102.
 1 [internal function]: CodeIgniter\Debug\Exceptions->shutdownHandler()
CRITICAL - 2023-10-17 00:04:39 --> Undefined array key "id"
in APPPATH/Controllers/Common/Ajaxcalls.php on line 38.
 1 APPPATH/Controllers/Common/Ajaxcalls.php(38): CodeIgniter\Debug\Exceptions->errorHandler(2, 'Undefined array key "id"', 'APPPATH/Controllers/Common/Ajaxcalls.php', 38)
 2 SYSTEMPATH/CodeIgniter.php(925): App\Controllers\Common\Ajaxcalls->get_high_court()
 3 SYSTEMPATH/CodeIgniter.php(480): CodeIgniter\CodeIgniter->runController(Object(App\Controllers\Common\Ajaxcalls))
 4 SYSTEMPATH/CodeIgniter.php(349): CodeIgniter\CodeIgniter->handleRequest(null, Object(Config\Cache), false)
 5 FCPATH/index.php(67): CodeIgniter\CodeIgniter->run()
CRITICAL - 2023-10-17 00:05:53 --> Undefined array key "name"
in APPPATH/Controllers/Common/Ajaxcalls.php on line 39.
 1 APPPATH/Controllers/Common/Ajaxcalls.php(39): CodeIgniter\Debug\Exceptions->errorHandler(2, 'Undefined array key "name"', 'APPPATH/Controllers/Common/Ajaxcalls.php', 39)
 2 SYSTEMPATH/CodeIgniter.php(925): App\Controllers\Common\Ajaxcalls->get_high_court()
 3 SYSTEMPATH/CodeIgniter.php(480): CodeIgniter\CodeIgniter->runController(Object(App\Controllers\Common\Ajaxcalls))
 4 SYSTEMPATH/CodeIgniter.php(349): CodeIgniter\CodeIgniter->handleRequest(null, Object(Config\Cache), false)
 5 FCPATH/index.php(67): CodeIgniter\CodeIgniter->run()
CRITICAL - 2023-10-17 00:06:16 --> pg_escape_string(): Automatic fetching of PostgreSQL connection is deprecated
in APPPATH/Helpers/functions_helper.php on line 130.
 1 [internal function]: CodeIgniter\Debug\Exceptions->errorHandler(8192, 'pg_escape_string(): Automatic fetching of PostgreSQL connection is deprecated', 'APPPATH/Helpers/functions_helper.php', 130)
 2 APPPATH/Helpers/functions_helper.php(130): pg_escape_string('b803c32f30a7ea65b1a6814215fb2f33cb3d64faf78706405a2c33bc873fb8ad8ca7782e895c5a7f1b142918cc4b0291327fc98954e62e9f1bb8279895fcf57b239a7d209b2a0a2c888e0753f68d2dd703839e1670c59c23cba1aa45f7')
 3 APPPATH/Controllers/Common/Ajaxcalls.php(39): escape_data('b803c32f30a7ea65b1a6814215fb2f33cb3d64faf78706405a2c33bc873fb8ad8ca7782e895c5a7f1b142918cc4b0291327fc98954e62e9f1bb8279895fcf57b239a7d209b2a0a2c888e0753f68d2dd703839e1670c59c23cba1aa45f7')
 4 SYSTEMPATH/CodeIgniter.php(925): App\Controllers\Common\Ajaxcalls->get_high_court()
 5 SYSTEMPATH/CodeIgniter.php(480): CodeIgniter\CodeIgniter->runController(Object(App\Controllers\Common\Ajaxcalls))
 6 SYSTEMPATH/CodeIgniter.php(349): CodeIgniter\CodeIgniter->handleRequest(null, Object(Config\Cache), false)
 7 FCPATH/index.php(67): CodeIgniter\CodeIgniter->run()
CRITICAL - 2023-10-17 00:50:21 --> Call to undefined method CodeIgniter\Database\Postgre\Connection::where()
in APPPATH/Models/Common/Dropdown_list_model.php on line 35.
 1 APPPATH/Controllers/Common/Ajaxcalls.php(52): App\Models\Common\Dropdown_list_model->hc_bench(27)
 2 SYSTEMPATH/CodeIgniter.php(925): App\Controllers\Common\Ajaxcalls->get_hc_bench_list()
 3 SYSTEMPATH/CodeIgniter.php(480): CodeIgniter\CodeIgniter->runController(Object(App\Controllers\Common\Ajaxcalls))
 4 SYSTEMPATH/CodeIgniter.php(349): CodeIgniter\CodeIgniter->handleRequest(null, Object(Config\Cache), false)
 5 FCPATH/index.php(67): CodeIgniter\CodeIgniter->run()
CRITICAL - 2023-10-17 03:55:28 --> unlink(/var/www/html/writable/session/icmis_session207c263c8511efc590f639629cad26b3a0a277817be2455210016434bd8a4a6a0eab1e87): No such file or directory
in SYSTEMPATH/Session/Handlers/FileHandler.php on line 248.
 1 [internal function]: CodeIgniter\Debug\Exceptions->errorHandler(2, 'unlink(/var/www/html/writable/session/icmis_session207c263c8511efc590f639629cad26b3a0a277817be2455210016434bd8a4a6a0eab1e87): No such file or directory', 'SYSTEMPATH/Session/Handlers/FileHandler.php', 248)
 2 SYSTEMPATH/Session/Handlers/FileHandler.php(248): unlink('ROOTPATH/writable/session/icmis_session207c263c8511efc590f639629cad26b3a0a277817be2455210016434bd8a4a6a0eab1e87')
 3 [internal function]: CodeIgniter\Session\Handlers\FileHandler->destroy('a0a277817be2455210016434bd8a4a6a0eab1e87')
 4 SYSTEMPATH/Session/Session.php(408): session_regenerate_id(true)
 5 SYSTEMPATH/Session/Session.php(244): CodeIgniter\Session\Session->regenerate(true)
 6 SYSTEMPATH/Config/Services.php(665): CodeIgniter\Session\Session->start()
 7 SYSTEMPATH/Config/BaseService.php(253): CodeIgniter\Config\Services::session(Object(Config\App), false)
 8 SYSTEMPATH/Config/BaseService.php(194): CodeIgniter\Config\BaseService::__callStatic('session', [...])
 9 SYSTEMPATH/Config/Services.php(637): CodeIgniter\Config\BaseService::getSharedInstance('session', null)
10 SYSTEMPATH/Config/BaseService.php(253): CodeIgniter\Config\Services::session()
11 SYSTEMPATH/Security/Security.php(221): CodeIgniter\Config\BaseService::__callStatic('session', [])
12 SYSTEMPATH/Security/Security.php(202): CodeIgniter\Security\Security->configureSession()
13 SYSTEMPATH/Config/Services.php(626): CodeIgniter\Security\Security->__construct(Object(Config\App))
14 SYSTEMPATH/Config/BaseService.php(253): CodeIgniter\Config\Services::security(Object(Config\App), false)
15 SYSTEMPATH/Config/BaseService.php(194): CodeIgniter\Config\BaseService::__callStatic('security', [...])
16 SYSTEMPATH/Config/Services.php(621): CodeIgniter\Config\BaseService::getSharedInstance('security', null)
17 SYSTEMPATH/Config/BaseService.php(253): CodeIgniter\Config\Services::security()
18 SYSTEMPATH/Filters/CSRF.php(52): CodeIgniter\Config\BaseService::__callStatic('security', [])
19 SYSTEMPATH/Filters/Filters.php(173): CodeIgniter\Filters\CSRF->before(Object(CodeIgniter\HTTP\IncomingRequest), null)
20 SYSTEMPATH/CodeIgniter.php(453): CodeIgniter\Filters\Filters->run('dist/img/user8-128x128.jpg', 'before')
21 SYSTEMPATH/CodeIgniter.php(349): CodeIgniter\CodeIgniter->handleRequest(null, Object(Config\Cache), false)
22 FCPATH/index.php(67): CodeIgniter\CodeIgniter->run()
