ERROR - 2024-02-19 10:43:14 --> ErrorException: pg_query(): Query failed: ERROR:  invalid input syntax for type bigint: &quot;&quot;
LINE 1: ...VIL SUPPLIES AND CONSUMER PROTECTION DEPARTMENT', '', 0, '10...
                                                             ^ in /var/www/html/system/Database/Postgre/Connection.php:140
Stack trace:
#0 [internal function]: CodeIgniter\Debug\Exceptions->errorHandler(2, 'pg_query(): Que...', '/var/www/html/s...', 140)
#1 /var/www/html/system/Database/Postgre/Connection.php(140): pg_query(Object(PgSql\Connection), 'INSERT INTO "ca...')
#2 /var/www/html/system/Database/BaseConnection.php(666): CodeIgniter\Database\Postgre\Connection->execute('INSERT INTO "ca...')
#3 /var/www/html/system/Database/BaseConnection.php(593): CodeIgniter\Database\BaseConnection->simpleQuery('INSERT INTO "ca...')
#4 /var/www/html/system/Database/BaseBuilder.php(1916): CodeIgniter\Database\BaseConnection->query('INSERT INTO "ca...', Array, false)
#5 /var/www/html/app/Helpers/common_helper.php(35): CodeIgniter\Database\BaseBuilder->insert(Array)
#6 /var/www/html/app/Controllers/Caveat/Generation.php(204): insert('caveat', Array)
#7 /var/www/html/system/CodeIgniter.php(925): App\Controllers\Caveat\Generation->save_caveat()
#8 /var/www/html/system/CodeIgniter.php(480): CodeIgniter\CodeIgniter->runController(Object(App\Controllers\Caveat\Generation))
#9 /var/www/html/system/CodeIgniter.php(349): CodeIgniter\CodeIgniter->handleRequest(NULL, Object(Config\Cache), false)
#10 /var/www/html/public/index.php(67): CodeIgniter\CodeIgniter->run()
#11 {main}
CRITICAL - 2024-02-19 10:43:14 --> pg_query(): Query failed: ERROR:  invalid input syntax for type bigint: &quot;&quot;
LINE 1: ...VIL SUPPLIES AND CONSUMER PROTECTION DEPARTMENT', '', 0, '10...
                                                             ^
in SYSTEMPATH/Database/Postgre/Connection.php on line 140.
 1 [internal function]: CodeIgniter\Debug\Exceptions->errorHandler(2, 'pg_query(): Query failed: ERROR:  invalid input syntax for type bigint: &quot;&quot;
LINE 1: ...VIL SUPPLIES AND CONSUMER PROTECTION DEPARTMENT\', \'\', 0, \'10...
                                                             ^', 'SYSTEMPATH/Database/Postgre/Connection.php', 140)
 2 SYSTEMPATH/Database/Postgre/Connection.php(140): pg_query(Object(PgSql\Connection), 'INSERT INTO "caveat" ("pet_name", "res_name", "pet_adv_id", "res_adv_id", "caveat_no", "diary_no_rec_date", "diary_user_id", "ref_agency_state_id", "ref_agency_code_id", "c_status", "case_grp", "casetype_id", "from_court", "padvt", "radvt", "case_status_id", "nature", "pno", "rno", "court_fee", "casetype_name", "scr_user", "scr_type", "undertaking_doc_type", "undertaking_reason", "total_court_fee", "valuation", "brief_description", "ack_id", "ack_rec_dt", "fil_no_fh", "mf_active", "create_modify", "updated_on", "updated_by", "updated_by_ip") VALUES (\'ABC\', \'FOOD, CIVIL SUPPLIES AND CONSUMER PROTECTION DEPARTMENT\', \'\', 0, \'102024\', \'2024-02-19 10:43:14\', \'1\', \'490506\', \'14\', \'P\', \'C\', \'3\', \'1\', \'S\', \'A\', 1, 1, \'1\', \'1\', \'4511\', \' \', 0, \'\', 0, \'\', \'4511\', 0, \'\', 0, \'\', 0, \' \', \'2024-02-19 10:43:14\', \'2024-02-19 10:43:14\', \'1\', \'10.40.186.43\')')
 3 SYSTEMPATH/Database/BaseConnection.php(666): CodeIgniter\Database\Postgre\Connection->execute('INSERT INTO "caveat" ("pet_name", "res_name", "pet_adv_id", "res_adv_id", "caveat_no", "diary_no_rec_date", "diary_user_id", "ref_agency_state_id", "ref_agency_code_id", "c_status", "case_grp", "casetype_id", "from_court", "padvt", "radvt", "case_status_id", "nature", "pno", "rno", "court_fee", "casetype_name", "scr_user", "scr_type", "undertaking_doc_type", "undertaking_reason", "total_court_fee", "valuation", "brief_description", "ack_id", "ack_rec_dt", "fil_no_fh", "mf_active", "create_modify", "updated_on", "updated_by", "updated_by_ip") VALUES (\'ABC\', \'FOOD, CIVIL SUPPLIES AND CONSUMER PROTECTION DEPARTMENT\', \'\', 0, \'102024\', \'2024-02-19 10:43:14\', \'1\', \'490506\', \'14\', \'P\', \'C\', \'3\', \'1\', \'S\', \'A\', 1, 1, \'1\', \'1\', \'4511\', \' \', 0, \'\', 0, \'\', \'4511\', 0, \'\', 0, \'\', 0, \' \', \'2024-02-19 10:43:14\', \'2024-02-19 10:43:14\', \'1\', \'10.40.186.43\')')
 4 SYSTEMPATH/Database/BaseConnection.php(593): CodeIgniter\Database\BaseConnection->simpleQuery('INSERT INTO "caveat" ("pet_name", "res_name", "pet_adv_id", "res_adv_id", "caveat_no", "diary_no_rec_date", "diary_user_id", "ref_agency_state_id", "ref_agency_code_id", "c_status", "case_grp", "casetype_id", "from_court", "padvt", "radvt", "case_status_id", "nature", "pno", "rno", "court_fee", "casetype_name", "scr_user", "scr_type", "undertaking_doc_type", "undertaking_reason", "total_court_fee", "valuation", "brief_description", "ack_id", "ack_rec_dt", "fil_no_fh", "mf_active", "create_modify", "updated_on", "updated_by", "updated_by_ip") VALUES (\'ABC\', \'FOOD, CIVIL SUPPLIES AND CONSUMER PROTECTION DEPARTMENT\', \'\', 0, \'102024\', \'2024-02-19 10:43:14\', \'1\', \'490506\', \'14\', \'P\', \'C\', \'3\', \'1\', \'S\', \'A\', 1, 1, \'1\', \'1\', \'4511\', \' \', 0, \'\', 0, \'\', \'4511\', 0, \'\', 0, \'\', 0, \' \', \'2024-02-19 10:43:14\', \'2024-02-19 10:43:14\', \'1\', \'10.40.186.43\')')
 5 SYSTEMPATH/Database/BaseBuilder.php(1916): CodeIgniter\Database\BaseConnection->query('INSERT INTO "caveat" ("pet_name", "res_name", "pet_adv_id", "res_adv_id", "caveat_no", "diary_no_rec_date", "diary_user_id", "ref_agency_state_id", "ref_agency_code_id", "c_status", "case_grp", "casetype_id", "from_court", "padvt", "radvt", "case_status_id", "nature", "pno", "rno", "court_fee", "casetype_name", "scr_user", "scr_type", "undertaking_doc_type", "undertaking_reason", "total_court_fee", "valuation", "brief_description", "ack_id", "ack_rec_dt", "fil_no_fh", "mf_active", "create_modify", "updated_on", "updated_by", "updated_by_ip") VALUES (:pet_name:, :res_name:, :pet_adv_id:, :res_adv_id:, :caveat_no:, :diary_no_rec_date:, :diary_user_id:, :ref_agency_state_id:, :ref_agency_code_id:, :c_status:, :case_grp:, :casetype_id:, :from_court:, :padvt:, :radvt:, :case_status_id:, :nature:, :pno:, :rno:, :court_fee:, :casetype_name:, :scr_user:, :scr_type:, :undertaking_doc_type:, :undertaking_reason:, :total_court_fee:, :valuation:, :brief_description:, :ack_id:, :ack_rec_dt:, :fil_no_fh:, :mf_active:, :create_modify:, :updated_on:, :updated_by:, :updated_by_ip:)', [...], false)
 6 APPPATH/Helpers/common_helper.php(35): CodeIgniter\Database\BaseBuilder->insert([...])
 7 APPPATH/Controllers/Caveat/Generation.php(204): insert('FCPATH/caveat', [...])
 8 SYSTEMPATH/CodeIgniter.php(925): App\Controllers\Caveat\Generation->save_caveat()
 9 SYSTEMPATH/CodeIgniter.php(480): CodeIgniter\CodeIgniter->runController(Object(App\Controllers\Caveat\Generation))
10 SYSTEMPATH/CodeIgniter.php(349): CodeIgniter\CodeIgniter->handleRequest(null, Object(Config\Cache), false)
11 FCPATH/index.php(67): CodeIgniter\CodeIgniter->run()
ERROR - 2024-02-19 10:58:06 --> ErrorException: pg_query(): Query failed: ERROR:  invalid input syntax for type integer: &quot;DIRECTOR&quot;
LINE 1: ...', &quot;sonof&quot; = ' ', &quot;authcode&quot; = '43', &quot;deptcode&quot; = 'DIRECTOR'...
                                                             ^ in /var/www/html/system/Database/Postgre/Connection.php:140
Stack trace:
#0 [internal function]: CodeIgniter\Debug\Exceptions->errorHandler(2, 'pg_query(): Que...', '/var/www/html/s...', 140)
#1 /var/www/html/system/Database/Postgre/Connection.php(140): pg_query(Object(PgSql\Connection), 'UPDATE "caveat_...')
#2 /var/www/html/system/Database/BaseConnection.php(666): CodeIgniter\Database\Postgre\Connection->execute('UPDATE "caveat_...')
#3 /var/www/html/system/Database/BaseConnection.php(593): CodeIgniter\Database\BaseConnection->simpleQuery('UPDATE "caveat_...')
#4 /var/www/html/system/Database/BaseBuilder.php(2079): CodeIgniter\Database\BaseConnection->query('UPDATE "caveat_...', Array, false)
#5 /var/www/html/app/Helpers/common_helper.php(43): CodeIgniter\Database\BaseBuilder->update(Array)
#6 /var/www/html/app/Controllers/Caveat/Modify.php(276): update('caveat_party', Array, Array)
#7 /var/www/html/system/CodeIgniter.php(925): App\Controllers\Caveat\Modify->save_caveat()
#8 /var/www/html/system/CodeIgniter.php(480): CodeIgniter\CodeIgniter->runController(Object(App\Controllers\Caveat\Modify))
#9 /var/www/html/system/CodeIgniter.php(349): CodeIgniter\CodeIgniter->handleRequest(NULL, Object(Config\Cache), false)
#10 /var/www/html/public/index.php(67): CodeIgniter\CodeIgniter->run()
#11 {main}
CRITICAL - 2024-02-19 10:58:06 --> pg_query(): Query failed: ERROR:  invalid input syntax for type integer: &quot;DIRECTOR&quot;
LINE 1: ...', &quot;sonof&quot; = ' ', &quot;authcode&quot; = '43', &quot;deptcode&quot; = 'DIRECTOR'...
                                                             ^
in SYSTEMPATH/Database/Postgre/Connection.php on line 140.
 1 [internal function]: CodeIgniter\Debug\Exceptions->errorHandler(2, 'pg_query(): Query failed: ERROR:  invalid input syntax for type integer: &quot;DIRECTOR&quot;
LINE 1: ...\', &quot;sonof&quot; = \' \', &quot;authcode&quot; = \'43\', &quot;deptcode&quot; = \'DIRECTOR\'...
                                                             ^', 'SYSTEMPATH/Database/Postgre/Connection.php', 140)
 2 SYSTEMPATH/Database/Postgre/Connection.php(140): pg_query(Object(PgSql\Connection), 'UPDATE "caveat_party" SET "ind_dep" = \'D3\', "partyname" = \'THE STATE OF PUNJAB COMMISSION FOOD AND CIVIL SUPPLY JOINT DIRECTOR\', "partysuff" = \'THE STATE OF PUNJAB COMMISSION FOOD AND CIVIL SUPPLY\', "prfhname" = \'\', "age" = NULL, "sex" = NULL, "addr1" = \'JOINT DIRECTOR\', "addr2" = \'AMRITSAR\', "dstname" = \'AMRITSAR\', "state" = \'226817\', "city" = \'228441\', "pin" = NULL, "email" = \'abc@gmail.com\', "contact" = \'4514545121\', "sonof" = \' \', "authcode" = \'43\', "deptcode" = \'DIRECTOR\', "state_in_name" = \'730\', "country" = \'96\', "updated_on" = \'2024-02-19 10:58:06\', "updated_by" = \'1\', "updated_by_ip" = \'10.40.186.43\'
WHERE "caveat_no" = \'45122023\'
AND "pet_res" = \'P\'
AND "sr_no" = 1')
 3 SYSTEMPATH/Database/BaseConnection.php(666): CodeIgniter\Database\Postgre\Connection->execute('UPDATE "caveat_party" SET "ind_dep" = \'D3\', "partyname" = \'THE STATE OF PUNJAB COMMISSION FOOD AND CIVIL SUPPLY JOINT DIRECTOR\', "partysuff" = \'THE STATE OF PUNJAB COMMISSION FOOD AND CIVIL SUPPLY\', "prfhname" = \'\', "age" = NULL, "sex" = NULL, "addr1" = \'JOINT DIRECTOR\', "addr2" = \'AMRITSAR\', "dstname" = \'AMRITSAR\', "state" = \'226817\', "city" = \'228441\', "pin" = NULL, "email" = \'abc@gmail.com\', "contact" = \'4514545121\', "sonof" = \' \', "authcode" = \'43\', "deptcode" = \'DIRECTOR\', "state_in_name" = \'730\', "country" = \'96\', "updated_on" = \'2024-02-19 10:58:06\', "updated_by" = \'1\', "updated_by_ip" = \'10.40.186.43\'
WHERE "caveat_no" = \'45122023\'
AND "pet_res" = \'P\'
AND "sr_no" = 1')
 4 SYSTEMPATH/Database/BaseConnection.php(593): CodeIgniter\Database\BaseConnection->simpleQuery('UPDATE "caveat_party" SET "ind_dep" = \'D3\', "partyname" = \'THE STATE OF PUNJAB COMMISSION FOOD AND CIVIL SUPPLY JOINT DIRECTOR\', "partysuff" = \'THE STATE OF PUNJAB COMMISSION FOOD AND CIVIL SUPPLY\', "prfhname" = \'\', "age" = NULL, "sex" = NULL, "addr1" = \'JOINT DIRECTOR\', "addr2" = \'AMRITSAR\', "dstname" = \'AMRITSAR\', "state" = \'226817\', "city" = \'228441\', "pin" = NULL, "email" = \'abc@gmail.com\', "contact" = \'4514545121\', "sonof" = \' \', "authcode" = \'43\', "deptcode" = \'DIRECTOR\', "state_in_name" = \'730\', "country" = \'96\', "updated_on" = \'2024-02-19 10:58:06\', "updated_by" = \'1\', "updated_by_ip" = \'10.40.186.43\'
WHERE "caveat_no" = \'45122023\'
AND "pet_res" = \'P\'
AND "sr_no" = 1')
 5 SYSTEMPATH/Database/BaseBuilder.php(2079): CodeIgniter\Database\BaseConnection->query('UPDATE "caveat_party" SET "ind_dep" = :ind_dep:, "partyname" = :partyname:, "partysuff" = :partysuff:, "prfhname" = :prfhname:, "age" = :age:, "sex" = :sex:, "addr1" = :addr1:, "addr2" = :addr2:, "dstname" = :dstname:, "state" = :state:, "city" = :city:, "pin" = :pin:, "email" = :email:, "contact" = :contact:, "sonof" = :sonof:, "authcode" = :authcode:, "deptcode" = :deptcode:, "state_in_name" = :state_in_name:, "country" = :country:, "updated_on" = :updated_on:, "updated_by" = :updated_by:, "updated_by_ip" = :updated_by_ip:
WHERE "caveat_no" = :caveat_no:
AND "pet_res" = :pet_res:
AND "sr_no" = :sr_no:', [...], false)
 6 APPPATH/Helpers/common_helper.php(43): CodeIgniter\Database\BaseBuilder->update([...])
 7 APPPATH/Controllers/Caveat/Modify.php(276): update('caveat_party', [...], [...])
 8 SYSTEMPATH/CodeIgniter.php(925): App\Controllers\Caveat\Modify->save_caveat()
 9 SYSTEMPATH/CodeIgniter.php(480): CodeIgniter\CodeIgniter->runController(Object(App\Controllers\Caveat\Modify))
10 SYSTEMPATH/CodeIgniter.php(349): CodeIgniter\CodeIgniter->handleRequest(null, Object(Config\Cache), false)
11 FCPATH/index.php(67): CodeIgniter\CodeIgniter->run()
ERROR - 2024-02-19 10:59:28 --> ErrorException: pg_query(): Query failed: ERROR:  invalid input syntax for type integer: &quot;DIRECTOR&quot;
LINE 1: ...', &quot;sonof&quot; = ' ', &quot;authcode&quot; = '25', &quot;deptcode&quot; = 'DIRECTOR'...
                                                             ^ in /var/www/html/system/Database/Postgre/Connection.php:140
Stack trace:
#0 [internal function]: CodeIgniter\Debug\Exceptions->errorHandler(2, 'pg_query(): Que...', '/var/www/html/s...', 140)
#1 /var/www/html/system/Database/Postgre/Connection.php(140): pg_query(Object(PgSql\Connection), 'UPDATE "caveat_...')
#2 /var/www/html/system/Database/BaseConnection.php(666): CodeIgniter\Database\Postgre\Connection->execute('UPDATE "caveat_...')
#3 /var/www/html/system/Database/BaseConnection.php(593): CodeIgniter\Database\BaseConnection->simpleQuery('UPDATE "caveat_...')
#4 /var/www/html/system/Database/BaseBuilder.php(2079): CodeIgniter\Database\BaseConnection->query('UPDATE "caveat_...', Array, false)
#5 /var/www/html/app/Helpers/common_helper.php(43): CodeIgniter\Database\BaseBuilder->update(Array)
#6 /var/www/html/app/Controllers/Caveat/Modify.php(276): update('caveat_party', Array, Array)
#7 /var/www/html/system/CodeIgniter.php(925): App\Controllers\Caveat\Modify->save_caveat()
#8 /var/www/html/system/CodeIgniter.php(480): CodeIgniter\CodeIgniter->runController(Object(App\Controllers\Caveat\Modify))
#9 /var/www/html/system/CodeIgniter.php(349): CodeIgniter\CodeIgniter->handleRequest(NULL, Object(Config\Cache), false)
#10 /var/www/html/public/index.php(67): CodeIgniter\CodeIgniter->run()
#11 {main}
CRITICAL - 2024-02-19 10:59:28 --> pg_query(): Query failed: ERROR:  invalid input syntax for type integer: &quot;DIRECTOR&quot;
LINE 1: ...', &quot;sonof&quot; = ' ', &quot;authcode&quot; = '25', &quot;deptcode&quot; = 'DIRECTOR'...
                                                             ^
in SYSTEMPATH/Database/Postgre/Connection.php on line 140.
 1 [internal function]: CodeIgniter\Debug\Exceptions->errorHandler(2, 'pg_query(): Query failed: ERROR:  invalid input syntax for type integer: &quot;DIRECTOR&quot;
LINE 1: ...\', &quot;sonof&quot; = \' \', &quot;authcode&quot; = \'25\', &quot;deptcode&quot; = \'DIRECTOR\'...
                                                             ^', 'SYSTEMPATH/Database/Postgre/Connection.php', 140)
 2 SYSTEMPATH/Database/Postgre/Connection.php(140): pg_query(Object(PgSql\Connection), 'UPDATE "caveat_party" SET "ind_dep" = \'D3\', "partyname" = \'THE STATE OF PUNJAB COMMISSION FOOD AND CIVIL SUPPLY JOINT COLLECTOR\', "partysuff" = \'THE STATE OF PUNJAB COMMISSION FOOD AND CIVIL SUPPLY\', "prfhname" = \'\', "age" = NULL, "sex" = NULL, "addr1" = \'JOINT COLLECTOR\', "addr2" = \'AMRITSAR\', "dstname" = \'AMRITSAR\', "state" = \'226817\', "city" = \'228441\', "pin" = NULL, "email" = \'abc@gmail.com\', "contact" = \'4514545121\', "sonof" = \' \', "authcode" = \'25\', "deptcode" = \'DIRECTOR\', "state_in_name" = \'730\', "country" = \'96\', "updated_on" = \'2024-02-19 10:59:28\', "updated_by" = \'1\', "updated_by_ip" = \'10.40.186.43\'
WHERE "caveat_no" = \'45122023\'
AND "pet_res" = \'P\'
AND "sr_no" = 1')
 3 SYSTEMPATH/Database/BaseConnection.php(666): CodeIgniter\Database\Postgre\Connection->execute('UPDATE "caveat_party" SET "ind_dep" = \'D3\', "partyname" = \'THE STATE OF PUNJAB COMMISSION FOOD AND CIVIL SUPPLY JOINT COLLECTOR\', "partysuff" = \'THE STATE OF PUNJAB COMMISSION FOOD AND CIVIL SUPPLY\', "prfhname" = \'\', "age" = NULL, "sex" = NULL, "addr1" = \'JOINT COLLECTOR\', "addr2" = \'AMRITSAR\', "dstname" = \'AMRITSAR\', "state" = \'226817\', "city" = \'228441\', "pin" = NULL, "email" = \'abc@gmail.com\', "contact" = \'4514545121\', "sonof" = \' \', "authcode" = \'25\', "deptcode" = \'DIRECTOR\', "state_in_name" = \'730\', "country" = \'96\', "updated_on" = \'2024-02-19 10:59:28\', "updated_by" = \'1\', "updated_by_ip" = \'10.40.186.43\'
WHERE "caveat_no" = \'45122023\'
AND "pet_res" = \'P\'
AND "sr_no" = 1')
 4 SYSTEMPATH/Database/BaseConnection.php(593): CodeIgniter\Database\BaseConnection->simpleQuery('UPDATE "caveat_party" SET "ind_dep" = \'D3\', "partyname" = \'THE STATE OF PUNJAB COMMISSION FOOD AND CIVIL SUPPLY JOINT COLLECTOR\', "partysuff" = \'THE STATE OF PUNJAB COMMISSION FOOD AND CIVIL SUPPLY\', "prfhname" = \'\', "age" = NULL, "sex" = NULL, "addr1" = \'JOINT COLLECTOR\', "addr2" = \'AMRITSAR\', "dstname" = \'AMRITSAR\', "state" = \'226817\', "city" = \'228441\', "pin" = NULL, "email" = \'abc@gmail.com\', "contact" = \'4514545121\', "sonof" = \' \', "authcode" = \'25\', "deptcode" = \'DIRECTOR\', "state_in_name" = \'730\', "country" = \'96\', "updated_on" = \'2024-02-19 10:59:28\', "updated_by" = \'1\', "updated_by_ip" = \'10.40.186.43\'
WHERE "caveat_no" = \'45122023\'
AND "pet_res" = \'P\'
AND "sr_no" = 1')
 5 SYSTEMPATH/Database/BaseBuilder.php(2079): CodeIgniter\Database\BaseConnection->query('UPDATE "caveat_party" SET "ind_dep" = :ind_dep:, "partyname" = :partyname:, "partysuff" = :partysuff:, "prfhname" = :prfhname:, "age" = :age:, "sex" = :sex:, "addr1" = :addr1:, "addr2" = :addr2:, "dstname" = :dstname:, "state" = :state:, "city" = :city:, "pin" = :pin:, "email" = :email:, "contact" = :contact:, "sonof" = :sonof:, "authcode" = :authcode:, "deptcode" = :deptcode:, "state_in_name" = :state_in_name:, "country" = :country:, "updated_on" = :updated_on:, "updated_by" = :updated_by:, "updated_by_ip" = :updated_by_ip:
WHERE "caveat_no" = :caveat_no:
AND "pet_res" = :pet_res:
AND "sr_no" = :sr_no:', [...], false)
 6 APPPATH/Helpers/common_helper.php(43): CodeIgniter\Database\BaseBuilder->update([...])
 7 APPPATH/Controllers/Caveat/Modify.php(276): update('caveat_party', [...], [...])
 8 SYSTEMPATH/CodeIgniter.php(925): App\Controllers\Caveat\Modify->save_caveat()
 9 SYSTEMPATH/CodeIgniter.php(480): CodeIgniter\CodeIgniter->runController(Object(App\Controllers\Caveat\Modify))
10 SYSTEMPATH/CodeIgniter.php(349): CodeIgniter\CodeIgniter->handleRequest(null, Object(Config\Cache), false)
11 FCPATH/index.php(67): CodeIgniter\CodeIgniter->run()
ERROR - 2024-02-19 11:21:19 --> ErrorException: pg_query(): Query failed: ERROR:  syntax error at or near &quot;DESC&quot;
LINE 9: ORDER BY CAST(split_part(sr_no_show DESC, '.' DESC, 1) AS IN...
                                            ^ in /var/www/html/system/Database/Postgre/Connection.php:140
Stack trace:
#0 [internal function]: CodeIgniter\Debug\Exceptions->errorHandler(2, 'pg_query(): Que...', '/var/www/html/s...', 140)
#1 /var/www/html/system/Database/Postgre/Connection.php(140): pg_query(Object(PgSql\Connection), 'SELECT "sr_no_s...')
#2 /var/www/html/system/Database/BaseConnection.php(666): CodeIgniter\Database\Postgre\Connection->execute('SELECT "sr_no_s...')
#3 /var/www/html/system/Database/BaseConnection.php(593): CodeIgniter\Database\BaseConnection->simpleQuery('SELECT "sr_no_s...')
#4 /var/www/html/system/Database/BaseBuilder.php(1585): CodeIgniter\Database\BaseConnection->query('SELECT "sr_no_s...', Array, false)
#5 /var/www/html/app/Models/Filing/PartyModel.php(133): CodeIgniter\Database\BaseBuilder->get()
#6 /var/www/html/app/Controllers/Filing/Party.php(92): App\Models\Filing\PartyModel->set_party_status(Array)
#7 /var/www/html/system/CodeIgniter.php(925): App\Controllers\Filing\Party->set_party_status()
#8 /var/www/html/system/CodeIgniter.php(480): CodeIgniter\CodeIgniter->runController(Object(App\Controllers\Filing\Party))
#9 /var/www/html/system/CodeIgniter.php(349): CodeIgniter\CodeIgniter->handleRequest(NULL, Object(Config\Cache), false)
#10 /var/www/html/public/index.php(67): CodeIgniter\CodeIgniter->run()
#11 {main}
CRITICAL - 2024-02-19 11:21:19 --> pg_query(): Query failed: ERROR:  syntax error at or near &quot;DESC&quot;
LINE 9: ORDER BY CAST(split_part(sr_no_show DESC, '.' DESC, 1) AS IN...
                                            ^
in SYSTEMPATH/Database/Postgre/Connection.php on line 140.
 1 [internal function]: CodeIgniter\Debug\Exceptions->errorHandler(2, 'pg_query(): Query failed: ERROR:  syntax error at or near &quot;DESC&quot;
LINE 9: ORDER BY CAST(split_part(sr_no_show DESC, \'.\' DESC, 1) AS IN...
                                            ^', 'SYSTEMPATH/Database/Postgre/Connection.php', 140)
 2 SYSTEMPATH/Database/Postgre/Connection.php(140): pg_query(Object(PgSql\Connection), 'SELECT "sr_no_show" as "no", array_agg(b.lowercase_id) as lowercase_id
FROM "party" "a"
LEFT JOIN "party_lowercourt" "b" ON "a"."auto_generated_id" = "b"."party_id" AND "b"."display" = \'Y\'
WHERE "diary_no" = \'142024\'
AND "pet_res" = \'R\'
AND "pflag" != \'T\'
AND  "sr_no_show" LIKE \'2.%\' ESCAPE \'!\'
GROUP BY "sr_no_show"
ORDER BY CAST(split_part(sr_no_show DESC, \'.\' DESC, 1) AS INTEGER) DESC, CAST(split_part(split_part(CONCAT(sr_no_show DESC, \'.0\') DESC, \'.\' DESC, 2) DESC, \'.\' DESC, -1) AS INTEGER) DESC, CAST(split_part(split_part(CONCAT(sr_no_show DESC, \'.0.0\') DESC, \'.\' DESC, 3) DESC, \'.\' DESC, -1) AS INTEGER) DESC, CAST(split_part(split_part(CONCAT(sr_no_show DESC, \'.0.0.0\') DESC, \'.\' DESC, 4) DESC, \'.\' DESC, -1) AS INTEGER) DESC')
 3 SYSTEMPATH/Database/BaseConnection.php(666): CodeIgniter\Database\Postgre\Connection->execute('SELECT "sr_no_show" as "no", array_agg(b.lowercase_id) as lowercase_id
FROM "party" "a"
LEFT JOIN "party_lowercourt" "b" ON "a"."auto_generated_id" = "b"."party_id" AND "b"."display" = \'Y\'
WHERE "diary_no" = \'142024\'
AND "pet_res" = \'R\'
AND "pflag" != \'T\'
AND  "sr_no_show" LIKE \'2.%\' ESCAPE \'!\'
GROUP BY "sr_no_show"
ORDER BY CAST(split_part(sr_no_show DESC, \'.\' DESC, 1) AS INTEGER) DESC, CAST(split_part(split_part(CONCAT(sr_no_show DESC, \'.0\') DESC, \'.\' DESC, 2) DESC, \'.\' DESC, -1) AS INTEGER) DESC, CAST(split_part(split_part(CONCAT(sr_no_show DESC, \'.0.0\') DESC, \'.\' DESC, 3) DESC, \'.\' DESC, -1) AS INTEGER) DESC, CAST(split_part(split_part(CONCAT(sr_no_show DESC, \'.0.0.0\') DESC, \'.\' DESC, 4) DESC, \'.\' DESC, -1) AS INTEGER) DESC')
 4 SYSTEMPATH/Database/BaseConnection.php(593): CodeIgniter\Database\BaseConnection->simpleQuery('SELECT "sr_no_show" as "no", array_agg(b.lowercase_id) as lowercase_id
FROM "party" "a"
LEFT JOIN "party_lowercourt" "b" ON "a"."auto_generated_id" = "b"."party_id" AND "b"."display" = \'Y\'
WHERE "diary_no" = \'142024\'
AND "pet_res" = \'R\'
AND "pflag" != \'T\'
AND  "sr_no_show" LIKE \'2.%\' ESCAPE \'!\'
GROUP BY "sr_no_show"
ORDER BY CAST(split_part(sr_no_show DESC, \'.\' DESC, 1) AS INTEGER) DESC, CAST(split_part(split_part(CONCAT(sr_no_show DESC, \'.0\') DESC, \'.\' DESC, 2) DESC, \'.\' DESC, -1) AS INTEGER) DESC, CAST(split_part(split_part(CONCAT(sr_no_show DESC, \'.0.0\') DESC, \'.\' DESC, 3) DESC, \'.\' DESC, -1) AS INTEGER) DESC, CAST(split_part(split_part(CONCAT(sr_no_show DESC, \'.0.0.0\') DESC, \'.\' DESC, 4) DESC, \'.\' DESC, -1) AS INTEGER) DESC')
 5 SYSTEMPATH/Database/BaseBuilder.php(1585): CodeIgniter\Database\BaseConnection->query('SELECT "sr_no_show" as "no", array_agg(b.lowercase_id) as lowercase_id
FROM "party" "a"
LEFT JOIN "party_lowercourt" "b" ON "a"."auto_generated_id" = "b"."party_id" AND "b"."display" = \'Y\'
WHERE "diary_no" = :diary_no:
AND "pet_res" = :pet_res:
AND "pflag" != :pflag:
AND  "sr_no_show" LIKE :sr_no_show: ESCAPE \'!\'
GROUP BY "sr_no_show"
ORDER BY CAST(split_part(sr_no_show DESC, \'.\' DESC, 1) AS INTEGER) DESC, CAST(split_part(split_part(CONCAT(sr_no_show DESC, \'.0\') DESC, \'.\' DESC, 2) DESC, \'.\' DESC, -1) AS INTEGER) DESC, CAST(split_part(split_part(CONCAT(sr_no_show DESC, \'.0.0\') DESC, \'.\' DESC, 3) DESC, \'.\' DESC, -1) AS INTEGER) DESC, CAST(split_part(split_part(CONCAT(sr_no_show DESC, \'.0.0.0\') DESC, \'.\' DESC, 4) DESC, \'.\' DESC, -1) AS INTEGER) DESC', [...], false)
 6 APPPATH/Models/Filing/PartyModel.php(133): CodeIgniter\Database\BaseBuilder->get()
 7 APPPATH/Controllers/Filing/Party.php(92): App\Models\Filing\PartyModel->set_party_status([...])
 8 SYSTEMPATH/CodeIgniter.php(925): App\Controllers\Filing\Party->set_party_status()
 9 SYSTEMPATH/CodeIgniter.php(480): CodeIgniter\CodeIgniter->runController(Object(App\Controllers\Filing\Party))
10 SYSTEMPATH/CodeIgniter.php(349): CodeIgniter\CodeIgniter->handleRequest(null, Object(Config\Cache), false)
11 FCPATH/index.php(67): CodeIgniter\CodeIgniter->run()
CRITICAL - 2024-02-19 11:42:32 --> Undefined variable $judges
in APPPATH/Controllers/Caveat/Earlier_court.php on line 235.
 1 APPPATH/Controllers/Caveat/Earlier_court.php(235): CodeIgniter\Debug\Exceptions->errorHandler(2, 'Undefined variable $judges', 'APPPATH/Controllers/Caveat/Earlier_court.php', 235)
 2 SYSTEMPATH/CodeIgniter.php(925): App\Controllers\Caveat\Earlier_court->insertEarlierCourt()
 3 SYSTEMPATH/CodeIgniter.php(480): CodeIgniter\CodeIgniter->runController(Object(App\Controllers\Caveat\Earlier_court))
 4 SYSTEMPATH/CodeIgniter.php(349): CodeIgniter\CodeIgniter->handleRequest(null, Object(Config\Cache), false)
 5 FCPATH/index.php(67): CodeIgniter\CodeIgniter->run()
CRITICAL - 2024-02-19 11:44:45 --> Undefined variable $judges
in APPPATH/Controllers/Caveat/Earlier_court.php on line 339.
 1 APPPATH/Controllers/Caveat/Earlier_court.php(339): CodeIgniter\Debug\Exceptions->errorHandler(2, 'Undefined variable $judges', 'APPPATH/Controllers/Caveat/Earlier_court.php', 339)
 2 SYSTEMPATH/CodeIgniter.php(925): App\Controllers\Caveat\Earlier_court->insertEarlierCourt()
 3 SYSTEMPATH/CodeIgniter.php(480): CodeIgniter\CodeIgniter->runController(Object(App\Controllers\Caveat\Earlier_court))
 4 SYSTEMPATH/CodeIgniter.php(349): CodeIgniter\CodeIgniter->handleRequest(null, Object(Config\Cache), false)
 5 FCPATH/index.php(67): CodeIgniter\CodeIgniter->run()
CRITICAL - 2024-02-19 12:12:28 --> Undefined variable $sel_u_no
in APPPATH/Models/Filing/PartyModel.php on line 856.
 1 APPPATH/Models/Filing/PartyModel.php(856): CodeIgniter\Debug\Exceptions->errorHandler(2, 'Undefined variable $sel_u_no', 'APPPATH/Models/Filing/PartyModel.php', 856)
 2 APPPATH/Controllers/Filing/Party.php(100): App\Models\Filing\PartyModel->savepartyDetails([...])
 3 SYSTEMPATH/CodeIgniter.php(925): App\Controllers\Filing\Party->save_party_details()
 4 SYSTEMPATH/CodeIgniter.php(480): CodeIgniter\CodeIgniter->runController(Object(App\Controllers\Filing\Party))
 5 SYSTEMPATH/CodeIgniter.php(349): CodeIgniter\CodeIgniter->handleRequest(null, Object(Config\Cache), false)
 6 FCPATH/index.php(67): CodeIgniter\CodeIgniter->run()
CRITICAL - 2024-02-19 12:12:35 --> Undefined variable $sel_u_no
in APPPATH/Models/Filing/PartyModel.php on line 856.
 1 APPPATH/Models/Filing/PartyModel.php(856): CodeIgniter\Debug\Exceptions->errorHandler(2, 'Undefined variable $sel_u_no', 'APPPATH/Models/Filing/PartyModel.php', 856)
 2 APPPATH/Controllers/Filing/Party.php(100): App\Models\Filing\PartyModel->savepartyDetails([...])
 3 SYSTEMPATH/CodeIgniter.php(925): App\Controllers\Filing\Party->save_party_details()
 4 SYSTEMPATH/CodeIgniter.php(480): CodeIgniter\CodeIgniter->runController(Object(App\Controllers\Filing\Party))
 5 SYSTEMPATH/CodeIgniter.php(349): CodeIgniter\CodeIgniter->handleRequest(null, Object(Config\Cache), false)
 6 FCPATH/index.php(67): CodeIgniter\CodeIgniter->run()
CRITICAL - 2024-02-19 01:06:32 --> The action you requested is not allowed.
in SYSTEMPATH/Security/Security.php on line 307.
 1 SYSTEMPATH/Security/Security.php(307): CodeIgniter\Security\Exceptions\SecurityException::forDisallowedAction()
 2 SYSTEMPATH/Filters/CSRF.php(55): CodeIgniter\Security\Security->verify(Object(CodeIgniter\HTTP\IncomingRequest))
 3 SYSTEMPATH/Filters/Filters.php(173): CodeIgniter\Filters\CSRF->before(Object(CodeIgniter\HTTP\IncomingRequest), null)
 4 SYSTEMPATH/CodeIgniter.php(453): CodeIgniter\Filters\Filters->run('Caveat/Caveat_diary_matched/get_caveat_diary_matched', 'before')
 5 SYSTEMPATH/CodeIgniter.php(349): CodeIgniter\CodeIgniter->handleRequest(null, Object(Config\Cache), false)
 6 FCPATH/index.php(67): CodeIgniter\CodeIgniter->run()
ERROR - 2024-02-19 14:47:16 --> ErrorException: pg_query(): Query failed: ERROR:  invalid input syntax for type bigint: &quot;&quot;
LINE 4: WHERE &quot;st1&quot;.&quot;id_no&quot; = ''
                              ^ in /var/www/html/system/Database/Postgre/Connection.php:140
Stack trace:
#0 [internal function]: CodeIgniter\Debug\Exceptions->errorHandler(2, 'pg_query(): Que...', '/var/www/html/s...', 140)
#1 /var/www/html/system/Database/Postgre/Connection.php(140): pg_query(Object(PgSql\Connection), 'SELECT "st2"."i...')
#2 /var/www/html/system/Database/BaseConnection.php(666): CodeIgniter\Database\Postgre\Connection->execute('SELECT "st2"."i...')
#3 /var/www/html/system/Database/BaseConnection.php(593): CodeIgniter\Database\BaseConnection->simpleQuery('SELECT "st2"."i...')
#4 /var/www/html/system/Database/BaseBuilder.php(1585): CodeIgniter\Database\BaseConnection->query('SELECT "st2"."i...', Array, false)
#5 /var/www/html/app/Models/Common/Dropdown_list_model.php(250): CodeIgniter\Database\BaseBuilder->get()
#6 /var/www/html/app/Controllers/Common/Ajaxcalls.php(89): App\Models\Common\Dropdown_list_model->get_districts_list('')
#7 /var/www/html/system/CodeIgniter.php(925): App\Controllers\Common\Ajaxcalls->get_districts()
#8 /var/www/html/system/CodeIgniter.php(480): CodeIgniter\CodeIgniter->runController(Object(App\Controllers\Common\Ajaxcalls))
#9 /var/www/html/system/CodeIgniter.php(349): CodeIgniter\CodeIgniter->handleRequest(NULL, Object(Config\Cache), false)
#10 /var/www/html/public/index.php(67): CodeIgniter\CodeIgniter->run()
#11 {main}
CRITICAL - 2024-02-19 14:47:16 --> pg_query(): Query failed: ERROR:  invalid input syntax for type bigint: &quot;&quot;
LINE 4: WHERE &quot;st1&quot;.&quot;id_no&quot; = ''
                              ^
in SYSTEMPATH/Database/Postgre/Connection.php on line 140.
 1 [internal function]: CodeIgniter\Debug\Exceptions->errorHandler(2, 'pg_query(): Query failed: ERROR:  invalid input syntax for type bigint: &quot;&quot;
LINE 4: WHERE &quot;st1&quot;.&quot;id_no&quot; = \'\'
                              ^', 'SYSTEMPATH/Database/Postgre/Connection.php', 140)
 2 SYSTEMPATH/Database/Postgre/Connection.php(140): pg_query(Object(PgSql\Connection), 'SELECT "st2"."id_no", "st2"."name"
FROM "master"."state" "st1"
JOIN "master"."state" "st2" ON "st1"."state_code" = "st2"."state_code"
WHERE "st1"."id_no" = \'\'
AND "st2"."district_code" !=0
AND "st2"."sub_dist_code" =0
AND "st2"."village_code" =0
AND "st2"."display" = \'Y\'
AND "st1"."display" = \'Y\'
AND "st2"."display" = \'Y\'
ORDER BY "st2"."name" ASC')
 3 SYSTEMPATH/Database/BaseConnection.php(666): CodeIgniter\Database\Postgre\Connection->execute('SELECT "st2"."id_no", "st2"."name"
FROM "master"."state" "st1"
JOIN "master"."state" "st2" ON "st1"."state_code" = "st2"."state_code"
WHERE "st1"."id_no" = \'\'
AND "st2"."district_code" !=0
AND "st2"."sub_dist_code" =0
AND "st2"."village_code" =0
AND "st2"."display" = \'Y\'
AND "st1"."display" = \'Y\'
AND "st2"."display" = \'Y\'
ORDER BY "st2"."name" ASC')
 4 SYSTEMPATH/Database/BaseConnection.php(593): CodeIgniter\Database\BaseConnection->simpleQuery('SELECT "st2"."id_no", "st2"."name"
FROM "master"."state" "st1"
JOIN "master"."state" "st2" ON "st1"."state_code" = "st2"."state_code"
WHERE "st1"."id_no" = \'\'
AND "st2"."district_code" !=0
AND "st2"."sub_dist_code" =0
AND "st2"."village_code" =0
AND "st2"."display" = \'Y\'
AND "st1"."display" = \'Y\'
AND "st2"."display" = \'Y\'
ORDER BY "st2"."name" ASC')
 5 SYSTEMPATH/Database/BaseBuilder.php(1585): CodeIgniter\Database\BaseConnection->query('SELECT "st2"."id_no", "st2"."name"
FROM "master"."state" "st1"
JOIN "master"."state" "st2" ON "st1"."state_code" = "st2"."state_code"
WHERE "st1"."id_no" = :st1.id_no:
AND "st2"."district_code" !=0
AND "st2"."sub_dist_code" =0
AND "st2"."village_code" =0
AND "st2"."display" = :st2.display:
AND "st1"."display" = :st1.display:
AND "st2"."display" = :st2.display.1:
ORDER BY "st2"."name" ASC', [...], false)
 6 APPPATH/Models/Common/Dropdown_list_model.php(250): CodeIgniter\Database\BaseBuilder->get()
 7 APPPATH/Controllers/Common/Ajaxcalls.php(89): App\Models\Common\Dropdown_list_model->get_districts_list('ROOTPATH/public')
 8 SYSTEMPATH/CodeIgniter.php(925): App\Controllers\Common\Ajaxcalls->get_districts()
 9 SYSTEMPATH/CodeIgniter.php(480): CodeIgniter\CodeIgniter->runController(Object(App\Controllers\Common\Ajaxcalls))
10 SYSTEMPATH/CodeIgniter.php(349): CodeIgniter\CodeIgniter->handleRequest(null, Object(Config\Cache), false)
11 FCPATH/index.php(67): CodeIgniter\CodeIgniter->run()
ERROR - 2024-02-19 14:47:29 --> ErrorException: pg_query(): Query failed: ERROR:  invalid input syntax for type bigint: &quot;jhjhj&quot;
LINE 1: ...cate_id&quot; = '1234', &quot;docfee&quot; = '0', &quot;no_of_copy&quot; = 'jhjhj', &quot;...
                                                             ^ in /var/www/html/system/Database/Postgre/Connection.php:140
Stack trace:
#0 [internal function]: CodeIgniter\Debug\Exceptions->errorHandler(2, 'pg_query(): Que...', '/var/www/html/s...', 140)
#1 /var/www/html/system/Database/Postgre/Connection.php(140): pg_query(Object(PgSql\Connection), 'UPDATE "docdeta...')
#2 /var/www/html/system/Database/BaseConnection.php(666): CodeIgniter\Database\Postgre\Connection->execute('UPDATE "docdeta...')
#3 /var/www/html/system/Database/BaseConnection.php(593): CodeIgniter\Database\BaseConnection->simpleQuery('UPDATE "docdeta...')
#4 /var/www/html/system/Database/BaseBuilder.php(2079): CodeIgniter\Database\BaseConnection->query('UPDATE "docdeta...', Array, false)
#5 /var/www/html/app/Models/Filing/IADocumentModel.php(1446): CodeIgniter\Database\BaseBuilder->update()
#6 /var/www/html/app/Controllers/Filing/Ia_documents.php(85): App\Models\Filing\IADocumentModel->loose_up_new(Array)
#7 /var/www/html/system/CodeIgniter.php(925): App\Controllers\Filing\Ia_documents->loose_up_new()
#8 /var/www/html/system/CodeIgniter.php(480): CodeIgniter\CodeIgniter->runController(Object(App\Controllers\Filing\Ia_documents))
#9 /var/www/html/system/CodeIgniter.php(349): CodeIgniter\CodeIgniter->handleRequest(NULL, Object(Config\Cache), false)
#10 /var/www/html/public/index.php(67): CodeIgniter\CodeIgniter->run()
#11 {main}
CRITICAL - 2024-02-19 14:47:29 --> pg_query(): Query failed: ERROR:  invalid input syntax for type bigint: &quot;jhjhj&quot;
LINE 1: ...cate_id&quot; = '1234', &quot;docfee&quot; = '0', &quot;no_of_copy&quot; = 'jhjhj', &quot;...
                                                             ^
in SYSTEMPATH/Database/Postgre/Connection.php on line 140.
 1 [internal function]: CodeIgniter\Debug\Exceptions->errorHandler(2, 'pg_query(): Query failed: ERROR:  invalid input syntax for type bigint: &quot;jhjhj&quot;
LINE 1: ...cate_id&quot; = \'1234\', &quot;docfee&quot; = \'0\', &quot;no_of_copy&quot; = \'jhjhj\', &quot;...
                                                             ^', 'SYSTEMPATH/Database/Postgre/Connection.php', 140)
 2 SYSTEMPATH/Database/Postgre/Connection.php(140): pg_query(Object(PgSql\Connection), 'UPDATE "docdetails" SET "doccode" = \'8\', "doccode1" = \'338\', "other1" = \'\', "remark" = \'TEST\', "advocate_id" = \'1234\', "docfee" = \'0\', "no_of_copy" = \'jhjhj\', "filedby" = \'SUDHA GUPTA\', "forresp" = \'\', "lst_mdf" = \'NOW()\', "lst_user" = \'1\', "is_efiled" = \'\'
WHERE "diary_no" = \'213332023\'
AND "doccode" = \'8\'
AND "doccode1" = \'338\'
AND "docnum" = \'5\'
AND "docyear" = \'2024\'
AND "display" = \'Y\'')
 3 SYSTEMPATH/Database/BaseConnection.php(666): CodeIgniter\Database\Postgre\Connection->execute('UPDATE "docdetails" SET "doccode" = \'8\', "doccode1" = \'338\', "other1" = \'\', "remark" = \'TEST\', "advocate_id" = \'1234\', "docfee" = \'0\', "no_of_copy" = \'jhjhj\', "filedby" = \'SUDHA GUPTA\', "forresp" = \'\', "lst_mdf" = \'NOW()\', "lst_user" = \'1\', "is_efiled" = \'\'
WHERE "diary_no" = \'213332023\'
AND "doccode" = \'8\'
AND "doccode1" = \'338\'
AND "docnum" = \'5\'
AND "docyear" = \'2024\'
AND "display" = \'Y\'')
 4 SYSTEMPATH/Database/BaseConnection.php(593): CodeIgniter\Database\BaseConnection->simpleQuery('UPDATE "docdetails" SET "doccode" = \'8\', "doccode1" = \'338\', "other1" = \'\', "remark" = \'TEST\', "advocate_id" = \'1234\', "docfee" = \'0\', "no_of_copy" = \'jhjhj\', "filedby" = \'SUDHA GUPTA\', "forresp" = \'\', "lst_mdf" = \'NOW()\', "lst_user" = \'1\', "is_efiled" = \'\'
WHERE "diary_no" = \'213332023\'
AND "doccode" = \'8\'
AND "doccode1" = \'338\'
AND "docnum" = \'5\'
AND "docyear" = \'2024\'
AND "display" = \'Y\'')
 5 SYSTEMPATH/Database/BaseBuilder.php(2079): CodeIgniter\Database\BaseConnection->query('UPDATE "docdetails" SET "doccode" = :doccode:, "doccode1" = :doccode1:, "other1" = :other1:, "remark" = :remark:, "advocate_id" = :advocate_id:, "docfee" = :docfee:, "no_of_copy" = :no_of_copy:, "filedby" = :filedby:, "forresp" = :forresp:, "lst_mdf" = :lst_mdf:, "lst_user" = :lst_user:, "is_efiled" = :is_efiled:
WHERE "diary_no" = :diary_no:
AND "doccode" = :doccode.1:
AND "doccode1" = :doccode1.1:
AND "docnum" = :docnum:
AND "docyear" = :docyear:
AND "display" = :display:', [...], false)
 6 APPPATH/Models/Filing/IADocumentModel.php(1446): CodeIgniter\Database\BaseBuilder->update()
 7 APPPATH/Controllers/Filing/Ia_documents.php(85): App\Models\Filing\IADocumentModel->loose_up_new([...])
 8 SYSTEMPATH/CodeIgniter.php(925): App\Controllers\Filing\Ia_documents->loose_up_new()
 9 SYSTEMPATH/CodeIgniter.php(480): CodeIgniter\CodeIgniter->runController(Object(App\Controllers\Filing\Ia_documents))
10 SYSTEMPATH/CodeIgniter.php(349): CodeIgniter\CodeIgniter->handleRequest(null, Object(Config\Cache), false)
11 FCPATH/index.php(67): CodeIgniter\CodeIgniter->run()
ERROR - 2024-02-19 14:47:37 --> ErrorException: pg_query(): Query failed: ERROR:  invalid input syntax for type bigint: &quot;jhjhj&quot;
LINE 1: ...cate_id&quot; = '1234', &quot;docfee&quot; = '0', &quot;no_of_copy&quot; = 'jhjhj', &quot;...
                                                             ^ in /var/www/html/system/Database/Postgre/Connection.php:140
Stack trace:
#0 [internal function]: CodeIgniter\Debug\Exceptions->errorHandler(2, 'pg_query(): Que...', '/var/www/html/s...', 140)
#1 /var/www/html/system/Database/Postgre/Connection.php(140): pg_query(Object(PgSql\Connection), 'UPDATE "docdeta...')
#2 /var/www/html/system/Database/BaseConnection.php(666): CodeIgniter\Database\Postgre\Connection->execute('UPDATE "docdeta...')
#3 /var/www/html/system/Database/BaseConnection.php(593): CodeIgniter\Database\BaseConnection->simpleQuery('UPDATE "docdeta...')
#4 /var/www/html/system/Database/BaseBuilder.php(2079): CodeIgniter\Database\BaseConnection->query('UPDATE "docdeta...', Array, false)
#5 /var/www/html/app/Models/Filing/IADocumentModel.php(1446): CodeIgniter\Database\BaseBuilder->update()
#6 /var/www/html/app/Controllers/Filing/Ia_documents.php(85): App\Models\Filing\IADocumentModel->loose_up_new(Array)
#7 /var/www/html/system/CodeIgniter.php(925): App\Controllers\Filing\Ia_documents->loose_up_new()
#8 /var/www/html/system/CodeIgniter.php(480): CodeIgniter\CodeIgniter->runController(Object(App\Controllers\Filing\Ia_documents))
#9 /var/www/html/system/CodeIgniter.php(349): CodeIgniter\CodeIgniter->handleRequest(NULL, Object(Config\Cache), false)
#10 /var/www/html/public/index.php(67): CodeIgniter\CodeIgniter->run()
#11 {main}
CRITICAL - 2024-02-19 14:47:37 --> pg_query(): Query failed: ERROR:  invalid input syntax for type bigint: &quot;jhjhj&quot;
LINE 1: ...cate_id&quot; = '1234', &quot;docfee&quot; = '0', &quot;no_of_copy&quot; = 'jhjhj', &quot;...
                                                             ^
in SYSTEMPATH/Database/Postgre/Connection.php on line 140.
 1 [internal function]: CodeIgniter\Debug\Exceptions->errorHandler(2, 'pg_query(): Query failed: ERROR:  invalid input syntax for type bigint: &quot;jhjhj&quot;
LINE 1: ...cate_id&quot; = \'1234\', &quot;docfee&quot; = \'0\', &quot;no_of_copy&quot; = \'jhjhj\', &quot;...
                                                             ^', 'SYSTEMPATH/Database/Postgre/Connection.php', 140)
 2 SYSTEMPATH/Database/Postgre/Connection.php(140): pg_query(Object(PgSql\Connection), 'UPDATE "docdetails" SET "doccode" = \'8\', "doccode1" = \'338\', "other1" = \'\', "remark" = \'TEST\', "advocate_id" = \'1234\', "docfee" = \'0\', "no_of_copy" = \'jhjhj\', "filedby" = \'SUDHA GUPTA\', "forresp" = \'\', "lst_mdf" = \'NOW()\', "lst_user" = \'1\', "is_efiled" = \'\'
WHERE "diary_no" = \'213332023\'
AND "doccode" = \'8\'
AND "doccode1" = \'338\'
AND "docnum" = \'5\'
AND "docyear" = \'2024\'
AND "display" = \'Y\'')
 3 SYSTEMPATH/Database/BaseConnection.php(666): CodeIgniter\Database\Postgre\Connection->execute('UPDATE "docdetails" SET "doccode" = \'8\', "doccode1" = \'338\', "other1" = \'\', "remark" = \'TEST\', "advocate_id" = \'1234\', "docfee" = \'0\', "no_of_copy" = \'jhjhj\', "filedby" = \'SUDHA GUPTA\', "forresp" = \'\', "lst_mdf" = \'NOW()\', "lst_user" = \'1\', "is_efiled" = \'\'
WHERE "diary_no" = \'213332023\'
AND "doccode" = \'8\'
AND "doccode1" = \'338\'
AND "docnum" = \'5\'
AND "docyear" = \'2024\'
AND "display" = \'Y\'')
 4 SYSTEMPATH/Database/BaseConnection.php(593): CodeIgniter\Database\BaseConnection->simpleQuery('UPDATE "docdetails" SET "doccode" = \'8\', "doccode1" = \'338\', "other1" = \'\', "remark" = \'TEST\', "advocate_id" = \'1234\', "docfee" = \'0\', "no_of_copy" = \'jhjhj\', "filedby" = \'SUDHA GUPTA\', "forresp" = \'\', "lst_mdf" = \'NOW()\', "lst_user" = \'1\', "is_efiled" = \'\'
WHERE "diary_no" = \'213332023\'
AND "doccode" = \'8\'
AND "doccode1" = \'338\'
AND "docnum" = \'5\'
AND "docyear" = \'2024\'
AND "display" = \'Y\'')
 5 SYSTEMPATH/Database/BaseBuilder.php(2079): CodeIgniter\Database\BaseConnection->query('UPDATE "docdetails" SET "doccode" = :doccode:, "doccode1" = :doccode1:, "other1" = :other1:, "remark" = :remark:, "advocate_id" = :advocate_id:, "docfee" = :docfee:, "no_of_copy" = :no_of_copy:, "filedby" = :filedby:, "forresp" = :forresp:, "lst_mdf" = :lst_mdf:, "lst_user" = :lst_user:, "is_efiled" = :is_efiled:
WHERE "diary_no" = :diary_no:
AND "doccode" = :doccode.1:
AND "doccode1" = :doccode1.1:
AND "docnum" = :docnum:
AND "docyear" = :docyear:
AND "display" = :display:', [...], false)
 6 APPPATH/Models/Filing/IADocumentModel.php(1446): CodeIgniter\Database\BaseBuilder->update()
 7 APPPATH/Controllers/Filing/Ia_documents.php(85): App\Models\Filing\IADocumentModel->loose_up_new([...])
 8 SYSTEMPATH/CodeIgniter.php(925): App\Controllers\Filing\Ia_documents->loose_up_new()
 9 SYSTEMPATH/CodeIgniter.php(480): CodeIgniter\CodeIgniter->runController(Object(App\Controllers\Filing\Ia_documents))
10 SYSTEMPATH/CodeIgniter.php(349): CodeIgniter\CodeIgniter->handleRequest(null, Object(Config\Cache), false)
11 FCPATH/index.php(67): CodeIgniter\CodeIgniter->run()
ERROR - 2024-02-19 14:47:41 --> ErrorException: pg_query(): Query failed: ERROR:  invalid input syntax for type bigint: &quot;jhjhj&quot;
LINE 1: ...cate_id&quot; = '1234', &quot;docfee&quot; = '0', &quot;no_of_copy&quot; = 'jhjhj', &quot;...
                                                             ^ in /var/www/html/system/Database/Postgre/Connection.php:140
Stack trace:
#0 [internal function]: CodeIgniter\Debug\Exceptions->errorHandler(2, 'pg_query(): Que...', '/var/www/html/s...', 140)
#1 /var/www/html/system/Database/Postgre/Connection.php(140): pg_query(Object(PgSql\Connection), 'UPDATE "docdeta...')
#2 /var/www/html/system/Database/BaseConnection.php(666): CodeIgniter\Database\Postgre\Connection->execute('UPDATE "docdeta...')
#3 /var/www/html/system/Database/BaseConnection.php(593): CodeIgniter\Database\BaseConnection->simpleQuery('UPDATE "docdeta...')
#4 /var/www/html/system/Database/BaseBuilder.php(2079): CodeIgniter\Database\BaseConnection->query('UPDATE "docdeta...', Array, false)
#5 /var/www/html/app/Models/Filing/IADocumentModel.php(1446): CodeIgniter\Database\BaseBuilder->update()
#6 /var/www/html/app/Controllers/Filing/Ia_documents.php(85): App\Models\Filing\IADocumentModel->loose_up_new(Array)
#7 /var/www/html/system/CodeIgniter.php(925): App\Controllers\Filing\Ia_documents->loose_up_new()
#8 /var/www/html/system/CodeIgniter.php(480): CodeIgniter\CodeIgniter->runController(Object(App\Controllers\Filing\Ia_documents))
#9 /var/www/html/system/CodeIgniter.php(349): CodeIgniter\CodeIgniter->handleRequest(NULL, Object(Config\Cache), false)
#10 /var/www/html/public/index.php(67): CodeIgniter\CodeIgniter->run()
#11 {main}
CRITICAL - 2024-02-19 14:47:41 --> pg_query(): Query failed: ERROR:  invalid input syntax for type bigint: &quot;jhjhj&quot;
LINE 1: ...cate_id&quot; = '1234', &quot;docfee&quot; = '0', &quot;no_of_copy&quot; = 'jhjhj', &quot;...
                                                             ^
in SYSTEMPATH/Database/Postgre/Connection.php on line 140.
 1 [internal function]: CodeIgniter\Debug\Exceptions->errorHandler(2, 'pg_query(): Query failed: ERROR:  invalid input syntax for type bigint: &quot;jhjhj&quot;
LINE 1: ...cate_id&quot; = \'1234\', &quot;docfee&quot; = \'0\', &quot;no_of_copy&quot; = \'jhjhj\', &quot;...
                                                             ^', 'SYSTEMPATH/Database/Postgre/Connection.php', 140)
 2 SYSTEMPATH/Database/Postgre/Connection.php(140): pg_query(Object(PgSql\Connection), 'UPDATE "docdetails" SET "doccode" = \'8\', "doccode1" = \'338\', "other1" = \'\', "remark" = \'TEST\', "advocate_id" = \'1234\', "docfee" = \'0\', "no_of_copy" = \'jhjhj\', "filedby" = \'SUDHA GUPTA\', "forresp" = \'\', "lst_mdf" = \'NOW()\', "lst_user" = \'1\', "is_efiled" = \'\'
WHERE "diary_no" = \'213332023\'
AND "doccode" = \'8\'
AND "doccode1" = \'338\'
AND "docnum" = \'5\'
AND "docyear" = \'2024\'
AND "display" = \'Y\'')
 3 SYSTEMPATH/Database/BaseConnection.php(666): CodeIgniter\Database\Postgre\Connection->execute('UPDATE "docdetails" SET "doccode" = \'8\', "doccode1" = \'338\', "other1" = \'\', "remark" = \'TEST\', "advocate_id" = \'1234\', "docfee" = \'0\', "no_of_copy" = \'jhjhj\', "filedby" = \'SUDHA GUPTA\', "forresp" = \'\', "lst_mdf" = \'NOW()\', "lst_user" = \'1\', "is_efiled" = \'\'
WHERE "diary_no" = \'213332023\'
AND "doccode" = \'8\'
AND "doccode1" = \'338\'
AND "docnum" = \'5\'
AND "docyear" = \'2024\'
AND "display" = \'Y\'')
 4 SYSTEMPATH/Database/BaseConnection.php(593): CodeIgniter\Database\BaseConnection->simpleQuery('UPDATE "docdetails" SET "doccode" = \'8\', "doccode1" = \'338\', "other1" = \'\', "remark" = \'TEST\', "advocate_id" = \'1234\', "docfee" = \'0\', "no_of_copy" = \'jhjhj\', "filedby" = \'SUDHA GUPTA\', "forresp" = \'\', "lst_mdf" = \'NOW()\', "lst_user" = \'1\', "is_efiled" = \'\'
WHERE "diary_no" = \'213332023\'
AND "doccode" = \'8\'
AND "doccode1" = \'338\'
AND "docnum" = \'5\'
AND "docyear" = \'2024\'
AND "display" = \'Y\'')
 5 SYSTEMPATH/Database/BaseBuilder.php(2079): CodeIgniter\Database\BaseConnection->query('UPDATE "docdetails" SET "doccode" = :doccode:, "doccode1" = :doccode1:, "other1" = :other1:, "remark" = :remark:, "advocate_id" = :advocate_id:, "docfee" = :docfee:, "no_of_copy" = :no_of_copy:, "filedby" = :filedby:, "forresp" = :forresp:, "lst_mdf" = :lst_mdf:, "lst_user" = :lst_user:, "is_efiled" = :is_efiled:
WHERE "diary_no" = :diary_no:
AND "doccode" = :doccode.1:
AND "doccode1" = :doccode1.1:
AND "docnum" = :docnum:
AND "docyear" = :docyear:
AND "display" = :display:', [...], false)
 6 APPPATH/Models/Filing/IADocumentModel.php(1446): CodeIgniter\Database\BaseBuilder->update()
 7 APPPATH/Controllers/Filing/Ia_documents.php(85): App\Models\Filing\IADocumentModel->loose_up_new([...])
 8 SYSTEMPATH/CodeIgniter.php(925): App\Controllers\Filing\Ia_documents->loose_up_new()
 9 SYSTEMPATH/CodeIgniter.php(480): CodeIgniter\CodeIgniter->runController(Object(App\Controllers\Filing\Ia_documents))
10 SYSTEMPATH/CodeIgniter.php(349): CodeIgniter\CodeIgniter->handleRequest(null, Object(Config\Cache), false)
11 FCPATH/index.php(67): CodeIgniter\CodeIgniter->run()
ERROR - 2024-02-19 14:47:44 --> ErrorException: pg_query(): Query failed: ERROR:  invalid input syntax for type bigint: &quot;&quot;
LINE 4: WHERE &quot;st1&quot;.&quot;id_no&quot; = ''
                              ^ in /var/www/html/system/Database/Postgre/Connection.php:140
Stack trace:
#0 [internal function]: CodeIgniter\Debug\Exceptions->errorHandler(2, 'pg_query(): Que...', '/var/www/html/s...', 140)
#1 /var/www/html/system/Database/Postgre/Connection.php(140): pg_query(Object(PgSql\Connection), 'SELECT "st2"."i...')
#2 /var/www/html/system/Database/BaseConnection.php(666): CodeIgniter\Database\Postgre\Connection->execute('SELECT "st2"."i...')
#3 /var/www/html/system/Database/BaseConnection.php(593): CodeIgniter\Database\BaseConnection->simpleQuery('SELECT "st2"."i...')
#4 /var/www/html/system/Database/BaseBuilder.php(1585): CodeIgniter\Database\BaseConnection->query('SELECT "st2"."i...', Array, false)
#5 /var/www/html/app/Models/Common/Dropdown_list_model.php(250): CodeIgniter\Database\BaseBuilder->get()
#6 /var/www/html/app/Controllers/Common/Ajaxcalls.php(89): App\Models\Common\Dropdown_list_model->get_districts_list('')
#7 /var/www/html/system/CodeIgniter.php(925): App\Controllers\Common\Ajaxcalls->get_districts()
#8 /var/www/html/system/CodeIgniter.php(480): CodeIgniter\CodeIgniter->runController(Object(App\Controllers\Common\Ajaxcalls))
#9 /var/www/html/system/CodeIgniter.php(349): CodeIgniter\CodeIgniter->handleRequest(NULL, Object(Config\Cache), false)
#10 /var/www/html/public/index.php(67): CodeIgniter\CodeIgniter->run()
#11 {main}
CRITICAL - 2024-02-19 14:47:44 --> pg_query(): Query failed: ERROR:  invalid input syntax for type bigint: &quot;&quot;
LINE 4: WHERE &quot;st1&quot;.&quot;id_no&quot; = ''
                              ^
in SYSTEMPATH/Database/Postgre/Connection.php on line 140.
 1 [internal function]: CodeIgniter\Debug\Exceptions->errorHandler(2, 'pg_query(): Query failed: ERROR:  invalid input syntax for type bigint: &quot;&quot;
LINE 4: WHERE &quot;st1&quot;.&quot;id_no&quot; = \'\'
                              ^', 'SYSTEMPATH/Database/Postgre/Connection.php', 140)
 2 SYSTEMPATH/Database/Postgre/Connection.php(140): pg_query(Object(PgSql\Connection), 'SELECT "st2"."id_no", "st2"."name"
FROM "master"."state" "st1"
JOIN "master"."state" "st2" ON "st1"."state_code" = "st2"."state_code"
WHERE "st1"."id_no" = \'\'
AND "st2"."district_code" !=0
AND "st2"."sub_dist_code" =0
AND "st2"."village_code" =0
AND "st2"."display" = \'Y\'
AND "st1"."display" = \'Y\'
AND "st2"."display" = \'Y\'
ORDER BY "st2"."name" ASC')
 3 SYSTEMPATH/Database/BaseConnection.php(666): CodeIgniter\Database\Postgre\Connection->execute('SELECT "st2"."id_no", "st2"."name"
FROM "master"."state" "st1"
JOIN "master"."state" "st2" ON "st1"."state_code" = "st2"."state_code"
WHERE "st1"."id_no" = \'\'
AND "st2"."district_code" !=0
AND "st2"."sub_dist_code" =0
AND "st2"."village_code" =0
AND "st2"."display" = \'Y\'
AND "st1"."display" = \'Y\'
AND "st2"."display" = \'Y\'
ORDER BY "st2"."name" ASC')
 4 SYSTEMPATH/Database/BaseConnection.php(593): CodeIgniter\Database\BaseConnection->simpleQuery('SELECT "st2"."id_no", "st2"."name"
FROM "master"."state" "st1"
JOIN "master"."state" "st2" ON "st1"."state_code" = "st2"."state_code"
WHERE "st1"."id_no" = \'\'
AND "st2"."district_code" !=0
AND "st2"."sub_dist_code" =0
AND "st2"."village_code" =0
AND "st2"."display" = \'Y\'
AND "st1"."display" = \'Y\'
AND "st2"."display" = \'Y\'
ORDER BY "st2"."name" ASC')
 5 SYSTEMPATH/Database/BaseBuilder.php(1585): CodeIgniter\Database\BaseConnection->query('SELECT "st2"."id_no", "st2"."name"
FROM "master"."state" "st1"
JOIN "master"."state" "st2" ON "st1"."state_code" = "st2"."state_code"
WHERE "st1"."id_no" = :st1.id_no:
AND "st2"."district_code" !=0
AND "st2"."sub_dist_code" =0
AND "st2"."village_code" =0
AND "st2"."display" = :st2.display:
AND "st1"."display" = :st1.display:
AND "st2"."display" = :st2.display.1:
ORDER BY "st2"."name" ASC', [...], false)
 6 APPPATH/Models/Common/Dropdown_list_model.php(250): CodeIgniter\Database\BaseBuilder->get()
 7 APPPATH/Controllers/Common/Ajaxcalls.php(89): App\Models\Common\Dropdown_list_model->get_districts_list('ROOTPATH/public')
 8 SYSTEMPATH/CodeIgniter.php(925): App\Controllers\Common\Ajaxcalls->get_districts()
 9 SYSTEMPATH/CodeIgniter.php(480): CodeIgniter\CodeIgniter->runController(Object(App\Controllers\Common\Ajaxcalls))
10 SYSTEMPATH/CodeIgniter.php(349): CodeIgniter\CodeIgniter->handleRequest(null, Object(Config\Cache), false)
11 FCPATH/index.php(67): CodeIgniter\CodeIgniter->run()
CRITICAL - 2024-02-19 03:18:37 --> The action you requested is not allowed.
in SYSTEMPATH/Security/Security.php on line 307.
 1 SYSTEMPATH/Security/Security.php(307): CodeIgniter\Security\Exceptions\SecurityException::forDisallowedAction()
 2 SYSTEMPATH/Filters/CSRF.php(55): CodeIgniter\Security\Security->verify(Object(CodeIgniter\HTTP\IncomingRequest))
 3 SYSTEMPATH/Filters/Filters.php(173): CodeIgniter\Filters\CSRF->before(Object(CodeIgniter\HTTP\IncomingRequest), null)
 4 SYSTEMPATH/CodeIgniter.php(453): CodeIgniter\Filters\Filters->run('Filing/Diary/search', 'before')
 5 SYSTEMPATH/CodeIgniter.php(349): CodeIgniter\CodeIgniter->handleRequest(null, Object(Config\Cache), false)
 6 FCPATH/index.php(67): CodeIgniter\CodeIgniter->run()
CRITICAL - 2024-02-19 03:44:10 --> The action you requested is not allowed.
in SYSTEMPATH/Security/Security.php on line 307.
 1 SYSTEMPATH/Security/Security.php(307): CodeIgniter\Security\Exceptions\SecurityException::forDisallowedAction()
 2 SYSTEMPATH/Filters/CSRF.php(55): CodeIgniter\Security\Security->verify(Object(CodeIgniter\HTTP\IncomingRequest))
 3 SYSTEMPATH/Filters/Filters.php(173): CodeIgniter\Filters\CSRF->before(Object(CodeIgniter\HTTP\IncomingRequest), null)
 4 SYSTEMPATH/CodeIgniter.php(453): CodeIgniter\Filters\Filters->run('Common/Ajaxcalls/get_hc_bench_list', 'before')
 5 SYSTEMPATH/CodeIgniter.php(349): CodeIgniter\CodeIgniter->handleRequest(null, Object(Config\Cache), false)
 6 FCPATH/index.php(67): CodeIgniter\CodeIgniter->run()
CRITICAL - 2024-02-19 03:46:22 --> The action you requested is not allowed.
in SYSTEMPATH/Security/Security.php on line 307.
 1 SYSTEMPATH/Security/Security.php(307): CodeIgniter\Security\Exceptions\SecurityException::forDisallowedAction()
 2 SYSTEMPATH/Filters/CSRF.php(55): CodeIgniter\Security\Security->verify(Object(CodeIgniter\HTTP\IncomingRequest))
 3 SYSTEMPATH/Filters/Filters.php(173): CodeIgniter\Filters\CSRF->before(Object(CodeIgniter\HTTP\IncomingRequest), null)
 4 SYSTEMPATH/CodeIgniter.php(453): CodeIgniter\Filters\Filters->run('Common/Ajaxcalls/get_hc_bench_list', 'before')
 5 SYSTEMPATH/CodeIgniter.php(349): CodeIgniter\CodeIgniter->handleRequest(null, Object(Config\Cache), false)
 6 FCPATH/index.php(67): CodeIgniter\CodeIgniter->run()
CRITICAL - 2024-02-19 15:18:54 --> foreach() argument must be of type array|object, bool given
in APPPATH/Controllers/Filing/Diary.php on line 931.
 1 APPPATH/Controllers/Filing/Diary.php(931): CodeIgniter\Debug\Exceptions->errorHandler(2, 'foreach() argument must be of type array|object, bool given', 'APPPATH/Controllers/Filing/Diary.php', 931)
 2 SYSTEMPATH/CodeIgniter.php(925): App\Controllers\Filing\Diary->save_new_filing()
 3 SYSTEMPATH/CodeIgniter.php(480): CodeIgniter\CodeIgniter->runController(Object(App\Controllers\Filing\Diary))
 4 SYSTEMPATH/CodeIgniter.php(349): CodeIgniter\CodeIgniter->handleRequest(null, Object(Config\Cache), false)
 5 FCPATH/index.php(67): CodeIgniter\CodeIgniter->run()
CRITICAL - 2024-02-19 15:23:07 --> strtotime(): Passing null to parameter #1 ($datetime) of type string is deprecated
in APPPATH/Views/Reports/filing/get_content_caveat.php on line 29.
 1 [internal function]: CodeIgniter\Debug\Exceptions->errorHandler(8192, 'strtotime(): Passing null to parameter #1 ($datetime) of type string is deprecated', 'APPPATH/Views/Reports/filing/get_content_caveat.php', 29)
 2 APPPATH/Views/Reports/filing/get_content_caveat.php(29): strtotime(null)
 3 SYSTEMPATH/View/View.php(213): include('APPPATH/Views/Reports/filing/get_content_caveat.php')
 4 SYSTEMPATH/View/View.php(216): CodeIgniter\View\View->CodeIgniter\View\{closure}()
 5 SYSTEMPATH/Common.php(1135): CodeIgniter\View\View->render('Reports/filing/get_content_caveat', [], true)
 6 APPPATH/Controllers/Reports/Filing/Report.php(223): view('Reports/filing/get_content_caveat', [...])
 7 SYSTEMPATH/CodeIgniter.php(925): App\Controllers\Reports\Filing\Report->caveat_search()
 8 SYSTEMPATH/CodeIgniter.php(480): CodeIgniter\CodeIgniter->runController(Object(App\Controllers\Reports\Filing\Report))
 9 SYSTEMPATH/CodeIgniter.php(349): CodeIgniter\CodeIgniter->handleRequest(null, Object(Config\Cache), false)
10 FCPATH/index.php(67): CodeIgniter\CodeIgniter->run()
ERROR - 2024-02-19 15:48:39 --> ErrorException: pg_query(): Query failed: ERROR:  operator does not exist: character varying &lt;&gt; integer
LINE 5: AND &quot;sr_no_show&quot; &lt;&gt; 1
                         ^
HINT:  No operator matches the given name and argument types. You might need to add explicit type casts. in /var/www/html/system/Database/Postgre/Connection.php:140
Stack trace:
#0 [internal function]: CodeIgniter\Debug\Exceptions->errorHandler(2, 'pg_query(): Que...', '/var/www/html/s...', 140)
#1 /var/www/html/system/Database/Postgre/Connection.php(140): pg_query(Object(PgSql\Connection), 'SELECT *\nFROM "...')
#2 /var/www/html/system/Database/BaseConnection.php(666): CodeIgniter\Database\Postgre\Connection->execute('SELECT *\nFROM "...')
#3 /var/www/html/system/Database/BaseConnection.php(593): CodeIgniter\Database\BaseConnection->simpleQuery('SELECT *\nFROM "...')
#4 /var/www/html/system/Database/BaseBuilder.php(1585): CodeIgniter\Database\BaseConnection->query('SELECT *\nFROM "...', Array, false)
#5 /var/www/html/app/Helpers/common_helper.php(52): CodeIgniter\Database\BaseBuilder->get()
#6 /var/www/html/app/Controllers/Filing/Diary.php(850): is_data_from_table('party_a', Array)
#7 /var/www/html/system/CodeIgniter.php(925): App\Controllers\Filing\Diary->save_new_filing()
#8 /var/www/html/system/CodeIgniter.php(480): CodeIgniter\CodeIgniter->runController(Object(App\Controllers\Filing\Diary))
#9 /var/www/html/system/CodeIgniter.php(349): CodeIgniter\CodeIgniter->handleRequest(NULL, Object(Config\Cache), false)
#10 /var/www/html/public/index.php(67): CodeIgniter\CodeIgniter->run()
#11 {main}
CRITICAL - 2024-02-19 15:48:39 --> pg_query(): Query failed: ERROR:  operator does not exist: character varying &lt;&gt; integer
LINE 5: AND &quot;sr_no_show&quot; &lt;&gt; 1
                         ^
HINT:  No operator matches the given name and argument types. You might need to add explicit type casts.
in SYSTEMPATH/Database/Postgre/Connection.php on line 140.
 1 [internal function]: CodeIgniter\Debug\Exceptions->errorHandler(2, 'pg_query(): Query failed: ERROR:  operator does not exist: character varying &lt;&gt; integer
LINE 5: AND &quot;sr_no_show&quot; &lt;&gt; 1
                         ^
HINT:  No operator matches the given name and argument types. You might need to add explicit type casts.', 'SYSTEMPATH/Database/Postgre/Connection.php', 140)
 2 SYSTEMPATH/Database/Postgre/Connection.php(140): pg_query(Object(PgSql\Connection), 'SELECT *
FROM "party_a"
WHERE "diary_no" = \'420402022\'
AND "sr_no" <> 1
AND "sr_no_show" <> 1
AND "pflag" <> \'T\'')
 3 SYSTEMPATH/Database/BaseConnection.php(666): CodeIgniter\Database\Postgre\Connection->execute('SELECT *
FROM "party_a"
WHERE "diary_no" = \'420402022\'
AND "sr_no" <> 1
AND "sr_no_show" <> 1
AND "pflag" <> \'T\'')
 4 SYSTEMPATH/Database/BaseConnection.php(593): CodeIgniter\Database\BaseConnection->simpleQuery('SELECT *
FROM "party_a"
WHERE "diary_no" = \'420402022\'
AND "sr_no" <> 1
AND "sr_no_show" <> 1
AND "pflag" <> \'T\'')
 5 SYSTEMPATH/Database/BaseBuilder.php(1585): CodeIgniter\Database\BaseConnection->query('SELECT *
FROM "party_a"
WHERE "diary_no" = :diary_no:
AND "sr_no" <> :sr_no:
AND "sr_no_show" <> :sr_no_show:
AND "pflag" <> :pflag:', [...], false)
 6 APPPATH/Helpers/common_helper.php(52): CodeIgniter\Database\BaseBuilder->get()
 7 APPPATH/Controllers/Filing/Diary.php(850): is_data_from_table('party_a', [...])
 8 SYSTEMPATH/CodeIgniter.php(925): App\Controllers\Filing\Diary->save_new_filing()
 9 SYSTEMPATH/CodeIgniter.php(480): CodeIgniter\CodeIgniter->runController(Object(App\Controllers\Filing\Diary))
10 SYSTEMPATH/CodeIgniter.php(349): CodeIgniter\CodeIgniter->handleRequest(null, Object(Config\Cache), false)
11 FCPATH/index.php(67): CodeIgniter\CodeIgniter->run()
ERROR - 2024-02-19 15:59:45 --> ErrorException: pg_query(): Query failed: ERROR:  operator does not exist: character varying &lt;&gt; integer
LINE 5: AND &quot;sr_no_show&quot; &lt;&gt; 1
                         ^
HINT:  No operator matches the given name and argument types. You might need to add explicit type casts. in /var/www/html/system/Database/Postgre/Connection.php:140
Stack trace:
#0 [internal function]: CodeIgniter\Debug\Exceptions->errorHandler(2, 'pg_query(): Que...', '/var/www/html/s...', 140)
#1 /var/www/html/system/Database/Postgre/Connection.php(140): pg_query(Object(PgSql\Connection), 'SELECT *\nFROM "...')
#2 /var/www/html/system/Database/BaseConnection.php(666): CodeIgniter\Database\Postgre\Connection->execute('SELECT *\nFROM "...')
#3 /var/www/html/system/Database/BaseConnection.php(593): CodeIgniter\Database\BaseConnection->simpleQuery('SELECT *\nFROM "...')
#4 /var/www/html/system/Database/BaseBuilder.php(1585): CodeIgniter\Database\BaseConnection->query('SELECT *\nFROM "...', Array, false)
#5 /var/www/html/app/Helpers/common_helper.php(52): CodeIgniter\Database\BaseBuilder->get()
#6 /var/www/html/app/Controllers/Filing/Diary.php(850): is_data_from_table('party_a', Array)
#7 /var/www/html/system/CodeIgniter.php(925): App\Controllers\Filing\Diary->save_new_filing()
#8 /var/www/html/system/CodeIgniter.php(480): CodeIgniter\CodeIgniter->runController(Object(App\Controllers\Filing\Diary))
#9 /var/www/html/system/CodeIgniter.php(349): CodeIgniter\CodeIgniter->handleRequest(NULL, Object(Config\Cache), false)
#10 /var/www/html/public/index.php(67): CodeIgniter\CodeIgniter->run()
#11 {main}
CRITICAL - 2024-02-19 15:59:45 --> pg_query(): Query failed: ERROR:  operator does not exist: character varying &lt;&gt; integer
LINE 5: AND &quot;sr_no_show&quot; &lt;&gt; 1
                         ^
HINT:  No operator matches the given name and argument types. You might need to add explicit type casts.
in SYSTEMPATH/Database/Postgre/Connection.php on line 140.
 1 [internal function]: CodeIgniter\Debug\Exceptions->errorHandler(2, 'pg_query(): Query failed: ERROR:  operator does not exist: character varying &lt;&gt; integer
LINE 5: AND &quot;sr_no_show&quot; &lt;&gt; 1
                         ^
HINT:  No operator matches the given name and argument types. You might need to add explicit type casts.', 'SYSTEMPATH/Database/Postgre/Connection.php', 140)
 2 SYSTEMPATH/Database/Postgre/Connection.php(140): pg_query(Object(PgSql\Connection), 'SELECT *
FROM "party_a"
WHERE "diary_no" = \'368472022\'
AND "sr_no" <> 1
AND "sr_no_show" <> 1
AND "pflag" <> \'T\'')
 3 SYSTEMPATH/Database/BaseConnection.php(666): CodeIgniter\Database\Postgre\Connection->execute('SELECT *
FROM "party_a"
WHERE "diary_no" = \'368472022\'
AND "sr_no" <> 1
AND "sr_no_show" <> 1
AND "pflag" <> \'T\'')
 4 SYSTEMPATH/Database/BaseConnection.php(593): CodeIgniter\Database\BaseConnection->simpleQuery('SELECT *
FROM "party_a"
WHERE "diary_no" = \'368472022\'
AND "sr_no" <> 1
AND "sr_no_show" <> 1
AND "pflag" <> \'T\'')
 5 SYSTEMPATH/Database/BaseBuilder.php(1585): CodeIgniter\Database\BaseConnection->query('SELECT *
FROM "party_a"
WHERE "diary_no" = :diary_no:
AND "sr_no" <> :sr_no:
AND "sr_no_show" <> :sr_no_show:
AND "pflag" <> :pflag:', [...], false)
 6 APPPATH/Helpers/common_helper.php(52): CodeIgniter\Database\BaseBuilder->get()
 7 APPPATH/Controllers/Filing/Diary.php(850): is_data_from_table('party_a', [...])
 8 SYSTEMPATH/CodeIgniter.php(925): App\Controllers\Filing\Diary->save_new_filing()
 9 SYSTEMPATH/CodeIgniter.php(480): CodeIgniter\CodeIgniter->runController(Object(App\Controllers\Filing\Diary))
10 SYSTEMPATH/CodeIgniter.php(349): CodeIgniter\CodeIgniter->handleRequest(null, Object(Config\Cache), false)
11 FCPATH/index.php(67): CodeIgniter\CodeIgniter->run()
CRITICAL - 2024-02-19 04:31:51 --> The action you requested is not allowed.
in SYSTEMPATH/Security/Security.php on line 307.
 1 SYSTEMPATH/Security/Security.php(307): CodeIgniter\Security\Exceptions\SecurityException::forDisallowedAction()
 2 SYSTEMPATH/Filters/CSRF.php(55): CodeIgniter\Security\Security->verify(Object(CodeIgniter\HTTP\IncomingRequest))
 3 SYSTEMPATH/Filters/Filters.php(173): CodeIgniter\Filters\CSRF->before(Object(CodeIgniter\HTTP\IncomingRequest), null)
 4 SYSTEMPATH/CodeIgniter.php(453): CodeIgniter\Filters\Filters->run('Supreme_court/Content', 'before')
 5 SYSTEMPATH/CodeIgniter.php(349): CodeIgniter\CodeIgniter->handleRequest(null, Object(Config\Cache), false)
 6 FCPATH/index.php(67): CodeIgniter\CodeIgniter->run()
ERROR - 2024-02-19 16:02:38 --> ErrorException: pg_query(): Query failed: ERROR:  operator does not exist: character varying &lt;&gt; integer
LINE 5: AND &quot;sr_no_show&quot; &lt;&gt; 1
                         ^
HINT:  No operator matches the given name and argument types. You might need to add explicit type casts. in /var/www/html/system/Database/Postgre/Connection.php:140
Stack trace:
#0 [internal function]: CodeIgniter\Debug\Exceptions->errorHandler(2, 'pg_query(): Que...', '/var/www/html/s...', 140)
#1 /var/www/html/system/Database/Postgre/Connection.php(140): pg_query(Object(PgSql\Connection), 'SELECT *\nFROM "...')
#2 /var/www/html/system/Database/BaseConnection.php(666): CodeIgniter\Database\Postgre\Connection->execute('SELECT *\nFROM "...')
#3 /var/www/html/system/Database/BaseConnection.php(593): CodeIgniter\Database\BaseConnection->simpleQuery('SELECT *\nFROM "...')
#4 /var/www/html/system/Database/BaseBuilder.php(1585): CodeIgniter\Database\BaseConnection->query('SELECT *\nFROM "...', Array, false)
#5 /var/www/html/app/Helpers/common_helper.php(52): CodeIgniter\Database\BaseBuilder->get()
#6 /var/www/html/app/Controllers/Filing/Diary.php(850): is_data_from_table('party_a', Array)
#7 /var/www/html/system/CodeIgniter.php(925): App\Controllers\Filing\Diary->save_new_filing()
#8 /var/www/html/system/CodeIgniter.php(480): CodeIgniter\CodeIgniter->runController(Object(App\Controllers\Filing\Diary))
#9 /var/www/html/system/CodeIgniter.php(349): CodeIgniter\CodeIgniter->handleRequest(NULL, Object(Config\Cache), false)
#10 /var/www/html/public/index.php(67): CodeIgniter\CodeIgniter->run()
#11 {main}
CRITICAL - 2024-02-19 16:02:38 --> pg_query(): Query failed: ERROR:  operator does not exist: character varying &lt;&gt; integer
LINE 5: AND &quot;sr_no_show&quot; &lt;&gt; 1
                         ^
HINT:  No operator matches the given name and argument types. You might need to add explicit type casts.
in SYSTEMPATH/Database/Postgre/Connection.php on line 140.
 1 [internal function]: CodeIgniter\Debug\Exceptions->errorHandler(2, 'pg_query(): Query failed: ERROR:  operator does not exist: character varying &lt;&gt; integer
LINE 5: AND &quot;sr_no_show&quot; &lt;&gt; 1
                         ^
HINT:  No operator matches the given name and argument types. You might need to add explicit type casts.', 'SYSTEMPATH/Database/Postgre/Connection.php', 140)
 2 SYSTEMPATH/Database/Postgre/Connection.php(140): pg_query(Object(PgSql\Connection), 'SELECT *
FROM "party_a"
WHERE "diary_no" = \'392452022\'
AND "sr_no" <> 1
AND "sr_no_show" <> 1
AND "pflag" <> \'T\'')
 3 SYSTEMPATH/Database/BaseConnection.php(666): CodeIgniter\Database\Postgre\Connection->execute('SELECT *
FROM "party_a"
WHERE "diary_no" = \'392452022\'
AND "sr_no" <> 1
AND "sr_no_show" <> 1
AND "pflag" <> \'T\'')
 4 SYSTEMPATH/Database/BaseConnection.php(593): CodeIgniter\Database\BaseConnection->simpleQuery('SELECT *
FROM "party_a"
WHERE "diary_no" = \'392452022\'
AND "sr_no" <> 1
AND "sr_no_show" <> 1
AND "pflag" <> \'T\'')
 5 SYSTEMPATH/Database/BaseBuilder.php(1585): CodeIgniter\Database\BaseConnection->query('SELECT *
FROM "party_a"
WHERE "diary_no" = :diary_no:
AND "sr_no" <> :sr_no:
AND "sr_no_show" <> :sr_no_show:
AND "pflag" <> :pflag:', [...], false)
 6 APPPATH/Helpers/common_helper.php(52): CodeIgniter\Database\BaseBuilder->get()
 7 APPPATH/Controllers/Filing/Diary.php(850): is_data_from_table('party_a', [...])
 8 SYSTEMPATH/CodeIgniter.php(925): App\Controllers\Filing\Diary->save_new_filing()
 9 SYSTEMPATH/CodeIgniter.php(480): CodeIgniter\CodeIgniter->runController(Object(App\Controllers\Filing\Diary))
10 SYSTEMPATH/CodeIgniter.php(349): CodeIgniter\CodeIgniter->handleRequest(null, Object(Config\Cache), false)
11 FCPATH/index.php(67): CodeIgniter\CodeIgniter->run()
CRITICAL - 2024-02-19 04:43:30 --> The action you requested is not allowed.
in SYSTEMPATH/Security/Security.php on line 307.
 1 SYSTEMPATH/Security/Security.php(307): CodeIgniter\Security\Exceptions\SecurityException::forDisallowedAction()
 2 SYSTEMPATH/Filters/CSRF.php(55): CodeIgniter\Security\Security->verify(Object(CodeIgniter\HTTP\IncomingRequest))
 3 SYSTEMPATH/Filters/Filters.php(173): CodeIgniter\Filters\CSRF->before(Object(CodeIgniter\HTTP\IncomingRequest), null)
 4 SYSTEMPATH/CodeIgniter.php(453): CodeIgniter\Filters\Filters->run('Filing/Ia_documents/getRemarksList', 'before')
 5 SYSTEMPATH/CodeIgniter.php(349): CodeIgniter\CodeIgniter->handleRequest(null, Object(Config\Cache), false)
 6 FCPATH/index.php(67): CodeIgniter\CodeIgniter->run()
CRITICAL - 2024-02-19 04:43:30 --> The action you requested is not allowed.
in SYSTEMPATH/Security/Security.php on line 307.
 1 SYSTEMPATH/Security/Security.php(307): CodeIgniter\Security\Exceptions\SecurityException::forDisallowedAction()
 2 SYSTEMPATH/Filters/CSRF.php(55): CodeIgniter\Security\Security->verify(Object(CodeIgniter\HTTP\IncomingRequest))
 3 SYSTEMPATH/Filters/Filters.php(173): CodeIgniter\Filters\CSRF->before(Object(CodeIgniter\HTTP\IncomingRequest), null)
 4 SYSTEMPATH/CodeIgniter.php(453): CodeIgniter\Filters\Filters->run('Filing/Ia_documents/getRemarksList', 'before')
 5 SYSTEMPATH/CodeIgniter.php(349): CodeIgniter\CodeIgniter->handleRequest(null, Object(Config\Cache), false)
 6 FCPATH/index.php(67): CodeIgniter\CodeIgniter->run()
CRITICAL - 2024-02-19 16:15:15 --> strtotime(): Passing null to parameter #1 ($datetime) of type string is deprecated
in APPPATH/Views/Reports/filing/get_content_caveat.php on line 29.
 1 [internal function]: CodeIgniter\Debug\Exceptions->errorHandler(8192, 'strtotime(): Passing null to parameter #1 ($datetime) of type string is deprecated', 'APPPATH/Views/Reports/filing/get_content_caveat.php', 29)
 2 APPPATH/Views/Reports/filing/get_content_caveat.php(29): strtotime(null)
 3 SYSTEMPATH/View/View.php(213): include('APPPATH/Views/Reports/filing/get_content_caveat.php')
 4 SYSTEMPATH/View/View.php(216): CodeIgniter\View\View->CodeIgniter\View\{closure}()
 5 SYSTEMPATH/Common.php(1135): CodeIgniter\View\View->render('Reports/filing/get_content_caveat', [], true)
 6 APPPATH/Controllers/Reports/Filing/Report.php(223): view('Reports/filing/get_content_caveat', [...])
 7 SYSTEMPATH/CodeIgniter.php(925): App\Controllers\Reports\Filing\Report->caveat_search()
 8 SYSTEMPATH/CodeIgniter.php(480): CodeIgniter\CodeIgniter->runController(Object(App\Controllers\Reports\Filing\Report))
 9 SYSTEMPATH/CodeIgniter.php(349): CodeIgniter\CodeIgniter->handleRequest(null, Object(Config\Cache), false)
10 FCPATH/index.php(67): CodeIgniter\CodeIgniter->run()
CRITICAL - 2024-02-19 16:22:31 --> strtotime(): Passing null to parameter #1 ($datetime) of type string is deprecated
in APPPATH/Views/Reports/filing/get_content_caveat.php on line 29.
 1 [internal function]: CodeIgniter\Debug\Exceptions->errorHandler(8192, 'strtotime(): Passing null to parameter #1 ($datetime) of type string is deprecated', 'APPPATH/Views/Reports/filing/get_content_caveat.php', 29)
 2 APPPATH/Views/Reports/filing/get_content_caveat.php(29): strtotime(null)
 3 SYSTEMPATH/View/View.php(213): include('APPPATH/Views/Reports/filing/get_content_caveat.php')
 4 SYSTEMPATH/View/View.php(216): CodeIgniter\View\View->CodeIgniter\View\{closure}()
 5 SYSTEMPATH/Common.php(1135): CodeIgniter\View\View->render('Reports/filing/get_content_caveat', [], true)
 6 APPPATH/Controllers/Reports/Filing/Report.php(223): view('Reports/filing/get_content_caveat', [...])
 7 SYSTEMPATH/CodeIgniter.php(925): App\Controllers\Reports\Filing\Report->caveat_search()
 8 SYSTEMPATH/CodeIgniter.php(480): CodeIgniter\CodeIgniter->runController(Object(App\Controllers\Reports\Filing\Report))
 9 SYSTEMPATH/CodeIgniter.php(349): CodeIgniter\CodeIgniter->handleRequest(null, Object(Config\Cache), false)
10 FCPATH/index.php(67): CodeIgniter\CodeIgniter->run()
ERROR - 2024-02-19 16:29:54 --> ErrorException: pg_query(): Query failed: ERROR:  operator does not exist: character varying &lt;&gt; integer
LINE 5: AND &quot;sr_no_show&quot; &lt;&gt; 1
                         ^
HINT:  No operator matches the given name and argument types. You might need to add explicit type casts. in /var/www/html/system/Database/Postgre/Connection.php:140
Stack trace:
#0 [internal function]: CodeIgniter\Debug\Exceptions->errorHandler(2, 'pg_query(): Que...', '/var/www/html/s...', 140)
#1 /var/www/html/system/Database/Postgre/Connection.php(140): pg_query(Object(PgSql\Connection), 'SELECT *\nFROM "...')
#2 /var/www/html/system/Database/BaseConnection.php(666): CodeIgniter\Database\Postgre\Connection->execute('SELECT *\nFROM "...')
#3 /var/www/html/system/Database/BaseConnection.php(593): CodeIgniter\Database\BaseConnection->simpleQuery('SELECT *\nFROM "...')
#4 /var/www/html/system/Database/BaseBuilder.php(1585): CodeIgniter\Database\BaseConnection->query('SELECT *\nFROM "...', Array, false)
#5 /var/www/html/app/Helpers/common_helper.php(52): CodeIgniter\Database\BaseBuilder->get()
#6 /var/www/html/app/Controllers/Filing/Diary.php(850): is_data_from_table('party_a', Array)
#7 /var/www/html/system/CodeIgniter.php(925): App\Controllers\Filing\Diary->save_new_filing()
#8 /var/www/html/system/CodeIgniter.php(480): CodeIgniter\CodeIgniter->runController(Object(App\Controllers\Filing\Diary))
#9 /var/www/html/system/CodeIgniter.php(349): CodeIgniter\CodeIgniter->handleRequest(NULL, Object(Config\Cache), false)
#10 /var/www/html/public/index.php(67): CodeIgniter\CodeIgniter->run()
#11 {main}
CRITICAL - 2024-02-19 16:29:54 --> pg_query(): Query failed: ERROR:  operator does not exist: character varying &lt;&gt; integer
LINE 5: AND &quot;sr_no_show&quot; &lt;&gt; 1
                         ^
HINT:  No operator matches the given name and argument types. You might need to add explicit type casts.
in SYSTEMPATH/Database/Postgre/Connection.php on line 140.
 1 [internal function]: CodeIgniter\Debug\Exceptions->errorHandler(2, 'pg_query(): Query failed: ERROR:  operator does not exist: character varying &lt;&gt; integer
LINE 5: AND &quot;sr_no_show&quot; &lt;&gt; 1
                         ^
HINT:  No operator matches the given name and argument types. You might need to add explicit type casts.', 'SYSTEMPATH/Database/Postgre/Connection.php', 140)
 2 SYSTEMPATH/Database/Postgre/Connection.php(140): pg_query(Object(PgSql\Connection), 'SELECT *
FROM "party_a"
WHERE "diary_no" = \'311932021\'
AND "sr_no" <> 1
AND "sr_no_show" <> 1
AND "pflag" <> \'T\'')
 3 SYSTEMPATH/Database/BaseConnection.php(666): CodeIgniter\Database\Postgre\Connection->execute('SELECT *
FROM "party_a"
WHERE "diary_no" = \'311932021\'
AND "sr_no" <> 1
AND "sr_no_show" <> 1
AND "pflag" <> \'T\'')
 4 SYSTEMPATH/Database/BaseConnection.php(593): CodeIgniter\Database\BaseConnection->simpleQuery('SELECT *
FROM "party_a"
WHERE "diary_no" = \'311932021\'
AND "sr_no" <> 1
AND "sr_no_show" <> 1
AND "pflag" <> \'T\'')
 5 SYSTEMPATH/Database/BaseBuilder.php(1585): CodeIgniter\Database\BaseConnection->query('SELECT *
FROM "party_a"
WHERE "diary_no" = :diary_no:
AND "sr_no" <> :sr_no:
AND "sr_no_show" <> :sr_no_show:
AND "pflag" <> :pflag:', [...], false)
 6 APPPATH/Helpers/common_helper.php(52): CodeIgniter\Database\BaseBuilder->get()
 7 APPPATH/Controllers/Filing/Diary.php(850): is_data_from_table('party_a', [...])
 8 SYSTEMPATH/CodeIgniter.php(925): App\Controllers\Filing\Diary->save_new_filing()
 9 SYSTEMPATH/CodeIgniter.php(480): CodeIgniter\CodeIgniter->runController(Object(App\Controllers\Filing\Diary))
10 SYSTEMPATH/CodeIgniter.php(349): CodeIgniter\CodeIgniter->handleRequest(null, Object(Config\Cache), false)
11 FCPATH/index.php(67): CodeIgniter\CodeIgniter->run()
CRITICAL - 2024-02-19 22:13:33 --> Trying to access array offset on value of type null
in APPPATH/Views/header_sci.php on line 81.
 1 APPPATH/Views/header_sci.php(81): CodeIgniter\Debug\Exceptions->errorHandler(2, 'Trying to access array offset on value of type null', 'APPPATH/Views/header_sci.php', 81)
 2 SYSTEMPATH/View/View.php(213): include('APPPATH/Views/header_sci.php')
 3 SYSTEMPATH/View/View.php(216): CodeIgniter\View\View->CodeIgniter\View\{closure}()
 4 SYSTEMPATH/View/View.php(229): CodeIgniter\View\View->render('header_sci', [], true)
 5 SYSTEMPATH/Common.php(1135): CodeIgniter\View\View->render('templates/index', [], true)
 6 APPPATH/Controllers/Supreme_court/DefaultController.php(24): view('templates/index', [...])
 7 SYSTEMPATH/CodeIgniter.php(925): App\Controllers\Supreme_court\DefaultController->index()
 8 SYSTEMPATH/CodeIgniter.php(480): CodeIgniter\CodeIgniter->runController(Object(App\Controllers\Supreme_court\DefaultController))
 9 SYSTEMPATH/CodeIgniter.php(349): CodeIgniter\CodeIgniter->handleRequest(null, Object(Config\Cache), false)
10 FCPATH/index.php(67): CodeIgniter\CodeIgniter->run()
CRITICAL - 2024-02-19 22:13:41 --> Trying to access array offset on value of type null
in APPPATH/Views/header_sci.php on line 81.
 1 APPPATH/Views/header_sci.php(81): CodeIgniter\Debug\Exceptions->errorHandler(2, 'Trying to access array offset on value of type null', 'APPPATH/Views/header_sci.php', 81)
 2 SYSTEMPATH/View/View.php(213): include('APPPATH/Views/header_sci.php')
 3 SYSTEMPATH/View/View.php(216): CodeIgniter\View\View->CodeIgniter\View\{closure}()
 4 SYSTEMPATH/View/View.php(229): CodeIgniter\View\View->render('header_sci', [], true)
 5 SYSTEMPATH/Common.php(1135): CodeIgniter\View\View->render('templates/index', [], true)
 6 APPPATH/Controllers/Supreme_court/DefaultController.php(24): view('templates/index', [...])
 7 SYSTEMPATH/CodeIgniter.php(925): App\Controllers\Supreme_court\DefaultController->index()
 8 SYSTEMPATH/CodeIgniter.php(480): CodeIgniter\CodeIgniter->runController(Object(App\Controllers\Supreme_court\DefaultController))
 9 SYSTEMPATH/CodeIgniter.php(349): CodeIgniter\CodeIgniter->handleRequest(null, Object(Config\Cache), false)
10 FCPATH/index.php(67): CodeIgniter\CodeIgniter->run()
CRITICAL - 2024-02-19 22:48:24 --> Trying to access array offset on value of type null
in APPPATH/Views/header_sci.php on line 81.
 1 APPPATH/Views/header_sci.php(81): CodeIgniter\Debug\Exceptions->errorHandler(2, 'Trying to access array offset on value of type null', 'APPPATH/Views/header_sci.php', 81)
 2 SYSTEMPATH/View/View.php(213): include('APPPATH/Views/header_sci.php')
 3 SYSTEMPATH/View/View.php(216): CodeIgniter\View\View->CodeIgniter\View\{closure}()
 4 SYSTEMPATH/View/View.php(229): CodeIgniter\View\View->render('header_sci', [], true)
 5 SYSTEMPATH/Common.php(1135): CodeIgniter\View\View->render('templates/index', [], true)
 6 APPPATH/Controllers/Supreme_court/DefaultController.php(24): view('templates/index', [...])
 7 SYSTEMPATH/CodeIgniter.php(925): App\Controllers\Supreme_court\DefaultController->index()
 8 SYSTEMPATH/CodeIgniter.php(480): CodeIgniter\CodeIgniter->runController(Object(App\Controllers\Supreme_court\DefaultController))
 9 SYSTEMPATH/CodeIgniter.php(349): CodeIgniter\CodeIgniter->handleRequest(null, Object(Config\Cache), false)
10 FCPATH/index.php(67): CodeIgniter\CodeIgniter->run()
CRITICAL - 2024-02-19 22:51:16 --> The action you requested is not allowed.
in SYSTEMPATH/Security/Security.php on line 307.
 1 SYSTEMPATH/Security/Security.php(307): CodeIgniter\Security\Exceptions\SecurityException::forDisallowedAction()
 2 SYSTEMPATH/Filters/CSRF.php(55): CodeIgniter\Security\Security->verify(Object(CodeIgniter\HTTP\IncomingRequest))
 3 SYSTEMPATH/Filters/Filters.php(173): CodeIgniter\Filters\CSRF->before(Object(CodeIgniter\HTTP\IncomingRequest), null)
 4 SYSTEMPATH/CodeIgniter.php(453): CodeIgniter\Filters\Filters->run('Reports/Filing/Report/caveat_search', 'before')
 5 SYSTEMPATH/CodeIgniter.php(349): CodeIgniter\CodeIgniter->handleRequest(null, Object(Config\Cache), false)
 6 FCPATH/index.php(67): CodeIgniter\CodeIgniter->run()
CRITICAL - 2024-02-19 23:54:58 --> The action you requested is not allowed.
in SYSTEMPATH/Security/Security.php on line 307.
 1 SYSTEMPATH/Security/Security.php(307): CodeIgniter\Security\Exceptions\SecurityException::forDisallowedAction()
 2 SYSTEMPATH/Filters/CSRF.php(55): CodeIgniter\Security\Security->verify(Object(CodeIgniter\HTTP\IncomingRequest))
 3 SYSTEMPATH/Filters/Filters.php(173): CodeIgniter\Filters\CSRF->before(Object(CodeIgniter\HTTP\IncomingRequest), null)
 4 SYSTEMPATH/CodeIgniter.php(453): CodeIgniter\Filters\Filters->run('Filing/Category/updateCategory', 'before')
 5 SYSTEMPATH/CodeIgniter.php(349): CodeIgniter\CodeIgniter->handleRequest(null, Object(Config\Cache), false)
 6 FCPATH/index.php(67): CodeIgniter\CodeIgniter->run()
CRITICAL - 2024-02-19 23:56:15 --> The action you requested is not allowed.
in SYSTEMPATH/Security/Security.php on line 307.
 1 SYSTEMPATH/Security/Security.php(307): CodeIgniter\Security\Exceptions\SecurityException::forDisallowedAction()
 2 SYSTEMPATH/Filters/CSRF.php(55): CodeIgniter\Security\Security->verify(Object(CodeIgniter\HTTP\IncomingRequest))
 3 SYSTEMPATH/Filters/Filters.php(173): CodeIgniter\Filters\CSRF->before(Object(CodeIgniter\HTTP\IncomingRequest), null)
 4 SYSTEMPATH/CodeIgniter.php(453): CodeIgniter\Filters\Filters->run('Filing/Category/updateBasicDetails', 'before')
 5 SYSTEMPATH/CodeIgniter.php(349): CodeIgniter\CodeIgniter->handleRequest(null, Object(Config\Cache), false)
 6 FCPATH/index.php(67): CodeIgniter\CodeIgniter->run()
CRITICAL - 2024-02-19 23:56:27 --> The action you requested is not allowed.
in SYSTEMPATH/Security/Security.php on line 307.
 1 SYSTEMPATH/Security/Security.php(307): CodeIgniter\Security\Exceptions\SecurityException::forDisallowedAction()
 2 SYSTEMPATH/Filters/CSRF.php(55): CodeIgniter\Security\Security->verify(Object(CodeIgniter\HTTP\IncomingRequest))
 3 SYSTEMPATH/Filters/Filters.php(173): CodeIgniter\Filters\CSRF->before(Object(CodeIgniter\HTTP\IncomingRequest), null)
 4 SYSTEMPATH/CodeIgniter.php(453): CodeIgniter\Filters\Filters->run('Filing/Category/updateBasicDetails', 'before')
 5 SYSTEMPATH/CodeIgniter.php(349): CodeIgniter\CodeIgniter->handleRequest(null, Object(Config\Cache), false)
 6 FCPATH/index.php(67): CodeIgniter\CodeIgniter->run()
CRITICAL - 2024-02-19 23:56:41 --> The action you requested is not allowed.
in SYSTEMPATH/Security/Security.php on line 307.
 1 SYSTEMPATH/Security/Security.php(307): CodeIgniter\Security\Exceptions\SecurityException::forDisallowedAction()
 2 SYSTEMPATH/Filters/CSRF.php(55): CodeIgniter\Security\Security->verify(Object(CodeIgniter\HTTP\IncomingRequest))
 3 SYSTEMPATH/Filters/Filters.php(173): CodeIgniter\Filters\CSRF->before(Object(CodeIgniter\HTTP\IncomingRequest), null)
 4 SYSTEMPATH/CodeIgniter.php(453): CodeIgniter\Filters\Filters->run('Filing/Category/updateKeywords', 'before')
 5 SYSTEMPATH/CodeIgniter.php(349): CodeIgniter\CodeIgniter->handleRequest(null, Object(Config\Cache), false)
 6 FCPATH/index.php(67): CodeIgniter\CodeIgniter->run()
CRITICAL - 2024-02-19 23:57:10 --> The action you requested is not allowed.
in SYSTEMPATH/Security/Security.php on line 307.
 1 SYSTEMPATH/Security/Security.php(307): CodeIgniter\Security\Exceptions\SecurityException::forDisallowedAction()
 2 SYSTEMPATH/Filters/CSRF.php(55): CodeIgniter\Security\Security->verify(Object(CodeIgniter\HTTP\IncomingRequest))
 3 SYSTEMPATH/Filters/Filters.php(173): CodeIgniter\Filters\CSRF->before(Object(CodeIgniter\HTTP\IncomingRequest), null)
 4 SYSTEMPATH/CodeIgniter.php(453): CodeIgniter\Filters\Filters->run('Filing/Category/updateActs', 'before')
 5 SYSTEMPATH/CodeIgniter.php(349): CodeIgniter\CodeIgniter->handleRequest(null, Object(Config\Cache), false)
 6 FCPATH/index.php(67): CodeIgniter\CodeIgniter->run()
CRITICAL - 2024-02-19 23:57:37 --> The action you requested is not allowed.
in SYSTEMPATH/Security/Security.php on line 307.
 1 SYSTEMPATH/Security/Security.php(307): CodeIgniter\Security\Exceptions\SecurityException::forDisallowedAction()
 2 SYSTEMPATH/Filters/CSRF.php(55): CodeIgniter\Security\Security->verify(Object(CodeIgniter\HTTP\IncomingRequest))
 3 SYSTEMPATH/Filters/Filters.php(173): CodeIgniter\Filters\CSRF->before(Object(CodeIgniter\HTTP\IncomingRequest), null)
 4 SYSTEMPATH/CodeIgniter.php(453): CodeIgniter\Filters\Filters->run('Filing/Category/updateActs', 'before')
 5 SYSTEMPATH/CodeIgniter.php(349): CodeIgniter\CodeIgniter->handleRequest(null, Object(Config\Cache), false)
 6 FCPATH/index.php(67): CodeIgniter\CodeIgniter->run()
