ERROR - 2023-11-06 10:44:45 --> ErrorException: pg_query(): Query failed: ERROR:  invalid input syntax for type integer: &quot;&quot;
LINE 1: ...FROM master.agency_master WHERE case_type='' and  '' = ANY(s...
                                                             ^ in /var/www/html/system/Database/Postgre/Connection.php:140
Stack trace:
#0 [internal function]: CodeIgniter\Debug\Exceptions->errorHandler(2, 'pg_query(): Que...', '/var/www/html/s...', 140)
#1 /var/www/html/system/Database/Postgre/Connection.php(140): pg_query(Object(PgSql\Connection), 'SELECT section_...')
#2 /var/www/html/system/Database/BaseConnection.php(666): CodeIgniter\Database\Postgre\Connection->execute('SELECT section_...')
#3 /var/www/html/system/Database/BaseConnection.php(593): CodeIgniter\Database\BaseConnection->simpleQuery('SELECT section_...')
#4 /var/www/html/app/Models/Filing/Model_diary.php(154): CodeIgniter\Database\BaseConnection->query('SELECT section_...')
#5 /var/www/html/app/Controllers/Filing/Diary.php(96): App\Models\Filing\Model_diary->get_section('4-490506--')
#6 /var/www/html/system/CodeIgniter.php(925): App\Controllers\Filing\Diary->getsection()
#7 /var/www/html/system/CodeIgniter.php(480): CodeIgniter\CodeIgniter->runController(Object(App\Controllers\Filing\Diary))
#8 /var/www/html/system/CodeIgniter.php(349): CodeIgniter\CodeIgniter->handleRequest(NULL, Object(Config\Cache), false)
#9 /var/www/html/public/index.php(67): CodeIgniter\CodeIgniter->run()
#10 {main}
CRITICAL - 2023-11-06 10:44:45 --> pg_query(): Query failed: ERROR:  invalid input syntax for type integer: &quot;&quot;
LINE 1: ...FROM master.agency_master WHERE case_type='' and  '' = ANY(s...
                                                             ^
in SYSTEMPATH/Database/Postgre/Connection.php on line 140.
 1 [internal function]: CodeIgniter\Debug\Exceptions->errorHandler(2, 'pg_query(): Query failed: ERROR:  invalid input syntax for type integer: &quot;&quot;
LINE 1: ...FROM master.agency_master WHERE case_type=\'\' and  \'\' = ANY(s...
                                                             ^', 'SYSTEMPATH/Database/Postgre/Connection.php', 140)
 2 SYSTEMPATH/Database/Postgre/Connection.php(140): pg_query(Object(PgSql\Connection), 'SELECT section_code FROM master.agency_master WHERE case_type=\'\' and  \'\' = ANY(string_to_array(id, \',\')::integer[])')
 3 SYSTEMPATH/Database/BaseConnection.php(666): CodeIgniter\Database\Postgre\Connection->execute('SELECT section_code FROM master.agency_master WHERE case_type=\'\' and  \'\' = ANY(string_to_array(id, \',\')::integer[])')
 4 SYSTEMPATH/Database/BaseConnection.php(593): CodeIgniter\Database\BaseConnection->simpleQuery('SELECT section_code FROM master.agency_master WHERE case_type=\'\' and  \'\' = ANY(string_to_array(id, \',\')::integer[])')
 5 APPPATH/Models/Filing/Model_diary.php(154): CodeIgniter\Database\BaseConnection->query('SELECT section_code FROM master.agency_master WHERE case_type=\'\' and  \'\' = ANY(string_to_array(id, \',\')::integer[])')
 6 APPPATH/Controllers/Filing/Diary.php(96): App\Models\Filing\Model_diary->get_section('4-490506--')
 7 SYSTEMPATH/CodeIgniter.php(925): App\Controllers\Filing\Diary->getsection()
 8 SYSTEMPATH/CodeIgniter.php(480): CodeIgniter\CodeIgniter->runController(Object(App\Controllers\Filing\Diary))
 9 SYSTEMPATH/CodeIgniter.php(349): CodeIgniter\CodeIgniter->handleRequest(null, Object(Config\Cache), false)
10 FCPATH/index.php(67): CodeIgniter\CodeIgniter->run()
ERROR - 2023-11-06 10:45:33 --> ErrorException: pg_query(): Query failed: ERROR:  invalid input syntax for type bigint: &quot;&quot;
LINE 4: WHERE &quot;st1&quot;.&quot;id_no&quot; = ''
                              ^ in /var/www/html/system/Database/Postgre/Connection.php:140
Stack trace:
#0 [internal function]: CodeIgniter\Debug\Exceptions->errorHandler(2, 'pg_query(): Que...', '/var/www/html/s...', 140)
#1 /var/www/html/system/Database/Postgre/Connection.php(140): pg_query(Object(PgSql\Connection), 'SELECT "st2"."i...')
#2 /var/www/html/system/Database/BaseConnection.php(666): CodeIgniter\Database\Postgre\Connection->execute('SELECT "st2"."i...')
#3 /var/www/html/system/Database/BaseConnection.php(593): CodeIgniter\Database\BaseConnection->simpleQuery('SELECT "st2"."i...')
#4 /var/www/html/system/Database/BaseBuilder.php(1585): CodeIgniter\Database\BaseConnection->query('SELECT "st2"."i...', Array, false)
#5 /var/www/html/app/Models/Common/Dropdown_list_model.php(265): CodeIgniter\Database\BaseBuilder->get()
#6 /var/www/html/app/Controllers/Common/Ajaxcalls.php(74): App\Models\Common\Dropdown_list_model->get_districts_list('')
#7 /var/www/html/system/CodeIgniter.php(925): App\Controllers\Common\Ajaxcalls->get_districts()
#8 /var/www/html/system/CodeIgniter.php(480): CodeIgniter\CodeIgniter->runController(Object(App\Controllers\Common\Ajaxcalls))
#9 /var/www/html/system/CodeIgniter.php(349): CodeIgniter\CodeIgniter->handleRequest(NULL, Object(Config\Cache), false)
#10 /var/www/html/public/index.php(67): CodeIgniter\CodeIgniter->run()
#11 {main}
CRITICAL - 2023-11-06 10:45:33 --> pg_query(): Query failed: ERROR:  invalid input syntax for type bigint: &quot;&quot;
LINE 4: WHERE &quot;st1&quot;.&quot;id_no&quot; = ''
                              ^
in SYSTEMPATH/Database/Postgre/Connection.php on line 140.
 1 [internal function]: CodeIgniter\Debug\Exceptions->errorHandler(2, 'pg_query(): Query failed: ERROR:  invalid input syntax for type bigint: &quot;&quot;
LINE 4: WHERE &quot;st1&quot;.&quot;id_no&quot; = \'\'
                              ^', 'SYSTEMPATH/Database/Postgre/Connection.php', 140)
 2 SYSTEMPATH/Database/Postgre/Connection.php(140): pg_query(Object(PgSql\Connection), 'SELECT "st2"."id_no", "st2"."name"
FROM "master"."state" "st1"
JOIN "master"."state" "st2" ON "st1"."state_code" = "st2"."state_code"
WHERE "st1"."id_no" = \'\'
AND "st2"."district_code" !=0
AND "st2"."sub_dist_code" =0
AND "st2"."village_code" =0
AND "st2"."display" = \'Y\'
AND "st1"."display" = \'Y\'
AND "st2"."display" = \'Y\'
ORDER BY "st2"."name" ASC')
 3 SYSTEMPATH/Database/BaseConnection.php(666): CodeIgniter\Database\Postgre\Connection->execute('SELECT "st2"."id_no", "st2"."name"
FROM "master"."state" "st1"
JOIN "master"."state" "st2" ON "st1"."state_code" = "st2"."state_code"
WHERE "st1"."id_no" = \'\'
AND "st2"."district_code" !=0
AND "st2"."sub_dist_code" =0
AND "st2"."village_code" =0
AND "st2"."display" = \'Y\'
AND "st1"."display" = \'Y\'
AND "st2"."display" = \'Y\'
ORDER BY "st2"."name" ASC')
 4 SYSTEMPATH/Database/BaseConnection.php(593): CodeIgniter\Database\BaseConnection->simpleQuery('SELECT "st2"."id_no", "st2"."name"
FROM "master"."state" "st1"
JOIN "master"."state" "st2" ON "st1"."state_code" = "st2"."state_code"
WHERE "st1"."id_no" = \'\'
AND "st2"."district_code" !=0
AND "st2"."sub_dist_code" =0
AND "st2"."village_code" =0
AND "st2"."display" = \'Y\'
AND "st1"."display" = \'Y\'
AND "st2"."display" = \'Y\'
ORDER BY "st2"."name" ASC')
 5 SYSTEMPATH/Database/BaseBuilder.php(1585): CodeIgniter\Database\BaseConnection->query('SELECT "st2"."id_no", "st2"."name"
FROM "master"."state" "st1"
JOIN "master"."state" "st2" ON "st1"."state_code" = "st2"."state_code"
WHERE "st1"."id_no" = :st1.id_no:
AND "st2"."district_code" !=0
AND "st2"."sub_dist_code" =0
AND "st2"."village_code" =0
AND "st2"."display" = :st2.display:
AND "st1"."display" = :st1.display:
AND "st2"."display" = :st2.display.1:
ORDER BY "st2"."name" ASC', [...], false)
 6 APPPATH/Models/Common/Dropdown_list_model.php(265): CodeIgniter\Database\BaseBuilder->get()
 7 APPPATH/Controllers/Common/Ajaxcalls.php(74): App\Models\Common\Dropdown_list_model->get_districts_list('ROOTPATH/public')
 8 SYSTEMPATH/CodeIgniter.php(925): App\Controllers\Common\Ajaxcalls->get_districts()
 9 SYSTEMPATH/CodeIgniter.php(480): CodeIgniter\CodeIgniter->runController(Object(App\Controllers\Common\Ajaxcalls))
10 SYSTEMPATH/CodeIgniter.php(349): CodeIgniter\CodeIgniter->handleRequest(null, Object(Config\Cache), false)
11 FCPATH/index.php(67): CodeIgniter\CodeIgniter->run()
ERROR - 2023-11-06 10:46:28 --> ErrorException: pg_query(): Query failed: ERROR:  invalid input syntax for type bigint: &quot;&quot;
LINE 4: WHERE &quot;st1&quot;.&quot;id_no&quot; = ''
                              ^ in /var/www/html/system/Database/Postgre/Connection.php:140
Stack trace:
#0 [internal function]: CodeIgniter\Debug\Exceptions->errorHandler(2, 'pg_query(): Que...', '/var/www/html/s...', 140)
#1 /var/www/html/system/Database/Postgre/Connection.php(140): pg_query(Object(PgSql\Connection), 'SELECT "st2"."i...')
#2 /var/www/html/system/Database/BaseConnection.php(666): CodeIgniter\Database\Postgre\Connection->execute('SELECT "st2"."i...')
#3 /var/www/html/system/Database/BaseConnection.php(593): CodeIgniter\Database\BaseConnection->simpleQuery('SELECT "st2"."i...')
#4 /var/www/html/system/Database/BaseBuilder.php(1585): CodeIgniter\Database\BaseConnection->query('SELECT "st2"."i...', Array, false)
#5 /var/www/html/app/Models/Common/Dropdown_list_model.php(265): CodeIgniter\Database\BaseBuilder->get()
#6 /var/www/html/app/Controllers/Common/Ajaxcalls.php(74): App\Models\Common\Dropdown_list_model->get_districts_list('')
#7 /var/www/html/system/CodeIgniter.php(925): App\Controllers\Common\Ajaxcalls->get_districts()
#8 /var/www/html/system/CodeIgniter.php(480): CodeIgniter\CodeIgniter->runController(Object(App\Controllers\Common\Ajaxcalls))
#9 /var/www/html/system/CodeIgniter.php(349): CodeIgniter\CodeIgniter->handleRequest(NULL, Object(Config\Cache), false)
#10 /var/www/html/public/index.php(67): CodeIgniter\CodeIgniter->run()
#11 {main}
CRITICAL - 2023-11-06 10:46:28 --> pg_query(): Query failed: ERROR:  invalid input syntax for type bigint: &quot;&quot;
LINE 4: WHERE &quot;st1&quot;.&quot;id_no&quot; = ''
                              ^
in SYSTEMPATH/Database/Postgre/Connection.php on line 140.
 1 [internal function]: CodeIgniter\Debug\Exceptions->errorHandler(2, 'pg_query(): Query failed: ERROR:  invalid input syntax for type bigint: &quot;&quot;
LINE 4: WHERE &quot;st1&quot;.&quot;id_no&quot; = \'\'
                              ^', 'SYSTEMPATH/Database/Postgre/Connection.php', 140)
 2 SYSTEMPATH/Database/Postgre/Connection.php(140): pg_query(Object(PgSql\Connection), 'SELECT "st2"."id_no", "st2"."name"
FROM "master"."state" "st1"
JOIN "master"."state" "st2" ON "st1"."state_code" = "st2"."state_code"
WHERE "st1"."id_no" = \'\'
AND "st2"."district_code" !=0
AND "st2"."sub_dist_code" =0
AND "st2"."village_code" =0
AND "st2"."display" = \'Y\'
AND "st1"."display" = \'Y\'
AND "st2"."display" = \'Y\'
ORDER BY "st2"."name" ASC')
 3 SYSTEMPATH/Database/BaseConnection.php(666): CodeIgniter\Database\Postgre\Connection->execute('SELECT "st2"."id_no", "st2"."name"
FROM "master"."state" "st1"
JOIN "master"."state" "st2" ON "st1"."state_code" = "st2"."state_code"
WHERE "st1"."id_no" = \'\'
AND "st2"."district_code" !=0
AND "st2"."sub_dist_code" =0
AND "st2"."village_code" =0
AND "st2"."display" = \'Y\'
AND "st1"."display" = \'Y\'
AND "st2"."display" = \'Y\'
ORDER BY "st2"."name" ASC')
 4 SYSTEMPATH/Database/BaseConnection.php(593): CodeIgniter\Database\BaseConnection->simpleQuery('SELECT "st2"."id_no", "st2"."name"
FROM "master"."state" "st1"
JOIN "master"."state" "st2" ON "st1"."state_code" = "st2"."state_code"
WHERE "st1"."id_no" = \'\'
AND "st2"."district_code" !=0
AND "st2"."sub_dist_code" =0
AND "st2"."village_code" =0
AND "st2"."display" = \'Y\'
AND "st1"."display" = \'Y\'
AND "st2"."display" = \'Y\'
ORDER BY "st2"."name" ASC')
 5 SYSTEMPATH/Database/BaseBuilder.php(1585): CodeIgniter\Database\BaseConnection->query('SELECT "st2"."id_no", "st2"."name"
FROM "master"."state" "st1"
JOIN "master"."state" "st2" ON "st1"."state_code" = "st2"."state_code"
WHERE "st1"."id_no" = :st1.id_no:
AND "st2"."district_code" !=0
AND "st2"."sub_dist_code" =0
AND "st2"."village_code" =0
AND "st2"."display" = :st2.display:
AND "st1"."display" = :st1.display:
AND "st2"."display" = :st2.display.1:
ORDER BY "st2"."name" ASC', [...], false)
 6 APPPATH/Models/Common/Dropdown_list_model.php(265): CodeIgniter\Database\BaseBuilder->get()
 7 APPPATH/Controllers/Common/Ajaxcalls.php(74): App\Models\Common\Dropdown_list_model->get_districts_list('ROOTPATH/public')
 8 SYSTEMPATH/CodeIgniter.php(925): App\Controllers\Common\Ajaxcalls->get_districts()
 9 SYSTEMPATH/CodeIgniter.php(480): CodeIgniter\CodeIgniter->runController(Object(App\Controllers\Common\Ajaxcalls))
10 SYSTEMPATH/CodeIgniter.php(349): CodeIgniter\CodeIgniter->handleRequest(null, Object(Config\Cache), false)
11 FCPATH/index.php(67): CodeIgniter\CodeIgniter->run()
ERROR - 2023-11-06 11:42:34 --> ErrorException: pg_query(): Query failed: ERROR:  invalid input syntax for type integer: &quot;&quot;
LINE 1: ...FROM master.agency_master WHERE case_type='' and  '' = ANY(s...
                                                             ^ in /var/www/html/system/Database/Postgre/Connection.php:140
Stack trace:
#0 [internal function]: CodeIgniter\Debug\Exceptions->errorHandler(2, 'pg_query(): Que...', '/var/www/html/s...', 140)
#1 /var/www/html/system/Database/Postgre/Connection.php(140): pg_query(Object(PgSql\Connection), 'SELECT section_...')
#2 /var/www/html/system/Database/BaseConnection.php(666): CodeIgniter\Database\Postgre\Connection->execute('SELECT section_...')
#3 /var/www/html/system/Database/BaseConnection.php(593): CodeIgniter\Database\BaseConnection->simpleQuery('SELECT section_...')
#4 /var/www/html/app/Models/Filing/Model_diary.php(154): CodeIgniter\Database\BaseConnection->query('SELECT section_...')
#5 /var/www/html/app/Controllers/Filing/Diary.php(96): App\Models\Filing\Model_diary->get_section('4-490506--')
#6 /var/www/html/system/CodeIgniter.php(925): App\Controllers\Filing\Diary->getsection()
#7 /var/www/html/system/CodeIgniter.php(480): CodeIgniter\CodeIgniter->runController(Object(App\Controllers\Filing\Diary))
#8 /var/www/html/system/CodeIgniter.php(349): CodeIgniter\CodeIgniter->handleRequest(NULL, Object(Config\Cache), false)
#9 /var/www/html/public/index.php(67): CodeIgniter\CodeIgniter->run()
#10 {main}
CRITICAL - 2023-11-06 11:42:34 --> pg_query(): Query failed: ERROR:  invalid input syntax for type integer: &quot;&quot;
LINE 1: ...FROM master.agency_master WHERE case_type='' and  '' = ANY(s...
                                                             ^
in SYSTEMPATH/Database/Postgre/Connection.php on line 140.
 1 [internal function]: CodeIgniter\Debug\Exceptions->errorHandler(2, 'pg_query(): Query failed: ERROR:  invalid input syntax for type integer: &quot;&quot;
LINE 1: ...FROM master.agency_master WHERE case_type=\'\' and  \'\' = ANY(s...
                                                             ^', 'SYSTEMPATH/Database/Postgre/Connection.php', 140)
 2 SYSTEMPATH/Database/Postgre/Connection.php(140): pg_query(Object(PgSql\Connection), 'SELECT section_code FROM master.agency_master WHERE case_type=\'\' and  \'\' = ANY(string_to_array(id, \',\')::integer[])')
 3 SYSTEMPATH/Database/BaseConnection.php(666): CodeIgniter\Database\Postgre\Connection->execute('SELECT section_code FROM master.agency_master WHERE case_type=\'\' and  \'\' = ANY(string_to_array(id, \',\')::integer[])')
 4 SYSTEMPATH/Database/BaseConnection.php(593): CodeIgniter\Database\BaseConnection->simpleQuery('SELECT section_code FROM master.agency_master WHERE case_type=\'\' and  \'\' = ANY(string_to_array(id, \',\')::integer[])')
 5 APPPATH/Models/Filing/Model_diary.php(154): CodeIgniter\Database\BaseConnection->query('SELECT section_code FROM master.agency_master WHERE case_type=\'\' and  \'\' = ANY(string_to_array(id, \',\')::integer[])')
 6 APPPATH/Controllers/Filing/Diary.php(96): App\Models\Filing\Model_diary->get_section('4-490506--')
 7 SYSTEMPATH/CodeIgniter.php(925): App\Controllers\Filing\Diary->getsection()
 8 SYSTEMPATH/CodeIgniter.php(480): CodeIgniter\CodeIgniter->runController(Object(App\Controllers\Filing\Diary))
 9 SYSTEMPATH/CodeIgniter.php(349): CodeIgniter\CodeIgniter->handleRequest(null, Object(Config\Cache), false)
10 FCPATH/index.php(67): CodeIgniter\CodeIgniter->run()
ERROR - 2023-11-06 11:42:38 --> ErrorException: pg_query(): Query failed: ERROR:  invalid input syntax for type integer: &quot;&quot;
LINE 1: ...ROM master.agency_master WHERE case_type='3' and  '' = ANY(s...
                                                             ^ in /var/www/html/system/Database/Postgre/Connection.php:140
Stack trace:
#0 [internal function]: CodeIgniter\Debug\Exceptions->errorHandler(2, 'pg_query(): Que...', '/var/www/html/s...', 140)
#1 /var/www/html/system/Database/Postgre/Connection.php(140): pg_query(Object(PgSql\Connection), 'SELECT section_...')
#2 /var/www/html/system/Database/BaseConnection.php(666): CodeIgniter\Database\Postgre\Connection->execute('SELECT section_...')
#3 /var/www/html/system/Database/BaseConnection.php(593): CodeIgniter\Database\BaseConnection->simpleQuery('SELECT section_...')
#4 /var/www/html/app/Models/Filing/Model_diary.php(154): CodeIgniter\Database\BaseConnection->query('SELECT section_...')
#5 /var/www/html/app/Controllers/Filing/Diary.php(96): App\Models\Filing\Model_diary->get_section('1-490506--3')
#6 /var/www/html/system/CodeIgniter.php(925): App\Controllers\Filing\Diary->getsection()
#7 /var/www/html/system/CodeIgniter.php(480): CodeIgniter\CodeIgniter->runController(Object(App\Controllers\Filing\Diary))
#8 /var/www/html/system/CodeIgniter.php(349): CodeIgniter\CodeIgniter->handleRequest(NULL, Object(Config\Cache), false)
#9 /var/www/html/public/index.php(67): CodeIgniter\CodeIgniter->run()
#10 {main}
CRITICAL - 2023-11-06 11:42:38 --> pg_query(): Query failed: ERROR:  invalid input syntax for type integer: &quot;&quot;
LINE 1: ...ROM master.agency_master WHERE case_type='3' and  '' = ANY(s...
                                                             ^
in SYSTEMPATH/Database/Postgre/Connection.php on line 140.
 1 [internal function]: CodeIgniter\Debug\Exceptions->errorHandler(2, 'pg_query(): Query failed: ERROR:  invalid input syntax for type integer: &quot;&quot;
LINE 1: ...ROM master.agency_master WHERE case_type=\'3\' and  \'\' = ANY(s...
                                                             ^', 'SYSTEMPATH/Database/Postgre/Connection.php', 140)
 2 SYSTEMPATH/Database/Postgre/Connection.php(140): pg_query(Object(PgSql\Connection), 'SELECT section_code FROM master.agency_master WHERE case_type=\'3\' and  \'\' = ANY(string_to_array(id, \',\')::integer[])')
 3 SYSTEMPATH/Database/BaseConnection.php(666): CodeIgniter\Database\Postgre\Connection->execute('SELECT section_code FROM master.agency_master WHERE case_type=\'3\' and  \'\' = ANY(string_to_array(id, \',\')::integer[])')
 4 SYSTEMPATH/Database/BaseConnection.php(593): CodeIgniter\Database\BaseConnection->simpleQuery('SELECT section_code FROM master.agency_master WHERE case_type=\'3\' and  \'\' = ANY(string_to_array(id, \',\')::integer[])')
 5 APPPATH/Models/Filing/Model_diary.php(154): CodeIgniter\Database\BaseConnection->query('SELECT section_code FROM master.agency_master WHERE case_type=\'3\' and  \'\' = ANY(string_to_array(id, \',\')::integer[])')
 6 APPPATH/Controllers/Filing/Diary.php(96): App\Models\Filing\Model_diary->get_section('1-490506--3')
 7 SYSTEMPATH/CodeIgniter.php(925): App\Controllers\Filing\Diary->getsection()
 8 SYSTEMPATH/CodeIgniter.php(480): CodeIgniter\CodeIgniter->runController(Object(App\Controllers\Filing\Diary))
 9 SYSTEMPATH/CodeIgniter.php(349): CodeIgniter\CodeIgniter->handleRequest(null, Object(Config\Cache), false)
10 FCPATH/index.php(67): CodeIgniter\CodeIgniter->run()
ERROR - 2023-11-06 11:42:39 --> ErrorException: pg_query(): Query failed: ERROR:  invalid input syntax for type integer: &quot;&quot;
LINE 1: ...ROM master.agency_master WHERE case_type='3' and  '' = ANY(s...
                                                             ^ in /var/www/html/system/Database/Postgre/Connection.php:140
Stack trace:
#0 [internal function]: CodeIgniter\Debug\Exceptions->errorHandler(2, 'pg_query(): Que...', '/var/www/html/s...', 140)
#1 /var/www/html/system/Database/Postgre/Connection.php(140): pg_query(Object(PgSql\Connection), 'SELECT section_...')
#2 /var/www/html/system/Database/BaseConnection.php(666): CodeIgniter\Database\Postgre\Connection->execute('SELECT section_...')
#3 /var/www/html/system/Database/BaseConnection.php(593): CodeIgniter\Database\BaseConnection->simpleQuery('SELECT section_...')
#4 /var/www/html/app/Models/Filing/Model_diary.php(154): CodeIgniter\Database\BaseConnection->query('SELECT section_...')
#5 /var/www/html/app/Controllers/Filing/Diary.php(96): App\Models\Filing\Model_diary->get_section('1-537722--3')
#6 /var/www/html/system/CodeIgniter.php(925): App\Controllers\Filing\Diary->getsection()
#7 /var/www/html/system/CodeIgniter.php(480): CodeIgniter\CodeIgniter->runController(Object(App\Controllers\Filing\Diary))
#8 /var/www/html/system/CodeIgniter.php(349): CodeIgniter\CodeIgniter->handleRequest(NULL, Object(Config\Cache), false)
#9 /var/www/html/public/index.php(67): CodeIgniter\CodeIgniter->run()
#10 {main}
CRITICAL - 2023-11-06 11:42:39 --> pg_query(): Query failed: ERROR:  invalid input syntax for type integer: &quot;&quot;
LINE 1: ...ROM master.agency_master WHERE case_type='3' and  '' = ANY(s...
                                                             ^
in SYSTEMPATH/Database/Postgre/Connection.php on line 140.
 1 [internal function]: CodeIgniter\Debug\Exceptions->errorHandler(2, 'pg_query(): Query failed: ERROR:  invalid input syntax for type integer: &quot;&quot;
LINE 1: ...ROM master.agency_master WHERE case_type=\'3\' and  \'\' = ANY(s...
                                                             ^', 'SYSTEMPATH/Database/Postgre/Connection.php', 140)
 2 SYSTEMPATH/Database/Postgre/Connection.php(140): pg_query(Object(PgSql\Connection), 'SELECT section_code FROM master.agency_master WHERE case_type=\'3\' and  \'\' = ANY(string_to_array(id, \',\')::integer[])')
 3 SYSTEMPATH/Database/BaseConnection.php(666): CodeIgniter\Database\Postgre\Connection->execute('SELECT section_code FROM master.agency_master WHERE case_type=\'3\' and  \'\' = ANY(string_to_array(id, \',\')::integer[])')
 4 SYSTEMPATH/Database/BaseConnection.php(593): CodeIgniter\Database\BaseConnection->simpleQuery('SELECT section_code FROM master.agency_master WHERE case_type=\'3\' and  \'\' = ANY(string_to_array(id, \',\')::integer[])')
 5 APPPATH/Models/Filing/Model_diary.php(154): CodeIgniter\Database\BaseConnection->query('SELECT section_code FROM master.agency_master WHERE case_type=\'3\' and  \'\' = ANY(string_to_array(id, \',\')::integer[])')
 6 APPPATH/Controllers/Filing/Diary.php(96): App\Models\Filing\Model_diary->get_section('1-537722--3')
 7 SYSTEMPATH/CodeIgniter.php(925): App\Controllers\Filing\Diary->getsection()
 8 SYSTEMPATH/CodeIgniter.php(480): CodeIgniter\CodeIgniter->runController(Object(App\Controllers\Filing\Diary))
 9 SYSTEMPATH/CodeIgniter.php(349): CodeIgniter\CodeIgniter->handleRequest(null, Object(Config\Cache), false)
10 FCPATH/index.php(67): CodeIgniter\CodeIgniter->run()
ERROR - 2023-11-06 11:42:42 --> ErrorException: pg_query(): Query failed: ERROR:  invalid input syntax for type integer: &quot;&quot;
LINE 1: ...ROM master.agency_master WHERE case_type='3' and  '' = ANY(s...
                                                             ^ in /var/www/html/system/Database/Postgre/Connection.php:140
Stack trace:
#0 [internal function]: CodeIgniter\Debug\Exceptions->errorHandler(2, 'pg_query(): Que...', '/var/www/html/s...', 140)
#1 /var/www/html/system/Database/Postgre/Connection.php(140): pg_query(Object(PgSql\Connection), 'SELECT section_...')
#2 /var/www/html/system/Database/BaseConnection.php(666): CodeIgniter\Database\Postgre\Connection->execute('SELECT section_...')
#3 /var/www/html/system/Database/BaseConnection.php(593): CodeIgniter\Database\BaseConnection->simpleQuery('SELECT section_...')
#4 /var/www/html/app/Models/Filing/Model_diary.php(154): CodeIgniter\Database\BaseConnection->query('SELECT section_...')
#5 /var/www/html/app/Controllers/Filing/Diary.php(96): App\Models\Filing\Model_diary->get_section('1-571222--3')
#6 /var/www/html/system/CodeIgniter.php(925): App\Controllers\Filing\Diary->getsection()
#7 /var/www/html/system/CodeIgniter.php(480): CodeIgniter\CodeIgniter->runController(Object(App\Controllers\Filing\Diary))
#8 /var/www/html/system/CodeIgniter.php(349): CodeIgniter\CodeIgniter->handleRequest(NULL, Object(Config\Cache), false)
#9 /var/www/html/public/index.php(67): CodeIgniter\CodeIgniter->run()
#10 {main}
CRITICAL - 2023-11-06 11:42:42 --> pg_query(): Query failed: ERROR:  invalid input syntax for type integer: &quot;&quot;
LINE 1: ...ROM master.agency_master WHERE case_type='3' and  '' = ANY(s...
                                                             ^
in SYSTEMPATH/Database/Postgre/Connection.php on line 140.
 1 [internal function]: CodeIgniter\Debug\Exceptions->errorHandler(2, 'pg_query(): Query failed: ERROR:  invalid input syntax for type integer: &quot;&quot;
LINE 1: ...ROM master.agency_master WHERE case_type=\'3\' and  \'\' = ANY(s...
                                                             ^', 'SYSTEMPATH/Database/Postgre/Connection.php', 140)
 2 SYSTEMPATH/Database/Postgre/Connection.php(140): pg_query(Object(PgSql\Connection), 'SELECT section_code FROM master.agency_master WHERE case_type=\'3\' and  \'\' = ANY(string_to_array(id, \',\')::integer[])')
 3 SYSTEMPATH/Database/BaseConnection.php(666): CodeIgniter\Database\Postgre\Connection->execute('SELECT section_code FROM master.agency_master WHERE case_type=\'3\' and  \'\' = ANY(string_to_array(id, \',\')::integer[])')
 4 SYSTEMPATH/Database/BaseConnection.php(593): CodeIgniter\Database\BaseConnection->simpleQuery('SELECT section_code FROM master.agency_master WHERE case_type=\'3\' and  \'\' = ANY(string_to_array(id, \',\')::integer[])')
 5 APPPATH/Models/Filing/Model_diary.php(154): CodeIgniter\Database\BaseConnection->query('SELECT section_code FROM master.agency_master WHERE case_type=\'3\' and  \'\' = ANY(string_to_array(id, \',\')::integer[])')
 6 APPPATH/Controllers/Filing/Diary.php(96): App\Models\Filing\Model_diary->get_section('1-571222--3')
 7 SYSTEMPATH/CodeIgniter.php(925): App\Controllers\Filing\Diary->getsection()
 8 SYSTEMPATH/CodeIgniter.php(480): CodeIgniter\CodeIgniter->runController(Object(App\Controllers\Filing\Diary))
 9 SYSTEMPATH/CodeIgniter.php(349): CodeIgniter\CodeIgniter->handleRequest(null, Object(Config\Cache), false)
10 FCPATH/index.php(67): CodeIgniter\CodeIgniter->run()
ERROR - 2023-11-06 11:42:46 --> ErrorException: pg_query(): Query failed: ERROR:  invalid input syntax for type integer: &quot;&quot;
LINE 1: ...ROM master.agency_master WHERE case_type='3' and  '' = ANY(s...
                                                             ^ in /var/www/html/system/Database/Postgre/Connection.php:140
Stack trace:
#0 [internal function]: CodeIgniter\Debug\Exceptions->errorHandler(2, 'pg_query(): Que...', '/var/www/html/s...', 140)
#1 /var/www/html/system/Database/Postgre/Connection.php(140): pg_query(Object(PgSql\Connection), 'SELECT section_...')
#2 /var/www/html/system/Database/BaseConnection.php(666): CodeIgniter\Database\Postgre\Connection->execute('SELECT section_...')
#3 /var/www/html/system/Database/BaseConnection.php(593): CodeIgniter\Database\BaseConnection->simpleQuery('SELECT section_...')
#4 /var/www/html/app/Models/Filing/Model_diary.php(154): CodeIgniter\Database\BaseConnection->query('SELECT section_...')
#5 /var/www/html/app/Controllers/Filing/Diary.php(96): App\Models\Filing\Model_diary->get_section('1-61023--3')
#6 /var/www/html/system/CodeIgniter.php(925): App\Controllers\Filing\Diary->getsection()
#7 /var/www/html/system/CodeIgniter.php(480): CodeIgniter\CodeIgniter->runController(Object(App\Controllers\Filing\Diary))
#8 /var/www/html/system/CodeIgniter.php(349): CodeIgniter\CodeIgniter->handleRequest(NULL, Object(Config\Cache), false)
#9 /var/www/html/public/index.php(67): CodeIgniter\CodeIgniter->run()
#10 {main}
CRITICAL - 2023-11-06 11:42:46 --> pg_query(): Query failed: ERROR:  invalid input syntax for type integer: &quot;&quot;
LINE 1: ...ROM master.agency_master WHERE case_type='3' and  '' = ANY(s...
                                                             ^
in SYSTEMPATH/Database/Postgre/Connection.php on line 140.
 1 [internal function]: CodeIgniter\Debug\Exceptions->errorHandler(2, 'pg_query(): Query failed: ERROR:  invalid input syntax for type integer: &quot;&quot;
LINE 1: ...ROM master.agency_master WHERE case_type=\'3\' and  \'\' = ANY(s...
                                                             ^', 'SYSTEMPATH/Database/Postgre/Connection.php', 140)
 2 SYSTEMPATH/Database/Postgre/Connection.php(140): pg_query(Object(PgSql\Connection), 'SELECT section_code FROM master.agency_master WHERE case_type=\'3\' and  \'\' = ANY(string_to_array(id, \',\')::integer[])')
 3 SYSTEMPATH/Database/BaseConnection.php(666): CodeIgniter\Database\Postgre\Connection->execute('SELECT section_code FROM master.agency_master WHERE case_type=\'3\' and  \'\' = ANY(string_to_array(id, \',\')::integer[])')
 4 SYSTEMPATH/Database/BaseConnection.php(593): CodeIgniter\Database\BaseConnection->simpleQuery('SELECT section_code FROM master.agency_master WHERE case_type=\'3\' and  \'\' = ANY(string_to_array(id, \',\')::integer[])')
 5 APPPATH/Models/Filing/Model_diary.php(154): CodeIgniter\Database\BaseConnection->query('SELECT section_code FROM master.agency_master WHERE case_type=\'3\' and  \'\' = ANY(string_to_array(id, \',\')::integer[])')
 6 APPPATH/Controllers/Filing/Diary.php(96): App\Models\Filing\Model_diary->get_section('1-61023--3')
 7 SYSTEMPATH/CodeIgniter.php(925): App\Controllers\Filing\Diary->getsection()
 8 SYSTEMPATH/CodeIgniter.php(480): CodeIgniter\CodeIgniter->runController(Object(App\Controllers\Filing\Diary))
 9 SYSTEMPATH/CodeIgniter.php(349): CodeIgniter\CodeIgniter->handleRequest(null, Object(Config\Cache), false)
10 FCPATH/index.php(67): CodeIgniter\CodeIgniter->run()
