CRITICAL - 2023-09-05 02:14:53 --> Undefined constant "dcmis_multi_section_name"
in APPPATH/Views/templates/userinfo.php on line 20.
 1 SYSTEMPATH/View/View.php(213): include()
 2 SYSTEMPATH/View/View.php(216): CodeIgniter\View\View->CodeIgniter\View\{closure}()
 3 SYSTEMPATH/Common.php(1135): CodeIgniter\View\View->render('templates/userinfo', [], true)
 4 APPPATH/Views/templates/leftsidebar.php(3): view('templates/userinfo')
 5 SYSTEMPATH/View/View.php(213): include('APPPATH/Views/templates/leftsidebar.php')
 6 SYSTEMPATH/View/View.php(216): CodeIgniter\View\View->CodeIgniter\View\{closure}()
 7 SYSTEMPATH/Common.php(1135): CodeIgniter\View\View->render('templates/leftsidebar', [], true)
 8 APPPATH/Views/templates/index.php(159): view('templates/leftsidebar')
 9 SYSTEMPATH/View/View.php(213): include('APPPATH/Views/templates/index.php')
10 SYSTEMPATH/View/View.php(216): CodeIgniter\View\View->CodeIgniter\View\{closure}()
11 SYSTEMPATH/Common.php(1135): CodeIgniter\View\View->render('templates/index', [], true)
12 APPPATH/Controllers/Dashboard/DefaultController.php(26): view('templates/index', [...])
13 SYSTEMPATH/CodeIgniter.php(925): App\Controllers\Dashboard\DefaultController->index()
14 SYSTEMPATH/CodeIgniter.php(480): CodeIgniter\CodeIgniter->runController(Object(App\Controllers\Dashboard\DefaultController))
15 SYSTEMPATH/CodeIgniter.php(349): CodeIgniter\CodeIgniter->handleRequest(null, Object(Config\Cache), false)
16 FCPATH/index.php(67): CodeIgniter\CodeIgniter->run()
CRITICAL - 2023-09-05 02:18:25 --> Undefined constant "dcmis_multi_section_name"
in APPPATH/Views/templates/userinfo.php on line 20.
 1 SYSTEMPATH/View/View.php(213): include()
 2 SYSTEMPATH/View/View.php(216): CodeIgniter\View\View->CodeIgniter\View\{closure}()
 3 SYSTEMPATH/Common.php(1135): CodeIgniter\View\View->render('templates/userinfo', [], true)
 4 APPPATH/Views/templates/leftsidebar.php(3): view('templates/userinfo')
 5 SYSTEMPATH/View/View.php(213): include('APPPATH/Views/templates/leftsidebar.php')
 6 SYSTEMPATH/View/View.php(216): CodeIgniter\View\View->CodeIgniter\View\{closure}()
 7 SYSTEMPATH/Common.php(1135): CodeIgniter\View\View->render('templates/leftsidebar', [], true)
 8 APPPATH/Views/templates/index.php(159): view('templates/leftsidebar')
 9 SYSTEMPATH/View/View.php(213): include('APPPATH/Views/templates/index.php')
10 SYSTEMPATH/View/View.php(216): CodeIgniter\View\View->CodeIgniter\View\{closure}()
11 SYSTEMPATH/Common.php(1135): CodeIgniter\View\View->render('templates/index', [], true)
12 APPPATH/Controllers/Dashboard/DefaultController.php(26): view('templates/index', [...])
13 SYSTEMPATH/CodeIgniter.php(925): App\Controllers\Dashboard\DefaultController->index()
14 SYSTEMPATH/CodeIgniter.php(480): CodeIgniter\CodeIgniter->runController(Object(App\Controllers\Dashboard\DefaultController))
15 SYSTEMPATH/CodeIgniter.php(349): CodeIgniter\CodeIgniter->handleRequest(null, Object(Config\Cache), false)
16 FCPATH/index.php(67): CodeIgniter\CodeIgniter->run()
CRITICAL - 2023-09-05 02:20:18 --> Undefined constant "dcmis_multi_section_name"
in APPPATH/Views/templates/userinfo.php on line 20.
 1 SYSTEMPATH/View/View.php(213): include()
 2 SYSTEMPATH/View/View.php(216): CodeIgniter\View\View->CodeIgniter\View\{closure}()
 3 SYSTEMPATH/Common.php(1135): CodeIgniter\View\View->render('templates/userinfo', [], true)
 4 APPPATH/Views/templates/leftsidebar.php(3): view('templates/userinfo')
 5 SYSTEMPATH/View/View.php(213): include('APPPATH/Views/templates/leftsidebar.php')
 6 SYSTEMPATH/View/View.php(216): CodeIgniter\View\View->CodeIgniter\View\{closure}()
 7 SYSTEMPATH/Common.php(1135): CodeIgniter\View\View->render('templates/leftsidebar', [], true)
 8 APPPATH/Views/templates/index.php(159): view('templates/leftsidebar')
 9 SYSTEMPATH/View/View.php(213): include('APPPATH/Views/templates/index.php')
10 SYSTEMPATH/View/View.php(216): CodeIgniter\View\View->CodeIgniter\View\{closure}()
11 SYSTEMPATH/Common.php(1135): CodeIgniter\View\View->render('templates/index', [], true)
12 APPPATH/Controllers/Dashboard/DefaultController.php(26): view('templates/index', [...])
13 SYSTEMPATH/CodeIgniter.php(925): App\Controllers\Dashboard\DefaultController->index()
14 SYSTEMPATH/CodeIgniter.php(480): CodeIgniter\CodeIgniter->runController(Object(App\Controllers\Dashboard\DefaultController))
15 SYSTEMPATH/CodeIgniter.php(349): CodeIgniter\CodeIgniter->handleRequest(null, Object(Config\Cache), false)
16 FCPATH/index.php(67): CodeIgniter\CodeIgniter->run()
CRITICAL - 2023-09-05 02:23:28 --> Undefined constant "dcmis_multi_section_name"
in APPPATH/Views/templates/userinfo.php on line 18.
 1 SYSTEMPATH/View/View.php(213): include()
 2 SYSTEMPATH/View/View.php(216): CodeIgniter\View\View->CodeIgniter\View\{closure}()
 3 SYSTEMPATH/Common.php(1135): CodeIgniter\View\View->render('templates/userinfo', [], true)
 4 APPPATH/Views/templates/leftsidebar.php(3): view('templates/userinfo')
 5 SYSTEMPATH/View/View.php(213): include('APPPATH/Views/templates/leftsidebar.php')
 6 SYSTEMPATH/View/View.php(216): CodeIgniter\View\View->CodeIgniter\View\{closure}()
 7 SYSTEMPATH/Common.php(1135): CodeIgniter\View\View->render('templates/leftsidebar', [], true)
 8 APPPATH/Views/templates/index.php(159): view('templates/leftsidebar')
 9 SYSTEMPATH/View/View.php(213): include('APPPATH/Views/templates/index.php')
10 SYSTEMPATH/View/View.php(216): CodeIgniter\View\View->CodeIgniter\View\{closure}()
11 SYSTEMPATH/Common.php(1135): CodeIgniter\View\View->render('templates/index', [], true)
12 APPPATH/Controllers/Dashboard/DefaultController.php(26): view('templates/index', [...])
13 SYSTEMPATH/CodeIgniter.php(925): App\Controllers\Dashboard\DefaultController->index()
14 SYSTEMPATH/CodeIgniter.php(480): CodeIgniter\CodeIgniter->runController(Object(App\Controllers\Dashboard\DefaultController))
15 SYSTEMPATH/CodeIgniter.php(349): CodeIgniter\CodeIgniter->handleRequest(null, Object(Config\Cache), false)
16 FCPATH/index.php(67): CodeIgniter\CodeIgniter->run()
CRITICAL - 2023-09-05 02:24:10 --> Undefined constant "WEB_ROOT"
in APPPATH/Views/templates/userinfo.php on line 42.
 1 SYSTEMPATH/View/View.php(213): include()
 2 SYSTEMPATH/View/View.php(216): CodeIgniter\View\View->CodeIgniter\View\{closure}()
 3 SYSTEMPATH/Common.php(1135): CodeIgniter\View\View->render('templates/userinfo', [], true)
 4 APPPATH/Views/templates/leftsidebar.php(3): view('templates/userinfo')
 5 SYSTEMPATH/View/View.php(213): include('APPPATH/Views/templates/leftsidebar.php')
 6 SYSTEMPATH/View/View.php(216): CodeIgniter\View\View->CodeIgniter\View\{closure}()
 7 SYSTEMPATH/Common.php(1135): CodeIgniter\View\View->render('templates/leftsidebar', [], true)
 8 APPPATH/Views/templates/index.php(159): view('templates/leftsidebar')
 9 SYSTEMPATH/View/View.php(213): include('APPPATH/Views/templates/index.php')
10 SYSTEMPATH/View/View.php(216): CodeIgniter\View\View->CodeIgniter\View\{closure}()
11 SYSTEMPATH/Common.php(1135): CodeIgniter\View\View->render('templates/index', [], true)
12 APPPATH/Controllers/Dashboard/DefaultController.php(26): view('templates/index', [...])
13 SYSTEMPATH/CodeIgniter.php(925): App\Controllers\Dashboard\DefaultController->index()
14 SYSTEMPATH/CodeIgniter.php(480): CodeIgniter\CodeIgniter->runController(Object(App\Controllers\Dashboard\DefaultController))
15 SYSTEMPATH/CodeIgniter.php(349): CodeIgniter\CodeIgniter->handleRequest(null, Object(Config\Cache), false)
16 FCPATH/index.php(67): CodeIgniter\CodeIgniter->run()
CRITICAL - 2023-09-05 02:33:59 --> require_once(./menu_assign/config.php): Failed to open stream: No such file or directory
in APPPATH/Views/templates/menu.php on line 2.
 1 APPPATH/Views/templates/menu.php(2): CodeIgniter\Debug\Exceptions->errorHandler(2, 'require_once(./menu_assign/config.php): Failed to open stream: No such file or directory', 'APPPATH/Views/templates/menu.php', 2)
 2 APPPATH/Views/templates/menu.php(2): require_once()
 3 SYSTEMPATH/View/View.php(213): include('APPPATH/Views/templates/menu.php')
 4 SYSTEMPATH/View/View.php(216): CodeIgniter\View\View->CodeIgniter\View\{closure}()
 5 SYSTEMPATH/Common.php(1135): CodeIgniter\View\View->render('templates/menu', [], true)
 6 APPPATH/Views/templates/leftsidebar.php(8): view('templates/menu')
 7 SYSTEMPATH/View/View.php(213): include('APPPATH/Views/templates/leftsidebar.php')
 8 SYSTEMPATH/View/View.php(216): CodeIgniter\View\View->CodeIgniter\View\{closure}()
 9 SYSTEMPATH/Common.php(1135): CodeIgniter\View\View->render('templates/leftsidebar', [], true)
10 APPPATH/Views/templates/index.php(159): view('templates/leftsidebar')
11 SYSTEMPATH/View/View.php(213): include('APPPATH/Views/templates/index.php')
12 SYSTEMPATH/View/View.php(216): CodeIgniter\View\View->CodeIgniter\View\{closure}()
13 SYSTEMPATH/Common.php(1135): CodeIgniter\View\View->render('templates/index', [], true)
14 APPPATH/Controllers/Dashboard/DefaultController.php(26): view('templates/index', [...])
15 SYSTEMPATH/CodeIgniter.php(925): App\Controllers\Dashboard\DefaultController->index()
16 SYSTEMPATH/CodeIgniter.php(480): CodeIgniter\CodeIgniter->runController(Object(App\Controllers\Dashboard\DefaultController))
17 SYSTEMPATH/CodeIgniter.php(349): CodeIgniter\CodeIgniter->handleRequest(null, Object(Config\Cache), false)
18 FCPATH/index.php(67): CodeIgniter\CodeIgniter->run()
CRITICAL - 2023-09-05 02:35:00 --> require_once(./menu_assign/config.php): Failed to open stream: No such file or directory
in APPPATH/Views/templates/menu.php on line 2.
 1 APPPATH/Views/templates/menu.php(2): CodeIgniter\Debug\Exceptions->errorHandler(2, 'require_once(./menu_assign/config.php): Failed to open stream: No such file or directory', 'APPPATH/Views/templates/menu.php', 2)
 2 APPPATH/Views/templates/menu.php(2): require_once()
 3 SYSTEMPATH/View/View.php(213): include('APPPATH/Views/templates/menu.php')
 4 SYSTEMPATH/View/View.php(216): CodeIgniter\View\View->CodeIgniter\View\{closure}()
 5 SYSTEMPATH/Common.php(1135): CodeIgniter\View\View->render('templates/menu', [], true)
 6 APPPATH/Views/templates/leftsidebar.php(8): view('templates/menu')
 7 SYSTEMPATH/View/View.php(213): include('APPPATH/Views/templates/leftsidebar.php')
 8 SYSTEMPATH/View/View.php(216): CodeIgniter\View\View->CodeIgniter\View\{closure}()
 9 SYSTEMPATH/Common.php(1135): CodeIgniter\View\View->render('templates/leftsidebar', [], true)
10 APPPATH/Views/templates/index.php(159): view('templates/leftsidebar')
11 SYSTEMPATH/View/View.php(213): include('APPPATH/Views/templates/index.php')
12 SYSTEMPATH/View/View.php(216): CodeIgniter\View\View->CodeIgniter\View\{closure}()
13 SYSTEMPATH/Common.php(1135): CodeIgniter\View\View->render('templates/index', [], true)
14 APPPATH/Controllers/Dashboard/DefaultController.php(26): view('templates/index', [...])
15 SYSTEMPATH/CodeIgniter.php(925): App\Controllers\Dashboard\DefaultController->index()
16 SYSTEMPATH/CodeIgniter.php(480): CodeIgniter\CodeIgniter->runController(Object(App\Controllers\Dashboard\DefaultController))
17 SYSTEMPATH/CodeIgniter.php(349): CodeIgniter\CodeIgniter->handleRequest(null, Object(Config\Cache), false)
18 FCPATH/index.php(67): CodeIgniter\CodeIgniter->run()
CRITICAL - 2023-09-05 02:36:40 --> require_once(./menu_assign/config.php): Failed to open stream: No such file or directory
in APPPATH/Views/templates/menu.php on line 2.
 1 APPPATH/Views/templates/menu.php(2): CodeIgniter\Debug\Exceptions->errorHandler(2, 'require_once(./menu_assign/config.php): Failed to open stream: No such file or directory', 'APPPATH/Views/templates/menu.php', 2)
 2 APPPATH/Views/templates/menu.php(2): require_once()
 3 SYSTEMPATH/View/View.php(213): include('APPPATH/Views/templates/menu.php')
 4 SYSTEMPATH/View/View.php(216): CodeIgniter\View\View->CodeIgniter\View\{closure}()
 5 SYSTEMPATH/Common.php(1135): CodeIgniter\View\View->render('templates/menu', [], true)
 6 APPPATH/Views/templates/leftsidebar.php(8): view('templates/menu')
 7 SYSTEMPATH/View/View.php(213): include('APPPATH/Views/templates/leftsidebar.php')
 8 SYSTEMPATH/View/View.php(216): CodeIgniter\View\View->CodeIgniter\View\{closure}()
 9 SYSTEMPATH/Common.php(1135): CodeIgniter\View\View->render('templates/leftsidebar', [], true)
10 APPPATH/Views/templates/index.php(159): view('templates/leftsidebar')
11 SYSTEMPATH/View/View.php(213): include('APPPATH/Views/templates/index.php')
12 SYSTEMPATH/View/View.php(216): CodeIgniter\View\View->CodeIgniter\View\{closure}()
13 SYSTEMPATH/Common.php(1135): CodeIgniter\View\View->render('templates/index', [], true)
14 APPPATH/Controllers/Dashboard/DefaultController.php(26): view('templates/index', [...])
15 SYSTEMPATH/CodeIgniter.php(925): App\Controllers\Dashboard\DefaultController->index()
16 SYSTEMPATH/CodeIgniter.php(480): CodeIgniter\CodeIgniter->runController(Object(App\Controllers\Dashboard\DefaultController))
17 SYSTEMPATH/CodeIgniter.php(349): CodeIgniter\CodeIgniter->handleRequest(null, Object(Config\Cache), false)
18 FCPATH/index.php(67): CodeIgniter\CodeIgniter->run()
CRITICAL - 2023-09-05 02:36:41 --> require_once(./menu_assign/config.php): Failed to open stream: No such file or directory
in APPPATH/Views/templates/menu.php on line 2.
 1 APPPATH/Views/templates/menu.php(2): CodeIgniter\Debug\Exceptions->errorHandler(2, 'require_once(./menu_assign/config.php): Failed to open stream: No such file or directory', 'APPPATH/Views/templates/menu.php', 2)
 2 APPPATH/Views/templates/menu.php(2): require_once()
 3 SYSTEMPATH/View/View.php(213): include('APPPATH/Views/templates/menu.php')
 4 SYSTEMPATH/View/View.php(216): CodeIgniter\View\View->CodeIgniter\View\{closure}()
 5 SYSTEMPATH/Common.php(1135): CodeIgniter\View\View->render('templates/menu', [], true)
 6 APPPATH/Views/templates/leftsidebar.php(8): view('templates/menu')
 7 SYSTEMPATH/View/View.php(213): include('APPPATH/Views/templates/leftsidebar.php')
 8 SYSTEMPATH/View/View.php(216): CodeIgniter\View\View->CodeIgniter\View\{closure}()
 9 SYSTEMPATH/Common.php(1135): CodeIgniter\View\View->render('templates/leftsidebar', [], true)
10 APPPATH/Views/templates/index.php(159): view('templates/leftsidebar')
11 SYSTEMPATH/View/View.php(213): include('APPPATH/Views/templates/index.php')
12 SYSTEMPATH/View/View.php(216): CodeIgniter\View\View->CodeIgniter\View\{closure}()
13 SYSTEMPATH/Common.php(1135): CodeIgniter\View\View->render('templates/index', [], true)
14 APPPATH/Controllers/Dashboard/DefaultController.php(26): view('templates/index', [...])
15 SYSTEMPATH/CodeIgniter.php(925): App\Controllers\Dashboard\DefaultController->index()
16 SYSTEMPATH/CodeIgniter.php(480): CodeIgniter\CodeIgniter->runController(Object(App\Controllers\Dashboard\DefaultController))
17 SYSTEMPATH/CodeIgniter.php(349): CodeIgniter\CodeIgniter->handleRequest(null, Object(Config\Cache), false)
18 FCPATH/index.php(67): CodeIgniter\CodeIgniter->run()
CRITICAL - 2023-09-05 02:36:42 --> require_once(./menu_assign/config.php): Failed to open stream: No such file or directory
in APPPATH/Views/templates/menu.php on line 2.
 1 APPPATH/Views/templates/menu.php(2): CodeIgniter\Debug\Exceptions->errorHandler(2, 'require_once(./menu_assign/config.php): Failed to open stream: No such file or directory', 'APPPATH/Views/templates/menu.php', 2)
 2 APPPATH/Views/templates/menu.php(2): require_once()
 3 SYSTEMPATH/View/View.php(213): include('APPPATH/Views/templates/menu.php')
 4 SYSTEMPATH/View/View.php(216): CodeIgniter\View\View->CodeIgniter\View\{closure}()
 5 SYSTEMPATH/Common.php(1135): CodeIgniter\View\View->render('templates/menu', [], true)
 6 APPPATH/Views/templates/leftsidebar.php(8): view('templates/menu')
 7 SYSTEMPATH/View/View.php(213): include('APPPATH/Views/templates/leftsidebar.php')
 8 SYSTEMPATH/View/View.php(216): CodeIgniter\View\View->CodeIgniter\View\{closure}()
 9 SYSTEMPATH/Common.php(1135): CodeIgniter\View\View->render('templates/leftsidebar', [], true)
10 APPPATH/Views/templates/index.php(159): view('templates/leftsidebar')
11 SYSTEMPATH/View/View.php(213): include('APPPATH/Views/templates/index.php')
12 SYSTEMPATH/View/View.php(216): CodeIgniter\View\View->CodeIgniter\View\{closure}()
13 SYSTEMPATH/Common.php(1135): CodeIgniter\View\View->render('templates/index', [], true)
14 APPPATH/Controllers/Dashboard/DefaultController.php(26): view('templates/index', [...])
15 SYSTEMPATH/CodeIgniter.php(925): App\Controllers\Dashboard\DefaultController->index()
16 SYSTEMPATH/CodeIgniter.php(480): CodeIgniter\CodeIgniter->runController(Object(App\Controllers\Dashboard\DefaultController))
17 SYSTEMPATH/CodeIgniter.php(349): CodeIgniter\CodeIgniter->handleRequest(null, Object(Config\Cache), false)
18 FCPATH/index.php(67): CodeIgniter\CodeIgniter->run()
CRITICAL - 2023-09-05 02:36:42 --> require_once(./menu_assign/config.php): Failed to open stream: No such file or directory
in APPPATH/Views/templates/menu.php on line 2.
 1 APPPATH/Views/templates/menu.php(2): CodeIgniter\Debug\Exceptions->errorHandler(2, 'require_once(./menu_assign/config.php): Failed to open stream: No such file or directory', 'APPPATH/Views/templates/menu.php', 2)
 2 APPPATH/Views/templates/menu.php(2): require_once()
 3 SYSTEMPATH/View/View.php(213): include('APPPATH/Views/templates/menu.php')
 4 SYSTEMPATH/View/View.php(216): CodeIgniter\View\View->CodeIgniter\View\{closure}()
 5 SYSTEMPATH/Common.php(1135): CodeIgniter\View\View->render('templates/menu', [], true)
 6 APPPATH/Views/templates/leftsidebar.php(8): view('templates/menu')
 7 SYSTEMPATH/View/View.php(213): include('APPPATH/Views/templates/leftsidebar.php')
 8 SYSTEMPATH/View/View.php(216): CodeIgniter\View\View->CodeIgniter\View\{closure}()
 9 SYSTEMPATH/Common.php(1135): CodeIgniter\View\View->render('templates/leftsidebar', [], true)
10 APPPATH/Views/templates/index.php(159): view('templates/leftsidebar')
11 SYSTEMPATH/View/View.php(213): include('APPPATH/Views/templates/index.php')
12 SYSTEMPATH/View/View.php(216): CodeIgniter\View\View->CodeIgniter\View\{closure}()
13 SYSTEMPATH/Common.php(1135): CodeIgniter\View\View->render('templates/index', [], true)
14 APPPATH/Controllers/Dashboard/DefaultController.php(26): view('templates/index', [...])
15 SYSTEMPATH/CodeIgniter.php(925): App\Controllers\Dashboard\DefaultController->index()
16 SYSTEMPATH/CodeIgniter.php(480): CodeIgniter\CodeIgniter->runController(Object(App\Controllers\Dashboard\DefaultController))
17 SYSTEMPATH/CodeIgniter.php(349): CodeIgniter\CodeIgniter->handleRequest(null, Object(Config\Cache), false)
18 FCPATH/index.php(67): CodeIgniter\CodeIgniter->run()
CRITICAL - 2023-09-05 02:37:19 --> require_once(./menu_assign/config.php): Failed to open stream: No such file or directory
in APPPATH/Views/templates/menu.php on line 2.
 1 APPPATH/Views/templates/menu.php(2): CodeIgniter\Debug\Exceptions->errorHandler(2, 'require_once(./menu_assign/config.php): Failed to open stream: No such file or directory', 'APPPATH/Views/templates/menu.php', 2)
 2 APPPATH/Views/templates/menu.php(2): require_once()
 3 SYSTEMPATH/View/View.php(213): include('APPPATH/Views/templates/menu.php')
 4 SYSTEMPATH/View/View.php(216): CodeIgniter\View\View->CodeIgniter\View\{closure}()
 5 SYSTEMPATH/Common.php(1135): CodeIgniter\View\View->render('templates/menu', [], true)
 6 APPPATH/Views/templates/leftsidebar.php(8): view('templates/menu')
 7 SYSTEMPATH/View/View.php(213): include('APPPATH/Views/templates/leftsidebar.php')
 8 SYSTEMPATH/View/View.php(216): CodeIgniter\View\View->CodeIgniter\View\{closure}()
 9 SYSTEMPATH/Common.php(1135): CodeIgniter\View\View->render('templates/leftsidebar', [], true)
10 APPPATH/Views/templates/index.php(159): view('templates/leftsidebar')
11 SYSTEMPATH/View/View.php(213): include('APPPATH/Views/templates/index.php')
12 SYSTEMPATH/View/View.php(216): CodeIgniter\View\View->CodeIgniter\View\{closure}()
13 SYSTEMPATH/Common.php(1135): CodeIgniter\View\View->render('templates/index', [], true)
14 APPPATH/Controllers/Dashboard/DefaultController.php(26): view('templates/index', [...])
15 SYSTEMPATH/CodeIgniter.php(925): App\Controllers\Dashboard\DefaultController->index()
16 SYSTEMPATH/CodeIgniter.php(480): CodeIgniter\CodeIgniter->runController(Object(App\Controllers\Dashboard\DefaultController))
17 SYSTEMPATH/CodeIgniter.php(349): CodeIgniter\CodeIgniter->handleRequest(null, Object(Config\Cache), false)
18 FCPATH/index.php(67): CodeIgniter\CodeIgniter->run()
CRITICAL - 2023-09-05 03:27:32 --> Call to a member function prepare() on null
in APPPATH/Views/templates/menu.php on line 53.
 1 SYSTEMPATH/View/View.php(213): include()
 2 SYSTEMPATH/View/View.php(216): CodeIgniter\View\View->CodeIgniter\View\{closure}()
 3 SYSTEMPATH/Common.php(1135): CodeIgniter\View\View->render('templates/menu', [], true)
 4 APPPATH/Views/templates/leftsidebar.php(8): view('templates/menu')
 5 SYSTEMPATH/View/View.php(213): include('APPPATH/Views/templates/leftsidebar.php')
 6 SYSTEMPATH/View/View.php(216): CodeIgniter\View\View->CodeIgniter\View\{closure}()
 7 SYSTEMPATH/Common.php(1135): CodeIgniter\View\View->render('templates/leftsidebar', [], true)
 8 APPPATH/Views/templates/index.php(159): view('templates/leftsidebar')
 9 SYSTEMPATH/View/View.php(213): include('APPPATH/Views/templates/index.php')
10 SYSTEMPATH/View/View.php(216): CodeIgniter\View\View->CodeIgniter\View\{closure}()
11 SYSTEMPATH/Common.php(1135): CodeIgniter\View\View->render('templates/index', [], true)
12 APPPATH/Controllers/Dashboard/DefaultController.php(26): view('templates/index', [...])
13 SYSTEMPATH/CodeIgniter.php(925): App\Controllers\Dashboard\DefaultController->index()
14 SYSTEMPATH/CodeIgniter.php(480): CodeIgniter\CodeIgniter->runController(Object(App\Controllers\Dashboard\DefaultController))
15 SYSTEMPATH/CodeIgniter.php(349): CodeIgniter\CodeIgniter->handleRequest(null, Object(Config\Cache), false)
16 FCPATH/index.php(67): CodeIgniter\CodeIgniter->run()
CRITICAL - 2023-09-05 03:28:56 --> Call to a member function prepare() on null
in APPPATH/Views/templates/menu.php on line 53.
 1 SYSTEMPATH/View/View.php(213): include()
 2 SYSTEMPATH/View/View.php(216): CodeIgniter\View\View->CodeIgniter\View\{closure}()
 3 SYSTEMPATH/Common.php(1135): CodeIgniter\View\View->render('templates/menu', [], true)
 4 APPPATH/Views/templates/leftsidebar.php(8): view('templates/menu')
 5 SYSTEMPATH/View/View.php(213): include('APPPATH/Views/templates/leftsidebar.php')
 6 SYSTEMPATH/View/View.php(216): CodeIgniter\View\View->CodeIgniter\View\{closure}()
 7 SYSTEMPATH/Common.php(1135): CodeIgniter\View\View->render('templates/leftsidebar', [], true)
 8 APPPATH/Views/templates/index.php(159): view('templates/leftsidebar')
 9 SYSTEMPATH/View/View.php(213): include('APPPATH/Views/templates/index.php')
10 SYSTEMPATH/View/View.php(216): CodeIgniter\View\View->CodeIgniter\View\{closure}()
11 SYSTEMPATH/Common.php(1135): CodeIgniter\View\View->render('templates/index', [], true)
12 APPPATH/Controllers/Dashboard/DefaultController.php(26): view('templates/index', [...])
13 SYSTEMPATH/CodeIgniter.php(925): App\Controllers\Dashboard\DefaultController->index()
14 SYSTEMPATH/CodeIgniter.php(480): CodeIgniter\CodeIgniter->runController(Object(App\Controllers\Dashboard\DefaultController))
15 SYSTEMPATH/CodeIgniter.php(349): CodeIgniter\CodeIgniter->handleRequest(null, Object(Config\Cache), false)
16 FCPATH/index.php(67): CodeIgniter\CodeIgniter->run()
CRITICAL - 2023-09-05 03:43:12 --> Call to a member function query() on null
in APPPATH/Views/templates/menu.php on line 53.
 1 SYSTEMPATH/View/View.php(213): include()
 2 SYSTEMPATH/View/View.php(216): CodeIgniter\View\View->CodeIgniter\View\{closure}()
 3 SYSTEMPATH/Common.php(1135): CodeIgniter\View\View->render('templates/menu', [], true)
 4 APPPATH/Views/templates/leftsidebar.php(8): view('templates/menu')
 5 SYSTEMPATH/View/View.php(213): include('APPPATH/Views/templates/leftsidebar.php')
 6 SYSTEMPATH/View/View.php(216): CodeIgniter\View\View->CodeIgniter\View\{closure}()
 7 SYSTEMPATH/Common.php(1135): CodeIgniter\View\View->render('templates/leftsidebar', [], true)
 8 APPPATH/Views/templates/index.php(159): view('templates/leftsidebar')
 9 SYSTEMPATH/View/View.php(213): include('APPPATH/Views/templates/index.php')
10 SYSTEMPATH/View/View.php(216): CodeIgniter\View\View->CodeIgniter\View\{closure}()
11 SYSTEMPATH/Common.php(1135): CodeIgniter\View\View->render('templates/index', [], true)
12 APPPATH/Controllers/Dashboard/DefaultController.php(26): view('templates/index', [...])
13 SYSTEMPATH/CodeIgniter.php(925): App\Controllers\Dashboard\DefaultController->index()
14 SYSTEMPATH/CodeIgniter.php(480): CodeIgniter\CodeIgniter->runController(Object(App\Controllers\Dashboard\DefaultController))
15 SYSTEMPATH/CodeIgniter.php(349): CodeIgniter\CodeIgniter->handleRequest(null, Object(Config\Cache), false)
16 FCPATH/index.php(67): CodeIgniter\CodeIgniter->run()
CRITICAL - 2023-09-05 03:53:21 --> Call to undefined method CodeIgniter\Database\MySQLi\Result::num_rows()
in APPPATH/Views/templates/menu.php on line 61.
 1 SYSTEMPATH/View/View.php(213): include()
 2 SYSTEMPATH/View/View.php(216): CodeIgniter\View\View->CodeIgniter\View\{closure}()
 3 SYSTEMPATH/Common.php(1135): CodeIgniter\View\View->render('templates/menu', [], true)
 4 APPPATH/Views/templates/leftsidebar.php(8): view('templates/menu')
 5 SYSTEMPATH/View/View.php(213): include('APPPATH/Views/templates/leftsidebar.php')
 6 SYSTEMPATH/View/View.php(216): CodeIgniter\View\View->CodeIgniter\View\{closure}()
 7 SYSTEMPATH/Common.php(1135): CodeIgniter\View\View->render('templates/leftsidebar', [], true)
 8 APPPATH/Views/templates/index.php(159): view('templates/leftsidebar')
 9 SYSTEMPATH/View/View.php(213): include('APPPATH/Views/templates/index.php')
10 SYSTEMPATH/View/View.php(216): CodeIgniter\View\View->CodeIgniter\View\{closure}()
11 SYSTEMPATH/Common.php(1135): CodeIgniter\View\View->render('templates/index', [], true)
12 APPPATH/Controllers/Dashboard/DefaultController.php(26): view('templates/index', [...])
13 SYSTEMPATH/CodeIgniter.php(925): App\Controllers\Dashboard\DefaultController->index()
14 SYSTEMPATH/CodeIgniter.php(480): CodeIgniter\CodeIgniter->runController(Object(App\Controllers\Dashboard\DefaultController))
15 SYSTEMPATH/CodeIgniter.php(349): CodeIgniter\CodeIgniter->handleRequest(null, Object(Config\Cache), false)
16 FCPATH/index.php(67): CodeIgniter\CodeIgniter->run()
CRITICAL - 2023-09-05 03:54:52 --> ucfirst(): Argument #1 ($string) must be of type string, array given
in APPPATH/Views/templates/menu.php on line 64.
 1 APPPATH/Views/templates/menu.php(64): ucfirst([...])
 2 SYSTEMPATH/View/View.php(213): include('APPPATH/Views/templates/menu.php')
 3 SYSTEMPATH/View/View.php(216): CodeIgniter\View\View->CodeIgniter\View\{closure}()
 4 SYSTEMPATH/Common.php(1135): CodeIgniter\View\View->render('templates/menu', [], true)
 5 APPPATH/Views/templates/leftsidebar.php(8): view('templates/menu')
 6 SYSTEMPATH/View/View.php(213): include('APPPATH/Views/templates/leftsidebar.php')
 7 SYSTEMPATH/View/View.php(216): CodeIgniter\View\View->CodeIgniter\View\{closure}()
 8 SYSTEMPATH/Common.php(1135): CodeIgniter\View\View->render('templates/leftsidebar', [], true)
 9 APPPATH/Views/templates/index.php(159): view('templates/leftsidebar')
10 SYSTEMPATH/View/View.php(213): include('APPPATH/Views/templates/index.php')
11 SYSTEMPATH/View/View.php(216): CodeIgniter\View\View->CodeIgniter\View\{closure}()
12 SYSTEMPATH/Common.php(1135): CodeIgniter\View\View->render('templates/index', [], true)
13 APPPATH/Controllers/Dashboard/DefaultController.php(26): view('templates/index', [...])
14 SYSTEMPATH/CodeIgniter.php(925): App\Controllers\Dashboard\DefaultController->index()
15 SYSTEMPATH/CodeIgniter.php(480): CodeIgniter\CodeIgniter->runController(Object(App\Controllers\Dashboard\DefaultController))
16 SYSTEMPATH/CodeIgniter.php(349): CodeIgniter\CodeIgniter->handleRequest(null, Object(Config\Cache), false)
17 FCPATH/index.php(67): CodeIgniter\CodeIgniter->run()
