CRITICAL - 2024-03-22 10:09:01 --> Undefined array key "filing_details"
in APPPATH/Controllers/Filing/Limitation.php on line 29.
 1 APPPATH/Controllers/Filing/Limitation.php(29): CodeIgniter\Debug\Exceptions->errorHandler(2, 'Undefined array key "filing_details"', 'APPPATH/Controllers/Filing/Limitation.php', 29)
 2 SYSTEMPATH/CodeIgniter.php(925): App\Controllers\Filing\Limitation->index()
 3 SYSTEMPATH/CodeIgniter.php(480): CodeIgniter\CodeIgniter->runController(Object(App\Controllers\Filing\Limitation))
 4 SYSTEMPATH/CodeIgniter.php(349): CodeIgniter\CodeIgniter->handleRequest(null, Object(Config\Cache), false)
 5 FCPATH/index.php(67): CodeIgniter\CodeIgniter->run()
CRITICAL - 2024-03-22 10:47:04 --> Undefined variable $query3
in APPPATH/Models/Judicial/AmendCausetitleModel.php on line 71.
 1 APPPATH/Models/Judicial/AmendCausetitleModel.php(71): CodeIgniter\Debug\Exceptions->errorHandler(2, 'Undefined variable $query3', 'APPPATH/Models/Judicial/AmendCausetitleModel.php', 71)
 2 APPPATH/Controllers/Judicial/AmendCausetitle.php(61): App\Models\Judicial\AmendCausetitleModel->get_casedesc('11452023')
 3 SYSTEMPATH/CodeIgniter.php(925): App\Controllers\Judicial\AmendCausetitle->causetitle()
 4 SYSTEMPATH/CodeIgniter.php(480): CodeIgniter\CodeIgniter->runController(Object(App\Controllers\Judicial\AmendCausetitle))
 5 SYSTEMPATH/CodeIgniter.php(349): CodeIgniter\CodeIgniter->handleRequest(null, Object(Config\Cache), false)
 6 FCPATH/index.php(67): CodeIgniter\CodeIgniter->run()
CRITICAL - 2024-03-22 10:47:14 --> Undefined variable $query3
in APPPATH/Models/Judicial/AmendCausetitleModel.php on line 71.
 1 APPPATH/Models/Judicial/AmendCausetitleModel.php(71): CodeIgniter\Debug\Exceptions->errorHandler(2, 'Undefined variable $query3', 'APPPATH/Models/Judicial/AmendCausetitleModel.php', 71)
 2 APPPATH/Controllers/Judicial/AmendCausetitle.php(61): App\Models\Judicial\AmendCausetitleModel->get_casedesc('11452023')
 3 SYSTEMPATH/CodeIgniter.php(925): App\Controllers\Judicial\AmendCausetitle->causetitle()
 4 SYSTEMPATH/CodeIgniter.php(480): CodeIgniter\CodeIgniter->runController(Object(App\Controllers\Judicial\AmendCausetitle))
 5 SYSTEMPATH/CodeIgniter.php(349): CodeIgniter\CodeIgniter->handleRequest(null, Object(Config\Cache), false)
 6 FCPATH/index.php(67): CodeIgniter\CodeIgniter->run()
CRITICAL - 2024-03-22 11:11:18 --> Undefined variable $query3
in APPPATH/Models/Judicial/AmendCausetitleModel.php on line 71.
 1 APPPATH/Models/Judicial/AmendCausetitleModel.php(71): CodeIgniter\Debug\Exceptions->errorHandler(2, 'Undefined variable $query3', 'APPPATH/Models/Judicial/AmendCausetitleModel.php', 71)
 2 APPPATH/Controllers/Judicial/AmendCausetitle.php(61): App\Models\Judicial\AmendCausetitleModel->get_casedesc('11582023')
 3 SYSTEMPATH/CodeIgniter.php(925): App\Controllers\Judicial\AmendCausetitle->causetitle()
 4 SYSTEMPATH/CodeIgniter.php(480): CodeIgniter\CodeIgniter->runController(Object(App\Controllers\Judicial\AmendCausetitle))
 5 SYSTEMPATH/CodeIgniter.php(349): CodeIgniter\CodeIgniter->handleRequest(null, Object(Config\Cache), false)
 6 FCPATH/index.php(67): CodeIgniter\CodeIgniter->run()
CRITICAL - 2024-03-22 14:43:08 --> Undefined variable $query3
in APPPATH/Models/Judicial/AmendCausetitleModel.php on line 71.
 1 APPPATH/Models/Judicial/AmendCausetitleModel.php(71): CodeIgniter\Debug\Exceptions->errorHandler(2, 'Undefined variable $query3', 'APPPATH/Models/Judicial/AmendCausetitleModel.php', 71)
 2 APPPATH/Controllers/Judicial/AmendCausetitle.php(61): App\Models\Judicial\AmendCausetitleModel->get_casedesc('15482023')
 3 SYSTEMPATH/CodeIgniter.php(925): App\Controllers\Judicial\AmendCausetitle->causetitle()
 4 SYSTEMPATH/CodeIgniter.php(480): CodeIgniter\CodeIgniter->runController(Object(App\Controllers\Judicial\AmendCausetitle))
 5 SYSTEMPATH/CodeIgniter.php(349): CodeIgniter\CodeIgniter->handleRequest(null, Object(Config\Cache), false)
 6 FCPATH/index.php(67): CodeIgniter\CodeIgniter->run()
CRITICAL - 2024-03-22 14:43:33 --> Undefined variable $query3
in APPPATH/Models/Judicial/AmendCausetitleModel.php on line 71.
 1 APPPATH/Models/Judicial/AmendCausetitleModel.php(71): CodeIgniter\Debug\Exceptions->errorHandler(2, 'Undefined variable $query3', 'APPPATH/Models/Judicial/AmendCausetitleModel.php', 71)
 2 APPPATH/Controllers/Judicial/AmendCausetitle.php(61): App\Models\Judicial\AmendCausetitleModel->get_casedesc('15482023')
 3 SYSTEMPATH/CodeIgniter.php(925): App\Controllers\Judicial\AmendCausetitle->causetitle()
 4 SYSTEMPATH/CodeIgniter.php(480): CodeIgniter\CodeIgniter->runController(Object(App\Controllers\Judicial\AmendCausetitle))
 5 SYSTEMPATH/CodeIgniter.php(349): CodeIgniter\CodeIgniter->handleRequest(null, Object(Config\Cache), false)
 6 FCPATH/index.php(67): CodeIgniter\CodeIgniter->run()
CRITICAL - 2024-03-22 14:44:32 --> Undefined variable $query3
in APPPATH/Models/Judicial/AmendCausetitleModel.php on line 71.
 1 APPPATH/Models/Judicial/AmendCausetitleModel.php(71): CodeIgniter\Debug\Exceptions->errorHandler(2, 'Undefined variable $query3', 'APPPATH/Models/Judicial/AmendCausetitleModel.php', 71)
 2 APPPATH/Controllers/Judicial/AmendCausetitle.php(61): App\Models\Judicial\AmendCausetitleModel->get_casedesc('15482023')
 3 SYSTEMPATH/CodeIgniter.php(925): App\Controllers\Judicial\AmendCausetitle->causetitle()
 4 SYSTEMPATH/CodeIgniter.php(480): CodeIgniter\CodeIgniter->runController(Object(App\Controllers\Judicial\AmendCausetitle))
 5 SYSTEMPATH/CodeIgniter.php(349): CodeIgniter\CodeIgniter->handleRequest(null, Object(Config\Cache), false)
 6 FCPATH/index.php(67): CodeIgniter\CodeIgniter->run()
CRITICAL - 2024-03-22 14:45:49 --> Undefined variable $query3
in APPPATH/Models/Judicial/AmendCausetitleModel.php on line 71.
 1 APPPATH/Models/Judicial/AmendCausetitleModel.php(71): CodeIgniter\Debug\Exceptions->errorHandler(2, 'Undefined variable $query3', 'APPPATH/Models/Judicial/AmendCausetitleModel.php', 71)
 2 APPPATH/Controllers/Judicial/AmendCausetitle.php(61): App\Models\Judicial\AmendCausetitleModel->get_casedesc('15482023')
 3 SYSTEMPATH/CodeIgniter.php(925): App\Controllers\Judicial\AmendCausetitle->causetitle()
 4 SYSTEMPATH/CodeIgniter.php(480): CodeIgniter\CodeIgniter->runController(Object(App\Controllers\Judicial\AmendCausetitle))
 5 SYSTEMPATH/CodeIgniter.php(349): CodeIgniter\CodeIgniter->handleRequest(null, Object(Config\Cache), false)
 6 FCPATH/index.php(67): CodeIgniter\CodeIgniter->run()
CRITICAL - 2024-03-22 14:46:38 --> Undefined variable $query3
in APPPATH/Models/Judicial/AmendCausetitleModel.php on line 71.
 1 APPPATH/Models/Judicial/AmendCausetitleModel.php(71): CodeIgniter\Debug\Exceptions->errorHandler(2, 'Undefined variable $query3', 'APPPATH/Models/Judicial/AmendCausetitleModel.php', 71)
 2 APPPATH/Controllers/Judicial/AmendCausetitle.php(61): App\Models\Judicial\AmendCausetitleModel->get_casedesc('15482023')
 3 SYSTEMPATH/CodeIgniter.php(925): App\Controllers\Judicial\AmendCausetitle->causetitle()
 4 SYSTEMPATH/CodeIgniter.php(480): CodeIgniter\CodeIgniter->runController(Object(App\Controllers\Judicial\AmendCausetitle))
 5 SYSTEMPATH/CodeIgniter.php(349): CodeIgniter\CodeIgniter->handleRequest(null, Object(Config\Cache), false)
 6 FCPATH/index.php(67): CodeIgniter\CodeIgniter->run()
CRITICAL - 2024-03-22 04:42:03 --> The action you requested is not allowed.
in SYSTEMPATH/Security/Security.php on line 307.
 1 SYSTEMPATH/Security/Security.php(307): CodeIgniter\Security\Exceptions\SecurityException::forDisallowedAction()
 2 SYSTEMPATH/Filters/CSRF.php(55): CodeIgniter\Security\Security->verify(Object(CodeIgniter\HTTP\IncomingRequest))
 3 SYSTEMPATH/Filters/Filters.php(173): CodeIgniter\Filters\CSRF->before(Object(CodeIgniter\HTTP\IncomingRequest), null)
 4 SYSTEMPATH/CodeIgniter.php(453): CodeIgniter\Filters\Filters->run('Judicial/PhysicalVerification/wrong_updated_get', 'before')
 5 SYSTEMPATH/CodeIgniter.php(349): CodeIgniter\CodeIgniter->handleRequest(null, Object(Config\Cache), false)
 6 FCPATH/index.php(67): CodeIgniter\CodeIgniter->run()
ERROR - 2024-03-22 16:05:52 --> ErrorException: pg_query(): Query failed: ERROR:  invalid input syntax for type integer: &quot;&quot; in /var/www/html/system/Database/Postgre/Connection.php:140
Stack trace:
#0 [internal function]: CodeIgniter\Debug\Exceptions->errorHandler(2, 'pg_query(): Que...', '/var/www/html/s...', 140)
#1 /var/www/html/system/Database/Postgre/Connection.php(140): pg_query(Object(PgSql\Connection), 'SELECT "m"."dia...')
#2 /var/www/html/system/Database/BaseConnection.php(666): CodeIgniter\Database\Postgre\Connection->execute('SELECT "m"."dia...')
#3 /var/www/html/system/Database/BaseConnection.php(593): CodeIgniter\Database\BaseConnection->simpleQuery('SELECT "m"."dia...')
#4 /var/www/html/system/Database/BaseBuilder.php(1585): CodeIgniter\Database\BaseConnection->query('SELECT "m"."dia...', Array, false)
#5 /var/www/html/app/Models/Judicial/ConditionalDisposeModel.php(160): CodeIgniter\Database\BaseBuilder->get()
#6 /var/www/html/app/Controllers/Judicial/Conditional_Dispose.php(58): App\Models\Judicial\ConditionalDisposeModel->get_case_details('1', '114', '2023', '', '', '', '', '', '', '')
#7 /var/www/html/system/CodeIgniter.php(925): App\Controllers\Judicial\Conditional_Dispose->get_details()
#8 /var/www/html/system/CodeIgniter.php(480): CodeIgniter\CodeIgniter->runController(Object(App\Controllers\Judicial\Conditional_Dispose))
#9 /var/www/html/system/CodeIgniter.php(349): CodeIgniter\CodeIgniter->handleRequest(NULL, Object(Config\Cache), false)
#10 /var/www/html/public/index.php(67): CodeIgniter\CodeIgniter->run()
#11 {main}
CRITICAL - 2024-03-22 16:05:52 --> pg_query(): Query failed: ERROR:  invalid input syntax for type integer: &quot;&quot;
in SYSTEMPATH/Database/Postgre/Connection.php on line 140.
 1 [internal function]: CodeIgniter\Debug\Exceptions->errorHandler(2, 'pg_query(): Query failed: ERROR:  invalid input syntax for type integer: &quot;&quot;', 'SYSTEMPATH/Database/Postgre/Connection.php', 140)
 2 SYSTEMPATH/Database/Postgre/Connection.php(140): pg_query(Object(PgSql\Connection), 'SELECT "m"."diary_no" as "case_diary", "m"."c_status", concat(m.pet_name, \' Vs \', m.res_name) as case_title, "dacode"
FROM "main" "m"
WHERE CAST(SUBSTRING(active_fil_no, 1, 2) AS INTEGER) = \'1\'
AND "active_reg_year" = \'2023\'
AND   (
CAST(SUBSTRING(active_fil_no, 4, 6) AS INTEGER) = \'114\'
OR 114 BETWEEN CAST(SUBSTRING(active_fil_no, 4, 6) AS INTEGER) AND CAST(SUBSTRING(active_fil_no, 11, 6) AS INTEGER)
 )')
 3 SYSTEMPATH/Database/BaseConnection.php(666): CodeIgniter\Database\Postgre\Connection->execute('SELECT "m"."diary_no" as "case_diary", "m"."c_status", concat(m.pet_name, \' Vs \', m.res_name) as case_title, "dacode"
FROM "main" "m"
WHERE CAST(SUBSTRING(active_fil_no, 1, 2) AS INTEGER) = \'1\'
AND "active_reg_year" = \'2023\'
AND   (
CAST(SUBSTRING(active_fil_no, 4, 6) AS INTEGER) = \'114\'
OR 114 BETWEEN CAST(SUBSTRING(active_fil_no, 4, 6) AS INTEGER) AND CAST(SUBSTRING(active_fil_no, 11, 6) AS INTEGER)
 )')
 4 SYSTEMPATH/Database/BaseConnection.php(593): CodeIgniter\Database\BaseConnection->simpleQuery('SELECT "m"."diary_no" as "case_diary", "m"."c_status", concat(m.pet_name, \' Vs \', m.res_name) as case_title, "dacode"
FROM "main" "m"
WHERE CAST(SUBSTRING(active_fil_no, 1, 2) AS INTEGER) = \'1\'
AND "active_reg_year" = \'2023\'
AND   (
CAST(SUBSTRING(active_fil_no, 4, 6) AS INTEGER) = \'114\'
OR 114 BETWEEN CAST(SUBSTRING(active_fil_no, 4, 6) AS INTEGER) AND CAST(SUBSTRING(active_fil_no, 11, 6) AS INTEGER)
 )')
 5 SYSTEMPATH/Database/BaseBuilder.php(1585): CodeIgniter\Database\BaseConnection->query('SELECT "m"."diary_no" as "case_diary", "m"."c_status", concat(m.pet_name, \' Vs \', m.res_name) as case_title, "dacode"
FROM "main" "m"
WHERE CAST(SUBSTRING(active_fil_no, 1, 2) AS INTEGER) = :CAST(SUBSTRING(active_fil_no, 1, 2) AS INTEGER):
AND "active_reg_year" = :active_reg_year:
AND   (
CAST(SUBSTRING(active_fil_no, 4, 6) AS INTEGER) = :CAST(SUBSTRING(active_fil_no, 4, 6) AS INTEGER):
OR 114 BETWEEN CAST(SUBSTRING(active_fil_no, 4, 6) AS INTEGER) AND CAST(SUBSTRING(active_fil_no, 11, 6) AS INTEGER)
 )', [...], false)
 6 APPPATH/Models/Judicial/ConditionalDisposeModel.php(160): CodeIgniter\Database\BaseBuilder->get()
 7 APPPATH/Controllers/Judicial/Conditional_Dispose.php(58): App\Models\Judicial\ConditionalDisposeModel->get_case_details('1', '114', '2023', 'ROOTPATH/public', 'ROOTPATH/public', 'ROOTPATH/public', 'ROOTPATH/public', 'ROOTPATH/public', 'ROOTPATH/public', 'ROOTPATH/public')
 8 SYSTEMPATH/CodeIgniter.php(925): App\Controllers\Judicial\Conditional_Dispose->get_details()
 9 SYSTEMPATH/CodeIgniter.php(480): CodeIgniter\CodeIgniter->runController(Object(App\Controllers\Judicial\Conditional_Dispose))
10 SYSTEMPATH/CodeIgniter.php(349): CodeIgniter\CodeIgniter->handleRequest(null, Object(Config\Cache), false)
11 FCPATH/index.php(67): CodeIgniter\CodeIgniter->run()
CRITICAL - 2024-03-22 05:37:49 --> The action you requested is not allowed.
in SYSTEMPATH/Security/Security.php on line 307.
 1 SYSTEMPATH/Security/Security.php(307): CodeIgniter\Security\Exceptions\SecurityException::forDisallowedAction()
 2 SYSTEMPATH/Filters/CSRF.php(55): CodeIgniter\Security\Security->verify(Object(CodeIgniter\HTTP\IncomingRequest))
 3 SYSTEMPATH/Filters/Filters.php(173): CodeIgniter\Filters\CSRF->before(Object(CodeIgniter\HTTP\IncomingRequest), null)
 4 SYSTEMPATH/CodeIgniter.php(453): CodeIgniter\Filters\Filters->run('Judicial/Conditional_Dispose/get_details', 'before')
 5 SYSTEMPATH/CodeIgniter.php(349): CodeIgniter\CodeIgniter->handleRequest(null, Object(Config\Cache), false)
 6 FCPATH/index.php(67): CodeIgniter\CodeIgniter->run()
CRITICAL - 2024-03-22 05:39:12 --> The action you requested is not allowed.
in SYSTEMPATH/Security/Security.php on line 307.
 1 SYSTEMPATH/Security/Security.php(307): CodeIgniter\Security\Exceptions\SecurityException::forDisallowedAction()
 2 SYSTEMPATH/Filters/CSRF.php(55): CodeIgniter\Security\Security->verify(Object(CodeIgniter\HTTP\IncomingRequest))
 3 SYSTEMPATH/Filters/Filters.php(173): CodeIgniter\Filters\CSRF->before(Object(CodeIgniter\HTTP\IncomingRequest), null)
 4 SYSTEMPATH/CodeIgniter.php(453): CodeIgniter\Filters\Filters->run('Judicial/Conditional_Dispose/get_details', 'before')
 5 SYSTEMPATH/CodeIgniter.php(349): CodeIgniter\CodeIgniter->handleRequest(null, Object(Config\Cache), false)
 6 FCPATH/index.php(67): CodeIgniter\CodeIgniter->run()
CRITICAL - 2024-03-22 05:39:28 --> The action you requested is not allowed.
in SYSTEMPATH/Security/Security.php on line 307.
 1 SYSTEMPATH/Security/Security.php(307): CodeIgniter\Security\Exceptions\SecurityException::forDisallowedAction()
 2 SYSTEMPATH/Filters/CSRF.php(55): CodeIgniter\Security\Security->verify(Object(CodeIgniter\HTTP\IncomingRequest))
 3 SYSTEMPATH/Filters/Filters.php(173): CodeIgniter\Filters\CSRF->before(Object(CodeIgniter\HTTP\IncomingRequest), null)
 4 SYSTEMPATH/CodeIgniter.php(453): CodeIgniter\Filters\Filters->run('Judicial/Conditional_Dispose/get_details', 'before')
 5 SYSTEMPATH/CodeIgniter.php(349): CodeIgniter\CodeIgniter->handleRequest(null, Object(Config\Cache), false)
 6 FCPATH/index.php(67): CodeIgniter\CodeIgniter->run()
CRITICAL - 2024-03-22 05:39:28 --> The action you requested is not allowed.
in SYSTEMPATH/Security/Security.php on line 307.
 1 SYSTEMPATH/Security/Security.php(307): CodeIgniter\Security\Exceptions\SecurityException::forDisallowedAction()
 2 SYSTEMPATH/Filters/CSRF.php(55): CodeIgniter\Security\Security->verify(Object(CodeIgniter\HTTP\IncomingRequest))
 3 SYSTEMPATH/Filters/Filters.php(173): CodeIgniter\Filters\CSRF->before(Object(CodeIgniter\HTTP\IncomingRequest), null)
 4 SYSTEMPATH/CodeIgniter.php(453): CodeIgniter\Filters\Filters->run('Judicial/Conditional_Dispose/get_details', 'before')
 5 SYSTEMPATH/CodeIgniter.php(349): CodeIgniter\CodeIgniter->handleRequest(null, Object(Config\Cache), false)
 6 FCPATH/index.php(67): CodeIgniter\CodeIgniter->run()
CRITICAL - 2024-03-22 05:39:55 --> The action you requested is not allowed.
in SYSTEMPATH/Security/Security.php on line 307.
 1 SYSTEMPATH/Security/Security.php(307): CodeIgniter\Security\Exceptions\SecurityException::forDisallowedAction()
 2 SYSTEMPATH/Filters/CSRF.php(55): CodeIgniter\Security\Security->verify(Object(CodeIgniter\HTTP\IncomingRequest))
 3 SYSTEMPATH/Filters/Filters.php(173): CodeIgniter\Filters\CSRF->before(Object(CodeIgniter\HTTP\IncomingRequest), null)
 4 SYSTEMPATH/CodeIgniter.php(453): CodeIgniter\Filters\Filters->run('Judicial/Conditional_Dispose/get_details', 'before')
 5 SYSTEMPATH/CodeIgniter.php(349): CodeIgniter\CodeIgniter->handleRequest(null, Object(Config\Cache), false)
 6 FCPATH/index.php(67): CodeIgniter\CodeIgniter->run()
CRITICAL - 2024-03-22 05:42:10 --> The action you requested is not allowed.
in SYSTEMPATH/Security/Security.php on line 307.
 1 SYSTEMPATH/Security/Security.php(307): CodeIgniter\Security\Exceptions\SecurityException::forDisallowedAction()
 2 SYSTEMPATH/Filters/CSRF.php(55): CodeIgniter\Security\Security->verify(Object(CodeIgniter\HTTP\IncomingRequest))
 3 SYSTEMPATH/Filters/Filters.php(173): CodeIgniter\Filters\CSRF->before(Object(CodeIgniter\HTTP\IncomingRequest), null)
 4 SYSTEMPATH/CodeIgniter.php(453): CodeIgniter\Filters\Filters->run('Judicial/Conditional_Dispose/get_details', 'before')
 5 SYSTEMPATH/CodeIgniter.php(349): CodeIgniter\CodeIgniter->handleRequest(null, Object(Config\Cache), false)
 6 FCPATH/index.php(67): CodeIgniter\CodeIgniter->run()
CRITICAL - 2024-03-22 05:42:10 --> The action you requested is not allowed.
in SYSTEMPATH/Security/Security.php on line 307.
 1 SYSTEMPATH/Security/Security.php(307): CodeIgniter\Security\Exceptions\SecurityException::forDisallowedAction()
 2 SYSTEMPATH/Filters/CSRF.php(55): CodeIgniter\Security\Security->verify(Object(CodeIgniter\HTTP\IncomingRequest))
 3 SYSTEMPATH/Filters/Filters.php(173): CodeIgniter\Filters\CSRF->before(Object(CodeIgniter\HTTP\IncomingRequest), null)
 4 SYSTEMPATH/CodeIgniter.php(453): CodeIgniter\Filters\Filters->run('Judicial/Conditional_Dispose/get_details', 'before')
 5 SYSTEMPATH/CodeIgniter.php(349): CodeIgniter\CodeIgniter->handleRequest(null, Object(Config\Cache), false)
 6 FCPATH/index.php(67): CodeIgniter\CodeIgniter->run()
CRITICAL - 2024-03-22 05:42:25 --> The action you requested is not allowed.
in SYSTEMPATH/Security/Security.php on line 307.
 1 SYSTEMPATH/Security/Security.php(307): CodeIgniter\Security\Exceptions\SecurityException::forDisallowedAction()
 2 SYSTEMPATH/Filters/CSRF.php(55): CodeIgniter\Security\Security->verify(Object(CodeIgniter\HTTP\IncomingRequest))
 3 SYSTEMPATH/Filters/Filters.php(173): CodeIgniter\Filters\CSRF->before(Object(CodeIgniter\HTTP\IncomingRequest), null)
 4 SYSTEMPATH/CodeIgniter.php(453): CodeIgniter\Filters\Filters->run('Judicial/Conditional_Dispose/get_details', 'before')
 5 SYSTEMPATH/CodeIgniter.php(349): CodeIgniter\CodeIgniter->handleRequest(null, Object(Config\Cache), false)
 6 FCPATH/index.php(67): CodeIgniter\CodeIgniter->run()
CRITICAL - 2024-03-22 05:42:25 --> The action you requested is not allowed.
in SYSTEMPATH/Security/Security.php on line 307.
 1 SYSTEMPATH/Security/Security.php(307): CodeIgniter\Security\Exceptions\SecurityException::forDisallowedAction()
 2 SYSTEMPATH/Filters/CSRF.php(55): CodeIgniter\Security\Security->verify(Object(CodeIgniter\HTTP\IncomingRequest))
 3 SYSTEMPATH/Filters/Filters.php(173): CodeIgniter\Filters\CSRF->before(Object(CodeIgniter\HTTP\IncomingRequest), null)
 4 SYSTEMPATH/CodeIgniter.php(453): CodeIgniter\Filters\Filters->run('Judicial/Conditional_Dispose/get_details', 'before')
 5 SYSTEMPATH/CodeIgniter.php(349): CodeIgniter\CodeIgniter->handleRequest(null, Object(Config\Cache), false)
 6 FCPATH/index.php(67): CodeIgniter\CodeIgniter->run()
CRITICAL - 2024-03-22 05:44:14 --> The action you requested is not allowed.
in SYSTEMPATH/Security/Security.php on line 307.
 1 SYSTEMPATH/Security/Security.php(307): CodeIgniter\Security\Exceptions\SecurityException::forDisallowedAction()
 2 SYSTEMPATH/Filters/CSRF.php(55): CodeIgniter\Security\Security->verify(Object(CodeIgniter\HTTP\IncomingRequest))
 3 SYSTEMPATH/Filters/Filters.php(173): CodeIgniter\Filters\CSRF->before(Object(CodeIgniter\HTTP\IncomingRequest), null)
 4 SYSTEMPATH/CodeIgniter.php(453): CodeIgniter\Filters\Filters->run('Judicial/Conditional_Dispose/get_details', 'before')
 5 SYSTEMPATH/CodeIgniter.php(349): CodeIgniter\CodeIgniter->handleRequest(null, Object(Config\Cache), false)
 6 FCPATH/index.php(67): CodeIgniter\CodeIgniter->run()
CRITICAL - 2024-03-22 05:44:15 --> The action you requested is not allowed.
in SYSTEMPATH/Security/Security.php on line 307.
 1 SYSTEMPATH/Security/Security.php(307): CodeIgniter\Security\Exceptions\SecurityException::forDisallowedAction()
 2 SYSTEMPATH/Filters/CSRF.php(55): CodeIgniter\Security\Security->verify(Object(CodeIgniter\HTTP\IncomingRequest))
 3 SYSTEMPATH/Filters/Filters.php(173): CodeIgniter\Filters\CSRF->before(Object(CodeIgniter\HTTP\IncomingRequest), null)
 4 SYSTEMPATH/CodeIgniter.php(453): CodeIgniter\Filters\Filters->run('Judicial/Conditional_Dispose/get_details', 'before')
 5 SYSTEMPATH/CodeIgniter.php(349): CodeIgniter\CodeIgniter->handleRequest(null, Object(Config\Cache), false)
 6 FCPATH/index.php(67): CodeIgniter\CodeIgniter->run()
CRITICAL - 2024-03-22 17:01:33 --> Undefined array key "redirect_url_to"
in APPPATH/Controllers/Filing/Diary.php on line 66.
 1 APPPATH/Controllers/Filing/Diary.php(66): CodeIgniter\Debug\Exceptions->errorHandler(2, 'Undefined array key "redirect_url_to"', 'APPPATH/Controllers/Filing/Diary.php', 66)
 2 SYSTEMPATH/CodeIgniter.php(925): App\Controllers\Filing\Diary->search()
 3 SYSTEMPATH/CodeIgniter.php(480): CodeIgniter\CodeIgniter->runController(Object(App\Controllers\Filing\Diary))
 4 SYSTEMPATH/CodeIgniter.php(349): CodeIgniter\CodeIgniter->handleRequest(null, Object(Config\Cache), false)
 5 FCPATH/index.php(67): CodeIgniter\CodeIgniter->run()
CRITICAL - 2024-03-22 17:02:54 --> Undefined array key "redirect_url_to"
in APPPATH/Controllers/Filing/Diary.php on line 66.
 1 APPPATH/Controllers/Filing/Diary.php(66): CodeIgniter\Debug\Exceptions->errorHandler(2, 'Undefined array key "redirect_url_to"', 'APPPATH/Controllers/Filing/Diary.php', 66)
 2 SYSTEMPATH/CodeIgniter.php(925): App\Controllers\Filing\Diary->search()
 3 SYSTEMPATH/CodeIgniter.php(480): CodeIgniter\CodeIgniter->runController(Object(App\Controllers\Filing\Diary))
 4 SYSTEMPATH/CodeIgniter.php(349): CodeIgniter\CodeIgniter->handleRequest(null, Object(Config\Cache), false)
 5 FCPATH/index.php(67): CodeIgniter\CodeIgniter->run()
