ERROR - 2024-03-30 14:30:08 --> ErrorException: pg_query(): Query failed: ERROR:  value too long for type character varying(12) in /var/www/html/system/Database/Postgre/Connection.php:140
Stack trace:
#0 [internal function]: CodeIgniter\Debug\Exceptions->errorHandler(2, 'pg_query(): Que...', '/var/www/html/s...', 140)
#1 /var/www/html/system/Database/Postgre/Connection.php(140): pg_query(Object(PgSql\Connection), 'INSERT INTO "pu...')
#2 /var/www/html/system/Database/BaseConnection.php(666): CodeIgniter\Database\Postgre\Connection->execute('INSERT INTO "pu...')
#3 /var/www/html/system/Database/BaseConnection.php(593): CodeIgniter\Database\BaseConnection->simpleQuery('INSERT INTO "pu...')
#4 /var/www/html/system/Database/BaseBuilder.php(1916): CodeIgniter\Database\BaseConnection->query('INSERT INTO "pu...', Array, false)
#5 /var/www/html/app/Models/Filing/RegistrationModel.php(460): CodeIgniter\Database\BaseBuilder->insert(Array)
#6 /var/www/html/app/Controllers/Filing/Registration.php(261): App\Models\Filing\RegistrationModel->insert_registered_cases(Array)
#7 /var/www/html/system/CodeIgniter.php(925): App\Controllers\Filing\Registration->register_case()
#8 /var/www/html/system/CodeIgniter.php(480): CodeIgniter\CodeIgniter->runController(Object(App\Controllers\Filing\Registration))
#9 /var/www/html/system/CodeIgniter.php(349): CodeIgniter\CodeIgniter->handleRequest(NULL, Object(Config\Cache), false)
#10 /var/www/html/public/index.php(67): CodeIgniter\CodeIgniter->run()
#11 {main}
CRITICAL - 2024-03-30 14:30:08 --> pg_query(): Query failed: ERROR:  value too long for type character varying(12)
in SYSTEMPATH/Database/Postgre/Connection.php on line 140.
 1 [internal function]: CodeIgniter\Debug\Exceptions->errorHandler(2, 'pg_query(): Query failed: ERROR:  value too long for type character varying(12)', 'SYSTEMPATH/Database/Postgre/Connection.php', 140)
 2 SYSTEMPATH/Database/Postgre/Connection.php(140): pg_query(Object(PgSql\Connection), 'INSERT INTO "public"."registered_cases" ("lowerct_id", "diary_no", "fil_no", "entuser", "entdt", "casetype_id", "case_no", "case_year") VALUES (\'6876481\', \'7032023\', \'0250000022024\', \'181\', \'now()\', 1, 2, \'2024\')')
 3 SYSTEMPATH/Database/BaseConnection.php(666): CodeIgniter\Database\Postgre\Connection->execute('INSERT INTO "public"."registered_cases" ("lowerct_id", "diary_no", "fil_no", "entuser", "entdt", "casetype_id", "case_no", "case_year") VALUES (\'6876481\', \'7032023\', \'0250000022024\', \'181\', \'now()\', 1, 2, \'2024\')')
 4 SYSTEMPATH/Database/BaseConnection.php(593): CodeIgniter\Database\BaseConnection->simpleQuery('INSERT INTO "public"."registered_cases" ("lowerct_id", "diary_no", "fil_no", "entuser", "entdt", "casetype_id", "case_no", "case_year") VALUES (\'6876481\', \'7032023\', \'0250000022024\', \'181\', \'now()\', 1, 2, \'2024\')')
 5 SYSTEMPATH/Database/BaseBuilder.php(1916): CodeIgniter\Database\BaseConnection->query('INSERT INTO "public"."registered_cases" ("lowerct_id", "diary_no", "fil_no", "entuser", "entdt", "casetype_id", "case_no", "case_year") VALUES (:lowerct_id:, :diary_no:, :fil_no:, :entuser:, :entdt:, :casetype_id:, :case_no:, :case_year:)', [...], false)
 6 APPPATH/Models/Filing/RegistrationModel.php(460): CodeIgniter\Database\BaseBuilder->insert([...])
 7 APPPATH/Controllers/Filing/Registration.php(261): App\Models\Filing\RegistrationModel->insert_registered_cases([...])
 8 SYSTEMPATH/CodeIgniter.php(925): App\Controllers\Filing\Registration->register_case()
 9 SYSTEMPATH/CodeIgniter.php(480): CodeIgniter\CodeIgniter->runController(Object(App\Controllers\Filing\Registration))
10 SYSTEMPATH/CodeIgniter.php(349): CodeIgniter\CodeIgniter->handleRequest(null, Object(Config\Cache), false)
11 FCPATH/index.php(67): CodeIgniter\CodeIgniter->run()
ERROR - 2024-03-30 14:31:04 --> ErrorException: pg_query(): Query failed: ERROR:  value too long for type character varying(12) in /var/www/html/system/Database/Postgre/Connection.php:140
Stack trace:
#0 [internal function]: CodeIgniter\Debug\Exceptions->errorHandler(2, 'pg_query(): Que...', '/var/www/html/s...', 140)
#1 /var/www/html/system/Database/Postgre/Connection.php(140): pg_query(Object(PgSql\Connection), 'INSERT INTO "pu...')
#2 /var/www/html/system/Database/BaseConnection.php(666): CodeIgniter\Database\Postgre\Connection->execute('INSERT INTO "pu...')
#3 /var/www/html/system/Database/BaseConnection.php(593): CodeIgniter\Database\BaseConnection->simpleQuery('INSERT INTO "pu...')
#4 /var/www/html/system/Database/BaseBuilder.php(1916): CodeIgniter\Database\BaseConnection->query('INSERT INTO "pu...', Array, false)
#5 /var/www/html/app/Models/Filing/RegistrationModel.php(460): CodeIgniter\Database\BaseBuilder->insert(Array)
#6 /var/www/html/app/Controllers/Filing/Registration.php(261): App\Models\Filing\RegistrationModel->insert_registered_cases(Array)
#7 /var/www/html/system/CodeIgniter.php(925): App\Controllers\Filing\Registration->register_case()
#8 /var/www/html/system/CodeIgniter.php(480): CodeIgniter\CodeIgniter->runController(Object(App\Controllers\Filing\Registration))
#9 /var/www/html/system/CodeIgniter.php(349): CodeIgniter\CodeIgniter->handleRequest(NULL, Object(Config\Cache), false)
#10 /var/www/html/public/index.php(67): CodeIgniter\CodeIgniter->run()
#11 {main}
CRITICAL - 2024-03-30 14:31:04 --> pg_query(): Query failed: ERROR:  value too long for type character varying(12)
in SYSTEMPATH/Database/Postgre/Connection.php on line 140.
 1 [internal function]: CodeIgniter\Debug\Exceptions->errorHandler(2, 'pg_query(): Query failed: ERROR:  value too long for type character varying(12)', 'SYSTEMPATH/Database/Postgre/Connection.php', 140)
 2 SYSTEMPATH/Database/Postgre/Connection.php(140): pg_query(Object(PgSql\Connection), 'INSERT INTO "public"."registered_cases" ("lowerct_id", "diary_no", "fil_no", "entuser", "entdt", "casetype_id", "case_no", "case_year") VALUES (\'6876481\', \'7032023\', \'0250000072024\', \'181\', \'now()\', 1, 7, \'2024\')')
 3 SYSTEMPATH/Database/BaseConnection.php(666): CodeIgniter\Database\Postgre\Connection->execute('INSERT INTO "public"."registered_cases" ("lowerct_id", "diary_no", "fil_no", "entuser", "entdt", "casetype_id", "case_no", "case_year") VALUES (\'6876481\', \'7032023\', \'0250000072024\', \'181\', \'now()\', 1, 7, \'2024\')')
 4 SYSTEMPATH/Database/BaseConnection.php(593): CodeIgniter\Database\BaseConnection->simpleQuery('INSERT INTO "public"."registered_cases" ("lowerct_id", "diary_no", "fil_no", "entuser", "entdt", "casetype_id", "case_no", "case_year") VALUES (\'6876481\', \'7032023\', \'0250000072024\', \'181\', \'now()\', 1, 7, \'2024\')')
 5 SYSTEMPATH/Database/BaseBuilder.php(1916): CodeIgniter\Database\BaseConnection->query('INSERT INTO "public"."registered_cases" ("lowerct_id", "diary_no", "fil_no", "entuser", "entdt", "casetype_id", "case_no", "case_year") VALUES (:lowerct_id:, :diary_no:, :fil_no:, :entuser:, :entdt:, :casetype_id:, :case_no:, :case_year:)', [...], false)
 6 APPPATH/Models/Filing/RegistrationModel.php(460): CodeIgniter\Database\BaseBuilder->insert([...])
 7 APPPATH/Controllers/Filing/Registration.php(261): App\Models\Filing\RegistrationModel->insert_registered_cases([...])
 8 SYSTEMPATH/CodeIgniter.php(925): App\Controllers\Filing\Registration->register_case()
 9 SYSTEMPATH/CodeIgniter.php(480): CodeIgniter\CodeIgniter->runController(Object(App\Controllers\Filing\Registration))
10 SYSTEMPATH/CodeIgniter.php(349): CodeIgniter\CodeIgniter->handleRequest(null, Object(Config\Cache), false)
11 FCPATH/index.php(67): CodeIgniter\CodeIgniter->run()
ERROR - 2024-03-30 14:36:06 --> ErrorException: pg_query(): Query failed: ERROR:  value too long for type character varying(12) in /var/www/html/system/Database/Postgre/Connection.php:140
Stack trace:
#0 [internal function]: CodeIgniter\Debug\Exceptions->errorHandler(2, 'pg_query(): Que...', '/var/www/html/s...', 140)
#1 /var/www/html/system/Database/Postgre/Connection.php(140): pg_query(Object(PgSql\Connection), 'INSERT INTO "pu...')
#2 /var/www/html/system/Database/BaseConnection.php(666): CodeIgniter\Database\Postgre\Connection->execute('INSERT INTO "pu...')
#3 /var/www/html/system/Database/BaseConnection.php(593): CodeIgniter\Database\BaseConnection->simpleQuery('INSERT INTO "pu...')
#4 /var/www/html/system/Database/BaseBuilder.php(1916): CodeIgniter\Database\BaseConnection->query('INSERT INTO "pu...', Array, false)
#5 /var/www/html/app/Models/Filing/RegistrationModel.php(460): CodeIgniter\Database\BaseBuilder->insert(Array)
#6 /var/www/html/app/Controllers/Filing/Registration.php(261): App\Models\Filing\RegistrationModel->insert_registered_cases(Array)
#7 /var/www/html/system/CodeIgniter.php(925): App\Controllers\Filing\Registration->register_case()
#8 /var/www/html/system/CodeIgniter.php(480): CodeIgniter\CodeIgniter->runController(Object(App\Controllers\Filing\Registration))
#9 /var/www/html/system/CodeIgniter.php(349): CodeIgniter\CodeIgniter->handleRequest(NULL, Object(Config\Cache), false)
#10 /var/www/html/public/index.php(67): CodeIgniter\CodeIgniter->run()
#11 {main}
CRITICAL - 2024-03-30 14:36:06 --> pg_query(): Query failed: ERROR:  value too long for type character varying(12)
in SYSTEMPATH/Database/Postgre/Connection.php on line 140.
 1 [internal function]: CodeIgniter\Debug\Exceptions->errorHandler(2, 'pg_query(): Query failed: ERROR:  value too long for type character varying(12)', 'SYSTEMPATH/Database/Postgre/Connection.php', 140)
 2 SYSTEMPATH/Database/Postgre/Connection.php(140): pg_query(Object(PgSql\Connection), 'INSERT INTO "public"."registered_cases" ("lowerct_id", "diary_no", "fil_no", "entuser", "entdt", "casetype_id", "case_no", "case_year") VALUES (\'6876481\', \'7032023\', \'0250000122024\', \'181\', \'now()\', 1, 12, \'2024\')')
 3 SYSTEMPATH/Database/BaseConnection.php(666): CodeIgniter\Database\Postgre\Connection->execute('INSERT INTO "public"."registered_cases" ("lowerct_id", "diary_no", "fil_no", "entuser", "entdt", "casetype_id", "case_no", "case_year") VALUES (\'6876481\', \'7032023\', \'0250000122024\', \'181\', \'now()\', 1, 12, \'2024\')')
 4 SYSTEMPATH/Database/BaseConnection.php(593): CodeIgniter\Database\BaseConnection->simpleQuery('INSERT INTO "public"."registered_cases" ("lowerct_id", "diary_no", "fil_no", "entuser", "entdt", "casetype_id", "case_no", "case_year") VALUES (\'6876481\', \'7032023\', \'0250000122024\', \'181\', \'now()\', 1, 12, \'2024\')')
 5 SYSTEMPATH/Database/BaseBuilder.php(1916): CodeIgniter\Database\BaseConnection->query('INSERT INTO "public"."registered_cases" ("lowerct_id", "diary_no", "fil_no", "entuser", "entdt", "casetype_id", "case_no", "case_year") VALUES (:lowerct_id:, :diary_no:, :fil_no:, :entuser:, :entdt:, :casetype_id:, :case_no:, :case_year:)', [...], false)
 6 APPPATH/Models/Filing/RegistrationModel.php(460): CodeIgniter\Database\BaseBuilder->insert([...])
 7 APPPATH/Controllers/Filing/Registration.php(261): App\Models\Filing\RegistrationModel->insert_registered_cases([...])
 8 SYSTEMPATH/CodeIgniter.php(925): App\Controllers\Filing\Registration->register_case()
 9 SYSTEMPATH/CodeIgniter.php(480): CodeIgniter\CodeIgniter->runController(Object(App\Controllers\Filing\Registration))
10 SYSTEMPATH/CodeIgniter.php(349): CodeIgniter\CodeIgniter->handleRequest(null, Object(Config\Cache), false)
11 FCPATH/index.php(67): CodeIgniter\CodeIgniter->run()
ERROR - 2024-03-30 14:36:36 --> ErrorException: pg_query(): Query failed: ERROR:  value too long for type character varying(12) in /var/www/html/system/Database/Postgre/Connection.php:140
Stack trace:
#0 [internal function]: CodeIgniter\Debug\Exceptions->errorHandler(2, 'pg_query(): Que...', '/var/www/html/s...', 140)
#1 /var/www/html/system/Database/Postgre/Connection.php(140): pg_query(Object(PgSql\Connection), 'INSERT INTO "pu...')
#2 /var/www/html/system/Database/BaseConnection.php(666): CodeIgniter\Database\Postgre\Connection->execute('INSERT INTO "pu...')
#3 /var/www/html/system/Database/BaseConnection.php(593): CodeIgniter\Database\BaseConnection->simpleQuery('INSERT INTO "pu...')
#4 /var/www/html/system/Database/BaseBuilder.php(1916): CodeIgniter\Database\BaseConnection->query('INSERT INTO "pu...', Array, false)
#5 /var/www/html/app/Models/Filing/RegistrationModel.php(460): CodeIgniter\Database\BaseBuilder->insert(Array)
#6 /var/www/html/app/Controllers/Filing/Registration.php(261): App\Models\Filing\RegistrationModel->insert_registered_cases(Array)
#7 /var/www/html/system/CodeIgniter.php(925): App\Controllers\Filing\Registration->register_case()
#8 /var/www/html/system/CodeIgniter.php(480): CodeIgniter\CodeIgniter->runController(Object(App\Controllers\Filing\Registration))
#9 /var/www/html/system/CodeIgniter.php(349): CodeIgniter\CodeIgniter->handleRequest(NULL, Object(Config\Cache), false)
#10 /var/www/html/public/index.php(67): CodeIgniter\CodeIgniter->run()
#11 {main}
CRITICAL - 2024-03-30 14:36:36 --> pg_query(): Query failed: ERROR:  value too long for type character varying(12)
in SYSTEMPATH/Database/Postgre/Connection.php on line 140.
 1 [internal function]: CodeIgniter\Debug\Exceptions->errorHandler(2, 'pg_query(): Query failed: ERROR:  value too long for type character varying(12)', 'SYSTEMPATH/Database/Postgre/Connection.php', 140)
 2 SYSTEMPATH/Database/Postgre/Connection.php(140): pg_query(Object(PgSql\Connection), 'INSERT INTO "public"."registered_cases" ("lowerct_id", "diary_no", "fil_no", "entuser", "entdt", "casetype_id", "case_no", "case_year") VALUES (\'6876481\', \'7032023\', \'0250000172024\', \'181\', \'now()\', 1, 17, \'2024\')')
 3 SYSTEMPATH/Database/BaseConnection.php(666): CodeIgniter\Database\Postgre\Connection->execute('INSERT INTO "public"."registered_cases" ("lowerct_id", "diary_no", "fil_no", "entuser", "entdt", "casetype_id", "case_no", "case_year") VALUES (\'6876481\', \'7032023\', \'0250000172024\', \'181\', \'now()\', 1, 17, \'2024\')')
 4 SYSTEMPATH/Database/BaseConnection.php(593): CodeIgniter\Database\BaseConnection->simpleQuery('INSERT INTO "public"."registered_cases" ("lowerct_id", "diary_no", "fil_no", "entuser", "entdt", "casetype_id", "case_no", "case_year") VALUES (\'6876481\', \'7032023\', \'0250000172024\', \'181\', \'now()\', 1, 17, \'2024\')')
 5 SYSTEMPATH/Database/BaseBuilder.php(1916): CodeIgniter\Database\BaseConnection->query('INSERT INTO "public"."registered_cases" ("lowerct_id", "diary_no", "fil_no", "entuser", "entdt", "casetype_id", "case_no", "case_year") VALUES (:lowerct_id:, :diary_no:, :fil_no:, :entuser:, :entdt:, :casetype_id:, :case_no:, :case_year:)', [...], false)
 6 APPPATH/Models/Filing/RegistrationModel.php(460): CodeIgniter\Database\BaseBuilder->insert([...])
 7 APPPATH/Controllers/Filing/Registration.php(261): App\Models\Filing\RegistrationModel->insert_registered_cases([...])
 8 SYSTEMPATH/CodeIgniter.php(925): App\Controllers\Filing\Registration->register_case()
 9 SYSTEMPATH/CodeIgniter.php(480): CodeIgniter\CodeIgniter->runController(Object(App\Controllers\Filing\Registration))
10 SYSTEMPATH/CodeIgniter.php(349): CodeIgniter\CodeIgniter->handleRequest(null, Object(Config\Cache), false)
11 FCPATH/index.php(67): CodeIgniter\CodeIgniter->run()
