CRITICAL - 2023-08-31 01:16:50 --> Undefined variable $pendency
in APPPATH/Views/report_icmic_njdg_view.php on line 54.
 1 APPPATH/Views/report_icmic_njdg_view.php(54): CodeIgniter\Debug\Exceptions->errorHandler(2, 'Undefined variable $pendency', 'APPPATH/Views/report_icmic_njdg_view.php', 54)
 2 SYSTEMPATH/View/View.php(213): include('APPPATH/Views/report_icmic_njdg_view.php')
 3 SYSTEMPATH/View/View.php(216): CodeIgniter\View\View->CodeIgniter\View\{closure}()
 4 SYSTEMPATH/Common.php(1135): CodeIgniter\View\View->render('report_icmic_njdg_view', [], true)
 5 APPPATH/Controllers/Report.php(58): view('report_icmic_njdg_view')
 6 SYSTEMPATH/CodeIgniter.php(925): App\Controllers\Report->demo()
 7 SYSTEMPATH/CodeIgniter.php(480): CodeIgniter\CodeIgniter->runController(Object(App\Controllers\Report))
 8 SYSTEMPATH/CodeIgniter.php(349): CodeIgniter\CodeIgniter->handleRequest(null, Object(Config\Cache), false)
 9 FCPATH/index.php(67): CodeIgniter\CodeIgniter->run()
CRITICAL - 2023-08-31 01:18:38 --> Array to string conversion
in APPPATH/Models/Model_icmis_njdg.php on line 246.
 1 [internal function]: CodeIgniter\Debug\Exceptions->errorHandler(2, 'Array to string conversion', 'APPPATH/Models/Model_icmis_njdg.php', 246)
 2 APPPATH/Models/Model_icmis_njdg.php(246): array_intersect_assoc([...], [...])
 3 APPPATH/Controllers/Report.php(41): App\Models\Model_icmis_njdg->get_disposal()
 4 SYSTEMPATH/CodeIgniter.php(925): App\Controllers\Report->view()
 5 SYSTEMPATH/CodeIgniter.php(480): CodeIgniter\CodeIgniter->runController(Object(App\Controllers\Report))
 6 SYSTEMPATH/CodeIgniter.php(349): CodeIgniter\CodeIgniter->handleRequest(null, Object(Config\Cache), false)
 7 FCPATH/index.php(67): CodeIgniter\CodeIgniter->run()
CRITICAL - 2023-08-31 01:23:04 --> Array to string conversion
in APPPATH/Models/Model_icmis_njdg.php on line 246.
 1 [internal function]: CodeIgniter\Debug\Exceptions->errorHandler(2, 'Array to string conversion', 'APPPATH/Models/Model_icmis_njdg.php', 246)
 2 APPPATH/Models/Model_icmis_njdg.php(246): array_intersect_assoc([...], [...])
 3 APPPATH/Controllers/Report.php(41): App\Models\Model_icmis_njdg->get_disposal()
 4 SYSTEMPATH/CodeIgniter.php(925): App\Controllers\Report->view()
 5 SYSTEMPATH/CodeIgniter.php(480): CodeIgniter\CodeIgniter->runController(Object(App\Controllers\Report))
 6 SYSTEMPATH/CodeIgniter.php(349): CodeIgniter\CodeIgniter->handleRequest(null, Object(Config\Cache), false)
 7 FCPATH/index.php(67): CodeIgniter\CodeIgniter->run()
CRITICAL - 2023-08-31 02:19:40 --> Undefined variable $pendency
in APPPATH/Views/report_icmic_njdg_view.php on line 54.
 1 APPPATH/Views/report_icmic_njdg_view.php(54): CodeIgniter\Debug\Exceptions->errorHandler(2, 'Undefined variable $pendency', 'APPPATH/Views/report_icmic_njdg_view.php', 54)
 2 SYSTEMPATH/View/View.php(213): include('APPPATH/Views/report_icmic_njdg_view.php')
 3 SYSTEMPATH/View/View.php(216): CodeIgniter\View\View->CodeIgniter\View\{closure}()
 4 SYSTEMPATH/Common.php(1135): CodeIgniter\View\View->render('report_icmic_njdg_view', [], true)
 5 APPPATH/Controllers/Report.php(58): view('report_icmic_njdg_view')
 6 SYSTEMPATH/CodeIgniter.php(925): App\Controllers\Report->demo()
 7 SYSTEMPATH/CodeIgniter.php(480): CodeIgniter\CodeIgniter->runController(Object(App\Controllers\Report))
 8 SYSTEMPATH/CodeIgniter.php(349): CodeIgniter\CodeIgniter->handleRequest(null, Object(Config\Cache), false)
 9 FCPATH/index.php(67): CodeIgniter\CodeIgniter->run()
CRITICAL - 2023-08-31 04:16:24 --> Undefined array key "icmis_disposed_as_unregisterd"
in APPPATH/Views/report_icmic_njdg_view.php on line 477.
 1 APPPATH/Views/report_icmic_njdg_view.php(477): CodeIgniter\Debug\Exceptions->errorHandler(2, 'Undefined array key "icmis_disposed_as_unregisterd"', 'APPPATH/Views/report_icmic_njdg_view.php', 477)
 2 SYSTEMPATH/View/View.php(213): include('APPPATH/Views/report_icmic_njdg_view.php')
 3 SYSTEMPATH/View/View.php(216): CodeIgniter\View\View->CodeIgniter\View\{closure}()
 4 SYSTEMPATH/Common.php(1135): CodeIgniter\View\View->render('report_icmic_njdg_view', [], true)
 5 APPPATH/Controllers/Report.php(51): view('report_icmic_njdg_view', [...])
 6 SYSTEMPATH/CodeIgniter.php(925): App\Controllers\Report->view()
 7 SYSTEMPATH/CodeIgniter.php(480): CodeIgniter\CodeIgniter->runController(Object(App\Controllers\Report))
 8 SYSTEMPATH/CodeIgniter.php(349): CodeIgniter\CodeIgniter->handleRequest(null, Object(Config\Cache), false)
 9 FCPATH/index.php(67): CodeIgniter\CodeIgniter->run()
CRITICAL - 2023-08-31 05:21:23 --> Undefined array key "total_count"
in APPPATH/Views/report_icmic_njdg_view.php on line 388.
 1 APPPATH/Views/report_icmic_njdg_view.php(388): CodeIgniter\Debug\Exceptions->errorHandler(2, 'Undefined array key "total_count"', 'APPPATH/Views/report_icmic_njdg_view.php', 388)
 2 SYSTEMPATH/View/View.php(213): include('APPPATH/Views/report_icmic_njdg_view.php')
 3 SYSTEMPATH/View/View.php(216): CodeIgniter\View\View->CodeIgniter\View\{closure}()
 4 SYSTEMPATH/Common.php(1135): CodeIgniter\View\View->render('report_icmic_njdg_view', [], true)
 5 APPPATH/Controllers/Report.php(51): view('report_icmic_njdg_view', [...])
 6 SYSTEMPATH/CodeIgniter.php(925): App\Controllers\Report->view()
 7 SYSTEMPATH/CodeIgniter.php(480): CodeIgniter\CodeIgniter->runController(Object(App\Controllers\Report))
 8 SYSTEMPATH/CodeIgniter.php(349): CodeIgniter\CodeIgniter->handleRequest(null, Object(Config\Cache), false)
 9 FCPATH/index.php(67): CodeIgniter\CodeIgniter->run()
ERROR - 2023-08-31 06:52:02 --> mysqli_sql_exception: Unknown column 'ci_cri_value' in 'group statement' in /var/www/html/system/Database/MySQLi/Connection.php:292
Stack trace:
#0 /var/www/html/system/Database/MySQLi/Connection.php(292): mysqli->query('SELECT COUNT(di...', 0)
#1 /var/www/html/system/Database/BaseConnection.php(666): CodeIgniter\Database\MySQLi\Connection->execute('SELECT COUNT(di...')
#2 /var/www/html/system/Database/BaseConnection.php(593): CodeIgniter\Database\BaseConnection->simpleQuery('SELECT COUNT(di...')
#3 /var/www/html/app/Models/Model_icmis_njdg.php(438): CodeIgniter\Database\BaseConnection->query('SELECT COUNT(di...')
#4 /var/www/html/app/Models/Model_icmis_njdg.php(408): App\Models\Model_icmis_njdg->get_njdg_coram_wise_matters()
#5 /var/www/html/app/Controllers/Report.php(41): App\Models\Model_icmis_njdg->get_coram_wise_matters()
#6 /var/www/html/system/CodeIgniter.php(925): App\Controllers\Report->view()
#7 /var/www/html/system/CodeIgniter.php(480): CodeIgniter\CodeIgniter->runController(Object(App\Controllers\Report))
#8 /var/www/html/system/CodeIgniter.php(349): CodeIgniter\CodeIgniter->handleRequest(NULL, Object(Config\Cache), false)
#9 /var/www/html/public/index.php(67): CodeIgniter\CodeIgniter->run()
#10 {main}
CRITICAL - 2023-08-31 06:52:02 --> Unknown column 'ci_cri_value' in 'group statement'
in SYSTEMPATH/Database/MySQLi/Connection.php on line 292.
 1 SYSTEMPATH/Database/MySQLi/Connection.php(292): mysqli->query('SELECT COUNT(distinct diary_no) AS total_count, CASE WHEN jocode_count = 3 THEN \'Three Judges\' WHEN jocode_count = 5 THEN \'Five Judges\' WHEN jocode_count = 7 THEN \'Seven Judges\' WHEN jocode_count = 9 THEN \'Nine Judges\' END AS njdg_bench_judges,CASE WHEN ci_cri = 2 THEN \'C\' WHEN ci_cri = 3 THEN \'R\' END as nature FROM njdg_transaction 
WHERE date_of_decision IS NULL AND ci_cri IN (2, 3) AND jocode_count IS NOT NULL and entry_source_flag != 0 
AND date_of_filing >= \'1951-01-01\' AND date_of_filing < CURDATE() and jocode_count > 0 GROUP BY njdg_bench_judges,ci_cri_value ORDER BY jocode_count ASC', 0)
 2 SYSTEMPATH/Database/BaseConnection.php(666): CodeIgniter\Database\MySQLi\Connection->execute('SELECT COUNT(distinct diary_no) AS total_count, CASE WHEN jocode_count = 3 THEN \'Three Judges\' WHEN jocode_count = 5 THEN \'Five Judges\' WHEN jocode_count = 7 THEN \'Seven Judges\' WHEN jocode_count = 9 THEN \'Nine Judges\' END AS njdg_bench_judges,CASE WHEN ci_cri = 2 THEN \'C\' WHEN ci_cri = 3 THEN \'R\' END as nature FROM njdg_transaction 
WHERE date_of_decision IS NULL AND ci_cri IN (2, 3) AND jocode_count IS NOT NULL and entry_source_flag != 0 
AND date_of_filing >= \'1951-01-01\' AND date_of_filing < CURDATE() and jocode_count > 0 GROUP BY njdg_bench_judges,ci_cri_value ORDER BY jocode_count ASC')
 3 SYSTEMPATH/Database/BaseConnection.php(593): CodeIgniter\Database\BaseConnection->simpleQuery('SELECT COUNT(distinct diary_no) AS total_count, CASE WHEN jocode_count = 3 THEN \'Three Judges\' WHEN jocode_count = 5 THEN \'Five Judges\' WHEN jocode_count = 7 THEN \'Seven Judges\' WHEN jocode_count = 9 THEN \'Nine Judges\' END AS njdg_bench_judges,CASE WHEN ci_cri = 2 THEN \'C\' WHEN ci_cri = 3 THEN \'R\' END as nature FROM njdg_transaction 
WHERE date_of_decision IS NULL AND ci_cri IN (2, 3) AND jocode_count IS NOT NULL and entry_source_flag != 0 
AND date_of_filing >= \'1951-01-01\' AND date_of_filing < CURDATE() and jocode_count > 0 GROUP BY njdg_bench_judges,ci_cri_value ORDER BY jocode_count ASC')
 4 APPPATH/Models/Model_icmis_njdg.php(438): CodeIgniter\Database\BaseConnection->query('SELECT COUNT(distinct diary_no) AS total_count, CASE WHEN jocode_count = 3 THEN \'Three Judges\' WHEN jocode_count = 5 THEN \'Five Judges\' WHEN jocode_count = 7 THEN \'Seven Judges\' WHEN jocode_count = 9 THEN \'Nine Judges\' END AS njdg_bench_judges,CASE WHEN ci_cri = 2 THEN \'C\' WHEN ci_cri = 3 THEN \'R\' END as nature FROM njdg_transaction 
WHERE date_of_decision IS NULL AND ci_cri IN (2, 3) AND jocode_count IS NOT NULL and entry_source_flag != 0 
AND date_of_filing >= \'1951-01-01\' AND date_of_filing < CURDATE() and jocode_count > 0 GROUP BY njdg_bench_judges,ci_cri_value ORDER BY jocode_count ASC')
 5 APPPATH/Models/Model_icmis_njdg.php(408): App\Models\Model_icmis_njdg->get_njdg_coram_wise_matters()
 6 APPPATH/Controllers/Report.php(41): App\Models\Model_icmis_njdg->get_coram_wise_matters()
 7 SYSTEMPATH/CodeIgniter.php(925): App\Controllers\Report->view()
 8 SYSTEMPATH/CodeIgniter.php(480): CodeIgniter\CodeIgniter->runController(Object(App\Controllers\Report))
 9 SYSTEMPATH/CodeIgniter.php(349): CodeIgniter\CodeIgniter->handleRequest(null, Object(Config\Cache), false)
10 FCPATH/index.php(67): CodeIgniter\CodeIgniter->run()
CRITICAL - 2023-08-31 08:56:26 --> foreach() argument must be of type array|object, bool given
in APPPATH/Views/report_icmic_njdg_view_demo.php on line 68.
 1 APPPATH/Views/report_icmic_njdg_view_demo.php(68): CodeIgniter\Debug\Exceptions->errorHandler(2, 'foreach() argument must be of type array|object, bool given', 'APPPATH/Views/report_icmic_njdg_view_demo.php', 68)
 2 SYSTEMPATH/View/View.php(213): include('APPPATH/Views/report_icmic_njdg_view_demo.php')
 3 SYSTEMPATH/View/View.php(216): CodeIgniter\View\View->CodeIgniter\View\{closure}()
 4 SYSTEMPATH/Common.php(1135): CodeIgniter\View\View->render('report_icmic_njdg_view_demo', [], true)
 5 APPPATH/Controllers/Report.php(36): view('report_icmic_njdg_view_demo', [...])
 6 SYSTEMPATH/CodeIgniter.php(925): App\Controllers\Report->index()
 7 SYSTEMPATH/CodeIgniter.php(480): CodeIgniter\CodeIgniter->runController(Object(App\Controllers\Report))
 8 SYSTEMPATH/CodeIgniter.php(349): CodeIgniter\CodeIgniter->handleRequest(null, Object(Config\Cache), false)
 9 FCPATH/index.php(67): CodeIgniter\CodeIgniter->run()
CRITICAL - 2023-08-31 09:00:03 --> foreach() argument must be of type array|object, bool given
in APPPATH/Views/report_icmic_njdg_view_demo.php on line 68.
 1 APPPATH/Views/report_icmic_njdg_view_demo.php(68): CodeIgniter\Debug\Exceptions->errorHandler(2, 'foreach() argument must be of type array|object, bool given', 'APPPATH/Views/report_icmic_njdg_view_demo.php', 68)
 2 SYSTEMPATH/View/View.php(213): include('APPPATH/Views/report_icmic_njdg_view_demo.php')
 3 SYSTEMPATH/View/View.php(216): CodeIgniter\View\View->CodeIgniter\View\{closure}()
 4 SYSTEMPATH/Common.php(1135): CodeIgniter\View\View->render('report_icmic_njdg_view_demo', [], true)
 5 APPPATH/Controllers/Report.php(36): view('report_icmic_njdg_view_demo', [...])
 6 SYSTEMPATH/CodeIgniter.php(925): App\Controllers\Report->index()
 7 SYSTEMPATH/CodeIgniter.php(480): CodeIgniter\CodeIgniter->runController(Object(App\Controllers\Report))
 8 SYSTEMPATH/CodeIgniter.php(349): CodeIgniter\CodeIgniter->handleRequest(null, Object(Config\Cache), false)
 9 FCPATH/index.php(67): CodeIgniter\CodeIgniter->run()
CRITICAL - 2023-08-31 09:00:04 --> foreach() argument must be of type array|object, bool given
in APPPATH/Views/report_icmic_njdg_view_demo.php on line 68.
 1 APPPATH/Views/report_icmic_njdg_view_demo.php(68): CodeIgniter\Debug\Exceptions->errorHandler(2, 'foreach() argument must be of type array|object, bool given', 'APPPATH/Views/report_icmic_njdg_view_demo.php', 68)
 2 SYSTEMPATH/View/View.php(213): include('APPPATH/Views/report_icmic_njdg_view_demo.php')
 3 SYSTEMPATH/View/View.php(216): CodeIgniter\View\View->CodeIgniter\View\{closure}()
 4 SYSTEMPATH/Common.php(1135): CodeIgniter\View\View->render('report_icmic_njdg_view_demo', [], true)
 5 APPPATH/Controllers/Report.php(36): view('report_icmic_njdg_view_demo', [...])
 6 SYSTEMPATH/CodeIgniter.php(925): App\Controllers\Report->index()
 7 SYSTEMPATH/CodeIgniter.php(480): CodeIgniter\CodeIgniter->runController(Object(App\Controllers\Report))
 8 SYSTEMPATH/CodeIgniter.php(349): CodeIgniter\CodeIgniter->handleRequest(null, Object(Config\Cache), false)
 9 FCPATH/index.php(67): CodeIgniter\CodeIgniter->run()
CRITICAL - 2023-08-31 09:00:37 --> foreach() argument must be of type array|object, bool given
in APPPATH/Views/report_icmic_njdg_view_demo.php on line 68.
 1 APPPATH/Views/report_icmic_njdg_view_demo.php(68): CodeIgniter\Debug\Exceptions->errorHandler(2, 'foreach() argument must be of type array|object, bool given', 'APPPATH/Views/report_icmic_njdg_view_demo.php', 68)
 2 SYSTEMPATH/View/View.php(213): include('APPPATH/Views/report_icmic_njdg_view_demo.php')
 3 SYSTEMPATH/View/View.php(216): CodeIgniter\View\View->CodeIgniter\View\{closure}()
 4 SYSTEMPATH/Common.php(1135): CodeIgniter\View\View->render('report_icmic_njdg_view_demo', [], true)
 5 APPPATH/Controllers/Report.php(36): view('report_icmic_njdg_view_demo', [...])
 6 SYSTEMPATH/CodeIgniter.php(925): App\Controllers\Report->index()
 7 SYSTEMPATH/CodeIgniter.php(480): CodeIgniter\CodeIgniter->runController(Object(App\Controllers\Report))
 8 SYSTEMPATH/CodeIgniter.php(349): CodeIgniter\CodeIgniter->handleRequest(null, Object(Config\Cache), false)
 9 FCPATH/index.php(67): CodeIgniter\CodeIgniter->run()
CRITICAL - 2023-08-31 09:00:38 --> foreach() argument must be of type array|object, bool given
in APPPATH/Views/report_icmic_njdg_view_demo.php on line 68.
 1 APPPATH/Views/report_icmic_njdg_view_demo.php(68): CodeIgniter\Debug\Exceptions->errorHandler(2, 'foreach() argument must be of type array|object, bool given', 'APPPATH/Views/report_icmic_njdg_view_demo.php', 68)
 2 SYSTEMPATH/View/View.php(213): include('APPPATH/Views/report_icmic_njdg_view_demo.php')
 3 SYSTEMPATH/View/View.php(216): CodeIgniter\View\View->CodeIgniter\View\{closure}()
 4 SYSTEMPATH/Common.php(1135): CodeIgniter\View\View->render('report_icmic_njdg_view_demo', [], true)
 5 APPPATH/Controllers/Report.php(36): view('report_icmic_njdg_view_demo', [...])
 6 SYSTEMPATH/CodeIgniter.php(925): App\Controllers\Report->index()
 7 SYSTEMPATH/CodeIgniter.php(480): CodeIgniter\CodeIgniter->runController(Object(App\Controllers\Report))
 8 SYSTEMPATH/CodeIgniter.php(349): CodeIgniter\CodeIgniter->handleRequest(null, Object(Config\Cache), false)
 9 FCPATH/index.php(67): CodeIgniter\CodeIgniter->run()
CRITICAL - 2023-08-31 09:01:12 --> foreach() argument must be of type array|object, bool given
in APPPATH/Views/report_icmic_njdg_view_demo.php on line 68.
 1 APPPATH/Views/report_icmic_njdg_view_demo.php(68): CodeIgniter\Debug\Exceptions->errorHandler(2, 'foreach() argument must be of type array|object, bool given', 'APPPATH/Views/report_icmic_njdg_view_demo.php', 68)
 2 SYSTEMPATH/View/View.php(213): include('APPPATH/Views/report_icmic_njdg_view_demo.php')
 3 SYSTEMPATH/View/View.php(216): CodeIgniter\View\View->CodeIgniter\View\{closure}()
 4 SYSTEMPATH/Common.php(1135): CodeIgniter\View\View->render('report_icmic_njdg_view_demo', [], true)
 5 APPPATH/Controllers/Report.php(36): view('report_icmic_njdg_view_demo', [...])
 6 SYSTEMPATH/CodeIgniter.php(925): App\Controllers\Report->index()
 7 SYSTEMPATH/CodeIgniter.php(480): CodeIgniter\CodeIgniter->runController(Object(App\Controllers\Report))
 8 SYSTEMPATH/CodeIgniter.php(349): CodeIgniter\CodeIgniter->handleRequest(null, Object(Config\Cache), false)
 9 FCPATH/index.php(67): CodeIgniter\CodeIgniter->run()
CRITICAL - 2023-08-31 09:01:13 --> foreach() argument must be of type array|object, bool given
in APPPATH/Views/report_icmic_njdg_view_demo.php on line 68.
 1 APPPATH/Views/report_icmic_njdg_view_demo.php(68): CodeIgniter\Debug\Exceptions->errorHandler(2, 'foreach() argument must be of type array|object, bool given', 'APPPATH/Views/report_icmic_njdg_view_demo.php', 68)
 2 SYSTEMPATH/View/View.php(213): include('APPPATH/Views/report_icmic_njdg_view_demo.php')
 3 SYSTEMPATH/View/View.php(216): CodeIgniter\View\View->CodeIgniter\View\{closure}()
 4 SYSTEMPATH/Common.php(1135): CodeIgniter\View\View->render('report_icmic_njdg_view_demo', [], true)
 5 APPPATH/Controllers/Report.php(36): view('report_icmic_njdg_view_demo', [...])
 6 SYSTEMPATH/CodeIgniter.php(925): App\Controllers\Report->index()
 7 SYSTEMPATH/CodeIgniter.php(480): CodeIgniter\CodeIgniter->runController(Object(App\Controllers\Report))
 8 SYSTEMPATH/CodeIgniter.php(349): CodeIgniter\CodeIgniter->handleRequest(null, Object(Config\Cache), false)
 9 FCPATH/index.php(67): CodeIgniter\CodeIgniter->run()
CRITICAL - 2023-08-31 09:01:13 --> foreach() argument must be of type array|object, bool given
in APPPATH/Views/report_icmic_njdg_view_demo.php on line 68.
 1 APPPATH/Views/report_icmic_njdg_view_demo.php(68): CodeIgniter\Debug\Exceptions->errorHandler(2, 'foreach() argument must be of type array|object, bool given', 'APPPATH/Views/report_icmic_njdg_view_demo.php', 68)
 2 SYSTEMPATH/View/View.php(213): include('APPPATH/Views/report_icmic_njdg_view_demo.php')
 3 SYSTEMPATH/View/View.php(216): CodeIgniter\View\View->CodeIgniter\View\{closure}()
 4 SYSTEMPATH/Common.php(1135): CodeIgniter\View\View->render('report_icmic_njdg_view_demo', [], true)
 5 APPPATH/Controllers/Report.php(36): view('report_icmic_njdg_view_demo', [...])
 6 SYSTEMPATH/CodeIgniter.php(925): App\Controllers\Report->index()
 7 SYSTEMPATH/CodeIgniter.php(480): CodeIgniter\CodeIgniter->runController(Object(App\Controllers\Report))
 8 SYSTEMPATH/CodeIgniter.php(349): CodeIgniter\CodeIgniter->handleRequest(null, Object(Config\Cache), false)
 9 FCPATH/index.php(67): CodeIgniter\CodeIgniter->run()
CRITICAL - 2023-08-31 09:09:43 --> Array to string conversion
in APPPATH/Views/report_icmic_njdg_view_demo.php on line 77.
 1 APPPATH/Views/report_icmic_njdg_view_demo.php(77): CodeIgniter\Debug\Exceptions->errorHandler(2, 'Array to string conversion', 'APPPATH/Views/report_icmic_njdg_view_demo.php', 77)
 2 SYSTEMPATH/View/View.php(213): include('APPPATH/Views/report_icmic_njdg_view_demo.php')
 3 SYSTEMPATH/View/View.php(216): CodeIgniter\View\View->CodeIgniter\View\{closure}()
 4 SYSTEMPATH/Common.php(1135): CodeIgniter\View\View->render('report_icmic_njdg_view_demo', [], true)
 5 APPPATH/Controllers/Report.php(36): view('report_icmic_njdg_view_demo', [...])
 6 SYSTEMPATH/CodeIgniter.php(925): App\Controllers\Report->index()
 7 SYSTEMPATH/CodeIgniter.php(480): CodeIgniter\CodeIgniter->runController(Object(App\Controllers\Report))
 8 SYSTEMPATH/CodeIgniter.php(349): CodeIgniter\CodeIgniter->handleRequest(null, Object(Config\Cache), false)
 9 FCPATH/index.php(67): CodeIgniter\CodeIgniter->run()
CRITICAL - 2023-08-31 09:13:36 --> Undefined variable $value3
in APPPATH/Views/report_icmic_njdg_view_demo.php on line 80.
 1 APPPATH/Views/report_icmic_njdg_view_demo.php(80): CodeIgniter\Debug\Exceptions->errorHandler(2, 'Undefined variable $value3', 'APPPATH/Views/report_icmic_njdg_view_demo.php', 80)
 2 SYSTEMPATH/View/View.php(213): include('APPPATH/Views/report_icmic_njdg_view_demo.php')
 3 SYSTEMPATH/View/View.php(216): CodeIgniter\View\View->CodeIgniter\View\{closure}()
 4 SYSTEMPATH/Common.php(1135): CodeIgniter\View\View->render('report_icmic_njdg_view_demo', [], true)
 5 APPPATH/Controllers/Report.php(36): view('report_icmic_njdg_view_demo', [...])
 6 SYSTEMPATH/CodeIgniter.php(925): App\Controllers\Report->index()
 7 SYSTEMPATH/CodeIgniter.php(480): CodeIgniter\CodeIgniter->runController(Object(App\Controllers\Report))
 8 SYSTEMPATH/CodeIgniter.php(349): CodeIgniter\CodeIgniter->handleRequest(null, Object(Config\Cache), false)
 9 FCPATH/index.php(67): CodeIgniter\CodeIgniter->run()
CRITICAL - 2023-08-31 09:13:56 --> Undefined array key "icmis_total_count"
in APPPATH/Views/report_icmic_njdg_view_demo.php on line 80.
 1 APPPATH/Views/report_icmic_njdg_view_demo.php(80): CodeIgniter\Debug\Exceptions->errorHandler(2, 'Undefined array key "icmis_total_count"', 'APPPATH/Views/report_icmic_njdg_view_demo.php', 80)
 2 SYSTEMPATH/View/View.php(213): include('APPPATH/Views/report_icmic_njdg_view_demo.php')
 3 SYSTEMPATH/View/View.php(216): CodeIgniter\View\View->CodeIgniter\View\{closure}()
 4 SYSTEMPATH/Common.php(1135): CodeIgniter\View\View->render('report_icmic_njdg_view_demo', [], true)
 5 APPPATH/Controllers/Report.php(36): view('report_icmic_njdg_view_demo', [...])
 6 SYSTEMPATH/CodeIgniter.php(925): App\Controllers\Report->index()
 7 SYSTEMPATH/CodeIgniter.php(480): CodeIgniter\CodeIgniter->runController(Object(App\Controllers\Report))
 8 SYSTEMPATH/CodeIgniter.php(349): CodeIgniter\CodeIgniter->handleRequest(null, Object(Config\Cache), false)
 9 FCPATH/index.php(67): CodeIgniter\CodeIgniter->run()
CRITICAL - 2023-08-31 10:04:01 --> Undefined array key "bench_judges"
in APPPATH/Helpers/functions_helper.php on line 131.
 1 APPPATH/Helpers/functions_helper.php(131): CodeIgniter\Debug\Exceptions->errorHandler(2, 'Undefined array key "bench_judges"', 'APPPATH/Helpers/functions_helper.php', 131)
 2 APPPATH/Models/Model_icmis_njdg.php(588): associative_array_merged_key([...], [...], 'bench_judges')
 3 APPPATH/Controllers/Report.php(23): App\Models\Model_icmis_njdg->get_coram_wise_matters()
 4 SYSTEMPATH/CodeIgniter.php(925): App\Controllers\Report->index()
 5 SYSTEMPATH/CodeIgniter.php(480): CodeIgniter\CodeIgniter->runController(Object(App\Controllers\Report))
 6 SYSTEMPATH/CodeIgniter.php(349): CodeIgniter\CodeIgniter->handleRequest(null, Object(Config\Cache), false)
 7 FCPATH/index.php(67): CodeIgniter\CodeIgniter->run()
CRITICAL - 2023-08-31 10:14:54 --> Undefined array key "icmis_total_count_criminal"
in APPPATH/Views/report_icmic_njdg_view_demo.php on line 76.
 1 APPPATH/Views/report_icmic_njdg_view_demo.php(76): CodeIgniter\Debug\Exceptions->errorHandler(2, 'Undefined array key "icmis_total_count_criminal"', 'APPPATH/Views/report_icmic_njdg_view_demo.php', 76)
 2 SYSTEMPATH/View/View.php(213): include('APPPATH/Views/report_icmic_njdg_view_demo.php')
 3 SYSTEMPATH/View/View.php(216): CodeIgniter\View\View->CodeIgniter\View\{closure}()
 4 SYSTEMPATH/Common.php(1135): CodeIgniter\View\View->render('report_icmic_njdg_view_demo', [], true)
 5 APPPATH/Controllers/Report.php(36): view('report_icmic_njdg_view_demo', [...])
 6 SYSTEMPATH/CodeIgniter.php(925): App\Controllers\Report->index()
 7 SYSTEMPATH/CodeIgniter.php(480): CodeIgniter\CodeIgniter->runController(Object(App\Controllers\Report))
 8 SYSTEMPATH/CodeIgniter.php(349): CodeIgniter\CodeIgniter->handleRequest(null, Object(Config\Cache), false)
 9 FCPATH/index.php(67): CodeIgniter\CodeIgniter->run()
CRITICAL - 2023-08-31 10:18:19 --> Undefined array key "icmis_total_count_criminal"
in APPPATH/Views/report_icmic_njdg_view_demo.php on line 79.
 1 APPPATH/Views/report_icmic_njdg_view_demo.php(79): CodeIgniter\Debug\Exceptions->errorHandler(2, 'Undefined array key "icmis_total_count_criminal"', 'APPPATH/Views/report_icmic_njdg_view_demo.php', 79)
 2 SYSTEMPATH/View/View.php(213): include('APPPATH/Views/report_icmic_njdg_view_demo.php')
 3 SYSTEMPATH/View/View.php(216): CodeIgniter\View\View->CodeIgniter\View\{closure}()
 4 SYSTEMPATH/Common.php(1135): CodeIgniter\View\View->render('report_icmic_njdg_view_demo', [], true)
 5 APPPATH/Controllers/Report.php(36): view('report_icmic_njdg_view_demo', [...])
 6 SYSTEMPATH/CodeIgniter.php(925): App\Controllers\Report->index()
 7 SYSTEMPATH/CodeIgniter.php(480): CodeIgniter\CodeIgniter->runController(Object(App\Controllers\Report))
 8 SYSTEMPATH/CodeIgniter.php(349): CodeIgniter\CodeIgniter->handleRequest(null, Object(Config\Cache), false)
 9 FCPATH/index.php(67): CodeIgniter\CodeIgniter->run()
CRITICAL - 2023-08-31 10:19:52 --> Undefined array key "icmis_total_count_criminal"
in APPPATH/Views/report_icmic_njdg_view_demo.php on line 76.
 1 APPPATH/Views/report_icmic_njdg_view_demo.php(76): CodeIgniter\Debug\Exceptions->errorHandler(2, 'Undefined array key "icmis_total_count_criminal"', 'APPPATH/Views/report_icmic_njdg_view_demo.php', 76)
 2 SYSTEMPATH/View/View.php(213): include('APPPATH/Views/report_icmic_njdg_view_demo.php')
 3 SYSTEMPATH/View/View.php(216): CodeIgniter\View\View->CodeIgniter\View\{closure}()
 4 SYSTEMPATH/Common.php(1135): CodeIgniter\View\View->render('report_icmic_njdg_view_demo', [], true)
 5 APPPATH/Controllers/Report.php(36): view('report_icmic_njdg_view_demo', [...])
 6 SYSTEMPATH/CodeIgniter.php(925): App\Controllers\Report->index()
 7 SYSTEMPATH/CodeIgniter.php(480): CodeIgniter\CodeIgniter->runController(Object(App\Controllers\Report))
 8 SYSTEMPATH/CodeIgniter.php(349): CodeIgniter\CodeIgniter->handleRequest(null, Object(Config\Cache), false)
 9 FCPATH/index.php(67): CodeIgniter\CodeIgniter->run()
CRITICAL - 2023-08-31 10:20:32 --> Undefined array key "icmis_total_count_criminal"
in APPPATH/Views/report_icmic_njdg_view_demo.php on line 76.
 1 APPPATH/Views/report_icmic_njdg_view_demo.php(76): CodeIgniter\Debug\Exceptions->errorHandler(2, 'Undefined array key "icmis_total_count_criminal"', 'APPPATH/Views/report_icmic_njdg_view_demo.php', 76)
 2 SYSTEMPATH/View/View.php(213): include('APPPATH/Views/report_icmic_njdg_view_demo.php')
 3 SYSTEMPATH/View/View.php(216): CodeIgniter\View\View->CodeIgniter\View\{closure}()
 4 SYSTEMPATH/Common.php(1135): CodeIgniter\View\View->render('report_icmic_njdg_view_demo', [], true)
 5 APPPATH/Controllers/Report.php(36): view('report_icmic_njdg_view_demo', [...])
 6 SYSTEMPATH/CodeIgniter.php(925): App\Controllers\Report->index()
 7 SYSTEMPATH/CodeIgniter.php(480): CodeIgniter\CodeIgniter->runController(Object(App\Controllers\Report))
 8 SYSTEMPATH/CodeIgniter.php(349): CodeIgniter\CodeIgniter->handleRequest(null, Object(Config\Cache), false)
 9 FCPATH/index.php(67): CodeIgniter\CodeIgniter->run()
