CRITICAL - 2024-02-22 00:00:07 --> The action you requested is not allowed.
in SYSTEMPATH/Security/Security.php on line 307.
 1 SYSTEMPATH/Security/Security.php(307): CodeIgniter\Security\Exceptions\SecurityException::forDisallowedAction()
 2 SYSTEMPATH/Filters/CSRF.php(55): CodeIgniter\Security\Security->verify(Object(CodeIgniter\HTTP\IncomingRequest))
 3 SYSTEMPATH/Filters/Filters.php(173): CodeIgniter\Filters\CSRF->before(Object(CodeIgniter\HTTP\IncomingRequest), null)
 4 SYSTEMPATH/CodeIgniter.php(453): CodeIgniter\Filters\Filters->run('Filing/advocate/get_party_data', 'before')
 5 SYSTEMPATH/CodeIgniter.php(349): CodeIgniter\CodeIgniter->handleRequest(null, Object(Config\Cache), false)
 6 FCPATH/index.php(67): CodeIgniter\CodeIgniter->run()
CRITICAL - 2024-02-22 00:45:28 --> The action you requested is not allowed.
in SYSTEMPATH/Security/Security.php on line 307.
 1 SYSTEMPATH/Security/Security.php(307): CodeIgniter\Security\Exceptions\SecurityException::forDisallowedAction()
 2 SYSTEMPATH/Filters/CSRF.php(55): CodeIgniter\Security\Security->verify(Object(CodeIgniter\HTTP\IncomingRequest))
 3 SYSTEMPATH/Filters/Filters.php(173): CodeIgniter\Filters\CSRF->before(Object(CodeIgniter\HTTP\IncomingRequest), null)
 4 SYSTEMPATH/CodeIgniter.php(453): CodeIgniter\Filters\Filters->run('Filing/Party/get_cause_title', 'before')
 5 SYSTEMPATH/CodeIgniter.php(349): CodeIgniter\CodeIgniter->handleRequest(null, Object(Config\Cache), false)
 6 FCPATH/index.php(67): CodeIgniter\CodeIgniter->run()
CRITICAL - 2024-02-22 00:46:07 --> The action you requested is not allowed.
in SYSTEMPATH/Security/Security.php on line 307.
 1 SYSTEMPATH/Security/Security.php(307): CodeIgniter\Security\Exceptions\SecurityException::forDisallowedAction()
 2 SYSTEMPATH/Filters/CSRF.php(55): CodeIgniter\Security\Security->verify(Object(CodeIgniter\HTTP\IncomingRequest))
 3 SYSTEMPATH/Filters/Filters.php(173): CodeIgniter\Filters\CSRF->before(Object(CodeIgniter\HTTP\IncomingRequest), null)
 4 SYSTEMPATH/CodeIgniter.php(453): CodeIgniter\Filters\Filters->run('Filing/Party/copy_party_details', 'before')
 5 SYSTEMPATH/CodeIgniter.php(349): CodeIgniter\CodeIgniter->handleRequest(null, Object(Config\Cache), false)
 6 FCPATH/index.php(67): CodeIgniter\CodeIgniter->run()
CRITICAL - 2024-02-22 12:37:31 --> Undefined array key 0
in APPPATH/Models/Filing/PartyModel.php on line 779.
 1 APPPATH/Models/Filing/PartyModel.php(779): CodeIgniter\Debug\Exceptions->errorHandler(2, 'Undefined array key 0', 'APPPATH/Models/Filing/PartyModel.php', 779)
 2 APPPATH/Controllers/Filing/Party.php(100): App\Models\Filing\PartyModel->savepartyDetails([...])
 3 SYSTEMPATH/CodeIgniter.php(925): App\Controllers\Filing\Party->save_party_details()
 4 SYSTEMPATH/CodeIgniter.php(480): CodeIgniter\CodeIgniter->runController(Object(App\Controllers\Filing\Party))
 5 SYSTEMPATH/CodeIgniter.php(349): CodeIgniter\CodeIgniter->handleRequest(null, Object(Config\Cache), false)
 6 FCPATH/index.php(67): CodeIgniter\CodeIgniter->run()
CRITICAL - 2024-02-22 12:38:54 --> Undefined array key 0
in APPPATH/Models/Filing/PartyModel.php on line 779.
 1 APPPATH/Models/Filing/PartyModel.php(779): CodeIgniter\Debug\Exceptions->errorHandler(2, 'Undefined array key 0', 'APPPATH/Models/Filing/PartyModel.php', 779)
 2 APPPATH/Controllers/Filing/Party.php(100): App\Models\Filing\PartyModel->savepartyDetails([...])
 3 SYSTEMPATH/CodeIgniter.php(925): App\Controllers\Filing\Party->save_party_details()
 4 SYSTEMPATH/CodeIgniter.php(480): CodeIgniter\CodeIgniter->runController(Object(App\Controllers\Filing\Party))
 5 SYSTEMPATH/CodeIgniter.php(349): CodeIgniter\CodeIgniter->handleRequest(null, Object(Config\Cache), false)
 6 FCPATH/index.php(67): CodeIgniter\CodeIgniter->run()
CRITICAL - 2024-02-22 13:03:37 --> Undefined variable $partyname
in APPPATH/Models/Filing/PartyModel.php on line 280.
 1 APPPATH/Models/Filing/PartyModel.php(280): CodeIgniter\Debug\Exceptions->errorHandler(2, 'Undefined variable $partyname', 'APPPATH/Models/Filing/PartyModel.php', 280)
 2 APPPATH/Controllers/Filing/Party.php(100): App\Models\Filing\PartyModel->savepartyDetails([...])
 3 SYSTEMPATH/CodeIgniter.php(925): App\Controllers\Filing\Party->save_party_details()
 4 SYSTEMPATH/CodeIgniter.php(480): CodeIgniter\CodeIgniter->runController(Object(App\Controllers\Filing\Party))
 5 SYSTEMPATH/CodeIgniter.php(349): CodeIgniter\CodeIgniter->handleRequest(null, Object(Config\Cache), false)
 6 FCPATH/index.php(67): CodeIgniter\CodeIgniter->run()
CRITICAL - 2024-02-22 13:03:55 --> Undefined variable $partyname
in APPPATH/Models/Filing/PartyModel.php on line 280.
 1 APPPATH/Models/Filing/PartyModel.php(280): CodeIgniter\Debug\Exceptions->errorHandler(2, 'Undefined variable $partyname', 'APPPATH/Models/Filing/PartyModel.php', 280)
 2 APPPATH/Controllers/Filing/Party.php(100): App\Models\Filing\PartyModel->savepartyDetails([...])
 3 SYSTEMPATH/CodeIgniter.php(925): App\Controllers\Filing\Party->save_party_details()
 4 SYSTEMPATH/CodeIgniter.php(480): CodeIgniter\CodeIgniter->runController(Object(App\Controllers\Filing\Party))
 5 SYSTEMPATH/CodeIgniter.php(349): CodeIgniter\CodeIgniter->handleRequest(null, Object(Config\Cache), false)
 6 FCPATH/index.php(67): CodeIgniter\CodeIgniter->run()
