ERROR - 2024-07-23 00:39:51 --> Error connecting to the database: ErrorException: pg_connect(): Unable to connect to PostgreSQL server: connection to server at &quot;10.18.1.35&quot;, port 5432 failed: Connection timed out
	Is the server running on that host and accepting TCP/IP connections? in /var/www/html/system/Database/Postgre/Connection.php:69
Stack trace:
#0 [internal function]: CodeIgniter\Debug\Exceptions->errorHandler(2, 'pg_connect(): U...', '/var/www/html/s...', 69)
#1 /var/www/html/system/Database/Postgre/Connection.php(69): pg_connect('host=10.18.1.35...')
#2 /var/www/html/system/Database/BaseConnection.php(382): CodeIgniter\Database\Postgre\Connection->connect(false)
#3 /var/www/html/system/Database/BaseConnection.php(561): CodeIgniter\Database\BaseConnection->initialize()
#4 /var/www/html/system/Database/BaseBuilder.php(1585): CodeIgniter\Database\BaseConnection->query('SELECT *\nFROM "...', Array, false)
#5 /var/www/html/app/Models/LoginModel.php(31): CodeIgniter\Database\BaseBuilder->get(1)
#6 /var/www/html/app/Controllers/Login.php(53): App\Models\LoginModel->checkLogin('1', 'd398b29d3dbbb9b...')
#7 /var/www/html/system/CodeIgniter.php(925): App\Controllers\Login->checkLogin()
#8 /var/www/html/system/CodeIgniter.php(480): CodeIgniter\CodeIgniter->runController(Object(App\Controllers\Login))
#9 /var/www/html/system/CodeIgniter.php(349): CodeIgniter\CodeIgniter->handleRequest(NULL, Object(Config\Cache), false)
#10 /var/www/html/public/index.php(67): CodeIgniter\CodeIgniter->run()
#11 {main}
CRITICAL - 2024-07-23 00:39:51 --> Unable to connect to the database.
Main connection [Postgre]: pg_connect(): Unable to connect to PostgreSQL server: connection to server at &quot;10.18.1.35&quot;, port 5432 failed: Connection timed out
	Is the server running on that host and accepting TCP/IP connections?
in SYSTEMPATH/Database/BaseConnection.php on line 418.
 1 SYSTEMPATH/Database/BaseConnection.php(561): CodeIgniter\Database\BaseConnection->initialize()
 2 SYSTEMPATH/Database/BaseBuilder.php(1585): CodeIgniter\Database\BaseConnection->query('SELECT *
FROM "master"."users"
WHERE "empid" = :empid:
AND "display" = :display:
 LIMIT 1', [...], false)
 3 APPPATH/Models/LoginModel.php(31): CodeIgniter\Database\BaseBuilder->get(1)
 4 APPPATH/Controllers/Login.php(53): App\Models\LoginModel->checkLogin('1', 'd398b29d3dbbb9bf201d4c7e1c19ff9d43c15fd45a0cec46fbe9885ec3f6e97fcwiKxbhUwK')
 5 SYSTEMPATH/CodeIgniter.php(925): App\Controllers\Login->checkLogin()
 6 SYSTEMPATH/CodeIgniter.php(480): CodeIgniter\CodeIgniter->runController(Object(App\Controllers\Login))
 7 SYSTEMPATH/CodeIgniter.php(349): CodeIgniter\CodeIgniter->handleRequest(null, Object(Config\Cache), false)
 8 FCPATH/index.php(67): CodeIgniter\CodeIgniter->run()
