ERROR - 2024-02-26 12:10:19 --> ErrorException: pg_query(): Query failed: ERROR:  invalid input syntax for type bigint: &quot;55, 94, 663, 1049, 1447, 1486, 1494, 3581&quot;
LINE 4: WHERE &quot;a&quot;.&quot;mul_cat_user_code&quot; IN ('55, 94, 663, 1049, 1447, ...
                                          ^ in /var/www/html/system/Database/Postgre/Connection.php:140
Stack trace:
#0 [internal function]: CodeIgniter\Debug\Exceptions->errorHandler(2, 'pg_query(): Que...', '/var/www/html/s...', 140)
#1 /var/www/html/system/Database/Postgre/Connection.php(140): pg_query(Object(PgSql\Connection), 'SELECT COUNT(DI...')
#2 /var/www/html/system/Database/BaseConnection.php(666): CodeIgniter\Database\Postgre\Connection->execute('SELECT COUNT(DI...')
#3 /var/www/html/system/Database/BaseConnection.php(593): CodeIgniter\Database\BaseConnection->simpleQuery('SELECT COUNT(DI...')
#4 /var/www/html/system/Database/BaseBuilder.php(1585): CodeIgniter\Database\BaseConnection->query('SELECT COUNT(DI...', Array, false)
#5 /var/www/html/app/Models/Reports/Filing/ReportModel.php(1591): CodeIgniter\Database\BaseBuilder->get()
#6 /var/www/html/app/Controllers/Reports/Filing/Report.php(825): App\Models\Reports\Filing\ReportModel->change_category_report_data('2020-01-01', '2024-02-26', '1')
#7 /var/www/html/system/CodeIgniter.php(925): App\Controllers\Reports\Filing\Report->get_change_category_report()
#8 /var/www/html/system/CodeIgniter.php(480): CodeIgniter\CodeIgniter->runController(Object(App\Controllers\Reports\Filing\Report))
#9 /var/www/html/system/CodeIgniter.php(349): CodeIgniter\CodeIgniter->handleRequest(NULL, Object(Config\Cache), false)
#10 /var/www/html/public/index.php(67): CodeIgniter\CodeIgniter->run()
#11 {main}
CRITICAL - 2024-02-26 12:10:19 --> pg_query(): Query failed: ERROR:  invalid input syntax for type bigint: &quot;55, 94, 663, 1049, 1447, 1486, 1494, 3581&quot;
LINE 4: WHERE &quot;a&quot;.&quot;mul_cat_user_code&quot; IN ('55, 94, 663, 1049, 1447, ...
                                          ^
in SYSTEMPATH/Database/Postgre/Connection.php on line 140.
 1 [internal function]: CodeIgniter\Debug\Exceptions->errorHandler(2, 'pg_query(): Query failed: ERROR:  invalid input syntax for type bigint: &quot;55, 94, 663, 1049, 1447, 1486, 1494, 3581&quot;
LINE 4: WHERE &quot;a&quot;.&quot;mul_cat_user_code&quot; IN (\'55, 94, 663, 1049, 1447, ...
                                          ^', 'SYSTEMPATH/Database/Postgre/Connection.php', 140)
 2 SYSTEMPATH/Database/Postgre/Connection.php(140): pg_query(Object(PgSql\Connection), 'SELECT COUNT(DISTINCT a.diary_no) AS s, "a"."mul_cat_user_code", "b"."name", "a"."mul_cat_user_code" AS "usercode"
FROM "mul_category" "a"
JOIN "master"."users" "b" ON "a"."mul_cat_user_code" = "b"."usercode"
WHERE "a"."mul_cat_user_code" IN (\'55, 94, 663, 1049, 1447, 1486, 1494, 3581\')
AND "b"."display" = \'Y\'
AND DATE(e_date) BETWEEN \'2020-01-01\' AND \'2024-02-26\'
GROUP BY "a"."mul_cat_user_code", "b"."name"
ORDER BY "b"."name"')
 3 SYSTEMPATH/Database/BaseConnection.php(666): CodeIgniter\Database\Postgre\Connection->execute('SELECT COUNT(DISTINCT a.diary_no) AS s, "a"."mul_cat_user_code", "b"."name", "a"."mul_cat_user_code" AS "usercode"
FROM "mul_category" "a"
JOIN "master"."users" "b" ON "a"."mul_cat_user_code" = "b"."usercode"
WHERE "a"."mul_cat_user_code" IN (\'55, 94, 663, 1049, 1447, 1486, 1494, 3581\')
AND "b"."display" = \'Y\'
AND DATE(e_date) BETWEEN \'2020-01-01\' AND \'2024-02-26\'
GROUP BY "a"."mul_cat_user_code", "b"."name"
ORDER BY "b"."name"')
 4 SYSTEMPATH/Database/BaseConnection.php(593): CodeIgniter\Database\BaseConnection->simpleQuery('SELECT COUNT(DISTINCT a.diary_no) AS s, "a"."mul_cat_user_code", "b"."name", "a"."mul_cat_user_code" AS "usercode"
FROM "mul_category" "a"
JOIN "master"."users" "b" ON "a"."mul_cat_user_code" = "b"."usercode"
WHERE "a"."mul_cat_user_code" IN (\'55, 94, 663, 1049, 1447, 1486, 1494, 3581\')
AND "b"."display" = \'Y\'
AND DATE(e_date) BETWEEN \'2020-01-01\' AND \'2024-02-26\'
GROUP BY "a"."mul_cat_user_code", "b"."name"
ORDER BY "b"."name"')
 5 SYSTEMPATH/Database/BaseBuilder.php(1585): CodeIgniter\Database\BaseConnection->query('SELECT COUNT(DISTINCT a.diary_no) AS s, "a"."mul_cat_user_code", "b"."name", "a"."mul_cat_user_code" AS "usercode"
FROM "mul_category" "a"
JOIN "master"."users" "b" ON "a"."mul_cat_user_code" = "b"."usercode"
WHERE "a"."mul_cat_user_code" IN :a.mul_cat_user_code:
AND "b"."display" = :b.display:
AND DATE(e_date) BETWEEN \'2020-01-01\' AND \'2024-02-26\'
GROUP BY "a"."mul_cat_user_code", "b"."name"
ORDER BY "b"."name"', [...], false)
 6 APPPATH/Models/Reports/Filing/ReportModel.php(1591): CodeIgniter\Database\BaseBuilder->get()
 7 APPPATH/Controllers/Reports/Filing/Report.php(825): App\Models\Reports\Filing\ReportModel->change_category_report_data('2020-01-01', '2024-02-26', '1')
 8 SYSTEMPATH/CodeIgniter.php(925): App\Controllers\Reports\Filing\Report->get_change_category_report()
 9 SYSTEMPATH/CodeIgniter.php(480): CodeIgniter\CodeIgniter->runController(Object(App\Controllers\Reports\Filing\Report))
10 SYSTEMPATH/CodeIgniter.php(349): CodeIgniter\CodeIgniter->handleRequest(null, Object(Config\Cache), false)
11 FCPATH/index.php(67): CodeIgniter\CodeIgniter->run()
ERROR - 2024-02-26 12:16:49 --> ErrorException: pg_query(): Query failed: ERROR:  invalid input syntax for type bigint: &quot;55, 94, 663, 1049, 1447, 1486, 1494, 3581&quot;
LINE 4: WHERE &quot;a&quot;.&quot;mul_cat_user_code&quot; IN ('55, 94, 663, 1049, 1447, ...
                                          ^ in /var/www/html/system/Database/Postgre/Connection.php:140
Stack trace:
#0 [internal function]: CodeIgniter\Debug\Exceptions->errorHandler(2, 'pg_query(): Que...', '/var/www/html/s...', 140)
#1 /var/www/html/system/Database/Postgre/Connection.php(140): pg_query(Object(PgSql\Connection), 'SELECT COUNT(DI...')
#2 /var/www/html/system/Database/BaseConnection.php(666): CodeIgniter\Database\Postgre\Connection->execute('SELECT COUNT(DI...')
#3 /var/www/html/system/Database/BaseConnection.php(593): CodeIgniter\Database\BaseConnection->simpleQuery('SELECT COUNT(DI...')
#4 /var/www/html/system/Database/BaseBuilder.php(1585): CodeIgniter\Database\BaseConnection->query('SELECT COUNT(DI...', Array, false)
#5 /var/www/html/app/Models/Reports/Filing/ReportModel.php(1591): CodeIgniter\Database\BaseBuilder->get()
#6 /var/www/html/app/Controllers/Reports/Filing/Report.php(825): App\Models\Reports\Filing\ReportModel->change_category_report_data('2020-01-01', '2024-02-25', '1')
#7 /var/www/html/system/CodeIgniter.php(925): App\Controllers\Reports\Filing\Report->get_change_category_report()
#8 /var/www/html/system/CodeIgniter.php(480): CodeIgniter\CodeIgniter->runController(Object(App\Controllers\Reports\Filing\Report))
#9 /var/www/html/system/CodeIgniter.php(349): CodeIgniter\CodeIgniter->handleRequest(NULL, Object(Config\Cache), false)
#10 /var/www/html/public/index.php(67): CodeIgniter\CodeIgniter->run()
#11 {main}
CRITICAL - 2024-02-26 12:16:49 --> pg_query(): Query failed: ERROR:  invalid input syntax for type bigint: &quot;55, 94, 663, 1049, 1447, 1486, 1494, 3581&quot;
LINE 4: WHERE &quot;a&quot;.&quot;mul_cat_user_code&quot; IN ('55, 94, 663, 1049, 1447, ...
                                          ^
in SYSTEMPATH/Database/Postgre/Connection.php on line 140.
 1 [internal function]: CodeIgniter\Debug\Exceptions->errorHandler(2, 'pg_query(): Query failed: ERROR:  invalid input syntax for type bigint: &quot;55, 94, 663, 1049, 1447, 1486, 1494, 3581&quot;
LINE 4: WHERE &quot;a&quot;.&quot;mul_cat_user_code&quot; IN (\'55, 94, 663, 1049, 1447, ...
                                          ^', 'SYSTEMPATH/Database/Postgre/Connection.php', 140)
 2 SYSTEMPATH/Database/Postgre/Connection.php(140): pg_query(Object(PgSql\Connection), 'SELECT COUNT(DISTINCT a.diary_no) AS s, "a"."mul_cat_user_code", "b"."name", "a"."mul_cat_user_code" AS "usercode"
FROM "mul_category" "a"
JOIN "master"."users" "b" ON "a"."mul_cat_user_code" = "b"."usercode"
WHERE "a"."mul_cat_user_code" IN (\'55, 94, 663, 1049, 1447, 1486, 1494, 3581\')
AND "b"."display" = \'Y\'
AND DATE(e_date) BETWEEN \'2020-01-01\' AND \'2024-02-25\'
GROUP BY "a"."mul_cat_user_code", "b"."name"
ORDER BY "b"."name"')
 3 SYSTEMPATH/Database/BaseConnection.php(666): CodeIgniter\Database\Postgre\Connection->execute('SELECT COUNT(DISTINCT a.diary_no) AS s, "a"."mul_cat_user_code", "b"."name", "a"."mul_cat_user_code" AS "usercode"
FROM "mul_category" "a"
JOIN "master"."users" "b" ON "a"."mul_cat_user_code" = "b"."usercode"
WHERE "a"."mul_cat_user_code" IN (\'55, 94, 663, 1049, 1447, 1486, 1494, 3581\')
AND "b"."display" = \'Y\'
AND DATE(e_date) BETWEEN \'2020-01-01\' AND \'2024-02-25\'
GROUP BY "a"."mul_cat_user_code", "b"."name"
ORDER BY "b"."name"')
 4 SYSTEMPATH/Database/BaseConnection.php(593): CodeIgniter\Database\BaseConnection->simpleQuery('SELECT COUNT(DISTINCT a.diary_no) AS s, "a"."mul_cat_user_code", "b"."name", "a"."mul_cat_user_code" AS "usercode"
FROM "mul_category" "a"
JOIN "master"."users" "b" ON "a"."mul_cat_user_code" = "b"."usercode"
WHERE "a"."mul_cat_user_code" IN (\'55, 94, 663, 1049, 1447, 1486, 1494, 3581\')
AND "b"."display" = \'Y\'
AND DATE(e_date) BETWEEN \'2020-01-01\' AND \'2024-02-25\'
GROUP BY "a"."mul_cat_user_code", "b"."name"
ORDER BY "b"."name"')
 5 SYSTEMPATH/Database/BaseBuilder.php(1585): CodeIgniter\Database\BaseConnection->query('SELECT COUNT(DISTINCT a.diary_no) AS s, "a"."mul_cat_user_code", "b"."name", "a"."mul_cat_user_code" AS "usercode"
FROM "mul_category" "a"
JOIN "master"."users" "b" ON "a"."mul_cat_user_code" = "b"."usercode"
WHERE "a"."mul_cat_user_code" IN :a.mul_cat_user_code:
AND "b"."display" = :b.display:
AND DATE(e_date) BETWEEN \'2020-01-01\' AND \'2024-02-25\'
GROUP BY "a"."mul_cat_user_code", "b"."name"
ORDER BY "b"."name"', [...], false)
 6 APPPATH/Models/Reports/Filing/ReportModel.php(1591): CodeIgniter\Database\BaseBuilder->get()
 7 APPPATH/Controllers/Reports/Filing/Report.php(825): App\Models\Reports\Filing\ReportModel->change_category_report_data('2020-01-01', '2024-02-25', '1')
 8 SYSTEMPATH/CodeIgniter.php(925): App\Controllers\Reports\Filing\Report->get_change_category_report()
 9 SYSTEMPATH/CodeIgniter.php(480): CodeIgniter\CodeIgniter->runController(Object(App\Controllers\Reports\Filing\Report))
10 SYSTEMPATH/CodeIgniter.php(349): CodeIgniter\CodeIgniter->handleRequest(null, Object(Config\Cache), false)
11 FCPATH/index.php(67): CodeIgniter\CodeIgniter->run()
ERROR - 2024-02-26 12:19:43 --> ErrorException: pg_query(): Query failed: ERROR:  column &quot;DISTINCT&quot; does not exist
LINE 1: SELECT &quot;DISTINCT&quot; &quot;diary_no&quot;, &quot;usercode&quot;
               ^ in /var/www/html/system/Database/Postgre/Connection.php:140
Stack trace:
#0 [internal function]: CodeIgniter\Debug\Exceptions->errorHandler(2, 'pg_query(): Que...', '/var/www/html/s...', 140)
#1 /var/www/html/system/Database/Postgre/Connection.php(140): pg_query(Object(PgSql\Connection), 'SELECT "DISTINC...')
#2 /var/www/html/system/Database/BaseConnection.php(666): CodeIgniter\Database\Postgre\Connection->execute('SELECT "DISTINC...')
#3 /var/www/html/system/Database/BaseConnection.php(593): CodeIgniter\Database\BaseConnection->simpleQuery('SELECT "DISTINC...')
#4 /var/www/html/system/Database/BaseBuilder.php(1585): CodeIgniter\Database\BaseConnection->query('SELECT "DISTINC...', Array, false)
#5 /var/www/html/app/Models/Reports/Filing/ReportModel.php(1609): CodeIgniter\Database\BaseBuilder->get()
#6 /var/www/html/app/Controllers/Reports/Filing/Report.php(825): App\Models\Reports\Filing\ReportModel->change_category_report_data('2020-01-01', '2024-02-26', '3')
#7 /var/www/html/system/CodeIgniter.php(925): App\Controllers\Reports\Filing\Report->get_change_category_report()
#8 /var/www/html/system/CodeIgniter.php(480): CodeIgniter\CodeIgniter->runController(Object(App\Controllers\Reports\Filing\Report))
#9 /var/www/html/system/CodeIgniter.php(349): CodeIgniter\CodeIgniter->handleRequest(NULL, Object(Config\Cache), false)
#10 /var/www/html/public/index.php(67): CodeIgniter\CodeIgniter->run()
#11 {main}
CRITICAL - 2024-02-26 12:19:43 --> pg_query(): Query failed: ERROR:  column &quot;DISTINCT&quot; does not exist
LINE 1: SELECT &quot;DISTINCT&quot; &quot;diary_no&quot;, &quot;usercode&quot;
               ^
in SYSTEMPATH/Database/Postgre/Connection.php on line 140.
 1 [internal function]: CodeIgniter\Debug\Exceptions->errorHandler(2, 'pg_query(): Query failed: ERROR:  column &quot;DISTINCT&quot; does not exist
LINE 1: SELECT &quot;DISTINCT&quot; &quot;diary_no&quot;, &quot;usercode&quot;
               ^', 'SYSTEMPATH/Database/Postgre/Connection.php', 140)
 2 SYSTEMPATH/Database/Postgre/Connection.php(140): pg_query(Object(PgSql\Connection), 'SELECT "DISTINCT" "diary_no", "usercode"
FROM "conct"
WHERE "usercode" IN (587,146)
AND DATE(ent_dt) BETWEEN \'2020-01-01\' AND \'2024-02-26\'')
 3 SYSTEMPATH/Database/BaseConnection.php(666): CodeIgniter\Database\Postgre\Connection->execute('SELECT "DISTINCT" "diary_no", "usercode"
FROM "conct"
WHERE "usercode" IN (587,146)
AND DATE(ent_dt) BETWEEN \'2020-01-01\' AND \'2024-02-26\'')
 4 SYSTEMPATH/Database/BaseConnection.php(593): CodeIgniter\Database\BaseConnection->simpleQuery('SELECT "DISTINCT" "diary_no", "usercode"
FROM "conct"
WHERE "usercode" IN (587,146)
AND DATE(ent_dt) BETWEEN \'2020-01-01\' AND \'2024-02-26\'')
 5 SYSTEMPATH/Database/BaseBuilder.php(1585): CodeIgniter\Database\BaseConnection->query('SELECT "DISTINCT" "diary_no", "usercode"
FROM "conct"
WHERE "usercode" IN :usercode:
AND DATE(ent_dt) BETWEEN \'2020-01-01\' AND \'2024-02-26\'', [...], false)
 6 APPPATH/Models/Reports/Filing/ReportModel.php(1609): CodeIgniter\Database\BaseBuilder->get()
 7 APPPATH/Controllers/Reports/Filing/Report.php(825): App\Models\Reports\Filing\ReportModel->change_category_report_data('2020-01-01', '2024-02-26', '3')
 8 SYSTEMPATH/CodeIgniter.php(925): App\Controllers\Reports\Filing\Report->get_change_category_report()
 9 SYSTEMPATH/CodeIgniter.php(480): CodeIgniter\CodeIgniter->runController(Object(App\Controllers\Reports\Filing\Report))
10 SYSTEMPATH/CodeIgniter.php(349): CodeIgniter\CodeIgniter->handleRequest(null, Object(Config\Cache), false)
11 FCPATH/index.php(67): CodeIgniter\CodeIgniter->run()
ERROR - 2024-02-26 12:40:10 --> ErrorException: pg_query(): Query failed: ERROR:  column &quot;DISTINCT&quot; does not exist
LINE 1: SELECT &quot;DISTINCT&quot; &quot;diary_no&quot;, &quot;usercode&quot;
               ^ in /var/www/html/system/Database/Postgre/Connection.php:140
Stack trace:
#0 [internal function]: CodeIgniter\Debug\Exceptions->errorHandler(2, 'pg_query(): Que...', '/var/www/html/s...', 140)
#1 /var/www/html/system/Database/Postgre/Connection.php(140): pg_query(Object(PgSql\Connection), 'SELECT "DISTINC...')
#2 /var/www/html/system/Database/BaseConnection.php(666): CodeIgniter\Database\Postgre\Connection->execute('SELECT "DISTINC...')
#3 /var/www/html/system/Database/BaseConnection.php(593): CodeIgniter\Database\BaseConnection->simpleQuery('SELECT "DISTINC...')
#4 /var/www/html/system/Database/BaseBuilder.php(1585): CodeIgniter\Database\BaseConnection->query('SELECT "DISTINC...', Array, false)
#5 /var/www/html/app/Models/Reports/Filing/ReportModel.php(1608): CodeIgniter\Database\BaseBuilder->get()
#6 /var/www/html/app/Controllers/Reports/Filing/Report.php(825): App\Models\Reports\Filing\ReportModel->change_category_report_data('2020-01-01', '2024-02-26', '3')
#7 /var/www/html/system/CodeIgniter.php(925): App\Controllers\Reports\Filing\Report->get_change_category_report()
#8 /var/www/html/system/CodeIgniter.php(480): CodeIgniter\CodeIgniter->runController(Object(App\Controllers\Reports\Filing\Report))
#9 /var/www/html/system/CodeIgniter.php(349): CodeIgniter\CodeIgniter->handleRequest(NULL, Object(Config\Cache), false)
#10 /var/www/html/public/index.php(67): CodeIgniter\CodeIgniter->run()
#11 {main}
CRITICAL - 2024-02-26 12:40:10 --> pg_query(): Query failed: ERROR:  column &quot;DISTINCT&quot; does not exist
LINE 1: SELECT &quot;DISTINCT&quot; &quot;diary_no&quot;, &quot;usercode&quot;
               ^
in SYSTEMPATH/Database/Postgre/Connection.php on line 140.
 1 [internal function]: CodeIgniter\Debug\Exceptions->errorHandler(2, 'pg_query(): Query failed: ERROR:  column &quot;DISTINCT&quot; does not exist
LINE 1: SELECT &quot;DISTINCT&quot; &quot;diary_no&quot;, &quot;usercode&quot;
               ^', 'SYSTEMPATH/Database/Postgre/Connection.php', 140)
 2 SYSTEMPATH/Database/Postgre/Connection.php(140): pg_query(Object(PgSql\Connection), 'SELECT "DISTINCT" "diary_no", "usercode"
FROM "conct"
WHERE "usercode" IN (587,146)')
 3 SYSTEMPATH/Database/BaseConnection.php(666): CodeIgniter\Database\Postgre\Connection->execute('SELECT "DISTINCT" "diary_no", "usercode"
FROM "conct"
WHERE "usercode" IN (587,146)')
 4 SYSTEMPATH/Database/BaseConnection.php(593): CodeIgniter\Database\BaseConnection->simpleQuery('SELECT "DISTINCT" "diary_no", "usercode"
FROM "conct"
WHERE "usercode" IN (587,146)')
 5 SYSTEMPATH/Database/BaseBuilder.php(1585): CodeIgniter\Database\BaseConnection->query('SELECT "DISTINCT" "diary_no", "usercode"
FROM "conct"
WHERE "usercode" IN :usercode:', [...], false)
 6 APPPATH/Models/Reports/Filing/ReportModel.php(1608): CodeIgniter\Database\BaseBuilder->get()
 7 APPPATH/Controllers/Reports/Filing/Report.php(825): App\Models\Reports\Filing\ReportModel->change_category_report_data('2020-01-01', '2024-02-26', '3')
 8 SYSTEMPATH/CodeIgniter.php(925): App\Controllers\Reports\Filing\Report->get_change_category_report()
 9 SYSTEMPATH/CodeIgniter.php(480): CodeIgniter\CodeIgniter->runController(Object(App\Controllers\Reports\Filing\Report))
10 SYSTEMPATH/CodeIgniter.php(349): CodeIgniter\CodeIgniter->handleRequest(null, Object(Config\Cache), false)
11 FCPATH/index.php(67): CodeIgniter\CodeIgniter->run()
ERROR - 2024-02-26 12:43:05 --> ErrorException: pg_query(): Query failed: ERROR:  column &quot;DISTINCT&quot; does not exist
LINE 1: SELECT &quot;DISTINCT&quot; &quot;diary_no&quot;, &quot;usercode&quot;
               ^ in /var/www/html/system/Database/Postgre/Connection.php:140
Stack trace:
#0 [internal function]: CodeIgniter\Debug\Exceptions->errorHandler(2, 'pg_query(): Que...', '/var/www/html/s...', 140)
#1 /var/www/html/system/Database/Postgre/Connection.php(140): pg_query(Object(PgSql\Connection), 'SELECT "DISTINC...')
#2 /var/www/html/system/Database/BaseConnection.php(666): CodeIgniter\Database\Postgre\Connection->execute('SELECT "DISTINC...')
#3 /var/www/html/system/Database/BaseConnection.php(593): CodeIgniter\Database\BaseConnection->simpleQuery('SELECT "DISTINC...')
#4 /var/www/html/system/Database/BaseBuilder.php(1585): CodeIgniter\Database\BaseConnection->query('SELECT "DISTINC...', Array, false)
#5 /var/www/html/app/Models/Reports/Filing/ReportModel.php(1608): CodeIgniter\Database\BaseBuilder->get()
#6 /var/www/html/app/Controllers/Reports/Filing/Report.php(825): App\Models\Reports\Filing\ReportModel->change_category_report_data('2024-02-01', '2024-02-26', '3')
#7 /var/www/html/system/CodeIgniter.php(925): App\Controllers\Reports\Filing\Report->get_change_category_report()
#8 /var/www/html/system/CodeIgniter.php(480): CodeIgniter\CodeIgniter->runController(Object(App\Controllers\Reports\Filing\Report))
#9 /var/www/html/system/CodeIgniter.php(349): CodeIgniter\CodeIgniter->handleRequest(NULL, Object(Config\Cache), false)
#10 /var/www/html/public/index.php(67): CodeIgniter\CodeIgniter->run()
#11 {main}
CRITICAL - 2024-02-26 12:43:05 --> pg_query(): Query failed: ERROR:  column &quot;DISTINCT&quot; does not exist
LINE 1: SELECT &quot;DISTINCT&quot; &quot;diary_no&quot;, &quot;usercode&quot;
               ^
in SYSTEMPATH/Database/Postgre/Connection.php on line 140.
 1 [internal function]: CodeIgniter\Debug\Exceptions->errorHandler(2, 'pg_query(): Query failed: ERROR:  column &quot;DISTINCT&quot; does not exist
LINE 1: SELECT &quot;DISTINCT&quot; &quot;diary_no&quot;, &quot;usercode&quot;
               ^', 'SYSTEMPATH/Database/Postgre/Connection.php', 140)
 2 SYSTEMPATH/Database/Postgre/Connection.php(140): pg_query(Object(PgSql\Connection), 'SELECT "DISTINCT" "diary_no", "usercode"
FROM "conct"
WHERE "usercode" IN (587,146)')
 3 SYSTEMPATH/Database/BaseConnection.php(666): CodeIgniter\Database\Postgre\Connection->execute('SELECT "DISTINCT" "diary_no", "usercode"
FROM "conct"
WHERE "usercode" IN (587,146)')
 4 SYSTEMPATH/Database/BaseConnection.php(593): CodeIgniter\Database\BaseConnection->simpleQuery('SELECT "DISTINCT" "diary_no", "usercode"
FROM "conct"
WHERE "usercode" IN (587,146)')
 5 SYSTEMPATH/Database/BaseBuilder.php(1585): CodeIgniter\Database\BaseConnection->query('SELECT "DISTINCT" "diary_no", "usercode"
FROM "conct"
WHERE "usercode" IN :usercode:', [...], false)
 6 APPPATH/Models/Reports/Filing/ReportModel.php(1608): CodeIgniter\Database\BaseBuilder->get()
 7 APPPATH/Controllers/Reports/Filing/Report.php(825): App\Models\Reports\Filing\ReportModel->change_category_report_data('2024-02-01', '2024-02-26', '3')
 8 SYSTEMPATH/CodeIgniter.php(925): App\Controllers\Reports\Filing\Report->get_change_category_report()
 9 SYSTEMPATH/CodeIgniter.php(480): CodeIgniter\CodeIgniter->runController(Object(App\Controllers\Reports\Filing\Report))
10 SYSTEMPATH/CodeIgniter.php(349): CodeIgniter\CodeIgniter->handleRequest(null, Object(Config\Cache), false)
11 FCPATH/index.php(67): CodeIgniter\CodeIgniter->run()
CRITICAL - 2024-02-26 12:45:17 --> Undefined variable $query
in APPPATH/Models/Reports/Filing/ReportModel.php on line 1625.
 1 APPPATH/Models/Reports/Filing/ReportModel.php(1625): CodeIgniter\Debug\Exceptions->errorHandler(2, 'Undefined variable $query', 'APPPATH/Models/Reports/Filing/ReportModel.php', 1625)
 2 APPPATH/Controllers/Reports/Filing/Report.php(825): App\Models\Reports\Filing\ReportModel->change_category_report_data('2024-02-02', '2024-02-14', '3')
 3 SYSTEMPATH/CodeIgniter.php(925): App\Controllers\Reports\Filing\Report->get_change_category_report()
 4 SYSTEMPATH/CodeIgniter.php(480): CodeIgniter\CodeIgniter->runController(Object(App\Controllers\Reports\Filing\Report))
 5 SYSTEMPATH/CodeIgniter.php(349): CodeIgniter\CodeIgniter->handleRequest(null, Object(Config\Cache), false)
 6 FCPATH/index.php(67): CodeIgniter\CodeIgniter->run()
ERROR - 2024-02-26 12:46:49 --> ErrorException: pg_query(): Query failed: ERROR:  column &quot;DISTINCT&quot; does not exist
LINE 1: SELECT &quot;DISTINCT&quot; &quot;diary_no&quot;, &quot;usercode&quot;
               ^ in /var/www/html/system/Database/Postgre/Connection.php:140
Stack trace:
#0 [internal function]: CodeIgniter\Debug\Exceptions->errorHandler(2, 'pg_query(): Que...', '/var/www/html/s...', 140)
#1 /var/www/html/system/Database/Postgre/Connection.php(140): pg_query(Object(PgSql\Connection), 'SELECT "DISTINC...')
#2 /var/www/html/system/Database/BaseConnection.php(666): CodeIgniter\Database\Postgre\Connection->execute('SELECT "DISTINC...')
#3 /var/www/html/system/Database/BaseConnection.php(593): CodeIgniter\Database\BaseConnection->simpleQuery('SELECT "DISTINC...')
#4 /var/www/html/system/Database/BaseBuilder.php(1585): CodeIgniter\Database\BaseConnection->query('SELECT "DISTINC...', Array, false)
#5 /var/www/html/app/Models/Reports/Filing/ReportModel.php(1608): CodeIgniter\Database\BaseBuilder->get()
#6 /var/www/html/app/Controllers/Reports/Filing/Report.php(825): App\Models\Reports\Filing\ReportModel->change_category_report_data('2024-02-01', '2024-02-21', '3')
#7 /var/www/html/system/CodeIgniter.php(925): App\Controllers\Reports\Filing\Report->get_change_category_report()
#8 /var/www/html/system/CodeIgniter.php(480): CodeIgniter\CodeIgniter->runController(Object(App\Controllers\Reports\Filing\Report))
#9 /var/www/html/system/CodeIgniter.php(349): CodeIgniter\CodeIgniter->handleRequest(NULL, Object(Config\Cache), false)
#10 /var/www/html/public/index.php(67): CodeIgniter\CodeIgniter->run()
#11 {main}
CRITICAL - 2024-02-26 12:46:49 --> pg_query(): Query failed: ERROR:  column &quot;DISTINCT&quot; does not exist
LINE 1: SELECT &quot;DISTINCT&quot; &quot;diary_no&quot;, &quot;usercode&quot;
               ^
in SYSTEMPATH/Database/Postgre/Connection.php on line 140.
 1 [internal function]: CodeIgniter\Debug\Exceptions->errorHandler(2, 'pg_query(): Query failed: ERROR:  column &quot;DISTINCT&quot; does not exist
LINE 1: SELECT &quot;DISTINCT&quot; &quot;diary_no&quot;, &quot;usercode&quot;
               ^', 'SYSTEMPATH/Database/Postgre/Connection.php', 140)
 2 SYSTEMPATH/Database/Postgre/Connection.php(140): pg_query(Object(PgSql\Connection), 'SELECT "DISTINCT" "diary_no", "usercode"
FROM "conct"
WHERE "usercode" IN (587,146)')
 3 SYSTEMPATH/Database/BaseConnection.php(666): CodeIgniter\Database\Postgre\Connection->execute('SELECT "DISTINCT" "diary_no", "usercode"
FROM "conct"
WHERE "usercode" IN (587,146)')
 4 SYSTEMPATH/Database/BaseConnection.php(593): CodeIgniter\Database\BaseConnection->simpleQuery('SELECT "DISTINCT" "diary_no", "usercode"
FROM "conct"
WHERE "usercode" IN (587,146)')
 5 SYSTEMPATH/Database/BaseBuilder.php(1585): CodeIgniter\Database\BaseConnection->query('SELECT "DISTINCT" "diary_no", "usercode"
FROM "conct"
WHERE "usercode" IN :usercode:', [...], false)
 6 APPPATH/Models/Reports/Filing/ReportModel.php(1608): CodeIgniter\Database\BaseBuilder->get()
 7 APPPATH/Controllers/Reports/Filing/Report.php(825): App\Models\Reports\Filing\ReportModel->change_category_report_data('2024-02-01', '2024-02-21', '3')
 8 SYSTEMPATH/CodeIgniter.php(925): App\Controllers\Reports\Filing\Report->get_change_category_report()
 9 SYSTEMPATH/CodeIgniter.php(480): CodeIgniter\CodeIgniter->runController(Object(App\Controllers\Reports\Filing\Report))
10 SYSTEMPATH/CodeIgniter.php(349): CodeIgniter\CodeIgniter->handleRequest(null, Object(Config\Cache), false)
11 FCPATH/index.php(67): CodeIgniter\CodeIgniter->run()
ERROR - 2024-02-26 12:48:24 --> ErrorException: pg_query(): Query failed: ERROR:  syntax error at or near &quot;.&quot;
LINE 1: SELECT &quot;DISTINCT&quot; &quot;c&quot;.&quot;diary_no&quot;, &quot;usercode&quot;
                             ^ in /var/www/html/system/Database/Postgre/Connection.php:140
Stack trace:
#0 [internal function]: CodeIgniter\Debug\Exceptions->errorHandler(2, 'pg_query(): Que...', '/var/www/html/s...', 140)
#1 /var/www/html/system/Database/Postgre/Connection.php(140): pg_query(Object(PgSql\Connection), 'SELECT "DISTINC...')
#2 /var/www/html/system/Database/BaseConnection.php(666): CodeIgniter\Database\Postgre\Connection->execute('SELECT "DISTINC...')
#3 /var/www/html/system/Database/BaseConnection.php(593): CodeIgniter\Database\BaseConnection->simpleQuery('SELECT "DISTINC...')
#4 /var/www/html/system/Database/BaseBuilder.php(1585): CodeIgniter\Database\BaseConnection->query('SELECT "DISTINC...', Array, false)
#5 /var/www/html/app/Models/Reports/Filing/ReportModel.php(1608): CodeIgniter\Database\BaseBuilder->get()
#6 /var/www/html/app/Controllers/Reports/Filing/Report.php(825): App\Models\Reports\Filing\ReportModel->change_category_report_data('2024-02-01', '2024-02-21', '3')
#7 /var/www/html/system/CodeIgniter.php(925): App\Controllers\Reports\Filing\Report->get_change_category_report()
#8 /var/www/html/system/CodeIgniter.php(480): CodeIgniter\CodeIgniter->runController(Object(App\Controllers\Reports\Filing\Report))
#9 /var/www/html/system/CodeIgniter.php(349): CodeIgniter\CodeIgniter->handleRequest(NULL, Object(Config\Cache), false)
#10 /var/www/html/public/index.php(67): CodeIgniter\CodeIgniter->run()
#11 {main}
CRITICAL - 2024-02-26 12:48:24 --> pg_query(): Query failed: ERROR:  syntax error at or near &quot;.&quot;
LINE 1: SELECT &quot;DISTINCT&quot; &quot;c&quot;.&quot;diary_no&quot;, &quot;usercode&quot;
                             ^
in SYSTEMPATH/Database/Postgre/Connection.php on line 140.
 1 [internal function]: CodeIgniter\Debug\Exceptions->errorHandler(2, 'pg_query(): Query failed: ERROR:  syntax error at or near &quot;.&quot;
LINE 1: SELECT &quot;DISTINCT&quot; &quot;c&quot;.&quot;diary_no&quot;, &quot;usercode&quot;
                             ^', 'SYSTEMPATH/Database/Postgre/Connection.php', 140)
 2 SYSTEMPATH/Database/Postgre/Connection.php(140): pg_query(Object(PgSql\Connection), 'SELECT "DISTINCT" "c"."diary_no", "usercode"
FROM "conct" "c"
WHERE "usercode" IN (587,146)')
 3 SYSTEMPATH/Database/BaseConnection.php(666): CodeIgniter\Database\Postgre\Connection->execute('SELECT "DISTINCT" "c"."diary_no", "usercode"
FROM "conct" "c"
WHERE "usercode" IN (587,146)')
 4 SYSTEMPATH/Database/BaseConnection.php(593): CodeIgniter\Database\BaseConnection->simpleQuery('SELECT "DISTINCT" "c"."diary_no", "usercode"
FROM "conct" "c"
WHERE "usercode" IN (587,146)')
 5 SYSTEMPATH/Database/BaseBuilder.php(1585): CodeIgniter\Database\BaseConnection->query('SELECT "DISTINCT" "c"."diary_no", "usercode"
FROM "conct" "c"
WHERE "usercode" IN :usercode:', [...], false)
 6 APPPATH/Models/Reports/Filing/ReportModel.php(1608): CodeIgniter\Database\BaseBuilder->get()
 7 APPPATH/Controllers/Reports/Filing/Report.php(825): App\Models\Reports\Filing\ReportModel->change_category_report_data('2024-02-01', '2024-02-21', '3')
 8 SYSTEMPATH/CodeIgniter.php(925): App\Controllers\Reports\Filing\Report->get_change_category_report()
 9 SYSTEMPATH/CodeIgniter.php(480): CodeIgniter\CodeIgniter->runController(Object(App\Controllers\Reports\Filing\Report))
10 SYSTEMPATH/CodeIgniter.php(349): CodeIgniter\CodeIgniter->handleRequest(null, Object(Config\Cache), false)
11 FCPATH/index.php(67): CodeIgniter\CodeIgniter->run()
ERROR - 2024-02-26 12:50:50 --> ErrorException: pg_query(): Query failed: ERROR:  syntax error at or near &quot;.&quot;
LINE 1: SELECT &quot;DISTINCT&quot; &quot;c&quot;.&quot;diary_no&quot;, &quot;usercode&quot;
                             ^ in /var/www/html/system/Database/Postgre/Connection.php:140
Stack trace:
#0 [internal function]: CodeIgniter\Debug\Exceptions->errorHandler(2, 'pg_query(): Que...', '/var/www/html/s...', 140)
#1 /var/www/html/system/Database/Postgre/Connection.php(140): pg_query(Object(PgSql\Connection), 'SELECT "DISTINC...')
#2 /var/www/html/system/Database/BaseConnection.php(666): CodeIgniter\Database\Postgre\Connection->execute('SELECT "DISTINC...')
#3 /var/www/html/system/Database/BaseConnection.php(593): CodeIgniter\Database\BaseConnection->simpleQuery('SELECT "DISTINC...')
#4 /var/www/html/system/Database/BaseBuilder.php(1585): CodeIgniter\Database\BaseConnection->query('SELECT "DISTINC...', Array, false)
#5 /var/www/html/app/Models/Reports/Filing/ReportModel.php(1608): CodeIgniter\Database\BaseBuilder->get()
#6 /var/www/html/app/Controllers/Reports/Filing/Report.php(825): App\Models\Reports\Filing\ReportModel->change_category_report_data('2024-02-01', '2024-02-21', '3')
#7 /var/www/html/system/CodeIgniter.php(925): App\Controllers\Reports\Filing\Report->get_change_category_report()
#8 /var/www/html/system/CodeIgniter.php(480): CodeIgniter\CodeIgniter->runController(Object(App\Controllers\Reports\Filing\Report))
#9 /var/www/html/system/CodeIgniter.php(349): CodeIgniter\CodeIgniter->handleRequest(NULL, Object(Config\Cache), false)
#10 /var/www/html/public/index.php(67): CodeIgniter\CodeIgniter->run()
#11 {main}
CRITICAL - 2024-02-26 12:50:50 --> pg_query(): Query failed: ERROR:  syntax error at or near &quot;.&quot;
LINE 1: SELECT &quot;DISTINCT&quot; &quot;c&quot;.&quot;diary_no&quot;, &quot;usercode&quot;
                             ^
in SYSTEMPATH/Database/Postgre/Connection.php on line 140.
 1 [internal function]: CodeIgniter\Debug\Exceptions->errorHandler(2, 'pg_query(): Query failed: ERROR:  syntax error at or near &quot;.&quot;
LINE 1: SELECT &quot;DISTINCT&quot; &quot;c&quot;.&quot;diary_no&quot;, &quot;usercode&quot;
                             ^', 'SYSTEMPATH/Database/Postgre/Connection.php', 140)
 2 SYSTEMPATH/Database/Postgre/Connection.php(140): pg_query(Object(PgSql\Connection), 'SELECT "DISTINCT" "c"."diary_no", "usercode"
FROM "conct" "c"
WHERE "usercode" IN (587,146)')
 3 SYSTEMPATH/Database/BaseConnection.php(666): CodeIgniter\Database\Postgre\Connection->execute('SELECT "DISTINCT" "c"."diary_no", "usercode"
FROM "conct" "c"
WHERE "usercode" IN (587,146)')
 4 SYSTEMPATH/Database/BaseConnection.php(593): CodeIgniter\Database\BaseConnection->simpleQuery('SELECT "DISTINCT" "c"."diary_no", "usercode"
FROM "conct" "c"
WHERE "usercode" IN (587,146)')
 5 SYSTEMPATH/Database/BaseBuilder.php(1585): CodeIgniter\Database\BaseConnection->query('SELECT "DISTINCT" "c"."diary_no", "usercode"
FROM "conct" "c"
WHERE "usercode" IN :usercode:', [...], false)
 6 APPPATH/Models/Reports/Filing/ReportModel.php(1608): CodeIgniter\Database\BaseBuilder->get()
 7 APPPATH/Controllers/Reports/Filing/Report.php(825): App\Models\Reports\Filing\ReportModel->change_category_report_data('2024-02-01', '2024-02-21', '3')
 8 SYSTEMPATH/CodeIgniter.php(925): App\Controllers\Reports\Filing\Report->get_change_category_report()
 9 SYSTEMPATH/CodeIgniter.php(480): CodeIgniter\CodeIgniter->runController(Object(App\Controllers\Reports\Filing\Report))
10 SYSTEMPATH/CodeIgniter.php(349): CodeIgniter\CodeIgniter->handleRequest(null, Object(Config\Cache), false)
11 FCPATH/index.php(67): CodeIgniter\CodeIgniter->run()
ERROR - 2024-02-26 12:53:53 --> ErrorException: pg_query(): Query failed: ERROR:  column &quot;distinct&quot; does not exist
LINE 1: SELECT &quot;distinct&quot; &quot;diary_no&quot;, &quot;usercode&quot;
               ^ in /var/www/html/system/Database/Postgre/Connection.php:140
Stack trace:
#0 [internal function]: CodeIgniter\Debug\Exceptions->errorHandler(2, 'pg_query(): Que...', '/var/www/html/s...', 140)
#1 /var/www/html/system/Database/Postgre/Connection.php(140): pg_query(Object(PgSql\Connection), 'SELECT "distinc...')
#2 /var/www/html/system/Database/BaseConnection.php(666): CodeIgniter\Database\Postgre\Connection->execute('SELECT "distinc...')
#3 /var/www/html/system/Database/BaseConnection.php(593): CodeIgniter\Database\BaseConnection->simpleQuery('SELECT "distinc...')
#4 /var/www/html/system/Database/BaseBuilder.php(1585): CodeIgniter\Database\BaseConnection->query('SELECT "distinc...', Array, false)
#5 /var/www/html/app/Models/Reports/Filing/ReportModel.php(1607): CodeIgniter\Database\BaseBuilder->get()
#6 /var/www/html/app/Controllers/Reports/Filing/Report.php(825): App\Models\Reports\Filing\ReportModel->change_category_report_data('2024-02-01', '2024-02-15', '3')
#7 /var/www/html/system/CodeIgniter.php(925): App\Controllers\Reports\Filing\Report->get_change_category_report()
#8 /var/www/html/system/CodeIgniter.php(480): CodeIgniter\CodeIgniter->runController(Object(App\Controllers\Reports\Filing\Report))
#9 /var/www/html/system/CodeIgniter.php(349): CodeIgniter\CodeIgniter->handleRequest(NULL, Object(Config\Cache), false)
#10 /var/www/html/public/index.php(67): CodeIgniter\CodeIgniter->run()
#11 {main}
CRITICAL - 2024-02-26 12:53:53 --> pg_query(): Query failed: ERROR:  column &quot;distinct&quot; does not exist
LINE 1: SELECT &quot;distinct&quot; &quot;diary_no&quot;, &quot;usercode&quot;
               ^
in SYSTEMPATH/Database/Postgre/Connection.php on line 140.
 1 [internal function]: CodeIgniter\Debug\Exceptions->errorHandler(2, 'pg_query(): Query failed: ERROR:  column &quot;distinct&quot; does not exist
LINE 1: SELECT &quot;distinct&quot; &quot;diary_no&quot;, &quot;usercode&quot;
               ^', 'SYSTEMPATH/Database/Postgre/Connection.php', 140)
 2 SYSTEMPATH/Database/Postgre/Connection.php(140): pg_query(Object(PgSql\Connection), 'SELECT "distinct" "diary_no", "usercode"
FROM "conct"')
 3 SYSTEMPATH/Database/BaseConnection.php(666): CodeIgniter\Database\Postgre\Connection->execute('SELECT "distinct" "diary_no", "usercode"
FROM "conct"')
 4 SYSTEMPATH/Database/BaseConnection.php(593): CodeIgniter\Database\BaseConnection->simpleQuery('SELECT "distinct" "diary_no", "usercode"
FROM "conct"')
 5 SYSTEMPATH/Database/BaseBuilder.php(1585): CodeIgniter\Database\BaseConnection->query('SELECT "distinct" "diary_no", "usercode"
FROM "conct"', [], false)
 6 APPPATH/Models/Reports/Filing/ReportModel.php(1607): CodeIgniter\Database\BaseBuilder->get()
 7 APPPATH/Controllers/Reports/Filing/Report.php(825): App\Models\Reports\Filing\ReportModel->change_category_report_data('2024-02-01', '2024-02-15', '3')
 8 SYSTEMPATH/CodeIgniter.php(925): App\Controllers\Reports\Filing\Report->get_change_category_report()
 9 SYSTEMPATH/CodeIgniter.php(480): CodeIgniter\CodeIgniter->runController(Object(App\Controllers\Reports\Filing\Report))
10 SYSTEMPATH/CodeIgniter.php(349): CodeIgniter\CodeIgniter->handleRequest(null, Object(Config\Cache), false)
11 FCPATH/index.php(67): CodeIgniter\CodeIgniter->run()
CRITICAL - 2024-02-26 14:05:14 --> sizeof(): Argument #1 ($value) must be of type Countable|array, null given
in APPPATH/Controllers/Reports/Filing/Report.php on line 826.
 1 APPPATH/Controllers/Reports/Filing/Report.php(826): sizeof(null)
 2 SYSTEMPATH/CodeIgniter.php(925): App\Controllers\Reports\Filing\Report->get_change_category_report()
 3 SYSTEMPATH/CodeIgniter.php(480): CodeIgniter\CodeIgniter->runController(Object(App\Controllers\Reports\Filing\Report))
 4 SYSTEMPATH/CodeIgniter.php(349): CodeIgniter\CodeIgniter->handleRequest(null, Object(Config\Cache), false)
 5 FCPATH/index.php(67): CodeIgniter\CodeIgniter->run()
CRITICAL - 2024-02-26 14:06:05 --> Undefined variable $table
in APPPATH/Controllers/Reports/Filing/Report.php on line 833.
 1 APPPATH/Controllers/Reports/Filing/Report.php(833): CodeIgniter\Debug\Exceptions->errorHandler(2, 'Undefined variable $table', 'APPPATH/Controllers/Reports/Filing/Report.php', 833)
 2 SYSTEMPATH/CodeIgniter.php(925): App\Controllers\Reports\Filing\Report->get_change_category_report()
 3 SYSTEMPATH/CodeIgniter.php(480): CodeIgniter\CodeIgniter->runController(Object(App\Controllers\Reports\Filing\Report))
 4 SYSTEMPATH/CodeIgniter.php(349): CodeIgniter\CodeIgniter->handleRequest(null, Object(Config\Cache), false)
 5 FCPATH/index.php(67): CodeIgniter\CodeIgniter->run()
CRITICAL - 2024-02-26 17:02:39 --> Undefined variable $sel_u_no
in APPPATH/Models/Filing/PartyModel.php on line 893.
 1 APPPATH/Models/Filing/PartyModel.php(893): CodeIgniter\Debug\Exceptions->errorHandler(2, 'Undefined variable $sel_u_no', 'APPPATH/Models/Filing/PartyModel.php', 893)
 2 APPPATH/Controllers/Filing/Party.php(109): App\Models\Filing\PartyModel->savepartyDetails([...])
 3 SYSTEMPATH/CodeIgniter.php(925): App\Controllers\Filing\Party->save_party_details()
 4 SYSTEMPATH/CodeIgniter.php(480): CodeIgniter\CodeIgniter->runController(Object(App\Controllers\Filing\Party))
 5 SYSTEMPATH/CodeIgniter.php(349): CodeIgniter\CodeIgniter->handleRequest(null, Object(Config\Cache), false)
 6 FCPATH/index.php(67): CodeIgniter\CodeIgniter->run()
CRITICAL - 2024-02-26 17:03:39 --> Undefined variable $sel_u_no
in APPPATH/Models/Filing/PartyModel.php on line 893.
 1 APPPATH/Models/Filing/PartyModel.php(893): CodeIgniter\Debug\Exceptions->errorHandler(2, 'Undefined variable $sel_u_no', 'APPPATH/Models/Filing/PartyModel.php', 893)
 2 APPPATH/Controllers/Filing/Party.php(109): App\Models\Filing\PartyModel->savepartyDetails([...])
 3 SYSTEMPATH/CodeIgniter.php(925): App\Controllers\Filing\Party->save_party_details()
 4 SYSTEMPATH/CodeIgniter.php(480): CodeIgniter\CodeIgniter->runController(Object(App\Controllers\Filing\Party))
 5 SYSTEMPATH/CodeIgniter.php(349): CodeIgniter\CodeIgniter->handleRequest(null, Object(Config\Cache), false)
 6 FCPATH/index.php(67): CodeIgniter\CodeIgniter->run()
CRITICAL - 2024-02-26 23:20:33 --> The action you requested is not allowed.
in SYSTEMPATH/Security/Security.php on line 307.
 1 SYSTEMPATH/Security/Security.php(307): CodeIgniter\Security\Exceptions\SecurityException::forDisallowedAction()
 2 SYSTEMPATH/Filters/CSRF.php(55): CodeIgniter\Security\Security->verify(Object(CodeIgniter\HTTP\IncomingRequest))
 3 SYSTEMPATH/Filters/Filters.php(173): CodeIgniter\Filters\CSRF->before(Object(CodeIgniter\HTTP\IncomingRequest), null)
 4 SYSTEMPATH/CodeIgniter.php(453): CodeIgniter\Filters\Filters->run('Caveat/Notice/get_notice', 'before')
 5 SYSTEMPATH/CodeIgniter.php(349): CodeIgniter\CodeIgniter->handleRequest(null, Object(Config\Cache), false)
 6 FCPATH/index.php(67): CodeIgniter\CodeIgniter->run()
