ERROR - 2024-02-16 10:39:40 --> ErrorException: pg_query(): Query failed: ERROR:  invalid input syntax for type integer: &quot;&quot; in /var/www/html/system/Database/Postgre/Connection.php:140
Stack trace:
#0 [internal function]: CodeIgniter\Debug\Exceptions->errorHandler(2, 'pg_query(): Que...', '/var/www/html/s...', 140)
#1 /var/www/html/system/Database/Postgre/Connection.php(140): pg_query(Object(PgSql\Connection), 'SELECT "fil_no"...')
#2 /var/www/html/system/Database/BaseConnection.php(666): CodeIgniter\Database\Postgre\Connection->execute('SELECT "fil_no"...')
#3 /var/www/html/system/Database/BaseConnection.php(593): CodeIgniter\Database\BaseConnection->simpleQuery('SELECT "fil_no"...')
#4 /var/www/html/system/Database/BaseBuilder.php(1585): CodeIgniter\Database\BaseConnection->query('SELECT "fil_no"...', Array, false)
#5 /var/www/html/app/Models/Filing/IADocumentModel.php(306): CodeIgniter\Database\BaseBuilder->get()
#6 /var/www/html/app/Controllers/Filing/Ia_documents.php(31): App\Models\Filing\IADocumentModel->get_hcinfo_m_e_new('339962023')
#7 /var/www/html/system/CodeIgniter.php(925): App\Controllers\Filing\Ia_documents->index()
#8 /var/www/html/system/CodeIgniter.php(480): CodeIgniter\CodeIgniter->runController(Object(App\Controllers\Filing\Ia_documents))
#9 /var/www/html/system/CodeIgniter.php(349): CodeIgniter\CodeIgniter->handleRequest(NULL, Object(Config\Cache), false)
#10 /var/www/html/public/index.php(67): CodeIgniter\CodeIgniter->run()
#11 {main}
CRITICAL - 2024-02-16 10:39:40 --> pg_query(): Query failed: ERROR:  invalid input syntax for type integer: &quot;&quot;
in SYSTEMPATH/Database/Postgre/Connection.php on line 140.
 1 [internal function]: CodeIgniter\Debug\Exceptions->errorHandler(2, 'pg_query(): Query failed: ERROR:  invalid input syntax for type integer: &quot;&quot;', 'SYSTEMPATH/Database/Postgre/Connection.php', 140)
 2 SYSTEMPATH/Database/Postgre/Connection.php(140): pg_query(Object(PgSql\Connection), 'SELECT "fil_no", "fil_dt", "fil_no_fh", "fil_dt_fh", "short_description", CASE WHEN reg_year_mh = 0 THEN EXTRACT(YEAR FROM a.fil_dt) ELSE reg_year_mh END AS m_year, CASE WHEN reg_year_fh = 0 THEN EXTRACT(YEAR FROM a.fil_dt_fh) ELSE reg_year_fh END AS f_year
FROM "main" "a"
LEFT JOIN "master"."casetype" "b" ON CAST(SUBSTRING(fil_no, 1, 2) AS INTEGER) = casecode
WHERE "diary_no" = \'339962023\'')
 3 SYSTEMPATH/Database/BaseConnection.php(666): CodeIgniter\Database\Postgre\Connection->execute('SELECT "fil_no", "fil_dt", "fil_no_fh", "fil_dt_fh", "short_description", CASE WHEN reg_year_mh = 0 THEN EXTRACT(YEAR FROM a.fil_dt) ELSE reg_year_mh END AS m_year, CASE WHEN reg_year_fh = 0 THEN EXTRACT(YEAR FROM a.fil_dt_fh) ELSE reg_year_fh END AS f_year
FROM "main" "a"
LEFT JOIN "master"."casetype" "b" ON CAST(SUBSTRING(fil_no, 1, 2) AS INTEGER) = casecode
WHERE "diary_no" = \'339962023\'')
 4 SYSTEMPATH/Database/BaseConnection.php(593): CodeIgniter\Database\BaseConnection->simpleQuery('SELECT "fil_no", "fil_dt", "fil_no_fh", "fil_dt_fh", "short_description", CASE WHEN reg_year_mh = 0 THEN EXTRACT(YEAR FROM a.fil_dt) ELSE reg_year_mh END AS m_year, CASE WHEN reg_year_fh = 0 THEN EXTRACT(YEAR FROM a.fil_dt_fh) ELSE reg_year_fh END AS f_year
FROM "main" "a"
LEFT JOIN "master"."casetype" "b" ON CAST(SUBSTRING(fil_no, 1, 2) AS INTEGER) = casecode
WHERE "diary_no" = \'339962023\'')
 5 SYSTEMPATH/Database/BaseBuilder.php(1585): CodeIgniter\Database\BaseConnection->query('SELECT "fil_no", "fil_dt", "fil_no_fh", "fil_dt_fh", "short_description", CASE WHEN reg_year_mh = 0 THEN EXTRACT(YEAR FROM a.fil_dt) ELSE reg_year_mh END AS m_year, CASE WHEN reg_year_fh = 0 THEN EXTRACT(YEAR FROM a.fil_dt_fh) ELSE reg_year_fh END AS f_year
FROM "main" "a"
LEFT JOIN "master"."casetype" "b" ON CAST(SUBSTRING(fil_no, 1, 2) AS INTEGER) = casecode
WHERE "diary_no" = :diary_no:', [...], false)
 6 APPPATH/Models/Filing/IADocumentModel.php(306): CodeIgniter\Database\BaseBuilder->get()
 7 APPPATH/Controllers/Filing/Ia_documents.php(31): App\Models\Filing\IADocumentModel->get_hcinfo_m_e_new('339962023')
 8 SYSTEMPATH/CodeIgniter.php(925): App\Controllers\Filing\Ia_documents->index()
 9 SYSTEMPATH/CodeIgniter.php(480): CodeIgniter\CodeIgniter->runController(Object(App\Controllers\Filing\Ia_documents))
10 SYSTEMPATH/CodeIgniter.php(349): CodeIgniter\CodeIgniter->handleRequest(null, Object(Config\Cache), false)
11 FCPATH/index.php(67): CodeIgniter\CodeIgniter->run()
CRITICAL - 2024-02-16 15:14:09 --> in_array(): Argument #2 ($haystack) must be of type array, string given
in APPPATH/Views/Filing/filing_breadcrumb.php on line 36.
 1 APPPATH/Views/Filing/filing_breadcrumb.php(36): in_array('1', 'ROOTPATH/public')
 2 SYSTEMPATH/View/View.php(213): include('APPPATH/Views/Filing/filing_breadcrumb.php')
 3 SYSTEMPATH/View/View.php(216): CodeIgniter\View\View->CodeIgniter\View\{closure}()
 4 SYSTEMPATH/Common.php(1135): CodeIgniter\View\View->render('Filing/filing_breadcrumb', [], true)
 5 APPPATH/Views/Filing/diary_modify.php(61): view('Filing/filing_breadcrumb')
 6 SYSTEMPATH/View/View.php(213): include('APPPATH/Views/Filing/diary_modify.php')
 7 SYSTEMPATH/View/View.php(216): CodeIgniter\View\View->CodeIgniter\View\{closure}()
 8 SYSTEMPATH/Common.php(1135): CodeIgniter\View\View->render('Filing/diary_modify', [], true)
 9 APPPATH/Controllers/Filing/Diary_modify.php(114): view('Filing/diary_modify', [...])
10 SYSTEMPATH/CodeIgniter.php(925): App\Controllers\Filing\Diary_modify->index()
11 SYSTEMPATH/CodeIgniter.php(480): CodeIgniter\CodeIgniter->runController(Object(App\Controllers\Filing\Diary_modify))
12 SYSTEMPATH/CodeIgniter.php(349): CodeIgniter\CodeIgniter->handleRequest(null, Object(Config\Cache), false)
13 FCPATH/index.php(67): CodeIgniter\CodeIgniter->run()
CRITICAL - 2024-02-16 23:04:11 --> The action you requested is not allowed.
in SYSTEMPATH/Security/Security.php on line 307.
 1 SYSTEMPATH/Security/Security.php(307): CodeIgniter\Security\Exceptions\SecurityException::forDisallowedAction()
 2 SYSTEMPATH/Filters/CSRF.php(55): CodeIgniter\Security\Security->verify(Object(CodeIgniter\HTTP\IncomingRequest))
 3 SYSTEMPATH/Filters/Filters.php(173): CodeIgniter\Filters\CSRF->before(Object(CodeIgniter\HTTP\IncomingRequest), null)
 4 SYSTEMPATH/CodeIgniter.php(453): CodeIgniter\Filters\Filters->run('Filing/Diary/search', 'before')
 5 SYSTEMPATH/CodeIgniter.php(349): CodeIgniter\CodeIgniter->handleRequest(null, Object(Config\Cache), false)
 6 FCPATH/index.php(67): CodeIgniter\CodeIgniter->run()
