CRITICAL - 2024-03-18 12:24:18 --> Undefined variable $resultJudgmentDetail
in APPPATH/Controllers/Editorial/ESCR.php on line 521.
 1 APPPATH/Controllers/Editorial/ESCR.php(521): CodeIgniter\Debug\Exceptions->errorHandler(2, 'Undefined variable $resultJudgmentDetail', 'APPPATH/Controllers/Editorial/ESCR.php', 521)
 2 APPPATH/Controllers/Editorial/ESCR.php(134): App\Controllers\Editorial\ESCR->get_judgmentdetail_function('398352018', '2024-03-04')
 3 SYSTEMPATH/CodeIgniter.php(925): App\Controllers\Editorial\ESCR->index()
 4 SYSTEMPATH/CodeIgniter.php(480): CodeIgniter\CodeIgniter->runController(Object(App\Controllers\Editorial\ESCR))
 5 SYSTEMPATH/CodeIgniter.php(349): CodeIgniter\CodeIgniter->handleRequest(null, Object(Config\Cache), false)
 6 FCPATH/index.php(67): CodeIgniter\CodeIgniter->run()
CRITICAL - 2024-03-18 12:24:56 --> Undefined variable $resultJudgmentDetail
in APPPATH/Controllers/Editorial/ESCR.php on line 521.
 1 APPPATH/Controllers/Editorial/ESCR.php(521): CodeIgniter\Debug\Exceptions->errorHandler(2, 'Undefined variable $resultJudgmentDetail', 'APPPATH/Controllers/Editorial/ESCR.php', 521)
 2 APPPATH/Controllers/Editorial/ESCR.php(134): App\Controllers\Editorial\ESCR->get_judgmentdetail_function('11452023', '2023-11-09')
 3 SYSTEMPATH/CodeIgniter.php(925): App\Controllers\Editorial\ESCR->index()
 4 SYSTEMPATH/CodeIgniter.php(480): CodeIgniter\CodeIgniter->runController(Object(App\Controllers\Editorial\ESCR))
 5 SYSTEMPATH/CodeIgniter.php(349): CodeIgniter\CodeIgniter->handleRequest(null, Object(Config\Cache), false)
 6 FCPATH/index.php(67): CodeIgniter\CodeIgniter->run()
ERROR - 2024-03-18 12:29:39 --> ErrorException: pg_query(): Query failed: ERROR:  relation &quot;e_services.appearing_in_diary&quot; does not exist
LINE 2:         FROM e_services.appearing_in_diary ad 
                     ^ in /var/www/html/system/Database/Postgre/Connection.php:140
Stack trace:
#0 [internal function]: CodeIgniter\Debug\Exceptions->errorHandler(2, 'pg_query(): Que...', '/var/www/html/s...', 140)
#1 /var/www/html/system/Database/Postgre/Connection.php(140): pg_query(Object(PgSql\Connection), 'SELECT DISTINCT...')
#2 /var/www/html/system/Database/BaseConnection.php(666): CodeIgniter\Database\Postgre\Connection->execute('SELECT DISTINCT...')
#3 /var/www/html/system/Database/BaseConnection.php(593): CodeIgniter\Database\BaseConnection->simpleQuery('SELECT DISTINCT...')
#4 /var/www/html/app/Models/Reports/Court/ReportModel.php(545): CodeIgniter\Database\BaseConnection->query('SELECT DISTINCT...')
#5 /var/www/html/app/Controllers/Reports/Court/Report.php(229): App\Models\Reports\Court\ReportModel->getAppearanceSearchReport(Array)
#6 /var/www/html/system/CodeIgniter.php(925): App\Controllers\Reports\Court\Report->appearance_search()
#7 /var/www/html/system/CodeIgniter.php(480): CodeIgniter\CodeIgniter->runController(Object(App\Controllers\Reports\Court\Report))
#8 /var/www/html/system/CodeIgniter.php(349): CodeIgniter\CodeIgniter->handleRequest(NULL, Object(Config\Cache), false)
#9 /var/www/html/public/index.php(67): CodeIgniter\CodeIgniter->run()
#10 {main}
CRITICAL - 2024-03-18 12:29:39 --> pg_query(): Query failed: ERROR:  relation &quot;e_services.appearing_in_diary&quot; does not exist
LINE 2:         FROM e_services.appearing_in_diary ad 
                     ^
in SYSTEMPATH/Database/Postgre/Connection.php on line 140.
 1 [internal function]: CodeIgniter\Debug\Exceptions->errorHandler(2, 'pg_query(): Query failed: ERROR:  relation &quot;e_services.appearing_in_diary&quot; does not exist
LINE 2:         FROM e_services.appearing_in_diary ad 
                     ^', 'SYSTEMPATH/Database/Postgre/Connection.php', 140)
 2 SYSTEMPATH/Database/Postgre/Connection.php(140): pg_query(Object(PgSql\Connection), 'SELECT DISTINCT ON (ad.diary_no)   a.advocate_title,a.advocate_name,a.advocate_type,m.pno, ad.aor_code,b.title, b.name,ad.diary_no,ad.item_no,ad.court_no,ad.list_date,m.reg_no_display,m.pet_name,m.res_name
        FROM e_services.appearing_in_diary ad 
        INNER JOIN public.main m ON   m.diary_no = ad.diary_no 
        LEFT JOIN master.bar b ON    b.aor_code = ad.aor_code 
        LEFT JOIN e_services.appearing_in_diary a ON    b.aor_code = a.aor_code and a.appearing_for = \'P\'
        WHERE  ad.is_submitted = \'1\' AND    ad.is_active = \'1\' AND      ad.list_date =  \'2023-03-01\' AND    ad.court_no = 1 ORDER BY ad.diary_no,ad.item_no')
 3 SYSTEMPATH/Database/BaseConnection.php(666): CodeIgniter\Database\Postgre\Connection->execute('SELECT DISTINCT ON (ad.diary_no)   a.advocate_title,a.advocate_name,a.advocate_type,m.pno, ad.aor_code,b.title, b.name,ad.diary_no,ad.item_no,ad.court_no,ad.list_date,m.reg_no_display,m.pet_name,m.res_name
        FROM e_services.appearing_in_diary ad 
        INNER JOIN public.main m ON   m.diary_no = ad.diary_no 
        LEFT JOIN master.bar b ON    b.aor_code = ad.aor_code 
        LEFT JOIN e_services.appearing_in_diary a ON    b.aor_code = a.aor_code and a.appearing_for = \'P\'
        WHERE  ad.is_submitted = \'1\' AND    ad.is_active = \'1\' AND      ad.list_date =  \'2023-03-01\' AND    ad.court_no = 1 ORDER BY ad.diary_no,ad.item_no')
 4 SYSTEMPATH/Database/BaseConnection.php(593): CodeIgniter\Database\BaseConnection->simpleQuery('SELECT DISTINCT ON (ad.diary_no)   a.advocate_title,a.advocate_name,a.advocate_type,m.pno, ad.aor_code,b.title, b.name,ad.diary_no,ad.item_no,ad.court_no,ad.list_date,m.reg_no_display,m.pet_name,m.res_name
        FROM e_services.appearing_in_diary ad 
        INNER JOIN public.main m ON   m.diary_no = ad.diary_no 
        LEFT JOIN master.bar b ON    b.aor_code = ad.aor_code 
        LEFT JOIN e_services.appearing_in_diary a ON    b.aor_code = a.aor_code and a.appearing_for = \'P\'
        WHERE  ad.is_submitted = \'1\' AND    ad.is_active = \'1\' AND      ad.list_date =  \'2023-03-01\' AND    ad.court_no = 1 ORDER BY ad.diary_no,ad.item_no')
 5 APPPATH/Models/Reports/Court/ReportModel.php(545): CodeIgniter\Database\BaseConnection->query('SELECT DISTINCT ON (ad.diary_no)   a.advocate_title,a.advocate_name,a.advocate_type,m.pno, ad.aor_code,b.title, b.name,ad.diary_no,ad.item_no,ad.court_no,ad.list_date,m.reg_no_display,m.pet_name,m.res_name
        FROM e_services.appearing_in_diary ad 
        INNER JOIN public.main m ON   m.diary_no = ad.diary_no 
        LEFT JOIN master.bar b ON    b.aor_code = ad.aor_code 
        LEFT JOIN e_services.appearing_in_diary a ON    b.aor_code = a.aor_code and a.appearing_for = \'P\'
        WHERE  ad.is_submitted = \'1\' AND    ad.is_active = \'1\' AND      ad.list_date =  \'2023-03-01\' AND    ad.court_no = 1 ORDER BY ad.diary_no,ad.item_no')
 6 APPPATH/Controllers/Reports/Court/Report.php(229): App\Models\Reports\Court\ReportModel->getAppearanceSearchReport([...])
 7 SYSTEMPATH/CodeIgniter.php(925): App\Controllers\Reports\Court\Report->appearance_search()
 8 SYSTEMPATH/CodeIgniter.php(480): CodeIgniter\CodeIgniter->runController(Object(App\Controllers\Reports\Court\Report))
 9 SYSTEMPATH/CodeIgniter.php(349): CodeIgniter\CodeIgniter->handleRequest(null, Object(Config\Cache), false)
10 FCPATH/index.php(67): CodeIgniter\CodeIgniter->run()
CRITICAL - 2024-03-18 12:42:11 --> Undefined array key "case_no"
in APPPATH/Views/Reports/court/get_content_gist_module.php on line 25.
 1 APPPATH/Views/Reports/court/get_content_gist_module.php(25): CodeIgniter\Debug\Exceptions->errorHandler(2, 'Undefined array key "case_no"', 'APPPATH/Views/Reports/court/get_content_gist_module.php', 25)
 2 SYSTEMPATH/View/View.php(213): include('APPPATH/Views/Reports/court/get_content_gist_module.php')
 3 SYSTEMPATH/View/View.php(216): CodeIgniter\View\View->CodeIgniter\View\{closure}()
 4 SYSTEMPATH/Common.php(1135): CodeIgniter\View\View->render('Reports/court/get_content_gist_module', [], true)
 5 APPPATH/Controllers/Reports/Court/Report.php(155): view('Reports/court/get_content_gist_module', [...])
 6 SYSTEMPATH/CodeIgniter.php(925): App\Controllers\Reports\Court\Report->gist_module_search()
 7 SYSTEMPATH/CodeIgniter.php(480): CodeIgniter\CodeIgniter->runController(Object(App\Controllers\Reports\Court\Report))
 8 SYSTEMPATH/CodeIgniter.php(349): CodeIgniter\CodeIgniter->handleRequest(null, Object(Config\Cache), false)
 9 FCPATH/index.php(67): CodeIgniter\CodeIgniter->run()
CRITICAL - 2024-03-18 12:45:36 --> Invalid file: templates/datatable_css_js.php
in SYSTEMPATH/Exceptions/FrameworkException.php on line 33.
 1 SYSTEMPATH/View/View.php(201): CodeIgniter\Exceptions\FrameworkException::forInvalidFile('templates/datatable_css_js.php')
 2 SYSTEMPATH/Common.php(1135): CodeIgniter\View\View->render('templates/datatable_css_js', [], true)
 3 APPPATH/Views/Editorial/show_user_details.php(3): view('templates/datatable_css_js')
 4 SYSTEMPATH/View/View.php(213): include('APPPATH/Views/Editorial/show_user_details.php')
 5 SYSTEMPATH/View/View.php(216): CodeIgniter\View\View->CodeIgniter\View\{closure}()
 6 SYSTEMPATH/Common.php(1135): CodeIgniter\View\View->render('Editorial/show_user_details', [], true)
 7 APPPATH/Controllers/Editorial/ESCR.php(848): view('Editorial/show_user_details', [...])
 8 SYSTEMPATH/CodeIgniter.php(925): App\Controllers\Editorial\ESCR->user_report_details()
 9 SYSTEMPATH/CodeIgniter.php(480): CodeIgniter\CodeIgniter->runController(Object(App\Controllers\Editorial\ESCR))
10 SYSTEMPATH/CodeIgniter.php(349): CodeIgniter\CodeIgniter->handleRequest(null, Object(Config\Cache), false)
11 FCPATH/index.php(67): CodeIgniter\CodeIgniter->run()
CRITICAL - 2024-03-18 02:19:41 --> The action you requested is not allowed.
in SYSTEMPATH/Security/Security.php on line 307.
 1 SYSTEMPATH/Security/Security.php(307): CodeIgniter\Security\Exceptions\SecurityException::forDisallowedAction()
 2 SYSTEMPATH/Filters/CSRF.php(55): CodeIgniter\Security\Security->verify(Object(CodeIgniter\HTTP\IncomingRequest))
 3 SYSTEMPATH/Filters/Filters.php(173): CodeIgniter\Filters\CSRF->before(Object(CodeIgniter\HTTP\IncomingRequest), null)
 4 SYSTEMPATH/CodeIgniter.php(453): CodeIgniter\Filters\Filters->run('Supreme_court/Content', 'before')
 5 SYSTEMPATH/CodeIgniter.php(349): CodeIgniter\CodeIgniter->handleRequest(null, Object(Config\Cache), false)
 6 FCPATH/index.php(67): CodeIgniter\CodeIgniter->run()
CRITICAL - 2024-03-18 02:19:41 --> The action you requested is not allowed.
in SYSTEMPATH/Security/Security.php on line 307.
 1 SYSTEMPATH/Security/Security.php(307): CodeIgniter\Security\Exceptions\SecurityException::forDisallowedAction()
 2 SYSTEMPATH/Filters/CSRF.php(55): CodeIgniter\Security\Security->verify(Object(CodeIgniter\HTTP\IncomingRequest))
 3 SYSTEMPATH/Filters/Filters.php(173): CodeIgniter\Filters\CSRF->before(Object(CodeIgniter\HTTP\IncomingRequest), null)
 4 SYSTEMPATH/CodeIgniter.php(453): CodeIgniter\Filters\Filters->run('Supreme_court/Content', 'before')
 5 SYSTEMPATH/CodeIgniter.php(349): CodeIgniter\CodeIgniter->handleRequest(null, Object(Config\Cache), false)
 6 FCPATH/index.php(67): CodeIgniter\CodeIgniter->run()
CRITICAL - 2024-03-18 02:19:41 --> The action you requested is not allowed.
in SYSTEMPATH/Security/Security.php on line 307.
 1 SYSTEMPATH/Security/Security.php(307): CodeIgniter\Security\Exceptions\SecurityException::forDisallowedAction()
 2 SYSTEMPATH/Filters/CSRF.php(55): CodeIgniter\Security\Security->verify(Object(CodeIgniter\HTTP\IncomingRequest))
 3 SYSTEMPATH/Filters/Filters.php(173): CodeIgniter\Filters\CSRF->before(Object(CodeIgniter\HTTP\IncomingRequest), null)
 4 SYSTEMPATH/CodeIgniter.php(453): CodeIgniter\Filters\Filters->run('Supreme_court/Content', 'before')
 5 SYSTEMPATH/CodeIgniter.php(349): CodeIgniter\CodeIgniter->handleRequest(null, Object(Config\Cache), false)
 6 FCPATH/index.php(67): CodeIgniter\CodeIgniter->run()
CRITICAL - 2024-03-18 02:19:41 --> The action you requested is not allowed.
in SYSTEMPATH/Security/Security.php on line 307.
 1 SYSTEMPATH/Security/Security.php(307): CodeIgniter\Security\Exceptions\SecurityException::forDisallowedAction()
 2 SYSTEMPATH/Filters/CSRF.php(55): CodeIgniter\Security\Security->verify(Object(CodeIgniter\HTTP\IncomingRequest))
 3 SYSTEMPATH/Filters/Filters.php(173): CodeIgniter\Filters\CSRF->before(Object(CodeIgniter\HTTP\IncomingRequest), null)
 4 SYSTEMPATH/CodeIgniter.php(453): CodeIgniter\Filters\Filters->run('Supreme_court/Content', 'before')
 5 SYSTEMPATH/CodeIgniter.php(349): CodeIgniter\CodeIgniter->handleRequest(null, Object(Config\Cache), false)
 6 FCPATH/index.php(67): CodeIgniter\CodeIgniter->run()
CRITICAL - 2024-03-18 02:19:45 --> The action you requested is not allowed.
in SYSTEMPATH/Security/Security.php on line 307.
 1 SYSTEMPATH/Security/Security.php(307): CodeIgniter\Security\Exceptions\SecurityException::forDisallowedAction()
 2 SYSTEMPATH/Filters/CSRF.php(55): CodeIgniter\Security\Security->verify(Object(CodeIgniter\HTTP\IncomingRequest))
 3 SYSTEMPATH/Filters/Filters.php(173): CodeIgniter\Filters\CSRF->before(Object(CodeIgniter\HTTP\IncomingRequest), null)
 4 SYSTEMPATH/CodeIgniter.php(453): CodeIgniter\Filters\Filters->run('Supreme_court/Content', 'before')
 5 SYSTEMPATH/CodeIgniter.php(349): CodeIgniter\CodeIgniter->handleRequest(null, Object(Config\Cache), false)
 6 FCPATH/index.php(67): CodeIgniter\CodeIgniter->run()
CRITICAL - 2024-03-18 02:19:45 --> The action you requested is not allowed.
in SYSTEMPATH/Security/Security.php on line 307.
 1 SYSTEMPATH/Security/Security.php(307): CodeIgniter\Security\Exceptions\SecurityException::forDisallowedAction()
 2 SYSTEMPATH/Filters/CSRF.php(55): CodeIgniter\Security\Security->verify(Object(CodeIgniter\HTTP\IncomingRequest))
 3 SYSTEMPATH/Filters/Filters.php(173): CodeIgniter\Filters\CSRF->before(Object(CodeIgniter\HTTP\IncomingRequest), null)
 4 SYSTEMPATH/CodeIgniter.php(453): CodeIgniter\Filters\Filters->run('Supreme_court/Content', 'before')
 5 SYSTEMPATH/CodeIgniter.php(349): CodeIgniter\CodeIgniter->handleRequest(null, Object(Config\Cache), false)
 6 FCPATH/index.php(67): CodeIgniter\CodeIgniter->run()
ERROR - 2024-03-18 14:52:54 --> ErrorException: pg_query(): Query failed: ERROR:  invalid input syntax for type bigint: &quot;&quot;
LINE 1: ...ES ('31', 'test name  ', 'test name', '', '', '', '', '', ''...
                                                             ^ in /var/www/html/system/Database/Postgre/Connection.php:140
Stack trace:
#0 [internal function]: CodeIgniter\Debug\Exceptions->errorHandler(2, 'pg_query(): Que...', '/var/www/html/s...', 140)
#1 /var/www/html/system/Database/Postgre/Connection.php(140): pg_query(Object(PgSql\Connection), 'INSERT INTO "ac...')
#2 /var/www/html/system/Database/BaseConnection.php(666): CodeIgniter\Database\Postgre\Connection->execute('INSERT INTO "ac...')
#3 /var/www/html/system/Database/BaseConnection.php(593): CodeIgniter\Database\BaseConnection->simpleQuery('INSERT INTO "ac...')
#4 /var/www/html/system/Database/BaseBuilder.php(1916): CodeIgniter\Database\BaseConnection->query('INSERT INTO "ac...', Array, false)
#5 /var/www/html/app/Models/Record_room/Model_record.php(250): CodeIgniter\Database\BaseBuilder->insert(Array)
#6 /var/www/html/app/Controllers/Record_room/Record.php(97): App\Models\Record_room\Model_record->insert1(Array)
#7 /var/www/html/system/CodeIgniter.php(925): App\Controllers\Record_room\Record->AorInsert()
#8 /var/www/html/system/CodeIgniter.php(480): CodeIgniter\CodeIgniter->runController(Object(App\Controllers\Record_room\Record))
#9 /var/www/html/system/CodeIgniter.php(349): CodeIgniter\CodeIgniter->handleRequest(NULL, Object(Config\Cache), false)
#10 /var/www/html/public/index.php(67): CodeIgniter\CodeIgniter->run()
#11 {main}
ERROR - 2024-03-18 14:52:54 --> Error inserting data into the database: pg_query(): Query failed: ERROR:  invalid input syntax for type bigint: &quot;&quot;
LINE 1: ...ES ('31', 'test name  ', 'test name', '', '', '', '', '', ''...
                                                             ^
CRITICAL - 2024-03-18 06:14:04 --> The action you requested is not allowed.
in SYSTEMPATH/Security/Security.php on line 307.
 1 SYSTEMPATH/Security/Security.php(307): CodeIgniter\Security\Exceptions\SecurityException::forDisallowedAction()
 2 SYSTEMPATH/Filters/CSRF.php(55): CodeIgniter\Security\Security->verify(Object(CodeIgniter\HTTP\IncomingRequest))
 3 SYSTEMPATH/Filters/Filters.php(173): CodeIgniter\Filters\CSRF->before(Object(CodeIgniter\HTTP\IncomingRequest), null)
 4 SYSTEMPATH/CodeIgniter.php(453): CodeIgniter\Filters\Filters->run('Supreme_court/Content', 'before')
 5 SYSTEMPATH/CodeIgniter.php(349): CodeIgniter\CodeIgniter->handleRequest(null, Object(Config\Cache), false)
 6 FCPATH/index.php(67): CodeIgniter\CodeIgniter->run()
