CRITICAL - 2023-08-27 03:10:32 --> Class "App\Controllers\Dashboard\CI_Controller" not found
in APPPATH/Controllers/Dashboard/DefaultController.php on line 4.
 1 SYSTEMPATH/Router/AutoRouter.php(147): include_once()
 2 SYSTEMPATH/Router/Router.php(499): CodeIgniter\Router\AutoRouter->getRoute('Dashboard/DefaultController')
 3 SYSTEMPATH/Router/Router.php(205): CodeIgniter\Router\Router->autoRoute('Dashboard/DefaultController')
 4 SYSTEMPATH/CodeIgniter.php(800): CodeIgniter\Router\Router->handle('Dashboard/DefaultController')
 5 SYSTEMPATH/CodeIgniter.php(428): CodeIgniter\CodeIgniter->tryToRouteIt(Object(CodeIgniter\Router\RouteCollection))
 6 SYSTEMPATH/CodeIgniter.php(349): CodeIgniter\CodeIgniter->handleRequest(null, Object(Config\Cache), false)
 7 FCPATH/index.php(67): CodeIgniter\CodeIgniter->run()
CRITICAL - 2023-08-27 03:10:46 --> Class "App\Controllers\Dashboard\BaseController" not found
in APPPATH/Controllers/Dashboard/DefaultController.php on line 4.
 1 SYSTEMPATH/Router/AutoRouter.php(147): include_once()
 2 SYSTEMPATH/Router/Router.php(499): CodeIgniter\Router\AutoRouter->getRoute('Dashboard/DefaultController')
 3 SYSTEMPATH/Router/Router.php(205): CodeIgniter\Router\Router->autoRoute('Dashboard/DefaultController')
 4 SYSTEMPATH/CodeIgniter.php(800): CodeIgniter\Router\Router->handle('Dashboard/DefaultController')
 5 SYSTEMPATH/CodeIgniter.php(428): CodeIgniter\CodeIgniter->tryToRouteIt(Object(CodeIgniter\Router\RouteCollection))
 6 SYSTEMPATH/CodeIgniter.php(349): CodeIgniter\CodeIgniter->handleRequest(null, Object(Config\Cache), false)
 7 FCPATH/index.php(67): CodeIgniter\CodeIgniter->run()
CRITICAL - 2023-08-27 03:11:43 --> Class "App\Controllers\Dashboard\Controller" not found
in APPPATH/Controllers/Dashboard/DefaultController.php on line 4.
 1 SYSTEMPATH/Router/AutoRouter.php(147): include_once()
 2 SYSTEMPATH/Router/Router.php(499): CodeIgniter\Router\AutoRouter->getRoute('Dashboard/DefaultController')
 3 SYSTEMPATH/Router/Router.php(205): CodeIgniter\Router\Router->autoRoute('Dashboard/DefaultController')
 4 SYSTEMPATH/CodeIgniter.php(800): CodeIgniter\Router\Router->handle('Dashboard/DefaultController')
 5 SYSTEMPATH/CodeIgniter.php(428): CodeIgniter\CodeIgniter->tryToRouteIt(Object(CodeIgniter\Router\RouteCollection))
 6 SYSTEMPATH/CodeIgniter.php(349): CodeIgniter\CodeIgniter->handleRequest(null, Object(Config\Cache), false)
 7 FCPATH/index.php(67): CodeIgniter\CodeIgniter->run()
CRITICAL - 2023-08-27 03:13:40 --> Class "App\Controllers\Dashboard\CI_Controller" not found
in APPPATH/Controllers/Dashboard/DefaultController.php on line 5.
 1 SYSTEMPATH/Router/AutoRouter.php(147): include_once()
 2 SYSTEMPATH/Router/Router.php(499): CodeIgniter\Router\AutoRouter->getRoute('Dashboard/DefaultController')
 3 SYSTEMPATH/Router/Router.php(205): CodeIgniter\Router\Router->autoRoute('Dashboard/DefaultController')
 4 SYSTEMPATH/CodeIgniter.php(800): CodeIgniter\Router\Router->handle('Dashboard/DefaultController')
 5 SYSTEMPATH/CodeIgniter.php(428): CodeIgniter\CodeIgniter->tryToRouteIt(Object(CodeIgniter\Router\RouteCollection))
 6 SYSTEMPATH/CodeIgniter.php(349): CodeIgniter\CodeIgniter->handleRequest(null, Object(Config\Cache), false)
 7 FCPATH/index.php(67): CodeIgniter\CodeIgniter->run()
CRITICAL - 2023-08-27 03:15:43 --> The namespace delimiter is a backslash (\), not a slash (/). Route handler: \App\Controllers\Dashboard/DefaultController::index
in SYSTEMPATH/Router/Router.php on line 466.
 1 SYSTEMPATH/Router/Router.php(466): CodeIgniter\Router\Exceptions\RouterException::forInvalidControllerName('\\App\\Controllers\\Dashboard/DefaultController::index')
 2 SYSTEMPATH/Router/Router.php(181): CodeIgniter\Router\Router->checkRoutes('Dashboard')
 3 SYSTEMPATH/CodeIgniter.php(800): CodeIgniter\Router\Router->handle('Dashboard')
 4 SYSTEMPATH/CodeIgniter.php(428): CodeIgniter\CodeIgniter->tryToRouteIt(Object(CodeIgniter\Router\RouteCollection))
 5 SYSTEMPATH/CodeIgniter.php(349): CodeIgniter\CodeIgniter->handleRequest(null, Object(Config\Cache), false)
 6 FCPATH/index.php(67): CodeIgniter\CodeIgniter->run()
CRITICAL - 2023-08-27 03:16:45 --> The namespace delimiter is a backslash (\), not a slash (/). Route handler: \App\Controllers\/Dashboard/DefaultController::index
in SYSTEMPATH/Router/Router.php on line 466.
 1 SYSTEMPATH/Router/Router.php(466): CodeIgniter\Router\Exceptions\RouterException::forInvalidControllerName('\\App\\Controllers\\/Dashboard/DefaultController::index')
 2 SYSTEMPATH/Router/Router.php(181): CodeIgniter\Router\Router->checkRoutes('Dashboard')
 3 SYSTEMPATH/CodeIgniter.php(800): CodeIgniter\Router\Router->handle('Dashboard')
 4 SYSTEMPATH/CodeIgniter.php(428): CodeIgniter\CodeIgniter->tryToRouteIt(Object(CodeIgniter\Router\RouteCollection))
 5 SYSTEMPATH/CodeIgniter.php(349): CodeIgniter\CodeIgniter->handleRequest(null, Object(Config\Cache), false)
 6 FCPATH/index.php(67): CodeIgniter\CodeIgniter->run()
CRITICAL - 2023-08-27 03:16:57 --> The namespace delimiter is a backslash (\), not a slash (/). Route handler: \App\Controllers\Dashboard/DefaultController::index
in SYSTEMPATH/Router/Router.php on line 466.
 1 SYSTEMPATH/Router/Router.php(466): CodeIgniter\Router\Exceptions\RouterException::forInvalidControllerName('\\App\\Controllers\\Dashboard/DefaultController::index')
 2 SYSTEMPATH/Router/Router.php(181): CodeIgniter\Router\Router->checkRoutes('Dashboard')
 3 SYSTEMPATH/CodeIgniter.php(800): CodeIgniter\Router\Router->handle('Dashboard')
 4 SYSTEMPATH/CodeIgniter.php(428): CodeIgniter\CodeIgniter->tryToRouteIt(Object(CodeIgniter\Router\RouteCollection))
 5 SYSTEMPATH/CodeIgniter.php(349): CodeIgniter\CodeIgniter->handleRequest(null, Object(Config\Cache), false)
 6 FCPATH/index.php(67): CodeIgniter\CodeIgniter->run()
CRITICAL - 2023-08-27 03:17:04 --> The namespace delimiter is a backslash (\), not a slash (/). Route handler: \App\Controllers\Dashboard/DefaultController::index
in SYSTEMPATH/Router/Router.php on line 466.
 1 SYSTEMPATH/Router/Router.php(466): CodeIgniter\Router\Exceptions\RouterException::forInvalidControllerName('\\App\\Controllers\\Dashboard/DefaultController::index')
 2 SYSTEMPATH/Router/Router.php(181): CodeIgniter\Router\Router->checkRoutes('Dashboard')
 3 SYSTEMPATH/CodeIgniter.php(800): CodeIgniter\Router\Router->handle('Dashboard')
 4 SYSTEMPATH/CodeIgniter.php(428): CodeIgniter\CodeIgniter->tryToRouteIt(Object(CodeIgniter\Router\RouteCollection))
 5 SYSTEMPATH/CodeIgniter.php(349): CodeIgniter\CodeIgniter->handleRequest(null, Object(Config\Cache), false)
 6 FCPATH/index.php(67): CodeIgniter\CodeIgniter->run()
CRITICAL - 2023-08-27 03:23:53 --> The namespace delimiter is a backslash (\), not a slash (/). Route handler: \App\Controllers\Dashboard/DefaultController::index
in SYSTEMPATH/Router/Router.php on line 466.
 1 SYSTEMPATH/Router/Router.php(466): CodeIgniter\Router\Exceptions\RouterException::forInvalidControllerName('\\App\\Controllers\\Dashboard/DefaultController::index')
 2 SYSTEMPATH/Router/Router.php(181): CodeIgniter\Router\Router->checkRoutes('Dashboard')
 3 SYSTEMPATH/CodeIgniter.php(800): CodeIgniter\Router\Router->handle('Dashboard')
 4 SYSTEMPATH/CodeIgniter.php(428): CodeIgniter\CodeIgniter->tryToRouteIt(Object(CodeIgniter\Router\RouteCollection))
 5 SYSTEMPATH/CodeIgniter.php(349): CodeIgniter\CodeIgniter->handleRequest(null, Object(Config\Cache), false)
 6 FCPATH/index.php(67): CodeIgniter\CodeIgniter->run()
CRITICAL - 2023-08-27 03:23:54 --> The namespace delimiter is a backslash (\), not a slash (/). Route handler: \App\Controllers\Dashboard/DefaultController::index
in SYSTEMPATH/Router/Router.php on line 466.
 1 SYSTEMPATH/Router/Router.php(466): CodeIgniter\Router\Exceptions\RouterException::forInvalidControllerName('\\App\\Controllers\\Dashboard/DefaultController::index')
 2 SYSTEMPATH/Router/Router.php(181): CodeIgniter\Router\Router->checkRoutes('Dashboard')
 3 SYSTEMPATH/CodeIgniter.php(800): CodeIgniter\Router\Router->handle('Dashboard')
 4 SYSTEMPATH/CodeIgniter.php(428): CodeIgniter\CodeIgniter->tryToRouteIt(Object(CodeIgniter\Router\RouteCollection))
 5 SYSTEMPATH/CodeIgniter.php(349): CodeIgniter\CodeIgniter->handleRequest(null, Object(Config\Cache), false)
 6 FCPATH/index.php(67): CodeIgniter\CodeIgniter->run()
CRITICAL - 2023-08-27 03:28:58 --> The namespace delimiter is a backslash (\), not a slash (/). Route handler: \App\Controllers\Dashboard/DefaultController::index
in SYSTEMPATH/Router/Router.php on line 466.
 1 SYSTEMPATH/Router/Router.php(466): CodeIgniter\Router\Exceptions\RouterException::forInvalidControllerName('\\App\\Controllers\\Dashboard/DefaultController::index')
 2 SYSTEMPATH/Router/Router.php(181): CodeIgniter\Router\Router->checkRoutes('Dashboard')
 3 SYSTEMPATH/CodeIgniter.php(800): CodeIgniter\Router\Router->handle('Dashboard')
 4 SYSTEMPATH/CodeIgniter.php(428): CodeIgniter\CodeIgniter->tryToRouteIt(Object(CodeIgniter\Router\RouteCollection))
 5 SYSTEMPATH/CodeIgniter.php(349): CodeIgniter\CodeIgniter->handleRequest(null, Object(Config\Cache), false)
 6 FCPATH/index.php(67): CodeIgniter\CodeIgniter->run()
CRITICAL - 2023-08-27 03:29:45 --> The namespace delimiter is a backslash (\), not a slash (/). Route handler: \App\Controllers\/Dashboard/DefaultController::index
in SYSTEMPATH/Router/Router.php on line 466.
 1 SYSTEMPATH/Router/Router.php(466): CodeIgniter\Router\Exceptions\RouterException::forInvalidControllerName('\\App\\Controllers\\/Dashboard/DefaultController::index')
 2 SYSTEMPATH/Router/Router.php(181): CodeIgniter\Router\Router->checkRoutes('Dashboard')
 3 SYSTEMPATH/CodeIgniter.php(800): CodeIgniter\Router\Router->handle('Dashboard')
 4 SYSTEMPATH/CodeIgniter.php(428): CodeIgniter\CodeIgniter->tryToRouteIt(Object(CodeIgniter\Router\RouteCollection))
 5 SYSTEMPATH/CodeIgniter.php(349): CodeIgniter\CodeIgniter->handleRequest(null, Object(Config\Cache), false)
 6 FCPATH/index.php(67): CodeIgniter\CodeIgniter->run()
CRITICAL - 2023-08-27 03:31:03 --> The namespace delimiter is a backslash (\), not a slash (/). Route handler: \App\Controllers\Dashboard/DefaultController::index
in SYSTEMPATH/Router/Router.php on line 466.
 1 SYSTEMPATH/Router/Router.php(466): CodeIgniter\Router\Exceptions\RouterException::forInvalidControllerName('\\App\\Controllers\\Dashboard/DefaultController::index')
 2 SYSTEMPATH/Router/Router.php(181): CodeIgniter\Router\Router->checkRoutes('Dashboard')
 3 SYSTEMPATH/CodeIgniter.php(800): CodeIgniter\Router\Router->handle('Dashboard')
 4 SYSTEMPATH/CodeIgniter.php(428): CodeIgniter\CodeIgniter->tryToRouteIt(Object(CodeIgniter\Router\RouteCollection))
 5 SYSTEMPATH/CodeIgniter.php(349): CodeIgniter\CodeIgniter->handleRequest(null, Object(Config\Cache), false)
 6 FCPATH/index.php(67): CodeIgniter\CodeIgniter->run()
CRITICAL - 2023-08-27 03:32:13 --> The namespace delimiter is a backslash (\), not a slash (/). Route handler: \App\Controllers\Dashboard/DefaultController::index
in SYSTEMPATH/Router/Router.php on line 466.
 1 SYSTEMPATH/Router/Router.php(466): CodeIgniter\Router\Exceptions\RouterException::forInvalidControllerName('\\App\\Controllers\\Dashboard/DefaultController::index')
 2 SYSTEMPATH/Router/Router.php(181): CodeIgniter\Router\Router->checkRoutes('Dashboard')
 3 SYSTEMPATH/CodeIgniter.php(800): CodeIgniter\Router\Router->handle('Dashboard')
 4 SYSTEMPATH/CodeIgniter.php(428): CodeIgniter\CodeIgniter->tryToRouteIt(Object(CodeIgniter\Router\RouteCollection))
 5 SYSTEMPATH/CodeIgniter.php(349): CodeIgniter\CodeIgniter->handleRequest(null, Object(Config\Cache), false)
 6 FCPATH/index.php(67): CodeIgniter\CodeIgniter->run()
CRITICAL - 2023-08-27 03:36:26 --> The namespace delimiter is a backslash (\), not a slash (/). Route handler: \App\Controllers\Dashboard/DefaultController
in SYSTEMPATH/Router/Router.php on line 466.
 1 SYSTEMPATH/Router/Router.php(466): CodeIgniter\Router\Exceptions\RouterException::forInvalidControllerName('\\App\\Controllers\\Dashboard/DefaultController')
 2 SYSTEMPATH/Router/Router.php(181): CodeIgniter\Router\Router->checkRoutes('Dashboard')
 3 SYSTEMPATH/CodeIgniter.php(800): CodeIgniter\Router\Router->handle('Dashboard')
 4 SYSTEMPATH/CodeIgniter.php(428): CodeIgniter\CodeIgniter->tryToRouteIt(Object(CodeIgniter\Router\RouteCollection))
 5 SYSTEMPATH/CodeIgniter.php(349): CodeIgniter\CodeIgniter->handleRequest(null, Object(Config\Cache), false)
 6 FCPATH/index.php(67): CodeIgniter\CodeIgniter->run()
CRITICAL - 2023-08-27 04:17:02 --> Undefined array key "theme_session_active"
in APPPATH/Views/templates/index.php on line 20.
 1 APPPATH/Views/templates/index.php(20): CodeIgniter\Debug\Exceptions->errorHandler(2, 'Undefined array key "theme_session_active"', 'APPPATH/Views/templates/index.php', 20)
 2 SYSTEMPATH/View/View.php(213): include('APPPATH/Views/templates/index.php')
 3 SYSTEMPATH/View/View.php(216): CodeIgniter\View\View->CodeIgniter\View\{closure}()
 4 SYSTEMPATH/Common.php(1135): CodeIgniter\View\View->render('templates/index', [], true)
 5 APPPATH/Controllers/Dashboard/DefaultController.php(26): view('templates/index', [...])
 6 SYSTEMPATH/CodeIgniter.php(925): App\Controllers\Dashboard\DefaultController->index()
 7 SYSTEMPATH/CodeIgniter.php(480): CodeIgniter\CodeIgniter->runController(Object(App\Controllers\Dashboard\DefaultController))
 8 SYSTEMPATH/CodeIgniter.php(349): CodeIgniter\CodeIgniter->handleRequest(null, Object(Config\Cache), false)
 9 FCPATH/index.php(67): CodeIgniter\CodeIgniter->run()
CRITICAL - 2023-08-27 04:26:04 --> Undefined array key "theme_session_active"
in APPPATH/Views/templates/index.php on line 20.
 1 APPPATH/Views/templates/index.php(20): CodeIgniter\Debug\Exceptions->errorHandler(2, 'Undefined array key "theme_session_active"', 'APPPATH/Views/templates/index.php', 20)
 2 SYSTEMPATH/View/View.php(213): include('APPPATH/Views/templates/index.php')
 3 SYSTEMPATH/View/View.php(216): CodeIgniter\View\View->CodeIgniter\View\{closure}()
 4 SYSTEMPATH/Common.php(1135): CodeIgniter\View\View->render('templates/index', [], true)
 5 APPPATH/Controllers/Dashboard/DefaultController.php(26): view('templates/index', [...])
 6 SYSTEMPATH/CodeIgniter.php(925): App\Controllers\Dashboard\DefaultController->index()
 7 SYSTEMPATH/CodeIgniter.php(480): CodeIgniter\CodeIgniter->runController(Object(App\Controllers\Dashboard\DefaultController))
 8 SYSTEMPATH/CodeIgniter.php(349): CodeIgniter\CodeIgniter->handleRequest(null, Object(Config\Cache), false)
 9 FCPATH/index.php(67): CodeIgniter\CodeIgniter->run()
CRITICAL - 2023-08-27 04:28:19 --> Undefined constant "WEB_ROOT"
in APPPATH/Views/templates/index.php on line 34.
 1 SYSTEMPATH/View/View.php(213): include()
 2 SYSTEMPATH/View/View.php(216): CodeIgniter\View\View->CodeIgniter\View\{closure}()
 3 SYSTEMPATH/Common.php(1135): CodeIgniter\View\View->render('templates/index', [], true)
 4 APPPATH/Controllers/Dashboard/DefaultController.php(26): view('templates/index', [...])
 5 SYSTEMPATH/CodeIgniter.php(925): App\Controllers\Dashboard\DefaultController->index()
 6 SYSTEMPATH/CodeIgniter.php(480): CodeIgniter\CodeIgniter->runController(Object(App\Controllers\Dashboard\DefaultController))
 7 SYSTEMPATH/CodeIgniter.php(349): CodeIgniter\CodeIgniter->handleRequest(null, Object(Config\Cache), false)
 8 FCPATH/index.php(67): CodeIgniter\CodeIgniter->run()
CRITICAL - 2023-08-27 04:58:06 --> Undefined constant "dcmis_multi_section_name"
in APPPATH/Views/templates/userinfo.php on line 20.
 1 SYSTEMPATH/View/View.php(213): include()
 2 SYSTEMPATH/View/View.php(216): CodeIgniter\View\View->CodeIgniter\View\{closure}()
 3 SYSTEMPATH/Common.php(1135): CodeIgniter\View\View->render('templates/userinfo', [], true)
 4 APPPATH/Views/templates/leftsidebar.php(3): view('templates/userinfo')
 5 SYSTEMPATH/View/View.php(213): include('APPPATH/Views/templates/leftsidebar.php')
 6 SYSTEMPATH/View/View.php(216): CodeIgniter\View\View->CodeIgniter\View\{closure}()
 7 SYSTEMPATH/Common.php(1135): CodeIgniter\View\View->render('templates/leftsidebar', [], true)
 8 APPPATH/Views/templates/index.php(159): view('templates/leftsidebar')
 9 SYSTEMPATH/View/View.php(213): include('APPPATH/Views/templates/index.php')
10 SYSTEMPATH/View/View.php(216): CodeIgniter\View\View->CodeIgniter\View\{closure}()
11 SYSTEMPATH/Common.php(1135): CodeIgniter\View\View->render('templates/index', [], true)
12 APPPATH/Controllers/Dashboard/DefaultController.php(26): view('templates/index', [...])
13 SYSTEMPATH/CodeIgniter.php(925): App\Controllers\Dashboard\DefaultController->index()
14 SYSTEMPATH/CodeIgniter.php(480): CodeIgniter\CodeIgniter->runController(Object(App\Controllers\Dashboard\DefaultController))
15 SYSTEMPATH/CodeIgniter.php(349): CodeIgniter\CodeIgniter->handleRequest(null, Object(Config\Cache), false)
16 FCPATH/index.php(67): CodeIgniter\CodeIgniter->run()
CRITICAL - 2023-08-27 04:58:47 --> Undefined constant "dcmis_multi_section_name"
in APPPATH/Views/templates/userinfo.php on line 20.
 1 SYSTEMPATH/View/View.php(213): include()
 2 SYSTEMPATH/View/View.php(216): CodeIgniter\View\View->CodeIgniter\View\{closure}()
 3 SYSTEMPATH/Common.php(1135): CodeIgniter\View\View->render('templates/userinfo', [], true)
 4 APPPATH/Views/templates/leftsidebar.php(3): view('templates/userinfo')
 5 SYSTEMPATH/View/View.php(213): include('APPPATH/Views/templates/leftsidebar.php')
 6 SYSTEMPATH/View/View.php(216): CodeIgniter\View\View->CodeIgniter\View\{closure}()
 7 SYSTEMPATH/Common.php(1135): CodeIgniter\View\View->render('templates/leftsidebar', [], true)
 8 APPPATH/Views/templates/index.php(159): view('templates/leftsidebar')
 9 SYSTEMPATH/View/View.php(213): include('APPPATH/Views/templates/index.php')
10 SYSTEMPATH/View/View.php(216): CodeIgniter\View\View->CodeIgniter\View\{closure}()
11 SYSTEMPATH/Common.php(1135): CodeIgniter\View\View->render('templates/index', [], true)
12 APPPATH/Controllers/Dashboard/DefaultController.php(26): view('templates/index', [...])
13 SYSTEMPATH/CodeIgniter.php(925): App\Controllers\Dashboard\DefaultController->index()
14 SYSTEMPATH/CodeIgniter.php(480): CodeIgniter\CodeIgniter->runController(Object(App\Controllers\Dashboard\DefaultController))
15 SYSTEMPATH/CodeIgniter.php(349): CodeIgniter\CodeIgniter->handleRequest(null, Object(Config\Cache), false)
16 FCPATH/index.php(67): CodeIgniter\CodeIgniter->run()
CRITICAL - 2023-08-27 04:59:05 --> Undefined constant "dcmis_multi_section_name"
in APPPATH/Views/templates/userinfo.php on line 20.
 1 SYSTEMPATH/View/View.php(213): include()
 2 SYSTEMPATH/View/View.php(216): CodeIgniter\View\View->CodeIgniter\View\{closure}()
 3 SYSTEMPATH/Common.php(1135): CodeIgniter\View\View->render('templates/userinfo', [], true)
 4 APPPATH/Views/templates/leftsidebar.php(3): view('templates/userinfo')
 5 SYSTEMPATH/View/View.php(213): include('APPPATH/Views/templates/leftsidebar.php')
 6 SYSTEMPATH/View/View.php(216): CodeIgniter\View\View->CodeIgniter\View\{closure}()
 7 SYSTEMPATH/Common.php(1135): CodeIgniter\View\View->render('templates/leftsidebar', [], true)
 8 APPPATH/Views/templates/index.php(159): view('templates/leftsidebar')
 9 SYSTEMPATH/View/View.php(213): include('APPPATH/Views/templates/index.php')
10 SYSTEMPATH/View/View.php(216): CodeIgniter\View\View->CodeIgniter\View\{closure}()
11 SYSTEMPATH/Common.php(1135): CodeIgniter\View\View->render('templates/index', [], true)
12 APPPATH/Controllers/Dashboard/DefaultController.php(26): view('templates/index', [...])
13 SYSTEMPATH/CodeIgniter.php(925): App\Controllers\Dashboard\DefaultController->index()
14 SYSTEMPATH/CodeIgniter.php(480): CodeIgniter\CodeIgniter->runController(Object(App\Controllers\Dashboard\DefaultController))
15 SYSTEMPATH/CodeIgniter.php(349): CodeIgniter\CodeIgniter->handleRequest(null, Object(Config\Cache), false)
16 FCPATH/index.php(67): CodeIgniter\CodeIgniter->run()
CRITICAL - 2023-08-27 05:09:53 --> Undefined constant "dcmis_multi_section_name"
in APPPATH/Views/templates/userinfo.php on line 20.
 1 SYSTEMPATH/View/View.php(213): include()
 2 SYSTEMPATH/View/View.php(216): CodeIgniter\View\View->CodeIgniter\View\{closure}()
 3 SYSTEMPATH/Common.php(1135): CodeIgniter\View\View->render('templates/userinfo', [], true)
 4 APPPATH/Views/templates/leftsidebar.php(3): view('templates/userinfo')
 5 SYSTEMPATH/View/View.php(213): include('APPPATH/Views/templates/leftsidebar.php')
 6 SYSTEMPATH/View/View.php(216): CodeIgniter\View\View->CodeIgniter\View\{closure}()
 7 SYSTEMPATH/Common.php(1135): CodeIgniter\View\View->render('templates/leftsidebar', [], true)
 8 APPPATH/Views/templates/index.php(159): view('templates/leftsidebar')
 9 SYSTEMPATH/View/View.php(213): include('APPPATH/Views/templates/index.php')
10 SYSTEMPATH/View/View.php(216): CodeIgniter\View\View->CodeIgniter\View\{closure}()
11 SYSTEMPATH/Common.php(1135): CodeIgniter\View\View->render('templates/index', [], true)
12 APPPATH/Controllers/Dashboard/DefaultController.php(26): view('templates/index', [...])
13 SYSTEMPATH/CodeIgniter.php(925): App\Controllers\Dashboard\DefaultController->index()
14 SYSTEMPATH/CodeIgniter.php(480): CodeIgniter\CodeIgniter->runController(Object(App\Controllers\Dashboard\DefaultController))
15 SYSTEMPATH/CodeIgniter.php(349): CodeIgniter\CodeIgniter->handleRequest(null, Object(Config\Cache), false)
16 FCPATH/index.php(67): CodeIgniter\CodeIgniter->run()
CRITICAL - 2023-08-27 07:22:07 --> Undefined array key "civil_registered"
in APPPATH/Views/report.php on line 29.
 1 APPPATH/Views/report.php(29): CodeIgniter\Debug\Exceptions->errorHandler(2, 'Undefined array key "civil_registered"', 'APPPATH/Views/report.php', 29)
 2 SYSTEMPATH/View/View.php(213): include('APPPATH/Views/report.php')
 3 SYSTEMPATH/View/View.php(216): CodeIgniter\View\View->CodeIgniter\View\{closure}()
 4 SYSTEMPATH/Common.php(1135): CodeIgniter\View\View->render('report', [], true)
 5 APPPATH/Controllers/Report.php(32): view('report', [...])
 6 SYSTEMPATH/CodeIgniter.php(925): App\Controllers\Report->index()
 7 SYSTEMPATH/CodeIgniter.php(480): CodeIgniter\CodeIgniter->runController(Object(App\Controllers\Report))
 8 SYSTEMPATH/CodeIgniter.php(349): CodeIgniter\CodeIgniter->handleRequest(null, Object(Config\Cache), false)
 9 FCPATH/index.php(67): CodeIgniter\CodeIgniter->run()
CRITICAL - 2023-08-27 07:41:04 --> Undefined array key "civil_disposed_last_year"
in APPPATH/Views/report.php on line 123.
 1 APPPATH/Views/report.php(123): CodeIgniter\Debug\Exceptions->errorHandler(2, 'Undefined array key "civil_disposed_last_year"', 'APPPATH/Views/report.php', 123)
 2 SYSTEMPATH/View/View.php(213): include('APPPATH/Views/report.php')
 3 SYSTEMPATH/View/View.php(216): CodeIgniter\View\View->CodeIgniter\View\{closure}()
 4 SYSTEMPATH/Common.php(1135): CodeIgniter\View\View->render('report', [], true)
 5 APPPATH/Controllers/Report.php(33): view('report', [...])
 6 SYSTEMPATH/CodeIgniter.php(925): App\Controllers\Report->index()
 7 SYSTEMPATH/CodeIgniter.php(480): CodeIgniter\CodeIgniter->runController(Object(App\Controllers\Report))
 8 SYSTEMPATH/CodeIgniter.php(349): CodeIgniter\CodeIgniter->handleRequest(null, Object(Config\Cache), false)
 9 FCPATH/index.php(67): CodeIgniter\CodeIgniter->run()
CRITICAL - 2023-08-27 07:54:06 --> Undefined variable $case_typewise_pendency
in APPPATH/Views/report.php on line 147.
 1 APPPATH/Views/report.php(147): CodeIgniter\Debug\Exceptions->errorHandler(2, 'Undefined variable $case_typewise_pendency', 'APPPATH/Views/report.php', 147)
 2 SYSTEMPATH/View/View.php(213): include('APPPATH/Views/report.php')
 3 SYSTEMPATH/View/View.php(216): CodeIgniter\View\View->CodeIgniter\View\{closure}()
 4 SYSTEMPATH/Common.php(1135): CodeIgniter\View\View->render('report', [], true)
 5 APPPATH/Controllers/Report.php(33): view('report', [...])
 6 SYSTEMPATH/CodeIgniter.php(925): App\Controllers\Report->index()
 7 SYSTEMPATH/CodeIgniter.php(480): CodeIgniter\CodeIgniter->runController(Object(App\Controllers\Report))
 8 SYSTEMPATH/CodeIgniter.php(349): CodeIgniter\CodeIgniter->handleRequest(null, Object(Config\Cache), false)
 9 FCPATH/index.php(67): CodeIgniter\CodeIgniter->run()
CRITICAL - 2023-08-27 08:58:11 --> Undefined array key "disposal_total_count"
in APPPATH/Views/report.php on line 149.
 1 APPPATH/Views/report.php(149): CodeIgniter\Debug\Exceptions->errorHandler(2, 'Undefined array key "disposal_total_count"', 'APPPATH/Views/report.php', 149)
 2 SYSTEMPATH/View/View.php(213): include('APPPATH/Views/report.php')
 3 SYSTEMPATH/View/View.php(216): CodeIgniter\View\View->CodeIgniter\View\{closure}()
 4 SYSTEMPATH/Common.php(1135): CodeIgniter\View\View->render('report', [], true)
 5 APPPATH/Controllers/Report.php(33): view('report', [...])
 6 SYSTEMPATH/CodeIgniter.php(925): App\Controllers\Report->index()
 7 SYSTEMPATH/CodeIgniter.php(480): CodeIgniter\CodeIgniter->runController(Object(App\Controllers\Report))
 8 SYSTEMPATH/CodeIgniter.php(349): CodeIgniter\CodeIgniter->handleRequest(null, Object(Config\Cache), false)
 9 FCPATH/index.php(67): CodeIgniter\CodeIgniter->run()
CRITICAL - 2023-08-27 10:43:33 --> Undefined variable $sql
in APPPATH/Models/Model_report.php on line 138.
 1 APPPATH/Models/Model_report.php(138): CodeIgniter\Debug\Exceptions->errorHandler(2, 'Undefined variable $sql', 'APPPATH/Models/Model_report.php', 138)
 2 APPPATH/Models/Model_report.php(33): App\Models\Model_report->get_pendency_data('njdg_njdg_criminal_unregistered')
 3 APPPATH/Controllers/Report.php(22): App\Models\Model_report->get_pendency()
 4 SYSTEMPATH/CodeIgniter.php(925): App\Controllers\Report->index()
 5 SYSTEMPATH/CodeIgniter.php(480): CodeIgniter\CodeIgniter->runController(Object(App\Controllers\Report))
 6 SYSTEMPATH/CodeIgniter.php(349): CodeIgniter\CodeIgniter->handleRequest(null, Object(Config\Cache), false)
 7 FCPATH/index.php(67): CodeIgniter\CodeIgniter->run()
ERROR - 2023-08-27 10:59:03 --> mysqli_sql_exception: Table 'sci_cmis_final.njdg_total_unregistered' doesn't exist in /var/www/html/system/Database/MySQLi/Connection.php:292
Stack trace:
#0 /var/www/html/system/Database/MySQLi/Connection.php(292): mysqli->query('SELECT COUNT(*)...', 0)
#1 /var/www/html/system/Database/BaseConnection.php(666): CodeIgniter\Database\MySQLi\Connection->execute('SELECT COUNT(*)...')
#2 /var/www/html/system/Database/BaseConnection.php(593): CodeIgniter\Database\BaseConnection->simpleQuery('SELECT COUNT(*)...')
#3 /var/www/html/app/Models/Model_report.php(153): CodeIgniter\Database\BaseConnection->query('SELECT COUNT(*)...')
#4 /var/www/html/app/Models/Model_report.php(36): App\Models\Model_report->get_pendency_data('njdg_total_unre...')
#5 /var/www/html/app/Controllers/Report.php(22): App\Models\Model_report->get_pendency()
#6 /var/www/html/system/CodeIgniter.php(925): App\Controllers\Report->index()
#7 /var/www/html/system/CodeIgniter.php(480): CodeIgniter\CodeIgniter->runController(Object(App\Controllers\Report))
#8 /var/www/html/system/CodeIgniter.php(349): CodeIgniter\CodeIgniter->handleRequest(NULL, Object(Config\Cache), false)
#9 /var/www/html/public/index.php(67): CodeIgniter\CodeIgniter->run()
#10 {main}
CRITICAL - 2023-08-27 10:59:03 --> Table 'sci_cmis_final.njdg_total_unregistered' doesn't exist
in SYSTEMPATH/Database/MySQLi/Connection.php on line 292.
 1 SYSTEMPATH/Database/MySQLi/Connection.php(292): mysqli->query('SELECT COUNT(*) AS njdg_total_unregistered FROM njdg_total_unregistered WHERE entry_source_flag != 0 and ci_cri in (\'3\', \'2\') AND date_of_decision IS NULL AND filcase_type>0 AND reg_no IS NULL', 0)
 2 SYSTEMPATH/Database/BaseConnection.php(666): CodeIgniter\Database\MySQLi\Connection->execute('SELECT COUNT(*) AS njdg_total_unregistered FROM njdg_total_unregistered WHERE entry_source_flag != 0 and ci_cri in (\'3\', \'2\') AND date_of_decision IS NULL AND filcase_type>0 AND reg_no IS NULL')
 3 SYSTEMPATH/Database/BaseConnection.php(593): CodeIgniter\Database\BaseConnection->simpleQuery('SELECT COUNT(*) AS njdg_total_unregistered FROM njdg_total_unregistered WHERE entry_source_flag != 0 and ci_cri in (\'3\', \'2\') AND date_of_decision IS NULL AND filcase_type>0 AND reg_no IS NULL')
 4 APPPATH/Models/Model_report.php(153): CodeIgniter\Database\BaseConnection->query('SELECT COUNT(*) AS njdg_total_unregistered FROM njdg_total_unregistered WHERE entry_source_flag != 0 and ci_cri in (\'3\', \'2\') AND date_of_decision IS NULL AND filcase_type>0 AND reg_no IS NULL')
 5 APPPATH/Models/Model_report.php(36): App\Models\Model_report->get_pendency_data('njdg_total_unregistered')
 6 APPPATH/Controllers/Report.php(22): App\Models\Model_report->get_pendency()
 7 SYSTEMPATH/CodeIgniter.php(925): App\Controllers\Report->index()
 8 SYSTEMPATH/CodeIgniter.php(480): CodeIgniter\CodeIgniter->runController(Object(App\Controllers\Report))
 9 SYSTEMPATH/CodeIgniter.php(349): CodeIgniter\CodeIgniter->handleRequest(null, Object(Config\Cache), false)
10 FCPATH/index.php(67): CodeIgniter\CodeIgniter->run()
CRITICAL - 2023-08-27 11:12:55 --> Undefined array key "njdg_total_unregistered"
in APPPATH/Views/report.php on line 80.
 1 APPPATH/Views/report.php(80): CodeIgniter\Debug\Exceptions->errorHandler(2, 'Undefined array key "njdg_total_unregistered"', 'APPPATH/Views/report.php', 80)
 2 SYSTEMPATH/View/View.php(213): include('APPPATH/Views/report.php')
 3 SYSTEMPATH/View/View.php(216): CodeIgniter\View\View->CodeIgniter\View\{closure}()
 4 SYSTEMPATH/Common.php(1135): CodeIgniter\View\View->render('report', [], true)
 5 APPPATH/Controllers/Report.php(33): view('report', [...])
 6 SYSTEMPATH/CodeIgniter.php(925): App\Controllers\Report->index()
 7 SYSTEMPATH/CodeIgniter.php(480): CodeIgniter\CodeIgniter->runController(Object(App\Controllers\Report))
 8 SYSTEMPATH/CodeIgniter.php(349): CodeIgniter\CodeIgniter->handleRequest(null, Object(Config\Cache), false)
 9 FCPATH/index.php(67): CodeIgniter\CodeIgniter->run()
