CRITICAL - 2024-04-01 10:03:18 --> Undefined variable $category_display
in APPPATH/Views/Reports/copying/get_content_view.php on line 70.
 1 APPPATH/Views/Reports/copying/get_content_view.php(70): CodeIgniter\Debug\Exceptions->errorHandler(2, 'Undefined variable $category_display', 'APPPATH/Views/Reports/copying/get_content_view.php', 70)
 2 SYSTEMPATH/View/View.php(213): include('APPPATH/Views/Reports/copying/get_content_view.php')
 3 SYSTEMPATH/View/View.php(216): CodeIgniter\View\View->CodeIgniter\View\{closure}()
 4 SYSTEMPATH/Common.php(1135): CodeIgniter\View\View->render('Reports/copying/get_content_view', [], true)
 5 APPPATH/Controllers/Reports/Copying/Report.php(309): view('Reports/copying/get_content_view', [...])
 6 SYSTEMPATH/CodeIgniter.php(925): App\Controllers\Reports\Copying\Report->view_search()
 7 SYSTEMPATH/CodeIgniter.php(480): CodeIgniter\CodeIgniter->runController(Object(App\Controllers\Reports\Copying\Report))
 8 SYSTEMPATH/CodeIgniter.php(349): CodeIgniter\CodeIgniter->handleRequest(null, Object(Config\Cache), false)
 9 FCPATH/index.php(67): CodeIgniter\CodeIgniter->run()
CRITICAL - 2024-04-01 11:00:15 --> Trying to access array offset on value of type null
in APPPATH/Views/Judicial/Sentence/get_sentence_view_details.php on line 16.
 1 APPPATH/Views/Judicial/Sentence/get_sentence_view_details.php(16): CodeIgniter\Debug\Exceptions->errorHandler(2, 'Trying to access array offset on value of type null', 'APPPATH/Views/Judicial/Sentence/get_sentence_view_details.php', 16)
 2 SYSTEMPATH/View/View.php(213): include('APPPATH/Views/Judicial/Sentence/get_sentence_view_details.php')
 3 SYSTEMPATH/View/View.php(216): CodeIgniter\View\View->CodeIgniter\View\{closure}()
 4 SYSTEMPATH/Common.php(1135): CodeIgniter\View\View->render('Judicial/Sentence/get_sentence_view_details', [], true)
 5 APPPATH/Controllers/Judicial/Sentence/Sentence.php(371): view('Judicial/Sentence/get_sentence_view_details', [...])
 6 SYSTEMPATH/CodeIgniter.php(925): App\Controllers\Judicial\Sentence\Sentence->get_details()
 7 SYSTEMPATH/CodeIgniter.php(480): CodeIgniter\CodeIgniter->runController(Object(App\Controllers\Judicial\Sentence\Sentence))
 8 SYSTEMPATH/CodeIgniter.php(349): CodeIgniter\CodeIgniter->handleRequest(null, Object(Config\Cache), false)
 9 FCPATH/index.php(67): CodeIgniter\CodeIgniter->run()
CRITICAL - 2024-04-01 11:01:33 --> Trying to access array offset on value of type null
in APPPATH/Views/Judicial/Sentence/get_sentence_view_details.php on line 16.
 1 APPPATH/Views/Judicial/Sentence/get_sentence_view_details.php(16): CodeIgniter\Debug\Exceptions->errorHandler(2, 'Trying to access array offset on value of type null', 'APPPATH/Views/Judicial/Sentence/get_sentence_view_details.php', 16)
 2 SYSTEMPATH/View/View.php(213): include('APPPATH/Views/Judicial/Sentence/get_sentence_view_details.php')
 3 SYSTEMPATH/View/View.php(216): CodeIgniter\View\View->CodeIgniter\View\{closure}()
 4 SYSTEMPATH/Common.php(1135): CodeIgniter\View\View->render('Judicial/Sentence/get_sentence_view_details', [], true)
 5 APPPATH/Controllers/Judicial/Sentence/Sentence.php(371): view('Judicial/Sentence/get_sentence_view_details', [...])
 6 SYSTEMPATH/CodeIgniter.php(925): App\Controllers\Judicial\Sentence\Sentence->get_details()
 7 SYSTEMPATH/CodeIgniter.php(480): CodeIgniter\CodeIgniter->runController(Object(App\Controllers\Judicial\Sentence\Sentence))
 8 SYSTEMPATH/CodeIgniter.php(349): CodeIgniter\CodeIgniter->handleRequest(null, Object(Config\Cache), false)
 9 FCPATH/index.php(67): CodeIgniter\CodeIgniter->run()
ERROR - 2024-04-01 11:05:06 --> ErrorException: pg_query(): Query failed: ERROR:  invalid input syntax for type bigint: &quot; &quot;
LINE 4: WHERE &quot;a&quot;.&quot;eino&quot; = ' '
                           ^ in /var/www/html/system/Database/Postgre/Connection.php:140
Stack trace:
#0 [internal function]: CodeIgniter\Debug\Exceptions->errorHandler(2, 'pg_query(): Que...', '/var/www/html/s...', 140)
#1 /var/www/html/system/Database/Postgre/Connection.php(140): pg_query(Object(PgSql\Connection), 'SELECT *\nFROM "...')
#2 /var/www/html/system/Database/BaseConnection.php(666): CodeIgniter\Database\Postgre\Connection->execute('SELECT *\nFROM "...')
#3 /var/www/html/system/Database/BaseConnection.php(593): CodeIgniter\Database\BaseConnection->simpleQuery('SELECT *\nFROM "...')
#4 /var/www/html/system/Database/BaseBuilder.php(1585): CodeIgniter\Database\BaseConnection->query('SELECT *\nFROM "...', Array, false)
#5 /var/www/html/app/Models/Record_room/Model_record.php(145): CodeIgniter\Database\BaseBuilder->get()
#6 /var/www/html/app/Controllers/Record_room/Record.php(369): App\Models\Record_room\Model_record->getclerk(' ')
#7 /var/www/html/system/CodeIgniter.php(925): App\Controllers\Record_room\Record->lst_clerk_search1()
#8 /var/www/html/system/CodeIgniter.php(480): CodeIgniter\CodeIgniter->runController(Object(App\Controllers\Record_room\Record))
#9 /var/www/html/system/CodeIgniter.php(349): CodeIgniter\CodeIgniter->handleRequest(NULL, Object(Config\Cache), false)
#10 /var/www/html/public/index.php(67): CodeIgniter\CodeIgniter->run()
#11 {main}
CRITICAL - 2024-04-01 11:05:06 --> pg_query(): Query failed: ERROR:  invalid input syntax for type bigint: &quot; &quot;
LINE 4: WHERE &quot;a&quot;.&quot;eino&quot; = ' '
                           ^
in SYSTEMPATH/Database/Postgre/Connection.php on line 140.
 1 [internal function]: CodeIgniter\Debug\Exceptions->errorHandler(2, 'pg_query(): Query failed: ERROR:  invalid input syntax for type bigint: &quot; &quot;
LINE 4: WHERE &quot;a&quot;.&quot;eino&quot; = \' \'
                           ^', 'SYSTEMPATH/Database/Postgre/Connection.php', 140)
 2 SYSTEMPATH/Database/Postgre/Connection.php(140): pg_query(Object(PgSql\Connection), 'SELECT *
FROM "ac" "a"
JOIN "master"."bar" "b" ON "b"."aor_code" = "a"."aor_code"
WHERE "a"."eino" = \' \'')
 3 SYSTEMPATH/Database/BaseConnection.php(666): CodeIgniter\Database\Postgre\Connection->execute('SELECT *
FROM "ac" "a"
JOIN "master"."bar" "b" ON "b"."aor_code" = "a"."aor_code"
WHERE "a"."eino" = \' \'')
 4 SYSTEMPATH/Database/BaseConnection.php(593): CodeIgniter\Database\BaseConnection->simpleQuery('SELECT *
FROM "ac" "a"
JOIN "master"."bar" "b" ON "b"."aor_code" = "a"."aor_code"
WHERE "a"."eino" = \' \'')
 5 SYSTEMPATH/Database/BaseBuilder.php(1585): CodeIgniter\Database\BaseConnection->query('SELECT *
FROM "ac" "a"
JOIN "master"."bar" "b" ON "b"."aor_code" = "a"."aor_code"
WHERE "a"."eino" = :a.eino:', [...], false)
 6 APPPATH/Models/Record_room/Model_record.php(145): CodeIgniter\Database\BaseBuilder->get()
 7 APPPATH/Controllers/Record_room/Record.php(369): App\Models\Record_room\Model_record->getclerk(' ')
 8 SYSTEMPATH/CodeIgniter.php(925): App\Controllers\Record_room\Record->lst_clerk_search1()
 9 SYSTEMPATH/CodeIgniter.php(480): CodeIgniter\CodeIgniter->runController(Object(App\Controllers\Record_room\Record))
10 SYSTEMPATH/CodeIgniter.php(349): CodeIgniter\CodeIgniter->handleRequest(null, Object(Config\Cache), false)
11 FCPATH/index.php(67): CodeIgniter\CodeIgniter->run()
ERROR - 2024-04-01 11:05:07 --> ErrorException: pg_query(): Query failed: ERROR:  invalid input syntax for type bigint: &quot; &quot;
LINE 4: WHERE &quot;a&quot;.&quot;eino&quot; = ' '
                           ^ in /var/www/html/system/Database/Postgre/Connection.php:140
Stack trace:
#0 [internal function]: CodeIgniter\Debug\Exceptions->errorHandler(2, 'pg_query(): Que...', '/var/www/html/s...', 140)
#1 /var/www/html/system/Database/Postgre/Connection.php(140): pg_query(Object(PgSql\Connection), 'SELECT *\nFROM "...')
#2 /var/www/html/system/Database/BaseConnection.php(666): CodeIgniter\Database\Postgre\Connection->execute('SELECT *\nFROM "...')
#3 /var/www/html/system/Database/BaseConnection.php(593): CodeIgniter\Database\BaseConnection->simpleQuery('SELECT *\nFROM "...')
#4 /var/www/html/system/Database/BaseBuilder.php(1585): CodeIgniter\Database\BaseConnection->query('SELECT *\nFROM "...', Array, false)
#5 /var/www/html/app/Models/Record_room/Model_record.php(145): CodeIgniter\Database\BaseBuilder->get()
#6 /var/www/html/app/Controllers/Record_room/Record.php(369): App\Models\Record_room\Model_record->getclerk(' ')
#7 /var/www/html/system/CodeIgniter.php(925): App\Controllers\Record_room\Record->lst_clerk_search1()
#8 /var/www/html/system/CodeIgniter.php(480): CodeIgniter\CodeIgniter->runController(Object(App\Controllers\Record_room\Record))
#9 /var/www/html/system/CodeIgniter.php(349): CodeIgniter\CodeIgniter->handleRequest(NULL, Object(Config\Cache), false)
#10 /var/www/html/public/index.php(67): CodeIgniter\CodeIgniter->run()
#11 {main}
CRITICAL - 2024-04-01 11:05:07 --> pg_query(): Query failed: ERROR:  invalid input syntax for type bigint: &quot; &quot;
LINE 4: WHERE &quot;a&quot;.&quot;eino&quot; = ' '
                           ^
in SYSTEMPATH/Database/Postgre/Connection.php on line 140.
 1 [internal function]: CodeIgniter\Debug\Exceptions->errorHandler(2, 'pg_query(): Query failed: ERROR:  invalid input syntax for type bigint: &quot; &quot;
LINE 4: WHERE &quot;a&quot;.&quot;eino&quot; = \' \'
                           ^', 'SYSTEMPATH/Database/Postgre/Connection.php', 140)
 2 SYSTEMPATH/Database/Postgre/Connection.php(140): pg_query(Object(PgSql\Connection), 'SELECT *
FROM "ac" "a"
JOIN "master"."bar" "b" ON "b"."aor_code" = "a"."aor_code"
WHERE "a"."eino" = \' \'')
 3 SYSTEMPATH/Database/BaseConnection.php(666): CodeIgniter\Database\Postgre\Connection->execute('SELECT *
FROM "ac" "a"
JOIN "master"."bar" "b" ON "b"."aor_code" = "a"."aor_code"
WHERE "a"."eino" = \' \'')
 4 SYSTEMPATH/Database/BaseConnection.php(593): CodeIgniter\Database\BaseConnection->simpleQuery('SELECT *
FROM "ac" "a"
JOIN "master"."bar" "b" ON "b"."aor_code" = "a"."aor_code"
WHERE "a"."eino" = \' \'')
 5 SYSTEMPATH/Database/BaseBuilder.php(1585): CodeIgniter\Database\BaseConnection->query('SELECT *
FROM "ac" "a"
JOIN "master"."bar" "b" ON "b"."aor_code" = "a"."aor_code"
WHERE "a"."eino" = :a.eino:', [...], false)
 6 APPPATH/Models/Record_room/Model_record.php(145): CodeIgniter\Database\BaseBuilder->get()
 7 APPPATH/Controllers/Record_room/Record.php(369): App\Models\Record_room\Model_record->getclerk(' ')
 8 SYSTEMPATH/CodeIgniter.php(925): App\Controllers\Record_room\Record->lst_clerk_search1()
 9 SYSTEMPATH/CodeIgniter.php(480): CodeIgniter\CodeIgniter->runController(Object(App\Controllers\Record_room\Record))
10 SYSTEMPATH/CodeIgniter.php(349): CodeIgniter\CodeIgniter->handleRequest(null, Object(Config\Cache), false)
11 FCPATH/index.php(67): CodeIgniter\CodeIgniter->run()
ERROR - 2024-04-01 11:05:07 --> ErrorException: pg_query(): Query failed: ERROR:  invalid input syntax for type bigint: &quot; &quot;
LINE 4: WHERE &quot;a&quot;.&quot;eino&quot; = ' '
                           ^ in /var/www/html/system/Database/Postgre/Connection.php:140
Stack trace:
#0 [internal function]: CodeIgniter\Debug\Exceptions->errorHandler(2, 'pg_query(): Que...', '/var/www/html/s...', 140)
#1 /var/www/html/system/Database/Postgre/Connection.php(140): pg_query(Object(PgSql\Connection), 'SELECT *\nFROM "...')
#2 /var/www/html/system/Database/BaseConnection.php(666): CodeIgniter\Database\Postgre\Connection->execute('SELECT *\nFROM "...')
#3 /var/www/html/system/Database/BaseConnection.php(593): CodeIgniter\Database\BaseConnection->simpleQuery('SELECT *\nFROM "...')
#4 /var/www/html/system/Database/BaseBuilder.php(1585): CodeIgniter\Database\BaseConnection->query('SELECT *\nFROM "...', Array, false)
#5 /var/www/html/app/Models/Record_room/Model_record.php(145): CodeIgniter\Database\BaseBuilder->get()
#6 /var/www/html/app/Controllers/Record_room/Record.php(369): App\Models\Record_room\Model_record->getclerk(' ')
#7 /var/www/html/system/CodeIgniter.php(925): App\Controllers\Record_room\Record->lst_clerk_search1()
#8 /var/www/html/system/CodeIgniter.php(480): CodeIgniter\CodeIgniter->runController(Object(App\Controllers\Record_room\Record))
#9 /var/www/html/system/CodeIgniter.php(349): CodeIgniter\CodeIgniter->handleRequest(NULL, Object(Config\Cache), false)
#10 /var/www/html/public/index.php(67): CodeIgniter\CodeIgniter->run()
#11 {main}
CRITICAL - 2024-04-01 11:05:07 --> pg_query(): Query failed: ERROR:  invalid input syntax for type bigint: &quot; &quot;
LINE 4: WHERE &quot;a&quot;.&quot;eino&quot; = ' '
                           ^
in SYSTEMPATH/Database/Postgre/Connection.php on line 140.
 1 [internal function]: CodeIgniter\Debug\Exceptions->errorHandler(2, 'pg_query(): Query failed: ERROR:  invalid input syntax for type bigint: &quot; &quot;
LINE 4: WHERE &quot;a&quot;.&quot;eino&quot; = \' \'
                           ^', 'SYSTEMPATH/Database/Postgre/Connection.php', 140)
 2 SYSTEMPATH/Database/Postgre/Connection.php(140): pg_query(Object(PgSql\Connection), 'SELECT *
FROM "ac" "a"
JOIN "master"."bar" "b" ON "b"."aor_code" = "a"."aor_code"
WHERE "a"."eino" = \' \'')
 3 SYSTEMPATH/Database/BaseConnection.php(666): CodeIgniter\Database\Postgre\Connection->execute('SELECT *
FROM "ac" "a"
JOIN "master"."bar" "b" ON "b"."aor_code" = "a"."aor_code"
WHERE "a"."eino" = \' \'')
 4 SYSTEMPATH/Database/BaseConnection.php(593): CodeIgniter\Database\BaseConnection->simpleQuery('SELECT *
FROM "ac" "a"
JOIN "master"."bar" "b" ON "b"."aor_code" = "a"."aor_code"
WHERE "a"."eino" = \' \'')
 5 SYSTEMPATH/Database/BaseBuilder.php(1585): CodeIgniter\Database\BaseConnection->query('SELECT *
FROM "ac" "a"
JOIN "master"."bar" "b" ON "b"."aor_code" = "a"."aor_code"
WHERE "a"."eino" = :a.eino:', [...], false)
 6 APPPATH/Models/Record_room/Model_record.php(145): CodeIgniter\Database\BaseBuilder->get()
 7 APPPATH/Controllers/Record_room/Record.php(369): App\Models\Record_room\Model_record->getclerk(' ')
 8 SYSTEMPATH/CodeIgniter.php(925): App\Controllers\Record_room\Record->lst_clerk_search1()
 9 SYSTEMPATH/CodeIgniter.php(480): CodeIgniter\CodeIgniter->runController(Object(App\Controllers\Record_room\Record))
10 SYSTEMPATH/CodeIgniter.php(349): CodeIgniter\CodeIgniter->handleRequest(null, Object(Config\Cache), false)
11 FCPATH/index.php(67): CodeIgniter\CodeIgniter->run()
ERROR - 2024-04-01 11:05:07 --> ErrorException: pg_query(): Query failed: ERROR:  invalid input syntax for type bigint: &quot; &quot;
LINE 4: WHERE &quot;a&quot;.&quot;eino&quot; = ' '
                           ^ in /var/www/html/system/Database/Postgre/Connection.php:140
Stack trace:
#0 [internal function]: CodeIgniter\Debug\Exceptions->errorHandler(2, 'pg_query(): Que...', '/var/www/html/s...', 140)
#1 /var/www/html/system/Database/Postgre/Connection.php(140): pg_query(Object(PgSql\Connection), 'SELECT *\nFROM "...')
#2 /var/www/html/system/Database/BaseConnection.php(666): CodeIgniter\Database\Postgre\Connection->execute('SELECT *\nFROM "...')
#3 /var/www/html/system/Database/BaseConnection.php(593): CodeIgniter\Database\BaseConnection->simpleQuery('SELECT *\nFROM "...')
#4 /var/www/html/system/Database/BaseBuilder.php(1585): CodeIgniter\Database\BaseConnection->query('SELECT *\nFROM "...', Array, false)
#5 /var/www/html/app/Models/Record_room/Model_record.php(145): CodeIgniter\Database\BaseBuilder->get()
#6 /var/www/html/app/Controllers/Record_room/Record.php(369): App\Models\Record_room\Model_record->getclerk(' ')
#7 /var/www/html/system/CodeIgniter.php(925): App\Controllers\Record_room\Record->lst_clerk_search1()
#8 /var/www/html/system/CodeIgniter.php(480): CodeIgniter\CodeIgniter->runController(Object(App\Controllers\Record_room\Record))
#9 /var/www/html/system/CodeIgniter.php(349): CodeIgniter\CodeIgniter->handleRequest(NULL, Object(Config\Cache), false)
#10 /var/www/html/public/index.php(67): CodeIgniter\CodeIgniter->run()
#11 {main}
CRITICAL - 2024-04-01 11:05:07 --> pg_query(): Query failed: ERROR:  invalid input syntax for type bigint: &quot; &quot;
LINE 4: WHERE &quot;a&quot;.&quot;eino&quot; = ' '
                           ^
in SYSTEMPATH/Database/Postgre/Connection.php on line 140.
 1 [internal function]: CodeIgniter\Debug\Exceptions->errorHandler(2, 'pg_query(): Query failed: ERROR:  invalid input syntax for type bigint: &quot; &quot;
LINE 4: WHERE &quot;a&quot;.&quot;eino&quot; = \' \'
                           ^', 'SYSTEMPATH/Database/Postgre/Connection.php', 140)
 2 SYSTEMPATH/Database/Postgre/Connection.php(140): pg_query(Object(PgSql\Connection), 'SELECT *
FROM "ac" "a"
JOIN "master"."bar" "b" ON "b"."aor_code" = "a"."aor_code"
WHERE "a"."eino" = \' \'')
 3 SYSTEMPATH/Database/BaseConnection.php(666): CodeIgniter\Database\Postgre\Connection->execute('SELECT *
FROM "ac" "a"
JOIN "master"."bar" "b" ON "b"."aor_code" = "a"."aor_code"
WHERE "a"."eino" = \' \'')
 4 SYSTEMPATH/Database/BaseConnection.php(593): CodeIgniter\Database\BaseConnection->simpleQuery('SELECT *
FROM "ac" "a"
JOIN "master"."bar" "b" ON "b"."aor_code" = "a"."aor_code"
WHERE "a"."eino" = \' \'')
 5 SYSTEMPATH/Database/BaseBuilder.php(1585): CodeIgniter\Database\BaseConnection->query('SELECT *
FROM "ac" "a"
JOIN "master"."bar" "b" ON "b"."aor_code" = "a"."aor_code"
WHERE "a"."eino" = :a.eino:', [...], false)
 6 APPPATH/Models/Record_room/Model_record.php(145): CodeIgniter\Database\BaseBuilder->get()
 7 APPPATH/Controllers/Record_room/Record.php(369): App\Models\Record_room\Model_record->getclerk(' ')
 8 SYSTEMPATH/CodeIgniter.php(925): App\Controllers\Record_room\Record->lst_clerk_search1()
 9 SYSTEMPATH/CodeIgniter.php(480): CodeIgniter\CodeIgniter->runController(Object(App\Controllers\Record_room\Record))
10 SYSTEMPATH/CodeIgniter.php(349): CodeIgniter\CodeIgniter->handleRequest(null, Object(Config\Cache), false)
11 FCPATH/index.php(67): CodeIgniter\CodeIgniter->run()
ERROR - 2024-04-01 11:05:07 --> ErrorException: pg_query(): Query failed: ERROR:  invalid input syntax for type bigint: &quot; &quot;
LINE 4: WHERE &quot;a&quot;.&quot;eino&quot; = ' '
                           ^ in /var/www/html/system/Database/Postgre/Connection.php:140
Stack trace:
#0 [internal function]: CodeIgniter\Debug\Exceptions->errorHandler(2, 'pg_query(): Que...', '/var/www/html/s...', 140)
#1 /var/www/html/system/Database/Postgre/Connection.php(140): pg_query(Object(PgSql\Connection), 'SELECT *\nFROM "...')
#2 /var/www/html/system/Database/BaseConnection.php(666): CodeIgniter\Database\Postgre\Connection->execute('SELECT *\nFROM "...')
#3 /var/www/html/system/Database/BaseConnection.php(593): CodeIgniter\Database\BaseConnection->simpleQuery('SELECT *\nFROM "...')
#4 /var/www/html/system/Database/BaseBuilder.php(1585): CodeIgniter\Database\BaseConnection->query('SELECT *\nFROM "...', Array, false)
#5 /var/www/html/app/Models/Record_room/Model_record.php(145): CodeIgniter\Database\BaseBuilder->get()
#6 /var/www/html/app/Controllers/Record_room/Record.php(369): App\Models\Record_room\Model_record->getclerk(' ')
#7 /var/www/html/system/CodeIgniter.php(925): App\Controllers\Record_room\Record->lst_clerk_search1()
#8 /var/www/html/system/CodeIgniter.php(480): CodeIgniter\CodeIgniter->runController(Object(App\Controllers\Record_room\Record))
#9 /var/www/html/system/CodeIgniter.php(349): CodeIgniter\CodeIgniter->handleRequest(NULL, Object(Config\Cache), false)
#10 /var/www/html/public/index.php(67): CodeIgniter\CodeIgniter->run()
#11 {main}
CRITICAL - 2024-04-01 11:05:07 --> pg_query(): Query failed: ERROR:  invalid input syntax for type bigint: &quot; &quot;
LINE 4: WHERE &quot;a&quot;.&quot;eino&quot; = ' '
                           ^
in SYSTEMPATH/Database/Postgre/Connection.php on line 140.
 1 [internal function]: CodeIgniter\Debug\Exceptions->errorHandler(2, 'pg_query(): Query failed: ERROR:  invalid input syntax for type bigint: &quot; &quot;
LINE 4: WHERE &quot;a&quot;.&quot;eino&quot; = \' \'
                           ^', 'SYSTEMPATH/Database/Postgre/Connection.php', 140)
 2 SYSTEMPATH/Database/Postgre/Connection.php(140): pg_query(Object(PgSql\Connection), 'SELECT *
FROM "ac" "a"
JOIN "master"."bar" "b" ON "b"."aor_code" = "a"."aor_code"
WHERE "a"."eino" = \' \'')
 3 SYSTEMPATH/Database/BaseConnection.php(666): CodeIgniter\Database\Postgre\Connection->execute('SELECT *
FROM "ac" "a"
JOIN "master"."bar" "b" ON "b"."aor_code" = "a"."aor_code"
WHERE "a"."eino" = \' \'')
 4 SYSTEMPATH/Database/BaseConnection.php(593): CodeIgniter\Database\BaseConnection->simpleQuery('SELECT *
FROM "ac" "a"
JOIN "master"."bar" "b" ON "b"."aor_code" = "a"."aor_code"
WHERE "a"."eino" = \' \'')
 5 SYSTEMPATH/Database/BaseBuilder.php(1585): CodeIgniter\Database\BaseConnection->query('SELECT *
FROM "ac" "a"
JOIN "master"."bar" "b" ON "b"."aor_code" = "a"."aor_code"
WHERE "a"."eino" = :a.eino:', [...], false)
 6 APPPATH/Models/Record_room/Model_record.php(145): CodeIgniter\Database\BaseBuilder->get()
 7 APPPATH/Controllers/Record_room/Record.php(369): App\Models\Record_room\Model_record->getclerk(' ')
 8 SYSTEMPATH/CodeIgniter.php(925): App\Controllers\Record_room\Record->lst_clerk_search1()
 9 SYSTEMPATH/CodeIgniter.php(480): CodeIgniter\CodeIgniter->runController(Object(App\Controllers\Record_room\Record))
10 SYSTEMPATH/CodeIgniter.php(349): CodeIgniter\CodeIgniter->handleRequest(null, Object(Config\Cache), false)
11 FCPATH/index.php(67): CodeIgniter\CodeIgniter->run()
ERROR - 2024-04-01 11:05:08 --> ErrorException: pg_query(): Query failed: ERROR:  invalid input syntax for type bigint: &quot; &quot;
LINE 4: WHERE &quot;a&quot;.&quot;eino&quot; = ' '
                           ^ in /var/www/html/system/Database/Postgre/Connection.php:140
Stack trace:
#0 [internal function]: CodeIgniter\Debug\Exceptions->errorHandler(2, 'pg_query(): Que...', '/var/www/html/s...', 140)
#1 /var/www/html/system/Database/Postgre/Connection.php(140): pg_query(Object(PgSql\Connection), 'SELECT *\nFROM "...')
#2 /var/www/html/system/Database/BaseConnection.php(666): CodeIgniter\Database\Postgre\Connection->execute('SELECT *\nFROM "...')
#3 /var/www/html/system/Database/BaseConnection.php(593): CodeIgniter\Database\BaseConnection->simpleQuery('SELECT *\nFROM "...')
#4 /var/www/html/system/Database/BaseBuilder.php(1585): CodeIgniter\Database\BaseConnection->query('SELECT *\nFROM "...', Array, false)
#5 /var/www/html/app/Models/Record_room/Model_record.php(145): CodeIgniter\Database\BaseBuilder->get()
#6 /var/www/html/app/Controllers/Record_room/Record.php(369): App\Models\Record_room\Model_record->getclerk(' ')
#7 /var/www/html/system/CodeIgniter.php(925): App\Controllers\Record_room\Record->lst_clerk_search1()
#8 /var/www/html/system/CodeIgniter.php(480): CodeIgniter\CodeIgniter->runController(Object(App\Controllers\Record_room\Record))
#9 /var/www/html/system/CodeIgniter.php(349): CodeIgniter\CodeIgniter->handleRequest(NULL, Object(Config\Cache), false)
#10 /var/www/html/public/index.php(67): CodeIgniter\CodeIgniter->run()
#11 {main}
CRITICAL - 2024-04-01 11:05:08 --> pg_query(): Query failed: ERROR:  invalid input syntax for type bigint: &quot; &quot;
LINE 4: WHERE &quot;a&quot;.&quot;eino&quot; = ' '
                           ^
in SYSTEMPATH/Database/Postgre/Connection.php on line 140.
 1 [internal function]: CodeIgniter\Debug\Exceptions->errorHandler(2, 'pg_query(): Query failed: ERROR:  invalid input syntax for type bigint: &quot; &quot;
LINE 4: WHERE &quot;a&quot;.&quot;eino&quot; = \' \'
                           ^', 'SYSTEMPATH/Database/Postgre/Connection.php', 140)
 2 SYSTEMPATH/Database/Postgre/Connection.php(140): pg_query(Object(PgSql\Connection), 'SELECT *
FROM "ac" "a"
JOIN "master"."bar" "b" ON "b"."aor_code" = "a"."aor_code"
WHERE "a"."eino" = \' \'')
 3 SYSTEMPATH/Database/BaseConnection.php(666): CodeIgniter\Database\Postgre\Connection->execute('SELECT *
FROM "ac" "a"
JOIN "master"."bar" "b" ON "b"."aor_code" = "a"."aor_code"
WHERE "a"."eino" = \' \'')
 4 SYSTEMPATH/Database/BaseConnection.php(593): CodeIgniter\Database\BaseConnection->simpleQuery('SELECT *
FROM "ac" "a"
JOIN "master"."bar" "b" ON "b"."aor_code" = "a"."aor_code"
WHERE "a"."eino" = \' \'')
 5 SYSTEMPATH/Database/BaseBuilder.php(1585): CodeIgniter\Database\BaseConnection->query('SELECT *
FROM "ac" "a"
JOIN "master"."bar" "b" ON "b"."aor_code" = "a"."aor_code"
WHERE "a"."eino" = :a.eino:', [...], false)
 6 APPPATH/Models/Record_room/Model_record.php(145): CodeIgniter\Database\BaseBuilder->get()
 7 APPPATH/Controllers/Record_room/Record.php(369): App\Models\Record_room\Model_record->getclerk(' ')
 8 SYSTEMPATH/CodeIgniter.php(925): App\Controllers\Record_room\Record->lst_clerk_search1()
 9 SYSTEMPATH/CodeIgniter.php(480): CodeIgniter\CodeIgniter->runController(Object(App\Controllers\Record_room\Record))
10 SYSTEMPATH/CodeIgniter.php(349): CodeIgniter\CodeIgniter->handleRequest(null, Object(Config\Cache), false)
11 FCPATH/index.php(67): CodeIgniter\CodeIgniter->run()
ERROR - 2024-04-01 11:05:08 --> ErrorException: pg_query(): Query failed: ERROR:  invalid input syntax for type bigint: &quot; &quot;
LINE 4: WHERE &quot;a&quot;.&quot;eino&quot; = ' '
                           ^ in /var/www/html/system/Database/Postgre/Connection.php:140
Stack trace:
#0 [internal function]: CodeIgniter\Debug\Exceptions->errorHandler(2, 'pg_query(): Que...', '/var/www/html/s...', 140)
#1 /var/www/html/system/Database/Postgre/Connection.php(140): pg_query(Object(PgSql\Connection), 'SELECT *\nFROM "...')
#2 /var/www/html/system/Database/BaseConnection.php(666): CodeIgniter\Database\Postgre\Connection->execute('SELECT *\nFROM "...')
#3 /var/www/html/system/Database/BaseConnection.php(593): CodeIgniter\Database\BaseConnection->simpleQuery('SELECT *\nFROM "...')
#4 /var/www/html/system/Database/BaseBuilder.php(1585): CodeIgniter\Database\BaseConnection->query('SELECT *\nFROM "...', Array, false)
#5 /var/www/html/app/Models/Record_room/Model_record.php(145): CodeIgniter\Database\BaseBuilder->get()
#6 /var/www/html/app/Controllers/Record_room/Record.php(369): App\Models\Record_room\Model_record->getclerk(' ')
#7 /var/www/html/system/CodeIgniter.php(925): App\Controllers\Record_room\Record->lst_clerk_search1()
#8 /var/www/html/system/CodeIgniter.php(480): CodeIgniter\CodeIgniter->runController(Object(App\Controllers\Record_room\Record))
#9 /var/www/html/system/CodeIgniter.php(349): CodeIgniter\CodeIgniter->handleRequest(NULL, Object(Config\Cache), false)
#10 /var/www/html/public/index.php(67): CodeIgniter\CodeIgniter->run()
#11 {main}
CRITICAL - 2024-04-01 11:05:08 --> pg_query(): Query failed: ERROR:  invalid input syntax for type bigint: &quot; &quot;
LINE 4: WHERE &quot;a&quot;.&quot;eino&quot; = ' '
                           ^
in SYSTEMPATH/Database/Postgre/Connection.php on line 140.
 1 [internal function]: CodeIgniter\Debug\Exceptions->errorHandler(2, 'pg_query(): Query failed: ERROR:  invalid input syntax for type bigint: &quot; &quot;
LINE 4: WHERE &quot;a&quot;.&quot;eino&quot; = \' \'
                           ^', 'SYSTEMPATH/Database/Postgre/Connection.php', 140)
 2 SYSTEMPATH/Database/Postgre/Connection.php(140): pg_query(Object(PgSql\Connection), 'SELECT *
FROM "ac" "a"
JOIN "master"."bar" "b" ON "b"."aor_code" = "a"."aor_code"
WHERE "a"."eino" = \' \'')
 3 SYSTEMPATH/Database/BaseConnection.php(666): CodeIgniter\Database\Postgre\Connection->execute('SELECT *
FROM "ac" "a"
JOIN "master"."bar" "b" ON "b"."aor_code" = "a"."aor_code"
WHERE "a"."eino" = \' \'')
 4 SYSTEMPATH/Database/BaseConnection.php(593): CodeIgniter\Database\BaseConnection->simpleQuery('SELECT *
FROM "ac" "a"
JOIN "master"."bar" "b" ON "b"."aor_code" = "a"."aor_code"
WHERE "a"."eino" = \' \'')
 5 SYSTEMPATH/Database/BaseBuilder.php(1585): CodeIgniter\Database\BaseConnection->query('SELECT *
FROM "ac" "a"
JOIN "master"."bar" "b" ON "b"."aor_code" = "a"."aor_code"
WHERE "a"."eino" = :a.eino:', [...], false)
 6 APPPATH/Models/Record_room/Model_record.php(145): CodeIgniter\Database\BaseBuilder->get()
 7 APPPATH/Controllers/Record_room/Record.php(369): App\Models\Record_room\Model_record->getclerk(' ')
 8 SYSTEMPATH/CodeIgniter.php(925): App\Controllers\Record_room\Record->lst_clerk_search1()
 9 SYSTEMPATH/CodeIgniter.php(480): CodeIgniter\CodeIgniter->runController(Object(App\Controllers\Record_room\Record))
10 SYSTEMPATH/CodeIgniter.php(349): CodeIgniter\CodeIgniter->handleRequest(null, Object(Config\Cache), false)
11 FCPATH/index.php(67): CodeIgniter\CodeIgniter->run()
CRITICAL - 2024-04-01 00:44:17 --> The action you requested is not allowed.
in SYSTEMPATH/Security/Security.php on line 307.
 1 SYSTEMPATH/Security/Security.php(307): CodeIgniter\Security\Exceptions\SecurityException::forDisallowedAction()
 2 SYSTEMPATH/Filters/CSRF.php(55): CodeIgniter\Security\Security->verify(Object(CodeIgniter\HTTP\IncomingRequest))
 3 SYSTEMPATH/Filters/Filters.php(173): CodeIgniter\Filters\CSRF->before(Object(CodeIgniter\HTTP\IncomingRequest), null)
 4 SYSTEMPATH/CodeIgniter.php(453): CodeIgniter\Filters\Filters->run('Filing/Diary/search', 'before')
 5 SYSTEMPATH/CodeIgniter.php(349): CodeIgniter\CodeIgniter->handleRequest(null, Object(Config\Cache), false)
 6 FCPATH/index.php(67): CodeIgniter\CodeIgniter->run()
CRITICAL - 2024-04-01 12:51:26 --> sizeof(): Argument #1 ($value) must be of type Countable|array, null given
in APPPATH/Views/PIL/addEditPilGroupData.php on line 124.
 1 SYSTEMPATH/View/View.php(213): include()
 2 SYSTEMPATH/View/View.php(216): CodeIgniter\View\View->CodeIgniter\View\{closure}()
 3 SYSTEMPATH/Common.php(1135): CodeIgniter\View\View->render('PIL/addEditPilGroupData', [], true)
 4 APPPATH/Controllers/PIL/PilController.php(209): view('PIL/addEditPilGroupData', [...])
 5 SYSTEMPATH/CodeIgniter.php(925): App\Controllers\PIL\PilController->editPilGroupData('0')
 6 SYSTEMPATH/CodeIgniter.php(480): CodeIgniter\CodeIgniter->runController(Object(App\Controllers\PIL\PilController))
 7 SYSTEMPATH/CodeIgniter.php(349): CodeIgniter\CodeIgniter->handleRequest(null, Object(Config\Cache), false)
 8 FCPATH/index.php(67): CodeIgniter\CodeIgniter->run()
CRITICAL - 2024-04-01 12:51:33 --> sizeof(): Argument #1 ($value) must be of type Countable|array, null given
in APPPATH/Views/PIL/addEditPilGroupData.php on line 124.
 1 SYSTEMPATH/View/View.php(213): include()
 2 SYSTEMPATH/View/View.php(216): CodeIgniter\View\View->CodeIgniter\View\{closure}()
 3 SYSTEMPATH/Common.php(1135): CodeIgniter\View\View->render('PIL/addEditPilGroupData', [], true)
 4 APPPATH/Controllers/PIL/PilController.php(209): view('PIL/addEditPilGroupData', [...])
 5 SYSTEMPATH/CodeIgniter.php(925): App\Controllers\PIL\PilController->editPilGroupData('0')
 6 SYSTEMPATH/CodeIgniter.php(480): CodeIgniter\CodeIgniter->runController(Object(App\Controllers\PIL\PilController))
 7 SYSTEMPATH/CodeIgniter.php(349): CodeIgniter\CodeIgniter->handleRequest(null, Object(Config\Cache), false)
 8 FCPATH/index.php(67): CodeIgniter\CodeIgniter->run()
CRITICAL - 2024-04-01 12:54:39 --> strtotime(): Passing null to parameter #1 ($datetime) of type string is deprecated
in APPPATH/Views/RI/Receipt/getDispatchReceiptDak.php on line 38.
 1 [internal function]: CodeIgniter\Debug\Exceptions->errorHandler(8192, 'strtotime(): Passing null to parameter #1 ($datetime) of type string is deprecated', 'APPPATH/Views/RI/Receipt/getDispatchReceiptDak.php', 38)
 2 APPPATH/Views/RI/Receipt/getDispatchReceiptDak.php(38): strtotime(null)
 3 SYSTEMPATH/View/View.php(213): include('APPPATH/Views/RI/Receipt/getDispatchReceiptDak.php')
 4 SYSTEMPATH/View/View.php(216): CodeIgniter\View\View->CodeIgniter\View\{closure}()
 5 SYSTEMPATH/Common.php(1135): CodeIgniter\View\View->render('RI/Receipt/getDispatchReceiptDak', [], true)
 6 APPPATH/Controllers/RI/ReceiptController.php(617): view('RI/Receipt/getDispatchReceiptDak', [...])
 7 SYSTEMPATH/CodeIgniter.php(925): App\Controllers\RI\ReceiptController->getDispatchData()
 8 SYSTEMPATH/CodeIgniter.php(480): CodeIgniter\CodeIgniter->runController(Object(App\Controllers\RI\ReceiptController))
 9 SYSTEMPATH/CodeIgniter.php(349): CodeIgniter\CodeIgniter->handleRequest(null, Object(Config\Cache), false)
10 FCPATH/index.php(67): CodeIgniter\CodeIgniter->run()
CRITICAL - 2024-04-01 02:30:21 --> The action you requested is not allowed.
in SYSTEMPATH/Security/Security.php on line 307.
 1 SYSTEMPATH/Security/Security.php(307): CodeIgniter\Security\Exceptions\SecurityException::forDisallowedAction()
 2 SYSTEMPATH/Filters/CSRF.php(55): CodeIgniter\Security\Security->verify(Object(CodeIgniter\HTTP\IncomingRequest))
 3 SYSTEMPATH/Filters/Filters.php(173): CodeIgniter\Filters\CSRF->before(Object(CodeIgniter\HTTP\IncomingRequest), null)
 4 SYSTEMPATH/CodeIgniter.php(453): CodeIgniter\Filters\Filters->run('RI/ReceiptController/getDispatchData', 'before')
 5 SYSTEMPATH/CodeIgniter.php(349): CodeIgniter\CodeIgniter->handleRequest(null, Object(Config\Cache), false)
 6 FCPATH/index.php(67): CodeIgniter\CodeIgniter->run()
CRITICAL - 2024-04-01 02:30:23 --> The action you requested is not allowed.
in SYSTEMPATH/Security/Security.php on line 307.
 1 SYSTEMPATH/Security/Security.php(307): CodeIgniter\Security\Exceptions\SecurityException::forDisallowedAction()
 2 SYSTEMPATH/Filters/CSRF.php(55): CodeIgniter\Security\Security->verify(Object(CodeIgniter\HTTP\IncomingRequest))
 3 SYSTEMPATH/Filters/Filters.php(173): CodeIgniter\Filters\CSRF->before(Object(CodeIgniter\HTTP\IncomingRequest), null)
 4 SYSTEMPATH/CodeIgniter.php(453): CodeIgniter\Filters\Filters->run('RI/ReceiptController/getDispatchData', 'before')
 5 SYSTEMPATH/CodeIgniter.php(349): CodeIgniter\CodeIgniter->handleRequest(null, Object(Config\Cache), false)
 6 FCPATH/index.php(67): CodeIgniter\CodeIgniter->run()
CRITICAL - 2024-04-01 02:30:27 --> The action you requested is not allowed.
in SYSTEMPATH/Security/Security.php on line 307.
 1 SYSTEMPATH/Security/Security.php(307): CodeIgniter\Security\Exceptions\SecurityException::forDisallowedAction()
 2 SYSTEMPATH/Filters/CSRF.php(55): CodeIgniter\Security\Security->verify(Object(CodeIgniter\HTTP\IncomingRequest))
 3 SYSTEMPATH/Filters/Filters.php(173): CodeIgniter\Filters\CSRF->before(Object(CodeIgniter\HTTP\IncomingRequest), null)
 4 SYSTEMPATH/CodeIgniter.php(453): CodeIgniter\Filters\Filters->run('RI/ReceiptController/getDispatchData', 'before')
 5 SYSTEMPATH/CodeIgniter.php(349): CodeIgniter\CodeIgniter->handleRequest(null, Object(Config\Cache), false)
 6 FCPATH/index.php(67): CodeIgniter\CodeIgniter->run()
CRITICAL - 2024-04-01 13:01:01 --> strtotime(): Passing null to parameter #1 ($datetime) of type string is deprecated
in APPPATH/Views/RI/Receipt/getDispatchReceiptDak.php on line 38.
 1 [internal function]: CodeIgniter\Debug\Exceptions->errorHandler(8192, 'strtotime(): Passing null to parameter #1 ($datetime) of type string is deprecated', 'APPPATH/Views/RI/Receipt/getDispatchReceiptDak.php', 38)
 2 APPPATH/Views/RI/Receipt/getDispatchReceiptDak.php(38): strtotime(null)
 3 SYSTEMPATH/View/View.php(213): include('APPPATH/Views/RI/Receipt/getDispatchReceiptDak.php')
 4 SYSTEMPATH/View/View.php(216): CodeIgniter\View\View->CodeIgniter\View\{closure}()
 5 SYSTEMPATH/Common.php(1135): CodeIgniter\View\View->render('RI/Receipt/getDispatchReceiptDak', [], true)
 6 APPPATH/Controllers/RI/ReceiptController.php(617): view('RI/Receipt/getDispatchReceiptDak', [...])
 7 SYSTEMPATH/CodeIgniter.php(925): App\Controllers\RI\ReceiptController->getDispatchData()
 8 SYSTEMPATH/CodeIgniter.php(480): CodeIgniter\CodeIgniter->runController(Object(App\Controllers\RI\ReceiptController))
 9 SYSTEMPATH/CodeIgniter.php(349): CodeIgniter\CodeIgniter->handleRequest(null, Object(Config\Cache), false)
10 FCPATH/index.php(67): CodeIgniter\CodeIgniter->run()
CRITICAL - 2024-04-01 14:06:52 --> strtotime(): Passing null to parameter #1 ($datetime) of type string is deprecated
in APPPATH/Views/RI/Receipt/getDispatchReceiptDak.php on line 38.
 1 [internal function]: CodeIgniter\Debug\Exceptions->errorHandler(8192, 'strtotime(): Passing null to parameter #1 ($datetime) of type string is deprecated', 'APPPATH/Views/RI/Receipt/getDispatchReceiptDak.php', 38)
 2 APPPATH/Views/RI/Receipt/getDispatchReceiptDak.php(38): strtotime(null)
 3 SYSTEMPATH/View/View.php(213): include('APPPATH/Views/RI/Receipt/getDispatchReceiptDak.php')
 4 SYSTEMPATH/View/View.php(216): CodeIgniter\View\View->CodeIgniter\View\{closure}()
 5 SYSTEMPATH/Common.php(1135): CodeIgniter\View\View->render('RI/Receipt/getDispatchReceiptDak', [], true)
 6 APPPATH/Controllers/RI/ReceiptController.php(617): view('RI/Receipt/getDispatchReceiptDak', [...])
 7 SYSTEMPATH/CodeIgniter.php(925): App\Controllers\RI\ReceiptController->getDispatchData()
 8 SYSTEMPATH/CodeIgniter.php(480): CodeIgniter\CodeIgniter->runController(Object(App\Controllers\RI\ReceiptController))
 9 SYSTEMPATH/CodeIgniter.php(349): CodeIgniter\CodeIgniter->handleRequest(null, Object(Config\Cache), false)
10 FCPATH/index.php(67): CodeIgniter\CodeIgniter->run()
CRITICAL - 2024-04-01 15:40:30 --> Too few arguments to function App\Models\Reports\Copying\ReportModel::getView(), 1 passed in /var/www/html/app/Controllers/Reports/Copying/Report.php on line 309 and exactly 7 expected
in APPPATH/Models/Reports/Copying/ReportModel.php on line 357.
 1 APPPATH/Controllers/Reports/Copying/Report.php(309): App\Models\Reports\Copying\ReportModel->getView([...])
 2 SYSTEMPATH/CodeIgniter.php(925): App\Controllers\Reports\Copying\Report->view_search()
 3 SYSTEMPATH/CodeIgniter.php(480): CodeIgniter\CodeIgniter->runController(Object(App\Controllers\Reports\Copying\Report))
 4 SYSTEMPATH/CodeIgniter.php(349): CodeIgniter\CodeIgniter->handleRequest(null, Object(Config\Cache), false)
 5 FCPATH/index.php(67): CodeIgniter\CodeIgniter->run()
CRITICAL - 2024-04-01 15:40:47 --> Too few arguments to function App\Models\Reports\Copying\ReportModel::getView(), 1 passed in /var/www/html/app/Controllers/Reports/Copying/Report.php on line 309 and exactly 7 expected
in APPPATH/Models/Reports/Copying/ReportModel.php on line 357.
 1 APPPATH/Controllers/Reports/Copying/Report.php(309): App\Models\Reports\Copying\ReportModel->getView([...])
 2 SYSTEMPATH/CodeIgniter.php(925): App\Controllers\Reports\Copying\Report->view_search()
 3 SYSTEMPATH/CodeIgniter.php(480): CodeIgniter\CodeIgniter->runController(Object(App\Controllers\Reports\Copying\Report))
 4 SYSTEMPATH/CodeIgniter.php(349): CodeIgniter\CodeIgniter->handleRequest(null, Object(Config\Cache), false)
 5 FCPATH/index.php(67): CodeIgniter\CodeIgniter->run()
ERROR - 2024-04-01 16:14:53 --> ErrorException: pg_query(): Query failed: ERROR:  invalid input syntax for type integer: &quot;&quot;
LINE 1: ...pdated_by&quot;, &quot;updated_by_ip&quot;) VALUES ('114582023', '', '1264'...
                                                             ^ in /var/www/html/system/Database/Postgre/Connection.php:140
Stack trace:
#0 [internal function]: CodeIgniter\Debug\Exceptions->errorHandler(2, 'pg_query(): Que...', '/var/www/html/s...', 140)
#1 /var/www/html/system/Database/Postgre/Connection.php(140): pg_query(Object(PgSql\Connection), 'INSERT INTO "se...')
#2 /var/www/html/system/Database/BaseConnection.php(666): CodeIgniter\Database\Postgre\Connection->execute('INSERT INTO "se...')
#3 /var/www/html/system/Database/BaseConnection.php(593): CodeIgniter\Database\BaseConnection->simpleQuery('INSERT INTO "se...')
#4 /var/www/html/system/Database/BaseBuilder.php(1916): CodeIgniter\Database\BaseConnection->query('INSERT INTO "se...', Array, false)
#5 /var/www/html/app/Helpers/common_helper.php(35): CodeIgniter\Database\BaseBuilder->insert(Array)
#6 /var/www/html/app/Controllers/Judicial/Sentence/Sentence.php(290): insert('sentence_period', Array)
#7 /var/www/html/system/CodeIgniter.php(925): App\Controllers\Judicial\Sentence\Sentence->add_period_undergone()
#8 /var/www/html/system/CodeIgniter.php(480): CodeIgniter\CodeIgniter->runController(Object(App\Controllers\Judicial\Sentence\Sentence))
#9 /var/www/html/system/CodeIgniter.php(349): CodeIgniter\CodeIgniter->handleRequest(NULL, Object(Config\Cache), false)
#10 /var/www/html/public/index.php(67): CodeIgniter\CodeIgniter->run()
#11 {main}
CRITICAL - 2024-04-01 16:14:53 --> pg_query(): Query failed: ERROR:  invalid input syntax for type integer: &quot;&quot;
LINE 1: ...pdated_by&quot;, &quot;updated_by_ip&quot;) VALUES ('114582023', '', '1264'...
                                                             ^
in SYSTEMPATH/Database/Postgre/Connection.php on line 140.
 1 [internal function]: CodeIgniter\Debug\Exceptions->errorHandler(2, 'pg_query(): Query failed: ERROR:  invalid input syntax for type integer: &quot;&quot;
LINE 1: ...pdated_by&quot;, &quot;updated_by_ip&quot;) VALUES (\'114582023\', \'\', \'1264\'...
                                                             ^', 'SYSTEMPATH/Database/Postgre/Connection.php', 140)
 2 SYSTEMPATH/Database/Postgre/Connection.php(140): pg_query(Object(PgSql\Connection), 'INSERT INTO "sentence_period" ("diary_no", "sentence_yr", "ucode", "entdt", "sentence_mth", "lower_court_id", "accused_id", "display", "create_modify", "updated_by", "updated_by_ip") VALUES (\'114582023\', \'\', \'1264\', \'2024-04-01 16:14:53\', \'\', \'6919310\', \'3663439\', \'Y\', \'2024-04-01 16:14:53\', \'1264\', \'10.40.186.43\')')
 3 SYSTEMPATH/Database/BaseConnection.php(666): CodeIgniter\Database\Postgre\Connection->execute('INSERT INTO "sentence_period" ("diary_no", "sentence_yr", "ucode", "entdt", "sentence_mth", "lower_court_id", "accused_id", "display", "create_modify", "updated_by", "updated_by_ip") VALUES (\'114582023\', \'\', \'1264\', \'2024-04-01 16:14:53\', \'\', \'6919310\', \'3663439\', \'Y\', \'2024-04-01 16:14:53\', \'1264\', \'10.40.186.43\')')
 4 SYSTEMPATH/Database/BaseConnection.php(593): CodeIgniter\Database\BaseConnection->simpleQuery('INSERT INTO "sentence_period" ("diary_no", "sentence_yr", "ucode", "entdt", "sentence_mth", "lower_court_id", "accused_id", "display", "create_modify", "updated_by", "updated_by_ip") VALUES (\'114582023\', \'\', \'1264\', \'2024-04-01 16:14:53\', \'\', \'6919310\', \'3663439\', \'Y\', \'2024-04-01 16:14:53\', \'1264\', \'10.40.186.43\')')
 5 SYSTEMPATH/Database/BaseBuilder.php(1916): CodeIgniter\Database\BaseConnection->query('INSERT INTO "sentence_period" ("diary_no", "sentence_yr", "ucode", "entdt", "sentence_mth", "lower_court_id", "accused_id", "display", "create_modify", "updated_by", "updated_by_ip") VALUES (:diary_no:, :sentence_yr:, :ucode:, :entdt:, :sentence_mth:, :lower_court_id:, :accused_id:, :display:, :create_modify:, :updated_by:, :updated_by_ip:)', [...], false)
 6 APPPATH/Helpers/common_helper.php(35): CodeIgniter\Database\BaseBuilder->insert([...])
 7 APPPATH/Controllers/Judicial/Sentence/Sentence.php(290): insert('sentence_period', [...])
 8 SYSTEMPATH/CodeIgniter.php(925): App\Controllers\Judicial\Sentence\Sentence->add_period_undergone()
 9 SYSTEMPATH/CodeIgniter.php(480): CodeIgniter\CodeIgniter->runController(Object(App\Controllers\Judicial\Sentence\Sentence))
10 SYSTEMPATH/CodeIgniter.php(349): CodeIgniter\CodeIgniter->handleRequest(null, Object(Config\Cache), false)
11 FCPATH/index.php(67): CodeIgniter\CodeIgniter->run()
