CRITICAL - 2023-10-15 22:22:58 --> Class "Efiling_webservices" not found
in APPPATH/Controllers/Filing/Diary.php on line 15.
 1 SYSTEMPATH/CodeIgniter.php(887): App\Controllers\Filing\Diary->__construct()
 2 SYSTEMPATH/CodeIgniter.php(471): CodeIgniter\CodeIgniter->createController()
 3 SYSTEMPATH/CodeIgniter.php(349): CodeIgniter\CodeIgniter->handleRequest(null, Object(Config\Cache), false)
 4 FCPATH/index.php(67): CodeIgniter\CodeIgniter->run()
CRITICAL - 2023-10-15 22:24:08 --> Creation of dynamic property App\Controllers\Filing\Diary::$efiling_webservices is deprecated
in APPPATH/Controllers/Filing/Diary.php on line 15.
 1 APPPATH/Controllers/Filing/Diary.php(15): CodeIgniter\Debug\Exceptions->errorHandler(8192, 'Creation of dynamic property App\\Controllers\\Filing\\Diary::$efiling_webservices is deprecated', 'APPPATH/Controllers/Filing/Diary.php', 15)
 2 SYSTEMPATH/CodeIgniter.php(887): App\Controllers\Filing\Diary->__construct()
 3 SYSTEMPATH/CodeIgniter.php(471): CodeIgniter\CodeIgniter->createController()
 4 SYSTEMPATH/CodeIgniter.php(349): CodeIgniter\CodeIgniter->handleRequest(null, Object(Config\Cache), false)
 5 FCPATH/index.php(67): CodeIgniter\CodeIgniter->run()
CRITICAL - 2023-10-15 22:25:13 --> Creation of dynamic property App\Controllers\Filing\Diary::$LoginModel is deprecated
in APPPATH/Controllers/Filing/Diary.php on line 17.
 1 APPPATH/Controllers/Filing/Diary.php(17): CodeIgniter\Debug\Exceptions->errorHandler(8192, 'Creation of dynamic property App\\Controllers\\Filing\\Diary::$LoginModel is deprecated', 'APPPATH/Controllers/Filing/Diary.php', 17)
 2 SYSTEMPATH/CodeIgniter.php(887): App\Controllers\Filing\Diary->__construct()
 3 SYSTEMPATH/CodeIgniter.php(471): CodeIgniter\CodeIgniter->createController()
 4 SYSTEMPATH/CodeIgniter.php(349): CodeIgniter\CodeIgniter->handleRequest(null, Object(Config\Cache), false)
 5 FCPATH/index.php(67): CodeIgniter\CodeIgniter->run()
CRITICAL - 2023-10-15 22:26:36 --> Creation of dynamic property App\Controllers\Filing\Diary::$db is deprecated
in APPPATH/Controllers/Filing/Diary.php on line 16.
 1 APPPATH/Controllers/Filing/Diary.php(16): CodeIgniter\Debug\Exceptions->errorHandler(8192, 'Creation of dynamic property App\\Controllers\\Filing\\Diary::$db is deprecated', 'APPPATH/Controllers/Filing/Diary.php', 16)
 2 SYSTEMPATH/CodeIgniter.php(887): App\Controllers\Filing\Diary->__construct()
 3 SYSTEMPATH/CodeIgniter.php(471): CodeIgniter\CodeIgniter->createController()
 4 SYSTEMPATH/CodeIgniter.php(349): CodeIgniter\CodeIgniter->handleRequest(null, Object(Config\Cache), false)
 5 FCPATH/index.php(67): CodeIgniter\CodeIgniter->run()
CRITICAL - 2023-10-15 22:27:20 --> Creation of dynamic property App\Controllers\Filing\Diary::$LoginModel is deprecated
in APPPATH/Controllers/Filing/Diary.php on line 18.
 1 APPPATH/Controllers/Filing/Diary.php(18): CodeIgniter\Debug\Exceptions->errorHandler(8192, 'Creation of dynamic property App\\Controllers\\Filing\\Diary::$LoginModel is deprecated', 'APPPATH/Controllers/Filing/Diary.php', 18)
 2 SYSTEMPATH/CodeIgniter.php(887): App\Controllers\Filing\Diary->__construct()
 3 SYSTEMPATH/CodeIgniter.php(471): CodeIgniter\CodeIgniter->createController()
 4 SYSTEMPATH/CodeIgniter.php(349): CodeIgniter\CodeIgniter->handleRequest(null, Object(Config\Cache), false)
 5 FCPATH/index.php(67): CodeIgniter\CodeIgniter->run()
CRITICAL - 2023-10-15 22:29:01 --> Creation of dynamic property App\Controllers\Filing\Diary::$LoginModel is deprecated
in APPPATH/Controllers/Filing/Diary.php on line 18.
 1 APPPATH/Controllers/Filing/Diary.php(18): CodeIgniter\Debug\Exceptions->errorHandler(8192, 'Creation of dynamic property App\\Controllers\\Filing\\Diary::$LoginModel is deprecated', 'APPPATH/Controllers/Filing/Diary.php', 18)
 2 SYSTEMPATH/CodeIgniter.php(887): App\Controllers\Filing\Diary->__construct()
 3 SYSTEMPATH/CodeIgniter.php(471): CodeIgniter\CodeIgniter->createController()
 4 SYSTEMPATH/CodeIgniter.php(349): CodeIgniter\CodeIgniter->handleRequest(null, Object(Config\Cache), false)
 5 FCPATH/index.php(67): CodeIgniter\CodeIgniter->run()
CRITICAL - 2023-10-15 22:31:10 --> Creation of dynamic property App\Controllers\Filing\Diary::$efiling_webservices is deprecated
in APPPATH/Controllers/Filing/Diary.php on line 18.
 1 APPPATH/Controllers/Filing/Diary.php(18): CodeIgniter\Debug\Exceptions->errorHandler(8192, 'Creation of dynamic property App\\Controllers\\Filing\\Diary::$efiling_webservices is deprecated', 'APPPATH/Controllers/Filing/Diary.php', 18)
 2 SYSTEMPATH/CodeIgniter.php(887): App\Controllers\Filing\Diary->__construct()
 3 SYSTEMPATH/CodeIgniter.php(471): CodeIgniter\CodeIgniter->createController()
 4 SYSTEMPATH/CodeIgniter.php(349): CodeIgniter\CodeIgniter->handleRequest(null, Object(Config\Cache), false)
 5 FCPATH/index.php(67): CodeIgniter\CodeIgniter->run()
CRITICAL - 2023-10-15 22:31:59 --> Class "App\Controllers\Filing\Efiling_webservices" not found
in APPPATH/Controllers/Filing/Diary.php on line 19.
 1 SYSTEMPATH/CodeIgniter.php(887): App\Controllers\Filing\Diary->__construct()
 2 SYSTEMPATH/CodeIgniter.php(471): CodeIgniter\CodeIgniter->createController()
 3 SYSTEMPATH/CodeIgniter.php(349): CodeIgniter\CodeIgniter->handleRequest(null, Object(Config\Cache), false)
 4 FCPATH/index.php(67): CodeIgniter\CodeIgniter->run()
CRITICAL - 2023-10-15 22:56:52 --> Creation of dynamic property App\Controllers\Filing\Diary::$highcourt_webservices is deprecated
in APPPATH/Controllers/Filing/Diary.php on line 20.
 1 APPPATH/Controllers/Filing/Diary.php(20): CodeIgniter\Debug\Exceptions->errorHandler(8192, 'Creation of dynamic property App\\Controllers\\Filing\\Diary::$highcourt_webservices is deprecated', 'APPPATH/Controllers/Filing/Diary.php', 20)
 2 SYSTEMPATH/CodeIgniter.php(887): App\Controllers\Filing\Diary->__construct()
 3 SYSTEMPATH/CodeIgniter.php(471): CodeIgniter\CodeIgniter->createController()
 4 SYSTEMPATH/CodeIgniter.php(349): CodeIgniter\CodeIgniter->handleRequest(null, Object(Config\Cache), false)
 5 FCPATH/index.php(67): CodeIgniter\CodeIgniter->run()
CRITICAL - 2023-10-15 22:58:43 --> Class "App\Controllers\Common\BaseController" not found
in APPPATH/Controllers/Common/Ajaxcalls.php on line 6.
 1 SYSTEMPATH/Router/AutoRouter.php(147): include_once()
 2 SYSTEMPATH/Router/Router.php(499): CodeIgniter\Router\AutoRouter->getRoute('Common/Ajaxcalls/search_case_details')
 3 SYSTEMPATH/Router/Router.php(205): CodeIgniter\Router\Router->autoRoute('Common/Ajaxcalls/search_case_details')
 4 SYSTEMPATH/CodeIgniter.php(800): CodeIgniter\Router\Router->handle('Common/Ajaxcalls/search_case_details')
 5 SYSTEMPATH/CodeIgniter.php(428): CodeIgniter\CodeIgniter->tryToRouteIt(Object(CodeIgniter\Router\RouteCollection))
 6 SYSTEMPATH/CodeIgniter.php(349): CodeIgniter\CodeIgniter->handleRequest(null, Object(Config\Cache), false)
 7 FCPATH/index.php(67): CodeIgniter\CodeIgniter->run()
