CRITICAL - 2024-02-06 11:47:48 --> Undefined array key 0
in APPPATH/Views/Coram/coram_query.php on line 44.
 1 APPPATH/Views/Coram/coram_query.php(44): CodeIgniter\Debug\Exceptions->errorHandler(2, 'Undefined array key 0', 'APPPATH/Views/Coram/coram_query.php', 44)
 2 SYSTEMPATH/View/View.php(213): include('APPPATH/Views/Coram/coram_query.php')
 3 SYSTEMPATH/View/View.php(216): CodeIgniter\View\View->CodeIgniter\View\{closure}()
 4 SYSTEMPATH/Common.php(1135): CodeIgniter\View\View->render('Coram/coram_query', [], true)
 5 APPPATH/Controllers/Coram/Coram_query.php(56): view('Coram/coram_query', [...])
 6 SYSTEMPATH/CodeIgniter.php(925): App\Controllers\Coram\Coram_query->index()
 7 SYSTEMPATH/CodeIgniter.php(480): CodeIgniter\CodeIgniter->runController(Object(App\Controllers\Coram\Coram_query))
 8 SYSTEMPATH/CodeIgniter.php(349): CodeIgniter\CodeIgniter->handleRequest(null, Object(Config\Cache), false)
 9 FCPATH/index.php(67): CodeIgniter\CodeIgniter->run()
CRITICAL - 2024-02-06 11:48:33 --> Undefined array key 0
in APPPATH/Views/Coram/coram_query.php on line 44.
 1 APPPATH/Views/Coram/coram_query.php(44): CodeIgniter\Debug\Exceptions->errorHandler(2, 'Undefined array key 0', 'APPPATH/Views/Coram/coram_query.php', 44)
 2 SYSTEMPATH/View/View.php(213): include('APPPATH/Views/Coram/coram_query.php')
 3 SYSTEMPATH/View/View.php(216): CodeIgniter\View\View->CodeIgniter\View\{closure}()
 4 SYSTEMPATH/Common.php(1135): CodeIgniter\View\View->render('Coram/coram_query', [], true)
 5 APPPATH/Controllers/Coram/Coram_query.php(56): view('Coram/coram_query', [...])
 6 SYSTEMPATH/CodeIgniter.php(925): App\Controllers\Coram\Coram_query->index()
 7 SYSTEMPATH/CodeIgniter.php(480): CodeIgniter\CodeIgniter->runController(Object(App\Controllers\Coram\Coram_query))
 8 SYSTEMPATH/CodeIgniter.php(349): CodeIgniter\CodeIgniter->handleRequest(null, Object(Config\Cache), false)
 9 FCPATH/index.php(67): CodeIgniter\CodeIgniter->run()
CRITICAL - 2024-02-06 00:35:49 --> The action you requested is not allowed.
in SYSTEMPATH/Security/Security.php on line 307.
 1 SYSTEMPATH/Security/Security.php(307): CodeIgniter\Security\Exceptions\SecurityException::forDisallowedAction()
 2 SYSTEMPATH/Filters/CSRF.php(55): CodeIgniter\Security\Security->verify(Object(CodeIgniter\HTTP\IncomingRequest))
 3 SYSTEMPATH/Filters/Filters.php(173): CodeIgniter\Filters\CSRF->before(Object(CodeIgniter\HTTP\IncomingRequest), null)
 4 SYSTEMPATH/CodeIgniter.php(453): CodeIgniter\Filters\Filters->run('Supreme_court/Content', 'before')
 5 SYSTEMPATH/CodeIgniter.php(349): CodeIgniter\CodeIgniter->handleRequest(null, Object(Config\Cache), false)
 6 FCPATH/index.php(67): CodeIgniter\CodeIgniter->run()
CRITICAL - 2024-02-06 00:37:15 --> The action you requested is not allowed.
in SYSTEMPATH/Security/Security.php on line 307.
 1 SYSTEMPATH/Security/Security.php(307): CodeIgniter\Security\Exceptions\SecurityException::forDisallowedAction()
 2 SYSTEMPATH/Filters/CSRF.php(55): CodeIgniter\Security\Security->verify(Object(CodeIgniter\HTTP\IncomingRequest))
 3 SYSTEMPATH/Filters/Filters.php(173): CodeIgniter\Filters\CSRF->before(Object(CodeIgniter\HTTP\IncomingRequest), null)
 4 SYSTEMPATH/CodeIgniter.php(453): CodeIgniter\Filters\Filters->run('Supreme_court/Content', 'before')
 5 SYSTEMPATH/CodeIgniter.php(349): CodeIgniter\CodeIgniter->handleRequest(null, Object(Config\Cache), false)
 6 FCPATH/index.php(67): CodeIgniter\CodeIgniter->run()
CRITICAL - 2024-02-06 00:42:05 --> The action you requested is not allowed.
in SYSTEMPATH/Security/Security.php on line 307.
 1 SYSTEMPATH/Security/Security.php(307): CodeIgniter\Security\Exceptions\SecurityException::forDisallowedAction()
 2 SYSTEMPATH/Filters/CSRF.php(55): CodeIgniter\Security\Security->verify(Object(CodeIgniter\HTTP\IncomingRequest))
 3 SYSTEMPATH/Filters/Filters.php(173): CodeIgniter\Filters\CSRF->before(Object(CodeIgniter\HTTP\IncomingRequest), null)
 4 SYSTEMPATH/CodeIgniter.php(453): CodeIgniter\Filters\Filters->run('Supreme_court/Content', 'before')
 5 SYSTEMPATH/CodeIgniter.php(349): CodeIgniter\CodeIgniter->handleRequest(null, Object(Config\Cache), false)
 6 FCPATH/index.php(67): CodeIgniter\CodeIgniter->run()
CRITICAL - 2024-02-06 00:44:25 --> The action you requested is not allowed.
in SYSTEMPATH/Security/Security.php on line 307.
 1 SYSTEMPATH/Security/Security.php(307): CodeIgniter\Security\Exceptions\SecurityException::forDisallowedAction()
 2 SYSTEMPATH/Filters/CSRF.php(55): CodeIgniter\Security\Security->verify(Object(CodeIgniter\HTTP\IncomingRequest))
 3 SYSTEMPATH/Filters/Filters.php(173): CodeIgniter\Filters\CSRF->before(Object(CodeIgniter\HTTP\IncomingRequest), null)
 4 SYSTEMPATH/CodeIgniter.php(453): CodeIgniter\Filters\Filters->run('Supreme_court/Content', 'before')
 5 SYSTEMPATH/CodeIgniter.php(349): CodeIgniter\CodeIgniter->handleRequest(null, Object(Config\Cache), false)
 6 FCPATH/index.php(67): CodeIgniter\CodeIgniter->run()
CRITICAL - 2024-02-06 01:03:32 --> The action you requested is not allowed.
in SYSTEMPATH/Security/Security.php on line 307.
 1 SYSTEMPATH/Security/Security.php(307): CodeIgniter\Security\Exceptions\SecurityException::forDisallowedAction()
 2 SYSTEMPATH/Filters/CSRF.php(55): CodeIgniter\Security\Security->verify(Object(CodeIgniter\HTTP\IncomingRequest))
 3 SYSTEMPATH/Filters/Filters.php(173): CodeIgniter\Filters\CSRF->before(Object(CodeIgniter\HTTP\IncomingRequest), null)
 4 SYSTEMPATH/CodeIgniter.php(453): CodeIgniter\Filters\Filters->run('Supreme_court/Content', 'before')
 5 SYSTEMPATH/CodeIgniter.php(349): CodeIgniter\CodeIgniter->handleRequest(null, Object(Config\Cache), false)
 6 FCPATH/index.php(67): CodeIgniter\CodeIgniter->run()
CRITICAL - 2024-02-06 01:03:59 --> The action you requested is not allowed.
in SYSTEMPATH/Security/Security.php on line 307.
 1 SYSTEMPATH/Security/Security.php(307): CodeIgniter\Security\Exceptions\SecurityException::forDisallowedAction()
 2 SYSTEMPATH/Filters/CSRF.php(55): CodeIgniter\Security\Security->verify(Object(CodeIgniter\HTTP\IncomingRequest))
 3 SYSTEMPATH/Filters/Filters.php(173): CodeIgniter\Filters\CSRF->before(Object(CodeIgniter\HTTP\IncomingRequest), null)
 4 SYSTEMPATH/CodeIgniter.php(453): CodeIgniter\Filters\Filters->run('Supreme_court/Content', 'before')
 5 SYSTEMPATH/CodeIgniter.php(349): CodeIgniter\CodeIgniter->handleRequest(null, Object(Config\Cache), false)
 6 FCPATH/index.php(67): CodeIgniter\CodeIgniter->run()
CRITICAL - 2024-02-06 02:33:16 --> The action you requested is not allowed.
in SYSTEMPATH/Security/Security.php on line 307.
 1 SYSTEMPATH/Security/Security.php(307): CodeIgniter\Security\Exceptions\SecurityException::forDisallowedAction()
 2 SYSTEMPATH/Filters/CSRF.php(55): CodeIgniter\Security\Security->verify(Object(CodeIgniter\HTTP\IncomingRequest))
 3 SYSTEMPATH/Filters/Filters.php(173): CodeIgniter\Filters\CSRF->before(Object(CodeIgniter\HTTP\IncomingRequest), null)
 4 SYSTEMPATH/CodeIgniter.php(453): CodeIgniter\Filters\Filters->run('Supreme_court/Content', 'before')
 5 SYSTEMPATH/CodeIgniter.php(349): CodeIgniter\CodeIgniter->handleRequest(null, Object(Config\Cache), false)
 6 FCPATH/index.php(67): CodeIgniter\CodeIgniter->run()
CRITICAL - 2024-02-06 02:44:58 --> The action you requested is not allowed.
in SYSTEMPATH/Security/Security.php on line 307.
 1 SYSTEMPATH/Security/Security.php(307): CodeIgniter\Security\Exceptions\SecurityException::forDisallowedAction()
 2 SYSTEMPATH/Filters/CSRF.php(55): CodeIgniter\Security\Security->verify(Object(CodeIgniter\HTTP\IncomingRequest))
 3 SYSTEMPATH/Filters/Filters.php(173): CodeIgniter\Filters\CSRF->before(Object(CodeIgniter\HTTP\IncomingRequest), null)
 4 SYSTEMPATH/CodeIgniter.php(453): CodeIgniter\Filters\Filters->run('Supreme_court/Content', 'before')
 5 SYSTEMPATH/CodeIgniter.php(349): CodeIgniter\CodeIgniter->handleRequest(null, Object(Config\Cache), false)
 6 FCPATH/index.php(67): CodeIgniter\CodeIgniter->run()
CRITICAL - 2024-02-06 03:30:53 --> Trying to access array offset on value of type null
in APPPATH/Views/header_sci.php on line 81.
 1 APPPATH/Views/header_sci.php(81): CodeIgniter\Debug\Exceptions->errorHandler(2, 'Trying to access array offset on value of type null', 'APPPATH/Views/header_sci.php', 81)
 2 SYSTEMPATH/View/View.php(213): include('APPPATH/Views/header_sci.php')
 3 SYSTEMPATH/View/View.php(216): CodeIgniter\View\View->CodeIgniter\View\{closure}()
 4 SYSTEMPATH/View/View.php(229): CodeIgniter\View\View->render('header_sci', [], true)
 5 SYSTEMPATH/Common.php(1135): CodeIgniter\View\View->render('templates/404', [], true)
 6 APPPATH/Config/Routes.php(25): view('templates/404')
 7 SYSTEMPATH/CodeIgniter.php(946): CodeIgniter\CodeIgniter->Config\{closure}('Controller or its method is not found: \\App\\Controllers\\Js::angular.min.js.map')
 8 SYSTEMPATH/CodeIgniter.php(368): CodeIgniter\CodeIgniter->display404errors(Object(CodeIgniter\Exceptions\PageNotFoundException))
 9 FCPATH/index.php(67): CodeIgniter\CodeIgniter->run()
CRITICAL - 2024-02-06 03:30:53 --> Trying to access array offset on value of type null
in APPPATH/Views/header_sci.php on line 81.
 1 APPPATH/Views/header_sci.php(81): CodeIgniter\Debug\Exceptions->errorHandler(2, 'Trying to access array offset on value of type null', 'APPPATH/Views/header_sci.php', 81)
 2 SYSTEMPATH/View/View.php(213): include('APPPATH/Views/header_sci.php')
 3 SYSTEMPATH/View/View.php(216): CodeIgniter\View\View->CodeIgniter\View\{closure}()
 4 SYSTEMPATH/View/View.php(229): CodeIgniter\View\View->render('header_sci', [], true)
 5 SYSTEMPATH/Common.php(1135): CodeIgniter\View\View->render('templates/404', [], true)
 6 APPPATH/Config/Routes.php(25): view('templates/404')
 7 SYSTEMPATH/CodeIgniter.php(946): CodeIgniter\CodeIgniter->Config\{closure}('Controller or its method is not found: \\App\\Controllers\\Assets::libs')
 8 SYSTEMPATH/CodeIgniter.php(368): CodeIgniter\CodeIgniter->display404errors(Object(CodeIgniter\Exceptions\PageNotFoundException))
 9 FCPATH/index.php(67): CodeIgniter\CodeIgniter->run()
CRITICAL - 2024-02-06 03:30:53 --> Trying to access array offset on value of type null
in APPPATH/Views/header_sci.php on line 81.
 1 APPPATH/Views/header_sci.php(81): CodeIgniter\Debug\Exceptions->errorHandler(2, 'Trying to access array offset on value of type null', 'APPPATH/Views/header_sci.php', 81)
 2 SYSTEMPATH/View/View.php(213): include('APPPATH/Views/header_sci.php')
 3 SYSTEMPATH/View/View.php(216): CodeIgniter\View\View->CodeIgniter\View\{closure}()
 4 SYSTEMPATH/View/View.php(229): CodeIgniter\View\View->render('header_sci', [], true)
 5 SYSTEMPATH/Common.php(1135): CodeIgniter\View\View->render('templates/404', [], true)
 6 APPPATH/Config/Routes.php(25): view('templates/404')
 7 SYSTEMPATH/CodeIgniter.php(946): CodeIgniter\CodeIgniter->Config\{closure}('Controller or its method is not found: \\App\\Controllers\\Js::adminlte.js.map')
 8 SYSTEMPATH/CodeIgniter.php(368): CodeIgniter\CodeIgniter->display404errors(Object(CodeIgniter\Exceptions\PageNotFoundException))
 9 FCPATH/index.php(67): CodeIgniter\CodeIgniter->run()
CRITICAL - 2024-02-06 15:02:36 --> Undefined array key "filing_details"
in APPPATH/Controllers/Filing/Limitation.php on line 30.
 1 APPPATH/Controllers/Filing/Limitation.php(30): CodeIgniter\Debug\Exceptions->errorHandler(2, 'Undefined array key "filing_details"', 'APPPATH/Controllers/Filing/Limitation.php', 30)
 2 SYSTEMPATH/CodeIgniter.php(925): App\Controllers\Filing\Limitation->index()
 3 SYSTEMPATH/CodeIgniter.php(480): CodeIgniter\CodeIgniter->runController(Object(App\Controllers\Filing\Limitation))
 4 SYSTEMPATH/CodeIgniter.php(349): CodeIgniter\CodeIgniter->handleRequest(null, Object(Config\Cache), false)
 5 FCPATH/index.php(67): CodeIgniter\CodeIgniter->run()
CRITICAL - 2024-02-06 03:33:16 --> Undefined array key "filing_details"
in APPPATH/Controllers/Filing/Verification.php on line 23.
 1 APPPATH/Controllers/Filing/Verification.php(23): CodeIgniter\Debug\Exceptions->errorHandler(2, 'Undefined array key "filing_details"', 'APPPATH/Controllers/Filing/Verification.php', 23)
 2 SYSTEMPATH/CodeIgniter.php(925): App\Controllers\Filing\Verification->index()
 3 SYSTEMPATH/CodeIgniter.php(480): CodeIgniter\CodeIgniter->runController(Object(App\Controllers\Filing\Verification))
 4 SYSTEMPATH/CodeIgniter.php(349): CodeIgniter\CodeIgniter->handleRequest(null, Object(Config\Cache), false)
 5 FCPATH/index.php(67): CodeIgniter\CodeIgniter->run()
CRITICAL - 2024-02-06 15:03:21 --> Undefined array key "filing_details"
in APPPATH/Controllers/Filing/Limitation.php on line 30.
 1 APPPATH/Controllers/Filing/Limitation.php(30): CodeIgniter\Debug\Exceptions->errorHandler(2, 'Undefined array key "filing_details"', 'APPPATH/Controllers/Filing/Limitation.php', 30)
 2 SYSTEMPATH/CodeIgniter.php(925): App\Controllers\Filing\Limitation->index()
 3 SYSTEMPATH/CodeIgniter.php(480): CodeIgniter\CodeIgniter->runController(Object(App\Controllers\Filing\Limitation))
 4 SYSTEMPATH/CodeIgniter.php(349): CodeIgniter\CodeIgniter->handleRequest(null, Object(Config\Cache), false)
 5 FCPATH/index.php(67): CodeIgniter\CodeIgniter->run()
CRITICAL - 2024-02-06 15:05:34 --> Trying to access array offset on value of type bool
in APPPATH/Views/Filing/diary_modify.php on line 442.
 1 APPPATH/Views/Filing/diary_modify.php(442): CodeIgniter\Debug\Exceptions->errorHandler(2, 'Trying to access array offset on value of type bool', 'APPPATH/Views/Filing/diary_modify.php', 442)
 2 SYSTEMPATH/View/View.php(213): include('APPPATH/Views/Filing/diary_modify.php')
 3 SYSTEMPATH/View/View.php(216): CodeIgniter\View\View->CodeIgniter\View\{closure}()
 4 SYSTEMPATH/Common.php(1135): CodeIgniter\View\View->render('Filing/diary_modify', [], true)
 5 APPPATH/Controllers/Filing/Diary_modify.php(114): view('Filing/diary_modify', [...])
 6 SYSTEMPATH/CodeIgniter.php(925): App\Controllers\Filing\Diary_modify->index()
 7 SYSTEMPATH/CodeIgniter.php(480): CodeIgniter\CodeIgniter->runController(Object(App\Controllers\Filing\Diary_modify))
 8 SYSTEMPATH/CodeIgniter.php(349): CodeIgniter\CodeIgniter->handleRequest(null, Object(Config\Cache), false)
 9 FCPATH/index.php(67): CodeIgniter\CodeIgniter->run()
CRITICAL - 2024-02-06 15:05:43 --> Trying to access array offset on value of type bool
in APPPATH/Views/Filing/diary_modify.php on line 442.
 1 APPPATH/Views/Filing/diary_modify.php(442): CodeIgniter\Debug\Exceptions->errorHandler(2, 'Trying to access array offset on value of type bool', 'APPPATH/Views/Filing/diary_modify.php', 442)
 2 SYSTEMPATH/View/View.php(213): include('APPPATH/Views/Filing/diary_modify.php')
 3 SYSTEMPATH/View/View.php(216): CodeIgniter\View\View->CodeIgniter\View\{closure}()
 4 SYSTEMPATH/Common.php(1135): CodeIgniter\View\View->render('Filing/diary_modify', [], true)
 5 APPPATH/Controllers/Filing/Diary_modify.php(114): view('Filing/diary_modify', [...])
 6 SYSTEMPATH/CodeIgniter.php(925): App\Controllers\Filing\Diary_modify->index()
 7 SYSTEMPATH/CodeIgniter.php(480): CodeIgniter\CodeIgniter->runController(Object(App\Controllers\Filing\Diary_modify))
 8 SYSTEMPATH/CodeIgniter.php(349): CodeIgniter\CodeIgniter->handleRequest(null, Object(Config\Cache), false)
 9 FCPATH/index.php(67): CodeIgniter\CodeIgniter->run()
CRITICAL - 2024-02-06 15:06:10 --> Trying to access array offset on value of type bool
in APPPATH/Views/Filing/diary_modify.php on line 442.
 1 APPPATH/Views/Filing/diary_modify.php(442): CodeIgniter\Debug\Exceptions->errorHandler(2, 'Trying to access array offset on value of type bool', 'APPPATH/Views/Filing/diary_modify.php', 442)
 2 SYSTEMPATH/View/View.php(213): include('APPPATH/Views/Filing/diary_modify.php')
 3 SYSTEMPATH/View/View.php(216): CodeIgniter\View\View->CodeIgniter\View\{closure}()
 4 SYSTEMPATH/Common.php(1135): CodeIgniter\View\View->render('Filing/diary_modify', [], true)
 5 APPPATH/Controllers/Filing/Diary_modify.php(114): view('Filing/diary_modify', [...])
 6 SYSTEMPATH/CodeIgniter.php(925): App\Controllers\Filing\Diary_modify->index()
 7 SYSTEMPATH/CodeIgniter.php(480): CodeIgniter\CodeIgniter->runController(Object(App\Controllers\Filing\Diary_modify))
 8 SYSTEMPATH/CodeIgniter.php(349): CodeIgniter\CodeIgniter->handleRequest(null, Object(Config\Cache), false)
 9 FCPATH/index.php(67): CodeIgniter\CodeIgniter->run()
CRITICAL - 2024-02-06 06:30:13 --> Trying to access array offset on value of type null
in APPPATH/Views/header_sci.php on line 81.
 1 APPPATH/Views/header_sci.php(81): CodeIgniter\Debug\Exceptions->errorHandler(2, 'Trying to access array offset on value of type null', 'APPPATH/Views/header_sci.php', 81)
 2 SYSTEMPATH/View/View.php(213): include('APPPATH/Views/header_sci.php')
 3 SYSTEMPATH/View/View.php(216): CodeIgniter\View\View->CodeIgniter\View\{closure}()
 4 SYSTEMPATH/View/View.php(229): CodeIgniter\View\View->render('header_sci', [], true)
 5 SYSTEMPATH/Common.php(1135): CodeIgniter\View\View->render('templates/404', [], true)
 6 APPPATH/Config/Routes.php(25): view('templates/404')
 7 SYSTEMPATH/CodeIgniter.php(946): CodeIgniter\CodeIgniter->Config\{closure}('Report_code_ignitor.php is not a valid controller name')
 8 SYSTEMPATH/CodeIgniter.php(368): CodeIgniter\CodeIgniter->display404errors(Object(CodeIgniter\Exceptions\PageNotFoundException))
 9 FCPATH/index.php(67): CodeIgniter\CodeIgniter->run()
CRITICAL - 2024-02-06 22:46:11 --> Trying to access array offset on value of type null
in APPPATH/Views/header_sci.php on line 81.
 1 APPPATH/Views/header_sci.php(81): CodeIgniter\Debug\Exceptions->errorHandler(2, 'Trying to access array offset on value of type null', 'APPPATH/Views/header_sci.php', 81)
 2 SYSTEMPATH/View/View.php(213): include('APPPATH/Views/header_sci.php')
 3 SYSTEMPATH/View/View.php(216): CodeIgniter\View\View->CodeIgniter\View\{closure}()
 4 SYSTEMPATH/View/View.php(229): CodeIgniter\View\View->render('header_sci', [], true)
 5 SYSTEMPATH/Common.php(1135): CodeIgniter\View\View->render('templates/404', [], true)
 6 APPPATH/Config/Routes.php(25): view('templates/404')
 7 SYSTEMPATH/CodeIgniter.php(946): CodeIgniter\CodeIgniter->Config\{closure}('Report_code_ignitor.php is not a valid controller name')
 8 SYSTEMPATH/CodeIgniter.php(368): CodeIgniter\CodeIgniter->display404errors(Object(CodeIgniter\Exceptions\PageNotFoundException))
 9 FCPATH/index.php(67): CodeIgniter\CodeIgniter->run()
