CRITICAL - 2023-11-05 23:00:42 --> Class "App\Models\Filing\Model_diary" not found
in APPPATH/Controllers/Filing/Diary.php on line 27.
 1 SYSTEMPATH/CodeIgniter.php(887): App\Controllers\Filing\Diary->__construct()
 2 SYSTEMPATH/CodeIgniter.php(471): CodeIgniter\CodeIgniter->createController()
 3 SYSTEMPATH/CodeIgniter.php(349): CodeIgniter\CodeIgniter->handleRequest(null, Object(Config\Cache), false)
 4 FCPATH/index.php(67): CodeIgniter\CodeIgniter->run()
CRITICAL - 2023-11-05 23:00:45 --> Class "App\Models\Model_cnt_diary_no" not found
in APPPATH/Controllers/Filing/Diary.php on line 28.
 1 SYSTEMPATH/CodeIgniter.php(887): App\Controllers\Filing\Diary->__construct()
 2 SYSTEMPATH/CodeIgniter.php(471): CodeIgniter\CodeIgniter->createController()
 3 SYSTEMPATH/CodeIgniter.php(349): CodeIgniter\CodeIgniter->handleRequest(null, Object(Config\Cache), false)
 4 FCPATH/index.php(67): CodeIgniter\CodeIgniter->run()
CRITICAL - 2023-11-05 23:00:46 --> Class "App\Models\Model_cnt_diary_no" not found
in APPPATH/Controllers/Filing/Diary.php on line 28.
 1 SYSTEMPATH/CodeIgniter.php(887): App\Controllers\Filing\Diary->__construct()
 2 SYSTEMPATH/CodeIgniter.php(471): CodeIgniter\CodeIgniter->createController()
 3 SYSTEMPATH/CodeIgniter.php(349): CodeIgniter\CodeIgniter->handleRequest(null, Object(Config\Cache), false)
 4 FCPATH/index.php(67): CodeIgniter\CodeIgniter->run()
CRITICAL - 2023-11-05 23:00:47 --> Class "App\Models\Model_cnt_diary_no" not found
in APPPATH/Controllers/Filing/Diary.php on line 28.
 1 SYSTEMPATH/CodeIgniter.php(887): App\Controllers\Filing\Diary->__construct()
 2 SYSTEMPATH/CodeIgniter.php(471): CodeIgniter\CodeIgniter->createController()
 3 SYSTEMPATH/CodeIgniter.php(349): CodeIgniter\CodeIgniter->handleRequest(null, Object(Config\Cache), false)
 4 FCPATH/index.php(67): CodeIgniter\CodeIgniter->run()
CRITICAL - 2023-11-05 23:00:59 --> Class "App\Models\Model_cnt_diary_no" not found
in APPPATH/Controllers/Filing/Diary.php on line 28.
 1 SYSTEMPATH/CodeIgniter.php(887): App\Controllers\Filing\Diary->__construct()
 2 SYSTEMPATH/CodeIgniter.php(471): CodeIgniter\CodeIgniter->createController()
 3 SYSTEMPATH/CodeIgniter.php(349): CodeIgniter\CodeIgniter->handleRequest(null, Object(Config\Cache), false)
 4 FCPATH/index.php(67): CodeIgniter\CodeIgniter->run()
CRITICAL - 2023-11-05 23:01:34 --> Class "App\Models\Model_cnt_diary_no" not found
in APPPATH/Controllers/Filing/Diary.php on line 28.
 1 SYSTEMPATH/CodeIgniter.php(887): App\Controllers\Filing\Diary->__construct()
 2 SYSTEMPATH/CodeIgniter.php(471): CodeIgniter\CodeIgniter->createController()
 3 SYSTEMPATH/CodeIgniter.php(349): CodeIgniter\CodeIgniter->handleRequest(null, Object(Config\Cache), false)
 4 FCPATH/index.php(67): CodeIgniter\CodeIgniter->run()
CRITICAL - 2023-11-05 23:01:45 --> Class "App\Models\Model_cnt_diary_no" not found
in APPPATH/Controllers/Filing/Diary.php on line 28.
 1 SYSTEMPATH/CodeIgniter.php(887): App\Controllers\Filing\Diary->__construct()
 2 SYSTEMPATH/CodeIgniter.php(471): CodeIgniter\CodeIgniter->createController()
 3 SYSTEMPATH/CodeIgniter.php(349): CodeIgniter\CodeIgniter->handleRequest(null, Object(Config\Cache), false)
 4 FCPATH/index.php(67): CodeIgniter\CodeIgniter->run()
CRITICAL - 2023-11-05 23:01:50 --> Class "App\Models\Model_cnt_diary_no" not found
in APPPATH/Controllers/Filing/Diary.php on line 28.
 1 SYSTEMPATH/CodeIgniter.php(887): App\Controllers\Filing\Diary->__construct()
 2 SYSTEMPATH/CodeIgniter.php(471): CodeIgniter\CodeIgniter->createController()
 3 SYSTEMPATH/CodeIgniter.php(349): CodeIgniter\CodeIgniter->handleRequest(null, Object(Config\Cache), false)
 4 FCPATH/index.php(67): CodeIgniter\CodeIgniter->run()
CRITICAL - 2023-11-05 23:02:49 --> Class "App\Models\Model_cnt_diary_no" not found
in APPPATH/Controllers/Filing/Diary.php on line 28.
 1 SYSTEMPATH/CodeIgniter.php(887): App\Controllers\Filing\Diary->__construct()
 2 SYSTEMPATH/CodeIgniter.php(471): CodeIgniter\CodeIgniter->createController()
 3 SYSTEMPATH/CodeIgniter.php(349): CodeIgniter\CodeIgniter->handleRequest(null, Object(Config\Cache), false)
 4 FCPATH/index.php(67): CodeIgniter\CodeIgniter->run()
CRITICAL - 2023-11-05 23:02:50 --> Class "App\Models\Model_cnt_diary_no" not found
in APPPATH/Controllers/Filing/Diary.php on line 28.
 1 SYSTEMPATH/CodeIgniter.php(887): App\Controllers\Filing\Diary->__construct()
 2 SYSTEMPATH/CodeIgniter.php(471): CodeIgniter\CodeIgniter->createController()
 3 SYSTEMPATH/CodeIgniter.php(349): CodeIgniter\CodeIgniter->handleRequest(null, Object(Config\Cache), false)
 4 FCPATH/index.php(67): CodeIgniter\CodeIgniter->run()
CRITICAL - 2023-11-05 23:03:41 --> Class "App\Models\Model_cnt_diary_no" not found
in APPPATH/Controllers/Filing/Diary.php on line 28.
 1 SYSTEMPATH/CodeIgniter.php(887): App\Controllers\Filing\Diary->__construct()
 2 SYSTEMPATH/CodeIgniter.php(471): CodeIgniter\CodeIgniter->createController()
 3 SYSTEMPATH/CodeIgniter.php(349): CodeIgniter\CodeIgniter->handleRequest(null, Object(Config\Cache), false)
 4 FCPATH/index.php(67): CodeIgniter\CodeIgniter->run()
CRITICAL - 2023-11-05 23:03:42 --> Class "App\Models\Model_cnt_diary_no" not found
in APPPATH/Controllers/Filing/Diary.php on line 28.
 1 SYSTEMPATH/CodeIgniter.php(887): App\Controllers\Filing\Diary->__construct()
 2 SYSTEMPATH/CodeIgniter.php(471): CodeIgniter\CodeIgniter->createController()
 3 SYSTEMPATH/CodeIgniter.php(349): CodeIgniter\CodeIgniter->handleRequest(null, Object(Config\Cache), false)
 4 FCPATH/index.php(67): CodeIgniter\CodeIgniter->run()
CRITICAL - 2023-11-05 23:04:15 --> Class "App\Models\Model_cnt_diary_no" not found
in APPPATH/Controllers/Filing/Diary.php on line 28.
 1 SYSTEMPATH/CodeIgniter.php(887): App\Controllers\Filing\Diary->__construct()
 2 SYSTEMPATH/CodeIgniter.php(471): CodeIgniter\CodeIgniter->createController()
 3 SYSTEMPATH/CodeIgniter.php(349): CodeIgniter\CodeIgniter->handleRequest(null, Object(Config\Cache), false)
 4 FCPATH/index.php(67): CodeIgniter\CodeIgniter->run()
CRITICAL - 2023-11-05 23:07:18 --> Class "App\Models\Model_cnt_diary_no" not found
in APPPATH/Controllers/Filing/Diary.php on line 28.
 1 SYSTEMPATH/CodeIgniter.php(887): App\Controllers\Filing\Diary->__construct()
 2 SYSTEMPATH/CodeIgniter.php(471): CodeIgniter\CodeIgniter->createController()
 3 SYSTEMPATH/CodeIgniter.php(349): CodeIgniter\CodeIgniter->handleRequest(null, Object(Config\Cache), false)
 4 FCPATH/index.php(67): CodeIgniter\CodeIgniter->run()
CRITICAL - 2023-11-05 23:07:19 --> Class "App\Models\Model_cnt_diary_no" not found
in APPPATH/Controllers/Filing/Diary.php on line 28.
 1 SYSTEMPATH/CodeIgniter.php(887): App\Controllers\Filing\Diary->__construct()
 2 SYSTEMPATH/CodeIgniter.php(471): CodeIgniter\CodeIgniter->createController()
 3 SYSTEMPATH/CodeIgniter.php(349): CodeIgniter\CodeIgniter->handleRequest(null, Object(Config\Cache), false)
 4 FCPATH/index.php(67): CodeIgniter\CodeIgniter->run()
CRITICAL - 2023-11-05 23:07:20 --> Class "App\Models\Model_cnt_diary_no" not found
in APPPATH/Controllers/Filing/Diary.php on line 28.
 1 SYSTEMPATH/CodeIgniter.php(887): App\Controllers\Filing\Diary->__construct()
 2 SYSTEMPATH/CodeIgniter.php(471): CodeIgniter\CodeIgniter->createController()
 3 SYSTEMPATH/CodeIgniter.php(349): CodeIgniter\CodeIgniter->handleRequest(null, Object(Config\Cache), false)
 4 FCPATH/index.php(67): CodeIgniter\CodeIgniter->run()
CRITICAL - 2023-11-05 23:07:34 --> Class "App\Models\Model_cnt_diary_no" not found
in APPPATH/Controllers/Filing/Diary.php on line 28.
 1 SYSTEMPATH/CodeIgniter.php(887): App\Controllers\Filing\Diary->__construct()
 2 SYSTEMPATH/CodeIgniter.php(471): CodeIgniter\CodeIgniter->createController()
 3 SYSTEMPATH/CodeIgniter.php(349): CodeIgniter\CodeIgniter->handleRequest(null, Object(Config\Cache), false)
 4 FCPATH/index.php(67): CodeIgniter\CodeIgniter->run()
CRITICAL - 2023-11-05 23:11:13 --> The action you requested is not allowed.
in SYSTEMPATH/Security/Security.php on line 307.
 1 SYSTEMPATH/Security/Security.php(307): CodeIgniter\Security\Exceptions\SecurityException::forDisallowedAction()
 2 SYSTEMPATH/Filters/CSRF.php(55): CodeIgniter\Security\Security->verify(Object(CodeIgniter\HTTP\IncomingRequest))
 3 SYSTEMPATH/Filters/Filters.php(173): CodeIgniter\Filters\CSRF->before(Object(CodeIgniter\HTTP\IncomingRequest), null)
 4 SYSTEMPATH/CodeIgniter.php(453): CodeIgniter\Filters\Filters->run('Filing/Category/updateCategory', 'before')
 5 SYSTEMPATH/CodeIgniter.php(349): CodeIgniter\CodeIgniter->handleRequest(null, Object(Config\Cache), false)
 6 FCPATH/index.php(67): CodeIgniter\CodeIgniter->run()
CRITICAL - 2023-11-05 23:11:19 --> The action you requested is not allowed.
in SYSTEMPATH/Security/Security.php on line 307.
 1 SYSTEMPATH/Security/Security.php(307): CodeIgniter\Security\Exceptions\SecurityException::forDisallowedAction()
 2 SYSTEMPATH/Filters/CSRF.php(55): CodeIgniter\Security\Security->verify(Object(CodeIgniter\HTTP\IncomingRequest))
 3 SYSTEMPATH/Filters/Filters.php(173): CodeIgniter\Filters\CSRF->before(Object(CodeIgniter\HTTP\IncomingRequest), null)
 4 SYSTEMPATH/CodeIgniter.php(453): CodeIgniter\Filters\Filters->run('Filing/Category/updateCategory', 'before')
 5 SYSTEMPATH/CodeIgniter.php(349): CodeIgniter\CodeIgniter->handleRequest(null, Object(Config\Cache), false)
 6 FCPATH/index.php(67): CodeIgniter\CodeIgniter->run()
CRITICAL - 2023-11-05 23:11:31 --> The action you requested is not allowed.
in SYSTEMPATH/Security/Security.php on line 307.
 1 SYSTEMPATH/Security/Security.php(307): CodeIgniter\Security\Exceptions\SecurityException::forDisallowedAction()
 2 SYSTEMPATH/Filters/CSRF.php(55): CodeIgniter\Security\Security->verify(Object(CodeIgniter\HTTP\IncomingRequest))
 3 SYSTEMPATH/Filters/Filters.php(173): CodeIgniter\Filters\CSRF->before(Object(CodeIgniter\HTTP\IncomingRequest), null)
 4 SYSTEMPATH/CodeIgniter.php(453): CodeIgniter\Filters\Filters->run('Filing/Category/updateActs', 'before')
 5 SYSTEMPATH/CodeIgniter.php(349): CodeIgniter\CodeIgniter->handleRequest(null, Object(Config\Cache), false)
 6 FCPATH/index.php(67): CodeIgniter\CodeIgniter->run()
CRITICAL - 2023-11-05 23:11:49 --> The action you requested is not allowed.
in SYSTEMPATH/Security/Security.php on line 307.
 1 SYSTEMPATH/Security/Security.php(307): CodeIgniter\Security\Exceptions\SecurityException::forDisallowedAction()
 2 SYSTEMPATH/Filters/CSRF.php(55): CodeIgniter\Security\Security->verify(Object(CodeIgniter\HTTP\IncomingRequest))
 3 SYSTEMPATH/Filters/Filters.php(173): CodeIgniter\Filters\CSRF->before(Object(CodeIgniter\HTTP\IncomingRequest), null)
 4 SYSTEMPATH/CodeIgniter.php(453): CodeIgniter\Filters\Filters->run('Filing/Category/updateBasicDetails', 'before')
 5 SYSTEMPATH/CodeIgniter.php(349): CodeIgniter\CodeIgniter->handleRequest(null, Object(Config\Cache), false)
 6 FCPATH/index.php(67): CodeIgniter\CodeIgniter->run()
CRITICAL - 2023-11-05 23:12:19 --> The action you requested is not allowed.
in SYSTEMPATH/Security/Security.php on line 307.
 1 SYSTEMPATH/Security/Security.php(307): CodeIgniter\Security\Exceptions\SecurityException::forDisallowedAction()
 2 SYSTEMPATH/Filters/CSRF.php(55): CodeIgniter\Security\Security->verify(Object(CodeIgniter\HTTP\IncomingRequest))
 3 SYSTEMPATH/Filters/Filters.php(173): CodeIgniter\Filters\CSRF->before(Object(CodeIgniter\HTTP\IncomingRequest), null)
 4 SYSTEMPATH/CodeIgniter.php(453): CodeIgniter\Filters\Filters->run('Filing/Category/updateKeywords', 'before')
 5 SYSTEMPATH/CodeIgniter.php(349): CodeIgniter\CodeIgniter->handleRequest(null, Object(Config\Cache), false)
 6 FCPATH/index.php(67): CodeIgniter\CodeIgniter->run()
CRITICAL - 2023-11-05 23:15:16 --> The action you requested is not allowed.
in SYSTEMPATH/Security/Security.php on line 307.
 1 SYSTEMPATH/Security/Security.php(307): CodeIgniter\Security\Exceptions\SecurityException::forDisallowedAction()
 2 SYSTEMPATH/Filters/CSRF.php(55): CodeIgniter\Security\Security->verify(Object(CodeIgniter\HTTP\IncomingRequest))
 3 SYSTEMPATH/Filters/Filters.php(173): CodeIgniter\Filters\CSRF->before(Object(CodeIgniter\HTTP\IncomingRequest), null)
 4 SYSTEMPATH/CodeIgniter.php(453): CodeIgniter\Filters\Filters->run('Filing/Category/updateKeywords', 'before')
 5 SYSTEMPATH/CodeIgniter.php(349): CodeIgniter\CodeIgniter->handleRequest(null, Object(Config\Cache), false)
 6 FCPATH/index.php(67): CodeIgniter\CodeIgniter->run()
CRITICAL - 2023-11-05 23:15:17 --> The action you requested is not allowed.
in SYSTEMPATH/Security/Security.php on line 307.
 1 SYSTEMPATH/Security/Security.php(307): CodeIgniter\Security\Exceptions\SecurityException::forDisallowedAction()
 2 SYSTEMPATH/Filters/CSRF.php(55): CodeIgniter\Security\Security->verify(Object(CodeIgniter\HTTP\IncomingRequest))
 3 SYSTEMPATH/Filters/Filters.php(173): CodeIgniter\Filters\CSRF->before(Object(CodeIgniter\HTTP\IncomingRequest), null)
 4 SYSTEMPATH/CodeIgniter.php(453): CodeIgniter\Filters\Filters->run('Filing/Category/updateKeywords', 'before')
 5 SYSTEMPATH/CodeIgniter.php(349): CodeIgniter\CodeIgniter->handleRequest(null, Object(Config\Cache), false)
 6 FCPATH/index.php(67): CodeIgniter\CodeIgniter->run()
