CRITICAL - 2023-09-01 02:07:08 --> Undefined array key "icmis_civil_instituted_last_month"
in APPPATH/Views/report_icmic_njdg.php on line 270.
 1 APPPATH/Views/report_icmic_njdg.php(270): CodeIgniter\Debug\Exceptions->errorHandler(2, 'Undefined array key "icmis_civil_instituted_last_month"', 'APPPATH/Views/report_icmic_njdg.php', 270)
 2 SYSTEMPATH/View/View.php(213): include('APPPATH/Views/report_icmic_njdg.php')
 3 SYSTEMPATH/View/View.php(216): CodeIgniter\View\View->CodeIgniter\View\{closure}()
 4 SYSTEMPATH/Common.php(1135): CodeIgniter\View\View->render('report_icmic_njdg', [], true)
 5 APPPATH/Controllers/Home.php(34): view('report_icmic_njdg', [...])
 6 SYSTEMPATH/CodeIgniter.php(925): App\Controllers\Home->index()
 7 SYSTEMPATH/CodeIgniter.php(480): CodeIgniter\CodeIgniter->runController(Object(App\Controllers\Home))
 8 SYSTEMPATH/CodeIgniter.php(349): CodeIgniter\CodeIgniter->handleRequest(null, Object(Config\Cache), false)
 9 FCPATH/index.php(67): CodeIgniter\CodeIgniter->run()
ERROR - 2023-09-01 03:51:56 --> mysqli_sql_exception: Column 'diary_no' in field list is ambiguous in /var/www/html/system/Database/MySQLi/Connection.php:292
Stack trace:
#0 /var/www/html/system/Database/MySQLi/Connection.php(292): mysqli->query('select count(di...', 0)
#1 /var/www/html/system/Database/BaseConnection.php(666): CodeIgniter\Database\MySQLi\Connection->execute('select count(di...')
#2 /var/www/html/system/Database/BaseConnection.php(593): CodeIgniter\Database\BaseConnection->simpleQuery('select count(di...')
#3 /var/www/html/app/Models/Model_icmis_njdg.php(641): CodeIgniter\Database\BaseConnection->query('select count(di...')
#4 /var/www/html/app/Models/Model_icmis_njdg.php(474): App\Models\Model_icmis_njdg->get_icmis_coram_wise_matters()
#5 /var/www/html/app/Controllers/Report.php(44): App\Models\Model_icmis_njdg->get_coram_wise_matters()
#6 /var/www/html/system/CodeIgniter.php(925): App\Controllers\Report->view()
#7 /var/www/html/system/CodeIgniter.php(480): CodeIgniter\CodeIgniter->runController(Object(App\Controllers\Report))
#8 /var/www/html/system/CodeIgniter.php(349): CodeIgniter\CodeIgniter->handleRequest(NULL, Object(Config\Cache), false)
#9 /var/www/html/public/index.php(67): CodeIgniter\CodeIgniter->run()
#10 {main}
CRITICAL - 2023-09-01 03:51:56 --> Column 'diary_no' in field list is ambiguous
in SYSTEMPATH/Database/MySQLi/Connection.php on line 292.
 1 SYSTEMPATH/Database/MySQLi/Connection.php(292): mysqli->query('select count(distinct diary_no) as icmis_total_count,LEFT(sub_name4,LOCATE(\' Bench\',sub_name4) - 1) as bench_judges,case_grp as icmis_nature from main m join mul_category mc on m.diary_no=mc.diary_no join submaster s on mc.submaster_id=s.id where c_status=\'P\' and s.id in(239,240,242,243) and mc.display=\'Y\' and date(diary_no_rec_date) between \'1951-01-01\' and CURDATE() group by s.id,icmis_nature order by s.id', 0)
 2 SYSTEMPATH/Database/BaseConnection.php(666): CodeIgniter\Database\MySQLi\Connection->execute('select count(distinct diary_no) as icmis_total_count,LEFT(sub_name4,LOCATE(\' Bench\',sub_name4) - 1) as bench_judges,case_grp as icmis_nature from main m join mul_category mc on m.diary_no=mc.diary_no join submaster s on mc.submaster_id=s.id where c_status=\'P\' and s.id in(239,240,242,243) and mc.display=\'Y\' and date(diary_no_rec_date) between \'1951-01-01\' and CURDATE() group by s.id,icmis_nature order by s.id')
 3 SYSTEMPATH/Database/BaseConnection.php(593): CodeIgniter\Database\BaseConnection->simpleQuery('select count(distinct diary_no) as icmis_total_count,LEFT(sub_name4,LOCATE(\' Bench\',sub_name4) - 1) as bench_judges,case_grp as icmis_nature from main m join mul_category mc on m.diary_no=mc.diary_no join submaster s on mc.submaster_id=s.id where c_status=\'P\' and s.id in(239,240,242,243) and mc.display=\'Y\' and date(diary_no_rec_date) between \'1951-01-01\' and CURDATE() group by s.id,icmis_nature order by s.id')
 4 APPPATH/Models/Model_icmis_njdg.php(641): CodeIgniter\Database\BaseConnection->query('select count(distinct diary_no) as icmis_total_count,LEFT(sub_name4,LOCATE(\' Bench\',sub_name4) - 1) as bench_judges,case_grp as icmis_nature from main m join mul_category mc on m.diary_no=mc.diary_no join submaster s on mc.submaster_id=s.id where c_status=\'P\' and s.id in(239,240,242,243) and mc.display=\'Y\' and date(diary_no_rec_date) between \'1951-01-01\' and CURDATE() group by s.id,icmis_nature order by s.id')
 5 APPPATH/Models/Model_icmis_njdg.php(474): App\Models\Model_icmis_njdg->get_icmis_coram_wise_matters()
 6 APPPATH/Controllers/Report.php(44): App\Models\Model_icmis_njdg->get_coram_wise_matters()
 7 SYSTEMPATH/CodeIgniter.php(925): App\Controllers\Report->view()
 8 SYSTEMPATH/CodeIgniter.php(480): CodeIgniter\CodeIgniter->runController(Object(App\Controllers\Report))
 9 SYSTEMPATH/CodeIgniter.php(349): CodeIgniter\CodeIgniter->handleRequest(null, Object(Config\Cache), false)
10 FCPATH/index.php(67): CodeIgniter\CodeIgniter->run()
ERROR - 2023-09-01 03:54:28 --> mysqli_sql_exception: Column 'diary_no' in field list is ambiguous in /var/www/html/system/Database/MySQLi/Connection.php:292
Stack trace:
#0 /var/www/html/system/Database/MySQLi/Connection.php(292): mysqli->query('select count(di...', 0)
#1 /var/www/html/system/Database/BaseConnection.php(666): CodeIgniter\Database\MySQLi\Connection->execute('select count(di...')
#2 /var/www/html/system/Database/BaseConnection.php(593): CodeIgniter\Database\BaseConnection->simpleQuery('select count(di...')
#3 /var/www/html/app/Models/Model_icmis_njdg.php(641): CodeIgniter\Database\BaseConnection->query('select count(di...')
#4 /var/www/html/app/Models/Model_icmis_njdg.php(474): App\Models\Model_icmis_njdg->get_icmis_coram_wise_matters()
#5 /var/www/html/app/Controllers/Report.php(44): App\Models\Model_icmis_njdg->get_coram_wise_matters()
#6 /var/www/html/system/CodeIgniter.php(925): App\Controllers\Report->view()
#7 /var/www/html/system/CodeIgniter.php(480): CodeIgniter\CodeIgniter->runController(Object(App\Controllers\Report))
#8 /var/www/html/system/CodeIgniter.php(349): CodeIgniter\CodeIgniter->handleRequest(NULL, Object(Config\Cache), false)
#9 /var/www/html/public/index.php(67): CodeIgniter\CodeIgniter->run()
#10 {main}
CRITICAL - 2023-09-01 03:54:28 --> Column 'diary_no' in field list is ambiguous
in SYSTEMPATH/Database/MySQLi/Connection.php on line 292.
 1 SYSTEMPATH/Database/MySQLi/Connection.php(292): mysqli->query('select count(distinct diary_no) as icmis_total_count,LEFT(sub_name4,LOCATE(\' Bench\',sub_name4) - 1) as bench_judges,case_grp as icmis_nature from main m join mul_category mc on m.diary_no=mc.diary_no join submaster s on mc.submaster_id=s.id where c_status=\'P\' and s.id in(239,240,242,243) and mc.display=\'Y\' and date(diary_no_rec_date) between \'1951-01-01\' and CURDATE() group by s.id,icmis_nature order by s.id', 0)
 2 SYSTEMPATH/Database/BaseConnection.php(666): CodeIgniter\Database\MySQLi\Connection->execute('select count(distinct diary_no) as icmis_total_count,LEFT(sub_name4,LOCATE(\' Bench\',sub_name4) - 1) as bench_judges,case_grp as icmis_nature from main m join mul_category mc on m.diary_no=mc.diary_no join submaster s on mc.submaster_id=s.id where c_status=\'P\' and s.id in(239,240,242,243) and mc.display=\'Y\' and date(diary_no_rec_date) between \'1951-01-01\' and CURDATE() group by s.id,icmis_nature order by s.id')
 3 SYSTEMPATH/Database/BaseConnection.php(593): CodeIgniter\Database\BaseConnection->simpleQuery('select count(distinct diary_no) as icmis_total_count,LEFT(sub_name4,LOCATE(\' Bench\',sub_name4) - 1) as bench_judges,case_grp as icmis_nature from main m join mul_category mc on m.diary_no=mc.diary_no join submaster s on mc.submaster_id=s.id where c_status=\'P\' and s.id in(239,240,242,243) and mc.display=\'Y\' and date(diary_no_rec_date) between \'1951-01-01\' and CURDATE() group by s.id,icmis_nature order by s.id')
 4 APPPATH/Models/Model_icmis_njdg.php(641): CodeIgniter\Database\BaseConnection->query('select count(distinct diary_no) as icmis_total_count,LEFT(sub_name4,LOCATE(\' Bench\',sub_name4) - 1) as bench_judges,case_grp as icmis_nature from main m join mul_category mc on m.diary_no=mc.diary_no join submaster s on mc.submaster_id=s.id where c_status=\'P\' and s.id in(239,240,242,243) and mc.display=\'Y\' and date(diary_no_rec_date) between \'1951-01-01\' and CURDATE() group by s.id,icmis_nature order by s.id')
 5 APPPATH/Models/Model_icmis_njdg.php(474): App\Models\Model_icmis_njdg->get_icmis_coram_wise_matters()
 6 APPPATH/Controllers/Report.php(44): App\Models\Model_icmis_njdg->get_coram_wise_matters()
 7 SYSTEMPATH/CodeIgniter.php(925): App\Controllers\Report->view()
 8 SYSTEMPATH/CodeIgniter.php(480): CodeIgniter\CodeIgniter->runController(Object(App\Controllers\Report))
 9 SYSTEMPATH/CodeIgniter.php(349): CodeIgniter\CodeIgniter->handleRequest(null, Object(Config\Cache), false)
10 FCPATH/index.php(67): CodeIgniter\CodeIgniter->run()
CRITICAL - 2023-09-01 16:26:59 --> Undefined variable $disposal
in APPPATH/Views/report_icmic_njdg_view_demo.php on line 520.
 1 APPPATH/Views/report_icmic_njdg_view_demo.php(520): CodeIgniter\Debug\Exceptions->errorHandler(2, 'Undefined variable $disposal', 'APPPATH/Views/report_icmic_njdg_view_demo.php', 520)
 2 SYSTEMPATH/View/View.php(213): include('APPPATH/Views/report_icmic_njdg_view_demo.php')
 3 SYSTEMPATH/View/View.php(216): CodeIgniter\View\View->CodeIgniter\View\{closure}()
 4 SYSTEMPATH/Common.php(1135): CodeIgniter\View\View->render('report_icmic_njdg_view_demo', [], true)
 5 APPPATH/Controllers/Report.php(60): view('report_icmic_njdg_view_demo')
 6 SYSTEMPATH/CodeIgniter.php(925): App\Controllers\Report->demo()
 7 SYSTEMPATH/CodeIgniter.php(480): CodeIgniter\CodeIgniter->runController(Object(App\Controllers\Report))
 8 SYSTEMPATH/CodeIgniter.php(349): CodeIgniter\CodeIgniter->handleRequest(null, Object(Config\Cache), false)
 9 FCPATH/index.php(67): CodeIgniter\CodeIgniter->run()
CRITICAL - 2023-09-01 16:27:00 --> Undefined variable $disposal
in APPPATH/Views/report_icmic_njdg_view_demo.php on line 520.
 1 APPPATH/Views/report_icmic_njdg_view_demo.php(520): CodeIgniter\Debug\Exceptions->errorHandler(2, 'Undefined variable $disposal', 'APPPATH/Views/report_icmic_njdg_view_demo.php', 520)
 2 SYSTEMPATH/View/View.php(213): include('APPPATH/Views/report_icmic_njdg_view_demo.php')
 3 SYSTEMPATH/View/View.php(216): CodeIgniter\View\View->CodeIgniter\View\{closure}()
 4 SYSTEMPATH/Common.php(1135): CodeIgniter\View\View->render('report_icmic_njdg_view_demo', [], true)
 5 APPPATH/Controllers/Report.php(60): view('report_icmic_njdg_view_demo')
 6 SYSTEMPATH/CodeIgniter.php(925): App\Controllers\Report->demo()
 7 SYSTEMPATH/CodeIgniter.php(480): CodeIgniter\CodeIgniter->runController(Object(App\Controllers\Report))
 8 SYSTEMPATH/CodeIgniter.php(349): CodeIgniter\CodeIgniter->handleRequest(null, Object(Config\Cache), false)
 9 FCPATH/index.php(67): CodeIgniter\CodeIgniter->run()
CRITICAL - 2023-09-01 16:35:33 --> Undefined variable $disposal
in APPPATH/Views/report_icmic_njdg.php on line 517.
 1 APPPATH/Views/report_icmic_njdg.php(517): CodeIgniter\Debug\Exceptions->errorHandler(2, 'Undefined variable $disposal', 'APPPATH/Views/report_icmic_njdg.php', 517)
 2 SYSTEMPATH/View/View.php(213): include('APPPATH/Views/report_icmic_njdg.php')
 3 SYSTEMPATH/View/View.php(216): CodeIgniter\View\View->CodeIgniter\View\{closure}()
 4 SYSTEMPATH/Common.php(1135): CodeIgniter\View\View->render('report_icmic_njdg', [], true)
 5 APPPATH/Controllers/Report.php(61): view('report_icmic_njdg')
 6 SYSTEMPATH/CodeIgniter.php(925): App\Controllers\Report->demo()
 7 SYSTEMPATH/CodeIgniter.php(480): CodeIgniter\CodeIgniter->runController(Object(App\Controllers\Report))
 8 SYSTEMPATH/CodeIgniter.php(349): CodeIgniter\CodeIgniter->handleRequest(null, Object(Config\Cache), false)
 9 FCPATH/index.php(67): CodeIgniter\CodeIgniter->run()
