CRITICAL - 2023-08-30 08:13:11 --> Trying to access array offset on value of type int
in APPPATH/Models/Model_icmis_njdg.php on line 46.
 1 APPPATH/Models/Model_icmis_njdg.php(46): CodeIgniter\Debug\Exceptions->errorHandler(2, 'Trying to access array offset on value of type int', 'APPPATH/Models/Model_icmis_njdg.php', 46)
 2 APPPATH/Controllers/Report.php(40): App\Models\Model_icmis_njdg->get_pendency()
 3 SYSTEMPATH/CodeIgniter.php(925): App\Controllers\Report->view()
 4 SYSTEMPATH/CodeIgniter.php(480): CodeIgniter\CodeIgniter->runController(Object(App\Controllers\Report))
 5 SYSTEMPATH/CodeIgniter.php(349): CodeIgniter\CodeIgniter->handleRequest(null, Object(Config\Cache), false)
 6 FCPATH/index.php(67): CodeIgniter\CodeIgniter->run()
CRITICAL - 2023-08-30 08:19:49 --> Trying to access array offset on value of type null
in APPPATH/Views/report_icmic_njdg_view.php on line 54.
 1 APPPATH/Views/report_icmic_njdg_view.php(54): CodeIgniter\Debug\Exceptions->errorHandler(2, 'Trying to access array offset on value of type null', 'APPPATH/Views/report_icmic_njdg_view.php', 54)
 2 SYSTEMPATH/View/View.php(213): include('APPPATH/Views/report_icmic_njdg_view.php')
 3 SYSTEMPATH/View/View.php(216): CodeIgniter\View\View->CodeIgniter\View\{closure}()
 4 SYSTEMPATH/Common.php(1135): CodeIgniter\View\View->render('report_icmic_njdg_view', [], true)
 5 APPPATH/Controllers/Report.php(51): view('report_icmic_njdg_view', [...])
 6 SYSTEMPATH/CodeIgniter.php(925): App\Controllers\Report->view()
 7 SYSTEMPATH/CodeIgniter.php(480): CodeIgniter\CodeIgniter->runController(Object(App\Controllers\Report))
 8 SYSTEMPATH/CodeIgniter.php(349): CodeIgniter\CodeIgniter->handleRequest(null, Object(Config\Cache), false)
 9 FCPATH/index.php(67): CodeIgniter\CodeIgniter->run()
CRITICAL - 2023-08-30 09:41:59 --> Undefined variable $sql
in APPPATH/Models/Model_icmis_njdg.php on line 215.
 1 APPPATH/Models/Model_icmis_njdg.php(215): CodeIgniter\Debug\Exceptions->errorHandler(2, 'Undefined variable $sql', 'APPPATH/Models/Model_icmis_njdg.php', 215)
 2 APPPATH/Models/Model_icmis_njdg.php(38): App\Models\Model_icmis_njdg->get_pendency_data('icmis_civil_criminal_disposed_last_year')
 3 APPPATH/Controllers/Report.php(40): App\Models\Model_icmis_njdg->get_pendency()
 4 SYSTEMPATH/CodeIgniter.php(925): App\Controllers\Report->view()
 5 SYSTEMPATH/CodeIgniter.php(480): CodeIgniter\CodeIgniter->runController(Object(App\Controllers\Report))
 6 SYSTEMPATH/CodeIgniter.php(349): CodeIgniter\CodeIgniter->handleRequest(null, Object(Config\Cache), false)
 7 FCPATH/index.php(67): CodeIgniter\CodeIgniter->run()
CRITICAL - 2023-08-30 09:57:25 --> Undefined variable $pendency
in APPPATH/Views/report_icmic_njdg_view.php on line 231.
 1 APPPATH/Views/report_icmic_njdg_view.php(231): CodeIgniter\Debug\Exceptions->errorHandler(2, 'Undefined variable $pendency', 'APPPATH/Views/report_icmic_njdg_view.php', 231)
 2 SYSTEMPATH/View/View.php(213): include('APPPATH/Views/report_icmic_njdg_view.php')
 3 SYSTEMPATH/View/View.php(216): CodeIgniter\View\View->CodeIgniter\View\{closure}()
 4 SYSTEMPATH/Common.php(1135): CodeIgniter\View\View->render('report_icmic_njdg_view', [], true)
 5 APPPATH/Controllers/Report.php(58): view('report_icmic_njdg_view')
 6 SYSTEMPATH/CodeIgniter.php(925): App\Controllers\Report->demo()
 7 SYSTEMPATH/CodeIgniter.php(480): CodeIgniter\CodeIgniter->runController(Object(App\Controllers\Report))
 8 SYSTEMPATH/CodeIgniter.php(349): CodeIgniter\CodeIgniter->handleRequest(null, Object(Config\Cache), false)
 9 FCPATH/index.php(67): CodeIgniter\CodeIgniter->run()
