CRITICAL - 2024-01-31 00:13:47 --> The action you requested is not allowed.
in SYSTEMPATH/Security/Security.php on line 307.
 1 SYSTEMPATH/Security/Security.php(307): CodeIgniter\Security\Exceptions\SecurityException::forDisallowedAction()
 2 SYSTEMPATH/Filters/CSRF.php(55): CodeIgniter\Security\Security->verify(Object(CodeIgniter\HTTP\IncomingRequest))
 3 SYSTEMPATH/Filters/Filters.php(173): CodeIgniter\Filters\CSRF->before(Object(CodeIgniter\HTTP\IncomingRequest), null)
 4 SYSTEMPATH/CodeIgniter.php(453): CodeIgniter\Filters\Filters->run('Copying/Copying/application_status_update', 'before')
 5 SYSTEMPATH/CodeIgniter.php(349): CodeIgniter\CodeIgniter->handleRequest(null, Object(Config\Cache), false)
 6 FCPATH/index.php(67): CodeIgniter\CodeIgniter->run()
CRITICAL - 2024-01-31 11:44:31 --> Trying to access array offset on value of type bool
in APPPATH/Controllers/Caveat/Generation.php on line 126.
 1 APPPATH/Controllers/Caveat/Generation.php(126): CodeIgniter\Debug\Exceptions->errorHandler(2, 'Trying to access array offset on value of type bool', 'APPPATH/Controllers/Caveat/Generation.php', 126)
 2 SYSTEMPATH/CodeIgniter.php(925): App\Controllers\Caveat\Generation->save_caveat()
 3 SYSTEMPATH/CodeIgniter.php(480): CodeIgniter\CodeIgniter->runController(Object(App\Controllers\Caveat\Generation))
 4 SYSTEMPATH/CodeIgniter.php(349): CodeIgniter\CodeIgniter->handleRequest(null, Object(Config\Cache), false)
 5 FCPATH/index.php(67): CodeIgniter\CodeIgniter->run()
CRITICAL - 2024-01-31 11:45:05 --> Trying to access array offset on value of type bool
in APPPATH/Controllers/Caveat/Generation.php on line 126.
 1 APPPATH/Controllers/Caveat/Generation.php(126): CodeIgniter\Debug\Exceptions->errorHandler(2, 'Trying to access array offset on value of type bool', 'APPPATH/Controllers/Caveat/Generation.php', 126)
 2 SYSTEMPATH/CodeIgniter.php(925): App\Controllers\Caveat\Generation->save_caveat()
 3 SYSTEMPATH/CodeIgniter.php(480): CodeIgniter\CodeIgniter->runController(Object(App\Controllers\Caveat\Generation))
 4 SYSTEMPATH/CodeIgniter.php(349): CodeIgniter\CodeIgniter->handleRequest(null, Object(Config\Cache), false)
 5 FCPATH/index.php(67): CodeIgniter\CodeIgniter->run()
ERROR - 2024-01-31 13:50:23 --> ErrorException: pg_query(): Query failed: ERROR:  invalid input syntax for type bigint: &quot;&quot;
LINE 9: ....&quot;dispatched_by&quot; is not null and &quot;ept&quot;.&quot;dispatched_by&quot; != ''
                                                                     ^ in /var/www/html/system/Database/Postgre/Connection.php:140
Stack trace:
#0 [internal function]: CodeIgniter\Debug\Exceptions->errorHandler(2, 'pg_query(): Que...', '/var/www/html/s...', 140)
#1 /var/www/html/system/Database/Postgre/Connection.php(140): pg_query(Object(PgSql\Connection), 'SELECT "ecpd"."...')
#2 /var/www/html/system/Database/BaseConnection.php(666): CodeIgniter\Database\Postgre\Connection->execute('SELECT "ecpd"."...')
#3 /var/www/html/system/Database/BaseConnection.php(593): CodeIgniter\Database\BaseConnection->simpleQuery('SELECT "ecpd"."...')
#4 /var/www/html/system/Database/BaseBuilder.php(1585): CodeIgniter\Database\BaseConnection->query('SELECT "ecpd"."...', Array, false)
#5 /var/www/html/app/Models/RI/RIModel.php(995): CodeIgniter\Database\BaseBuilder->get()
#6 /var/www/html/app/Controllers/RI/ReceiptController.php(861): App\Models\RI\RIModel->getDakDataForReceive('1', '71', 'P')
#7 /var/www/html/system/CodeIgniter.php(925): App\Controllers\RI\ReceiptController->getDakDataForReceive()
#8 /var/www/html/system/CodeIgniter.php(480): CodeIgniter\CodeIgniter->runController(Object(App\Controllers\RI\ReceiptController))
#9 /var/www/html/system/CodeIgniter.php(349): CodeIgniter\CodeIgniter->handleRequest(NULL, Object(Config\Cache), false)
#10 /var/www/html/public/index.php(67): CodeIgniter\CodeIgniter->run()
#11 {main}
CRITICAL - 2024-01-31 13:50:23 --> pg_query(): Query failed: ERROR:  invalid input syntax for type bigint: &quot;&quot;
LINE 9: ....&quot;dispatched_by&quot; is not null and &quot;ept&quot;.&quot;dispatched_by&quot; != ''
                                                                     ^
in SYSTEMPATH/Database/Postgre/Connection.php on line 140.
 1 [internal function]: CodeIgniter\Debug\Exceptions->errorHandler(2, 'pg_query(): Query failed: ERROR:  invalid input syntax for type bigint: &quot;&quot;
LINE 9: ....&quot;dispatched_by&quot; is not null and &quot;ept&quot;.&quot;dispatched_by&quot; != \'\'
                                                                     ^', 'SYSTEMPATH/Database/Postgre/Connection.php', 140)
 2 SYSTEMPATH/Database/Postgre/Connection.php(140): pg_query(Object(PgSql\Connection), 'SELECT "ecpd"."is_ad_card", "ecpd"."ec_postal_dispatch_id", "epd"."is_with_process_id", "epd"."process_id", "epd"."process_id_year", "epd"."reference_number", (select name from master.tw_serve where serve_stage=epd.serve_stage and serve_type=0) as serve_stage, (select name from master.tw_serve where id=epd.tw_serve_id) as serve_type, "epd"."serve_remarks", "ept"."id" as "ec_postal_transactions_id", "ecpd"."id", "ecpd"."ec_case_id", "ecpd"."sender_name", "ecpd"."address", concat(ecpd.diary_no, \'/\', ecpd.diary_year) as diary, "ecpd"."remarks", "ecpd"."subject", (case when ecpd.postal_no is not null then ecpd.postal_no else case when ecpd.letter_no is not null then ecpd.letter_no end end) as postal_number, (case when ecpd.postal_date is not null then ecpd.postal_date else case when ecpd.letter_date is not null then ecpd.letter_date end end) as postal_date, (select postal_type_description from master.ref_postal_type rpt where rpt.id=ecpd.ref_postal_type_id) as postal_type, (case when ept.dispatched_to_user_type=\'s\' then (select section_name from master.usersection where id=ept.dispatched_to) else 
                  case when ept.dispatched_to_user_type = \'o\' then (select concat(name, \' (\', "empid", \') \') from master.users where usercode=ept.dispatched_to) else 
                  case when ept.dispatched_to_user_type = \'j\' then (select jname from master.judge where jcode=ept.dispatched_to) else ecpd.postal_addressee end end end) as address_to, "ec"."diary_no" as "diary_number", "ec"."reg_no_display", (select concat(name, \'(\', "empid", \')\') from master.users where usercode=ept.dispatched_by) as dispatched_by, "ept"."dispatched_on", (select concat(name, \'(\', "empid", \')\') from master.users where usercode=ept.action_taken_by) as action_taken_by, "ept"."action_taken_on", "ept"."action_taken", "ept"."is_forwarded", (case when ept.letterPriority=\'0\' THEN \'Normal\' else case when ept.letterPriority=\'1\' THEN \'Urgent But Not Important\' 
           else case  when ept.letterPriority=\'2\' THEN \'Important But Not Urgent\' else case when ept.letterPriority=\'3\' THEN \'Urgent And Important\' END END END END) as letterPriority
FROM "ec_postal_received" "ecpd"
LEFT JOIN "main" "ec" ON "ecpd"."ec_case_id"="ec"."diary_no"
LEFT JOIN "ec_postal_transactions" "ept" ON "ecpd"."id"="ept"."ec_postal_received_id"
LEFT JOIN "ec_postal_dispatch" "epd" ON "ecpd"."ec_postal_dispatch_id"="epd"."id"
WHERE ("ept"."is_active" = \'t\' or "ept"."is_active" is null) and "ecpd"."is_deleted" = \'f\' and "ept"."dispatched_by" is not null and "ept"."dispatched_by" != \'\'
AND ("ept"."action_taken" is null or "ept"."action_taken" =0 or "ept"."action_taken_by" = \'\')
ORDER BY "ecpd"."diary_no"')
 3 SYSTEMPATH/Database/BaseConnection.php(666): CodeIgniter\Database\Postgre\Connection->execute('SELECT "ecpd"."is_ad_card", "ecpd"."ec_postal_dispatch_id", "epd"."is_with_process_id", "epd"."process_id", "epd"."process_id_year", "epd"."reference_number", (select name from master.tw_serve where serve_stage=epd.serve_stage and serve_type=0) as serve_stage, (select name from master.tw_serve where id=epd.tw_serve_id) as serve_type, "epd"."serve_remarks", "ept"."id" as "ec_postal_transactions_id", "ecpd"."id", "ecpd"."ec_case_id", "ecpd"."sender_name", "ecpd"."address", concat(ecpd.diary_no, \'/\', ecpd.diary_year) as diary, "ecpd"."remarks", "ecpd"."subject", (case when ecpd.postal_no is not null then ecpd.postal_no else case when ecpd.letter_no is not null then ecpd.letter_no end end) as postal_number, (case when ecpd.postal_date is not null then ecpd.postal_date else case when ecpd.letter_date is not null then ecpd.letter_date end end) as postal_date, (select postal_type_description from master.ref_postal_type rpt where rpt.id=ecpd.ref_postal_type_id) as postal_type, (case when ept.dispatched_to_user_type=\'s\' then (select section_name from master.usersection where id=ept.dispatched_to) else 
                  case when ept.dispatched_to_user_type = \'o\' then (select concat(name, \' (\', "empid", \') \') from master.users where usercode=ept.dispatched_to) else 
                  case when ept.dispatched_to_user_type = \'j\' then (select jname from master.judge where jcode=ept.dispatched_to) else ecpd.postal_addressee end end end) as address_to, "ec"."diary_no" as "diary_number", "ec"."reg_no_display", (select concat(name, \'(\', "empid", \')\') from master.users where usercode=ept.dispatched_by) as dispatched_by, "ept"."dispatched_on", (select concat(name, \'(\', "empid", \')\') from master.users where usercode=ept.action_taken_by) as action_taken_by, "ept"."action_taken_on", "ept"."action_taken", "ept"."is_forwarded", (case when ept.letterPriority=\'0\' THEN \'Normal\' else case when ept.letterPriority=\'1\' THEN \'Urgent But Not Important\' 
           else case  when ept.letterPriority=\'2\' THEN \'Important But Not Urgent\' else case when ept.letterPriority=\'3\' THEN \'Urgent And Important\' END END END END) as letterPriority
FROM "ec_postal_received" "ecpd"
LEFT JOIN "main" "ec" ON "ecpd"."ec_case_id"="ec"."diary_no"
LEFT JOIN "ec_postal_transactions" "ept" ON "ecpd"."id"="ept"."ec_postal_received_id"
LEFT JOIN "ec_postal_dispatch" "epd" ON "ecpd"."ec_postal_dispatch_id"="epd"."id"
WHERE ("ept"."is_active" = \'t\' or "ept"."is_active" is null) and "ecpd"."is_deleted" = \'f\' and "ept"."dispatched_by" is not null and "ept"."dispatched_by" != \'\'
AND ("ept"."action_taken" is null or "ept"."action_taken" =0 or "ept"."action_taken_by" = \'\')
ORDER BY "ecpd"."diary_no"')
 4 SYSTEMPATH/Database/BaseConnection.php(593): CodeIgniter\Database\BaseConnection->simpleQuery('SELECT "ecpd"."is_ad_card", "ecpd"."ec_postal_dispatch_id", "epd"."is_with_process_id", "epd"."process_id", "epd"."process_id_year", "epd"."reference_number", (select name from master.tw_serve where serve_stage=epd.serve_stage and serve_type=0) as serve_stage, (select name from master.tw_serve where id=epd.tw_serve_id) as serve_type, "epd"."serve_remarks", "ept"."id" as "ec_postal_transactions_id", "ecpd"."id", "ecpd"."ec_case_id", "ecpd"."sender_name", "ecpd"."address", concat(ecpd.diary_no, \'/\', ecpd.diary_year) as diary, "ecpd"."remarks", "ecpd"."subject", (case when ecpd.postal_no is not null then ecpd.postal_no else case when ecpd.letter_no is not null then ecpd.letter_no end end) as postal_number, (case when ecpd.postal_date is not null then ecpd.postal_date else case when ecpd.letter_date is not null then ecpd.letter_date end end) as postal_date, (select postal_type_description from master.ref_postal_type rpt where rpt.id=ecpd.ref_postal_type_id) as postal_type, (case when ept.dispatched_to_user_type=\'s\' then (select section_name from master.usersection where id=ept.dispatched_to) else 
                  case when ept.dispatched_to_user_type = \'o\' then (select concat(name, \' (\', "empid", \') \') from master.users where usercode=ept.dispatched_to) else 
                  case when ept.dispatched_to_user_type = \'j\' then (select jname from master.judge where jcode=ept.dispatched_to) else ecpd.postal_addressee end end end) as address_to, "ec"."diary_no" as "diary_number", "ec"."reg_no_display", (select concat(name, \'(\', "empid", \')\') from master.users where usercode=ept.dispatched_by) as dispatched_by, "ept"."dispatched_on", (select concat(name, \'(\', "empid", \')\') from master.users where usercode=ept.action_taken_by) as action_taken_by, "ept"."action_taken_on", "ept"."action_taken", "ept"."is_forwarded", (case when ept.letterPriority=\'0\' THEN \'Normal\' else case when ept.letterPriority=\'1\' THEN \'Urgent But Not Important\' 
           else case  when ept.letterPriority=\'2\' THEN \'Important But Not Urgent\' else case when ept.letterPriority=\'3\' THEN \'Urgent And Important\' END END END END) as letterPriority
FROM "ec_postal_received" "ecpd"
LEFT JOIN "main" "ec" ON "ecpd"."ec_case_id"="ec"."diary_no"
LEFT JOIN "ec_postal_transactions" "ept" ON "ecpd"."id"="ept"."ec_postal_received_id"
LEFT JOIN "ec_postal_dispatch" "epd" ON "ecpd"."ec_postal_dispatch_id"="epd"."id"
WHERE ("ept"."is_active" = \'t\' or "ept"."is_active" is null) and "ecpd"."is_deleted" = \'f\' and "ept"."dispatched_by" is not null and "ept"."dispatched_by" != \'\'
AND ("ept"."action_taken" is null or "ept"."action_taken" =0 or "ept"."action_taken_by" = \'\')
ORDER BY "ecpd"."diary_no"')
 5 SYSTEMPATH/Database/BaseBuilder.php(1585): CodeIgniter\Database\BaseConnection->query('SELECT "ecpd"."is_ad_card", "ecpd"."ec_postal_dispatch_id", "epd"."is_with_process_id", "epd"."process_id", "epd"."process_id_year", "epd"."reference_number", (select name from master.tw_serve where serve_stage=epd.serve_stage and serve_type=0) as serve_stage, (select name from master.tw_serve where id=epd.tw_serve_id) as serve_type, "epd"."serve_remarks", "ept"."id" as "ec_postal_transactions_id", "ecpd"."id", "ecpd"."ec_case_id", "ecpd"."sender_name", "ecpd"."address", concat(ecpd.diary_no, \'/\', ecpd.diary_year) as diary, "ecpd"."remarks", "ecpd"."subject", (case when ecpd.postal_no is not null then ecpd.postal_no else case when ecpd.letter_no is not null then ecpd.letter_no end end) as postal_number, (case when ecpd.postal_date is not null then ecpd.postal_date else case when ecpd.letter_date is not null then ecpd.letter_date end end) as postal_date, (select postal_type_description from master.ref_postal_type rpt where rpt.id=ecpd.ref_postal_type_id) as postal_type, (case when ept.dispatched_to_user_type=\'s\' then (select section_name from master.usersection where id=ept.dispatched_to) else 
                  case when ept.dispatched_to_user_type = \'o\' then (select concat(name, \' (\', "empid", \') \') from master.users where usercode=ept.dispatched_to) else 
                  case when ept.dispatched_to_user_type = \'j\' then (select jname from master.judge where jcode=ept.dispatched_to) else ecpd.postal_addressee end end end) as address_to, "ec"."diary_no" as "diary_number", "ec"."reg_no_display", (select concat(name, \'(\', "empid", \')\') from master.users where usercode=ept.dispatched_by) as dispatched_by, "ept"."dispatched_on", (select concat(name, \'(\', "empid", \')\') from master.users where usercode=ept.action_taken_by) as action_taken_by, "ept"."action_taken_on", "ept"."action_taken", "ept"."is_forwarded", (case when ept.letterPriority=\'0\' THEN \'Normal\' else case when ept.letterPriority=\'1\' THEN \'Urgent But Not Important\' 
           else case  when ept.letterPriority=\'2\' THEN \'Important But Not Urgent\' else case when ept.letterPriority=\'3\' THEN \'Urgent And Important\' END END END END) as letterPriority
FROM "ec_postal_received" "ecpd"
LEFT JOIN "main" "ec" ON "ecpd"."ec_case_id"="ec"."diary_no"
LEFT JOIN "ec_postal_transactions" "ept" ON "ecpd"."id"="ept"."ec_postal_received_id"
LEFT JOIN "ec_postal_dispatch" "epd" ON "ecpd"."ec_postal_dispatch_id"="epd"."id"
WHERE ("ept"."is_active" = \'t\' or "ept"."is_active" is null) and "ecpd"."is_deleted" = \'f\' and "ept"."dispatched_by" is not null and "ept"."dispatched_by" != \'\'
AND ("ept"."action_taken" is null or "ept"."action_taken" =0 or "ept"."action_taken_by" = \'\')
ORDER BY "ecpd"."diary_no"', [], false)
 6 APPPATH/Models/RI/RIModel.php(995): CodeIgniter\Database\BaseBuilder->get()
 7 APPPATH/Controllers/RI/ReceiptController.php(861): App\Models\RI\RIModel->getDakDataForReceive('1', '71', 'P')
 8 SYSTEMPATH/CodeIgniter.php(925): App\Controllers\RI\ReceiptController->getDakDataForReceive()
 9 SYSTEMPATH/CodeIgniter.php(480): CodeIgniter\CodeIgniter->runController(Object(App\Controllers\RI\ReceiptController))
10 SYSTEMPATH/CodeIgniter.php(349): CodeIgniter\CodeIgniter->handleRequest(null, Object(Config\Cache), false)
11 FCPATH/index.php(67): CodeIgniter\CodeIgniter->run()
