ERROR - 2023-10-09 00:06:14 --> mysqli_sql_exception: You have an error in your SQL syntax; check the manual that corresponds to your MySQL server version for the right syntax to use near '? AND substr(m.menu_id,3,2) <>'00' and m.menu_id is not null and urmm.display='Y' at line 5 in /var/www/html/system/Database/MySQLi/Connection.php:292
Stack trace:
#0 /var/www/html/system/Database/MySQLi/Connection.php(292): mysqli->query('select distinct...', 0)
#1 /var/www/html/system/Database/BaseConnection.php(666): CodeIgniter\Database\MySQLi\Connection->execute('select distinct...')
#2 /var/www/html/system/Database/BaseConnection.php(593): CodeIgniter\Database\BaseConnection->simpleQuery('select distinct...')
#3 /var/www/html/app/Views/templates/menu.php(99): CodeIgniter\Database\BaseConnection->query('select distinct...')
#4 /var/www/html/system/View/View.php(213): include('/var/www/html/a...')
#5 /var/www/html/system/View/View.php(216): CodeIgniter\View\View->CodeIgniter\View\{closure}()
#6 /var/www/html/system/Common.php(1135): CodeIgniter\View\View->render('templates/menu', Array, true)
#7 /var/www/html/app/Views/templates/leftsidebar.php(8): view('templates/menu')
#8 /var/www/html/system/View/View.php(213): include('/var/www/html/a...')
#9 /var/www/html/system/View/View.php(216): CodeIgniter\View\View->CodeIgniter\View\{closure}()
#10 /var/www/html/system/Common.php(1135): CodeIgniter\View\View->render('templates/lefts...', Array, true)
#11 /var/www/html/app/Views/templates/index.php(159): view('templates/lefts...')
#12 /var/www/html/system/View/View.php(213): include('/var/www/html/a...')
#13 /var/www/html/system/View/View.php(216): CodeIgniter\View\View->CodeIgniter\View\{closure}()
#14 /var/www/html/system/Common.php(1135): CodeIgniter\View\View->render('templates/index', Array, true)
#15 /var/www/html/app/Controllers/Dashboard/DefaultController.php(26): view('templates/index', Array)
#16 /var/www/html/system/CodeIgniter.php(925): App\Controllers\Dashboard\DefaultController->index()
#17 /var/www/html/system/CodeIgniter.php(480): CodeIgniter\CodeIgniter->runController(Object(App\Controllers\Dashboard\DefaultController))
#18 /var/www/html/system/CodeIgniter.php(349): CodeIgniter\CodeIgniter->handleRequest(NULL, Object(Config\Cache), false)
#19 /var/www/html/public/index.php(67): CodeIgniter\CodeIgniter->run()
#20 {main}
CRITICAL - 2023-10-09 00:06:14 --> You have an error in your SQL syntax; check the manual that corresponds to your MySQL server version for the right syntax to use near '? AND substr(m.menu_id,3,2) <>'00' and m.menu_id is not null and urmm.display='Y' at line 5
in SYSTEMPATH/Database/MySQLi/Connection.php on line 292.
 1 SYSTEMPATH/Database/MySQLi/Connection.php(292): mysqli->query('select distinct m.menu_nm,substr(m.menu_id,1,4) as sml1_id,m.url, m.old_smenu_id from user_role_master_mapping urmm inner join role_master rm on urmm.role_master_id=rm.id
                    inner join role_menu_mapping rmm on rm.id=rmm.role_master_id inner join menu m on 
                    m.menu_id like CONCAT(substr(rmm.menu_id,1,4), \'%\') 
                    # CONCAT(rmm.menu_id, \'%\')
                    where substr(m.menu_id,5)=\'00000000\' AND substr(m.menu_id,1,2)=? AND substr(m.menu_id,3,2) <>\'00\' and m.menu_id is not null and urmm.display=\'Y\' and rm.display=\'Y\' and rmm.display=\'Y\' and m.display=\'Y\' 
                    and urmm.usercode=1 order by m.menu_nm', 0)
 2 SYSTEMPATH/Database/BaseConnection.php(666): CodeIgniter\Database\MySQLi\Connection->execute('select distinct m.menu_nm,substr(m.menu_id,1,4) as sml1_id,m.url, m.old_smenu_id from user_role_master_mapping urmm inner join role_master rm on urmm.role_master_id=rm.id
                    inner join role_menu_mapping rmm on rm.id=rmm.role_master_id inner join menu m on 
                    m.menu_id like CONCAT(substr(rmm.menu_id,1,4), \'%\') 
                    # CONCAT(rmm.menu_id, \'%\')
                    where substr(m.menu_id,5)=\'00000000\' AND substr(m.menu_id,1,2)=? AND substr(m.menu_id,3,2) <>\'00\' and m.menu_id is not null and urmm.display=\'Y\' and rm.display=\'Y\' and rmm.display=\'Y\' and m.display=\'Y\' 
                    and urmm.usercode=1 order by m.menu_nm')
 3 SYSTEMPATH/Database/BaseConnection.php(593): CodeIgniter\Database\BaseConnection->simpleQuery('select distinct m.menu_nm,substr(m.menu_id,1,4) as sml1_id,m.url, m.old_smenu_id from user_role_master_mapping urmm inner join role_master rm on urmm.role_master_id=rm.id
                    inner join role_menu_mapping rmm on rm.id=rmm.role_master_id inner join menu m on 
                    m.menu_id like CONCAT(substr(rmm.menu_id,1,4), \'%\') 
                    # CONCAT(rmm.menu_id, \'%\')
                    where substr(m.menu_id,5)=\'00000000\' AND substr(m.menu_id,1,2)=? AND substr(m.menu_id,3,2) <>\'00\' and m.menu_id is not null and urmm.display=\'Y\' and rm.display=\'Y\' and rmm.display=\'Y\' and m.display=\'Y\' 
                    and urmm.usercode=1 order by m.menu_nm')
 4 APPPATH/Views/templates/menu.php(99): CodeIgniter\Database\BaseConnection->query('select distinct m.menu_nm,substr(m.menu_id,1,4) as sml1_id,m.url, m.old_smenu_id from user_role_master_mapping urmm inner join role_master rm on urmm.role_master_id=rm.id
                    inner join role_menu_mapping rmm on rm.id=rmm.role_master_id inner join menu m on 
                    m.menu_id like CONCAT(substr(rmm.menu_id,1,4), \'%\') 
                    # CONCAT(rmm.menu_id, \'%\')
                    where substr(m.menu_id,5)=\'00000000\' AND substr(m.menu_id,1,2)=? AND substr(m.menu_id,3,2) <>\'00\' and m.menu_id is not null and urmm.display=\'Y\' and rm.display=\'Y\' and rmm.display=\'Y\' and m.display=\'Y\' 
                    and urmm.usercode=1 order by m.menu_nm')
 5 SYSTEMPATH/View/View.php(213): include('APPPATH/Views/templates/menu.php')
 6 SYSTEMPATH/View/View.php(216): CodeIgniter\View\View->CodeIgniter\View\{closure}()
 7 SYSTEMPATH/Common.php(1135): CodeIgniter\View\View->render('templates/menu', [], true)
 8 APPPATH/Views/templates/leftsidebar.php(8): view('templates/menu')
 9 SYSTEMPATH/View/View.php(213): include('APPPATH/Views/templates/leftsidebar.php')
10 SYSTEMPATH/View/View.php(216): CodeIgniter\View\View->CodeIgniter\View\{closure}()
11 SYSTEMPATH/Common.php(1135): CodeIgniter\View\View->render('templates/leftsidebar', [], true)
12 APPPATH/Views/templates/index.php(159): view('templates/leftsidebar')
13 SYSTEMPATH/View/View.php(213): include('APPPATH/Views/templates/index.php')
14 SYSTEMPATH/View/View.php(216): CodeIgniter\View\View->CodeIgniter\View\{closure}()
15 SYSTEMPATH/Common.php(1135): CodeIgniter\View\View->render('templates/index', [], true)
16 APPPATH/Controllers/Dashboard/DefaultController.php(26): view('templates/index', [...])
17 SYSTEMPATH/CodeIgniter.php(925): App\Controllers\Dashboard\DefaultController->index()
18 SYSTEMPATH/CodeIgniter.php(480): CodeIgniter\CodeIgniter->runController(Object(App\Controllers\Dashboard\DefaultController))
19 SYSTEMPATH/CodeIgniter.php(349): CodeIgniter\CodeIgniter->handleRequest(null, Object(Config\Cache), false)
20 FCPATH/index.php(67): CodeIgniter\CodeIgniter->run()
CRITICAL - 2023-10-09 01:32:28 --> Creation of dynamic property CodeIgniter\View\View::$db is deprecated
in APPPATH/Views/templates/menu.php on line 6.
 1 APPPATH/Views/templates/menu.php(6): CodeIgniter\Debug\Exceptions->errorHandler(8192, 'Creation of dynamic property CodeIgniter\\View\\View::$db is deprecated', 'APPPATH/Views/templates/menu.php', 6)
 2 SYSTEMPATH/View/View.php(213): include('APPPATH/Views/templates/menu.php')
 3 SYSTEMPATH/View/View.php(216): CodeIgniter\View\View->CodeIgniter\View\{closure}()
 4 SYSTEMPATH/Common.php(1135): CodeIgniter\View\View->render('templates/menu', [], true)
 5 APPPATH/Views/templates/leftsidebar.php(8): view('templates/menu')
 6 SYSTEMPATH/View/View.php(213): include('APPPATH/Views/templates/leftsidebar.php')
 7 SYSTEMPATH/View/View.php(216): CodeIgniter\View\View->CodeIgniter\View\{closure}()
 8 SYSTEMPATH/Common.php(1135): CodeIgniter\View\View->render('templates/leftsidebar', [], true)
 9 APPPATH/Views/templates/index.php(159): view('templates/leftsidebar')
10 SYSTEMPATH/View/View.php(213): include('APPPATH/Views/templates/index.php')
11 SYSTEMPATH/View/View.php(216): CodeIgniter\View\View->CodeIgniter\View\{closure}()
12 SYSTEMPATH/Common.php(1135): CodeIgniter\View\View->render('templates/index', [], true)
13 APPPATH/Controllers/Supreme_court/DefaultController.php(26): view('templates/index', [...])
14 SYSTEMPATH/CodeIgniter.php(925): App\Controllers\Supreme_court\DefaultController->index()
15 SYSTEMPATH/CodeIgniter.php(480): CodeIgniter\CodeIgniter->runController(Object(App\Controllers\Supreme_court\DefaultController))
16 SYSTEMPATH/CodeIgniter.php(349): CodeIgniter\CodeIgniter->handleRequest(null, Object(Config\Cache), false)
17 FCPATH/index.php(67): CodeIgniter\CodeIgniter->run()
CRITICAL - 2023-10-09 01:34:12 --> Creation of dynamic property CodeIgniter\View\View::$db is deprecated
in APPPATH/Views/templates/menu.php on line 6.
 1 APPPATH/Views/templates/menu.php(6): CodeIgniter\Debug\Exceptions->errorHandler(8192, 'Creation of dynamic property CodeIgniter\\View\\View::$db is deprecated', 'APPPATH/Views/templates/menu.php', 6)
 2 SYSTEMPATH/View/View.php(213): include('APPPATH/Views/templates/menu.php')
 3 SYSTEMPATH/View/View.php(216): CodeIgniter\View\View->CodeIgniter\View\{closure}()
 4 SYSTEMPATH/Common.php(1135): CodeIgniter\View\View->render('templates/menu', [], true)
 5 APPPATH/Views/templates/leftsidebar.php(8): view('templates/menu')
 6 SYSTEMPATH/View/View.php(213): include('APPPATH/Views/templates/leftsidebar.php')
 7 SYSTEMPATH/View/View.php(216): CodeIgniter\View\View->CodeIgniter\View\{closure}()
 8 SYSTEMPATH/Common.php(1135): CodeIgniter\View\View->render('templates/leftsidebar', [], true)
 9 APPPATH/Views/templates/index.php(159): view('templates/leftsidebar')
10 SYSTEMPATH/View/View.php(213): include('APPPATH/Views/templates/index.php')
11 SYSTEMPATH/View/View.php(216): CodeIgniter\View\View->CodeIgniter\View\{closure}()
12 SYSTEMPATH/Common.php(1135): CodeIgniter\View\View->render('templates/index', [], true)
13 APPPATH/Controllers/Supreme_court/DefaultController.php(26): view('templates/index', [...])
14 SYSTEMPATH/CodeIgniter.php(925): App\Controllers\Supreme_court\DefaultController->index()
15 SYSTEMPATH/CodeIgniter.php(480): CodeIgniter\CodeIgniter->runController(Object(App\Controllers\Supreme_court\DefaultController))
16 SYSTEMPATH/CodeIgniter.php(349): CodeIgniter\CodeIgniter->handleRequest(null, Object(Config\Cache), false)
17 FCPATH/index.php(67): CodeIgniter\CodeIgniter->run()
CRITICAL - 2023-10-09 01:34:13 --> Creation of dynamic property CodeIgniter\View\View::$db is deprecated
in APPPATH/Views/templates/menu.php on line 6.
 1 APPPATH/Views/templates/menu.php(6): CodeIgniter\Debug\Exceptions->errorHandler(8192, 'Creation of dynamic property CodeIgniter\\View\\View::$db is deprecated', 'APPPATH/Views/templates/menu.php', 6)
 2 SYSTEMPATH/View/View.php(213): include('APPPATH/Views/templates/menu.php')
 3 SYSTEMPATH/View/View.php(216): CodeIgniter\View\View->CodeIgniter\View\{closure}()
 4 SYSTEMPATH/Common.php(1135): CodeIgniter\View\View->render('templates/menu', [], true)
 5 APPPATH/Views/templates/leftsidebar.php(8): view('templates/menu')
 6 SYSTEMPATH/View/View.php(213): include('APPPATH/Views/templates/leftsidebar.php')
 7 SYSTEMPATH/View/View.php(216): CodeIgniter\View\View->CodeIgniter\View\{closure}()
 8 SYSTEMPATH/Common.php(1135): CodeIgniter\View\View->render('templates/leftsidebar', [], true)
 9 APPPATH/Views/templates/index.php(159): view('templates/leftsidebar')
10 SYSTEMPATH/View/View.php(213): include('APPPATH/Views/templates/index.php')
11 SYSTEMPATH/View/View.php(216): CodeIgniter\View\View->CodeIgniter\View\{closure}()
12 SYSTEMPATH/Common.php(1135): CodeIgniter\View\View->render('templates/index', [], true)
13 APPPATH/Controllers/Supreme_court/DefaultController.php(26): view('templates/index', [...])
14 SYSTEMPATH/CodeIgniter.php(925): App\Controllers\Supreme_court\DefaultController->index()
15 SYSTEMPATH/CodeIgniter.php(480): CodeIgniter\CodeIgniter->runController(Object(App\Controllers\Supreme_court\DefaultController))
16 SYSTEMPATH/CodeIgniter.php(349): CodeIgniter\CodeIgniter->handleRequest(null, Object(Config\Cache), false)
17 FCPATH/index.php(67): CodeIgniter\CodeIgniter->run()
CRITICAL - 2023-10-09 01:34:14 --> Creation of dynamic property CodeIgniter\View\View::$db is deprecated
in APPPATH/Views/templates/menu.php on line 6.
 1 APPPATH/Views/templates/menu.php(6): CodeIgniter\Debug\Exceptions->errorHandler(8192, 'Creation of dynamic property CodeIgniter\\View\\View::$db is deprecated', 'APPPATH/Views/templates/menu.php', 6)
 2 SYSTEMPATH/View/View.php(213): include('APPPATH/Views/templates/menu.php')
 3 SYSTEMPATH/View/View.php(216): CodeIgniter\View\View->CodeIgniter\View\{closure}()
 4 SYSTEMPATH/Common.php(1135): CodeIgniter\View\View->render('templates/menu', [], true)
 5 APPPATH/Views/templates/leftsidebar.php(8): view('templates/menu')
 6 SYSTEMPATH/View/View.php(213): include('APPPATH/Views/templates/leftsidebar.php')
 7 SYSTEMPATH/View/View.php(216): CodeIgniter\View\View->CodeIgniter\View\{closure}()
 8 SYSTEMPATH/Common.php(1135): CodeIgniter\View\View->render('templates/leftsidebar', [], true)
 9 APPPATH/Views/templates/index.php(159): view('templates/leftsidebar')
10 SYSTEMPATH/View/View.php(213): include('APPPATH/Views/templates/index.php')
11 SYSTEMPATH/View/View.php(216): CodeIgniter\View\View->CodeIgniter\View\{closure}()
12 SYSTEMPATH/Common.php(1135): CodeIgniter\View\View->render('templates/index', [], true)
13 APPPATH/Controllers/Supreme_court/DefaultController.php(26): view('templates/index', [...])
14 SYSTEMPATH/CodeIgniter.php(925): App\Controllers\Supreme_court\DefaultController->index()
15 SYSTEMPATH/CodeIgniter.php(480): CodeIgniter\CodeIgniter->runController(Object(App\Controllers\Supreme_court\DefaultController))
16 SYSTEMPATH/CodeIgniter.php(349): CodeIgniter\CodeIgniter->handleRequest(null, Object(Config\Cache), false)
17 FCPATH/index.php(67): CodeIgniter\CodeIgniter->run()
CRITICAL - 2023-10-09 01:34:22 --> Creation of dynamic property CodeIgniter\View\View::$db is deprecated
in APPPATH/Views/templates/menu.php on line 6.
 1 APPPATH/Views/templates/menu.php(6): CodeIgniter\Debug\Exceptions->errorHandler(8192, 'Creation of dynamic property CodeIgniter\\View\\View::$db is deprecated', 'APPPATH/Views/templates/menu.php', 6)
 2 SYSTEMPATH/View/View.php(213): include('APPPATH/Views/templates/menu.php')
 3 SYSTEMPATH/View/View.php(216): CodeIgniter\View\View->CodeIgniter\View\{closure}()
 4 SYSTEMPATH/Common.php(1135): CodeIgniter\View\View->render('templates/menu', [], true)
 5 APPPATH/Views/templates/leftsidebar.php(8): view('templates/menu')
 6 SYSTEMPATH/View/View.php(213): include('APPPATH/Views/templates/leftsidebar.php')
 7 SYSTEMPATH/View/View.php(216): CodeIgniter\View\View->CodeIgniter\View\{closure}()
 8 SYSTEMPATH/Common.php(1135): CodeIgniter\View\View->render('templates/leftsidebar', [], true)
 9 APPPATH/Views/templates/index.php(159): view('templates/leftsidebar')
10 SYSTEMPATH/View/View.php(213): include('APPPATH/Views/templates/index.php')
11 SYSTEMPATH/View/View.php(216): CodeIgniter\View\View->CodeIgniter\View\{closure}()
12 SYSTEMPATH/Common.php(1135): CodeIgniter\View\View->render('templates/index', [], true)
13 APPPATH/Controllers/Supreme_court/DefaultController.php(26): view('templates/index', [...])
14 SYSTEMPATH/CodeIgniter.php(925): App\Controllers\Supreme_court\DefaultController->index()
15 SYSTEMPATH/CodeIgniter.php(480): CodeIgniter\CodeIgniter->runController(Object(App\Controllers\Supreme_court\DefaultController))
16 SYSTEMPATH/CodeIgniter.php(349): CodeIgniter\CodeIgniter->handleRequest(null, Object(Config\Cache), false)
17 FCPATH/index.php(67): CodeIgniter\CodeIgniter->run()
CRITICAL - 2023-10-09 01:34:34 --> Creation of dynamic property CodeIgniter\View\View::$db is deprecated
in APPPATH/Views/templates/menu.php on line 6.
 1 APPPATH/Views/templates/menu.php(6): CodeIgniter\Debug\Exceptions->errorHandler(8192, 'Creation of dynamic property CodeIgniter\\View\\View::$db is deprecated', 'APPPATH/Views/templates/menu.php', 6)
 2 SYSTEMPATH/View/View.php(213): include('APPPATH/Views/templates/menu.php')
 3 SYSTEMPATH/View/View.php(216): CodeIgniter\View\View->CodeIgniter\View\{closure}()
 4 SYSTEMPATH/Common.php(1135): CodeIgniter\View\View->render('templates/menu', [], true)
 5 APPPATH/Views/templates/leftsidebar.php(8): view('templates/menu')
 6 SYSTEMPATH/View/View.php(213): include('APPPATH/Views/templates/leftsidebar.php')
 7 SYSTEMPATH/View/View.php(216): CodeIgniter\View\View->CodeIgniter\View\{closure}()
 8 SYSTEMPATH/Common.php(1135): CodeIgniter\View\View->render('templates/leftsidebar', [], true)
 9 APPPATH/Views/templates/index.php(159): view('templates/leftsidebar')
10 SYSTEMPATH/View/View.php(213): include('APPPATH/Views/templates/index.php')
11 SYSTEMPATH/View/View.php(216): CodeIgniter\View\View->CodeIgniter\View\{closure}()
12 SYSTEMPATH/Common.php(1135): CodeIgniter\View\View->render('templates/index', [], true)
13 APPPATH/Controllers/Supreme_court/DefaultController.php(26): view('templates/index', [...])
14 SYSTEMPATH/CodeIgniter.php(925): App\Controllers\Supreme_court\DefaultController->index()
15 SYSTEMPATH/CodeIgniter.php(480): CodeIgniter\CodeIgniter->runController(Object(App\Controllers\Supreme_court\DefaultController))
16 SYSTEMPATH/CodeIgniter.php(349): CodeIgniter\CodeIgniter->handleRequest(null, Object(Config\Cache), false)
17 FCPATH/index.php(67): CodeIgniter\CodeIgniter->run()
CRITICAL - 2023-10-09 01:57:24 --> The namespace delimiter is a backslash (\), not a slash (/). Route handler: \App\Controllers\Supreme_court/DefaultController::index
in SYSTEMPATH/Router/Router.php on line 466.
 1 SYSTEMPATH/Router/Router.php(466): CodeIgniter\Router\Exceptions\RouterException::forInvalidControllerName('\\App\\Controllers\\Supreme_court/DefaultController::index')
 2 SYSTEMPATH/Router/Router.php(181): CodeIgniter\Router\Router->checkRoutes('Supreme_court')
 3 SYSTEMPATH/CodeIgniter.php(800): CodeIgniter\Router\Router->handle('Supreme_court')
 4 SYSTEMPATH/CodeIgniter.php(428): CodeIgniter\CodeIgniter->tryToRouteIt(Object(CodeIgniter\Router\RouteCollection))
 5 SYSTEMPATH/CodeIgniter.php(349): CodeIgniter\CodeIgniter->handleRequest(null, Object(Config\Cache), false)
 6 FCPATH/index.php(67): CodeIgniter\CodeIgniter->run()
CRITICAL - 2023-10-09 01:58:11 --> The namespace delimiter is a backslash (\), not a slash (/). Route handler: \App\Controllers\ \App\Controllers\Supreme_court/DefaultController::index
in SYSTEMPATH/Router/Router.php on line 466.
 1 SYSTEMPATH/Router/Router.php(466): CodeIgniter\Router\Exceptions\RouterException::forInvalidControllerName('\\App\\Controllers\\ \\App\\Controllers\\Supreme_court/DefaultController::index')
 2 SYSTEMPATH/Router/Router.php(181): CodeIgniter\Router\Router->checkRoutes('Supreme_court')
 3 SYSTEMPATH/CodeIgniter.php(800): CodeIgniter\Router\Router->handle('Supreme_court')
 4 SYSTEMPATH/CodeIgniter.php(428): CodeIgniter\CodeIgniter->tryToRouteIt(Object(CodeIgniter\Router\RouteCollection))
 5 SYSTEMPATH/CodeIgniter.php(349): CodeIgniter\CodeIgniter->handleRequest(null, Object(Config\Cache), false)
 6 FCPATH/index.php(67): CodeIgniter\CodeIgniter->run()
CRITICAL - 2023-10-09 02:01:16 --> The namespace delimiter is a backslash (\), not a slash (/). Route handler: \App\Controllers\Supreme_court/DefaultController::index
in SYSTEMPATH/Router/Router.php on line 466.
 1 SYSTEMPATH/Router/Router.php(466): CodeIgniter\Router\Exceptions\RouterException::forInvalidControllerName('\\App\\Controllers\\Supreme_court/DefaultController::index')
 2 SYSTEMPATH/Router/Router.php(181): CodeIgniter\Router\Router->checkRoutes('Supreme_court')
 3 SYSTEMPATH/CodeIgniter.php(800): CodeIgniter\Router\Router->handle('Supreme_court')
 4 SYSTEMPATH/CodeIgniter.php(428): CodeIgniter\CodeIgniter->tryToRouteIt(Object(CodeIgniter\Router\RouteCollection))
 5 SYSTEMPATH/CodeIgniter.php(349): CodeIgniter\CodeIgniter->handleRequest(null, Object(Config\Cache), false)
 6 FCPATH/index.php(67): CodeIgniter\CodeIgniter->run()
CRITICAL - 2023-10-09 02:10:44 --> Undefined array key "is_CourtMaster"
in APPPATH/Controllers/Login.php on line 54.
 1 APPPATH/Controllers/Login.php(54): CodeIgniter\Debug\Exceptions->errorHandler(2, 'Undefined array key "is_CourtMaster"', 'APPPATH/Controllers/Login.php', 54)
 2 SYSTEMPATH/CodeIgniter.php(925): App\Controllers\Login->checkLogin()
 3 SYSTEMPATH/CodeIgniter.php(480): CodeIgniter\CodeIgniter->runController(Object(App\Controllers\Login))
 4 SYSTEMPATH/CodeIgniter.php(349): CodeIgniter\CodeIgniter->handleRequest(null, Object(Config\Cache), false)
 5 FCPATH/index.php(67): CodeIgniter\CodeIgniter->run()
CRITICAL - 2023-10-09 02:13:59 --> Call to a member function getResultArray() on bool
in APPPATH/Views/templates/menu.php on line 108.
 1 SYSTEMPATH/View/View.php(213): include()
 2 SYSTEMPATH/View/View.php(216): CodeIgniter\View\View->CodeIgniter\View\{closure}()
 3 SYSTEMPATH/Common.php(1135): CodeIgniter\View\View->render('templates/menu', [], true)
 4 APPPATH/Views/templates/leftsidebar.php(8): view('templates/menu')
 5 SYSTEMPATH/View/View.php(213): include('APPPATH/Views/templates/leftsidebar.php')
 6 SYSTEMPATH/View/View.php(216): CodeIgniter\View\View->CodeIgniter\View\{closure}()
 7 SYSTEMPATH/Common.php(1135): CodeIgniter\View\View->render('templates/leftsidebar', [], true)
 8 APPPATH/Views/templates/index.php(159): view('templates/leftsidebar')
 9 SYSTEMPATH/View/View.php(213): include('APPPATH/Views/templates/index.php')
10 SYSTEMPATH/View/View.php(216): CodeIgniter\View\View->CodeIgniter\View\{closure}()
11 SYSTEMPATH/Common.php(1135): CodeIgniter\View\View->render('templates/index', [], true)
12 APPPATH/Controllers/Supreme_court/DefaultController.php(26): view('templates/index', [...])
13 SYSTEMPATH/CodeIgniter.php(925): App\Controllers\Supreme_court\DefaultController->index()
14 SYSTEMPATH/CodeIgniter.php(480): CodeIgniter\CodeIgniter->runController(Object(App\Controllers\Supreme_court\DefaultController))
15 SYSTEMPATH/CodeIgniter.php(349): CodeIgniter\CodeIgniter->handleRequest(null, Object(Config\Cache), false)
16 FCPATH/index.php(67): CodeIgniter\CodeIgniter->run()
CRITICAL - 2023-10-09 02:17:43 --> Call to a member function getResultArray() on bool
in APPPATH/Views/templates/menu.php on line 108.
 1 SYSTEMPATH/View/View.php(213): include()
 2 SYSTEMPATH/View/View.php(216): CodeIgniter\View\View->CodeIgniter\View\{closure}()
 3 SYSTEMPATH/Common.php(1135): CodeIgniter\View\View->render('templates/menu', [], true)
 4 APPPATH/Views/templates/leftsidebar.php(8): view('templates/menu')
 5 SYSTEMPATH/View/View.php(213): include('APPPATH/Views/templates/leftsidebar.php')
 6 SYSTEMPATH/View/View.php(216): CodeIgniter\View\View->CodeIgniter\View\{closure}()
 7 SYSTEMPATH/Common.php(1135): CodeIgniter\View\View->render('templates/leftsidebar', [], true)
 8 APPPATH/Views/templates/index.php(159): view('templates/leftsidebar')
 9 SYSTEMPATH/View/View.php(213): include('APPPATH/Views/templates/index.php')
10 SYSTEMPATH/View/View.php(216): CodeIgniter\View\View->CodeIgniter\View\{closure}()
11 SYSTEMPATH/Common.php(1135): CodeIgniter\View\View->render('templates/index', [], true)
12 APPPATH/Controllers/Supreme_court/DefaultController.php(26): view('templates/index', [...])
13 SYSTEMPATH/CodeIgniter.php(925): App\Controllers\Supreme_court\DefaultController->index()
14 SYSTEMPATH/CodeIgniter.php(480): CodeIgniter\CodeIgniter->runController(Object(App\Controllers\Supreme_court\DefaultController))
15 SYSTEMPATH/CodeIgniter.php(349): CodeIgniter\CodeIgniter->handleRequest(null, Object(Config\Cache), false)
16 FCPATH/index.php(67): CodeIgniter\CodeIgniter->run()
CRITICAL - 2023-10-09 02:23:17 --> Call to a member function getResultArray() on bool
in APPPATH/Views/templates/menu.php on line 108.
 1 SYSTEMPATH/View/View.php(213): include()
 2 SYSTEMPATH/View/View.php(216): CodeIgniter\View\View->CodeIgniter\View\{closure}()
 3 SYSTEMPATH/Common.php(1135): CodeIgniter\View\View->render('templates/menu', [], true)
 4 APPPATH/Views/templates/leftsidebar.php(8): view('templates/menu')
 5 SYSTEMPATH/View/View.php(213): include('APPPATH/Views/templates/leftsidebar.php')
 6 SYSTEMPATH/View/View.php(216): CodeIgniter\View\View->CodeIgniter\View\{closure}()
 7 SYSTEMPATH/Common.php(1135): CodeIgniter\View\View->render('templates/leftsidebar', [], true)
 8 APPPATH/Views/templates/index.php(159): view('templates/leftsidebar')
 9 SYSTEMPATH/View/View.php(213): include('APPPATH/Views/templates/index.php')
10 SYSTEMPATH/View/View.php(216): CodeIgniter\View\View->CodeIgniter\View\{closure}()
11 SYSTEMPATH/Common.php(1135): CodeIgniter\View\View->render('templates/index', [], true)
12 APPPATH/Controllers/Supreme_court/DefaultController.php(26): view('templates/index', [...])
13 SYSTEMPATH/CodeIgniter.php(925): App\Controllers\Supreme_court\DefaultController->index()
14 SYSTEMPATH/CodeIgniter.php(480): CodeIgniter\CodeIgniter->runController(Object(App\Controllers\Supreme_court\DefaultController))
15 SYSTEMPATH/CodeIgniter.php(349): CodeIgniter\CodeIgniter->handleRequest(null, Object(Config\Cache), false)
16 FCPATH/index.php(67): CodeIgniter\CodeIgniter->run()
CRITICAL - 2023-10-09 02:24:36 --> Call to a member function getResultArray() on bool
in APPPATH/Views/templates/menu.php on line 108.
 1 SYSTEMPATH/View/View.php(213): include()
 2 SYSTEMPATH/View/View.php(216): CodeIgniter\View\View->CodeIgniter\View\{closure}()
 3 SYSTEMPATH/Common.php(1135): CodeIgniter\View\View->render('templates/menu', [], true)
 4 APPPATH/Views/templates/leftsidebar.php(8): view('templates/menu')
 5 SYSTEMPATH/View/View.php(213): include('APPPATH/Views/templates/leftsidebar.php')
 6 SYSTEMPATH/View/View.php(216): CodeIgniter\View\View->CodeIgniter\View\{closure}()
 7 SYSTEMPATH/Common.php(1135): CodeIgniter\View\View->render('templates/leftsidebar', [], true)
 8 APPPATH/Views/templates/index.php(159): view('templates/leftsidebar')
 9 SYSTEMPATH/View/View.php(213): include('APPPATH/Views/templates/index.php')
10 SYSTEMPATH/View/View.php(216): CodeIgniter\View\View->CodeIgniter\View\{closure}()
11 SYSTEMPATH/Common.php(1135): CodeIgniter\View\View->render('templates/index', [], true)
12 APPPATH/Controllers/Supreme_court/DefaultController.php(26): view('templates/index', [...])
13 SYSTEMPATH/CodeIgniter.php(925): App\Controllers\Supreme_court\DefaultController->index()
14 SYSTEMPATH/CodeIgniter.php(480): CodeIgniter\CodeIgniter->runController(Object(App\Controllers\Supreme_court\DefaultController))
15 SYSTEMPATH/CodeIgniter.php(349): CodeIgniter\CodeIgniter->handleRequest(null, Object(Config\Cache), false)
16 FCPATH/index.php(67): CodeIgniter\CodeIgniter->run()
CRITICAL - 2023-10-09 02:25:54 --> CodeIgniter\Database\BaseConnection::query(): Argument #1 ($sql) must be of type string, CodeIgniter\Database\Postgre\Result given, called in /var/www/html/app/Views/templates/menu.php on line 107
in SYSTEMPATH/Database/BaseConnection.php on line 556.
 1 APPPATH/Views/templates/menu.php(107): CodeIgniter\Database\BaseConnection->query(Object(CodeIgniter\Database\Postgre\Result))
 2 SYSTEMPATH/View/View.php(213): include('APPPATH/Views/templates/menu.php')
 3 SYSTEMPATH/View/View.php(216): CodeIgniter\View\View->CodeIgniter\View\{closure}()
 4 SYSTEMPATH/Common.php(1135): CodeIgniter\View\View->render('templates/menu', [], true)
 5 APPPATH/Views/templates/leftsidebar.php(8): view('templates/menu')
 6 SYSTEMPATH/View/View.php(213): include('APPPATH/Views/templates/leftsidebar.php')
 7 SYSTEMPATH/View/View.php(216): CodeIgniter\View\View->CodeIgniter\View\{closure}()
 8 SYSTEMPATH/Common.php(1135): CodeIgniter\View\View->render('templates/leftsidebar', [], true)
 9 APPPATH/Views/templates/index.php(159): view('templates/leftsidebar')
10 SYSTEMPATH/View/View.php(213): include('APPPATH/Views/templates/index.php')
11 SYSTEMPATH/View/View.php(216): CodeIgniter\View\View->CodeIgniter\View\{closure}()
12 SYSTEMPATH/Common.php(1135): CodeIgniter\View\View->render('templates/index', [], true)
13 APPPATH/Controllers/Supreme_court/DefaultController.php(26): view('templates/index', [...])
14 SYSTEMPATH/CodeIgniter.php(925): App\Controllers\Supreme_court\DefaultController->index()
15 SYSTEMPATH/CodeIgniter.php(480): CodeIgniter\CodeIgniter->runController(Object(App\Controllers\Supreme_court\DefaultController))
16 SYSTEMPATH/CodeIgniter.php(349): CodeIgniter\CodeIgniter->handleRequest(null, Object(Config\Cache), false)
17 FCPATH/index.php(67): CodeIgniter\CodeIgniter->run()
CRITICAL - 2023-10-09 02:26:43 --> CodeIgniter\Database\BaseConnection::query(): Argument #1 ($sql) must be of type string, CodeIgniter\Database\Postgre\Result given, called in /var/www/html/app/Views/templates/menu.php on line 107
in SYSTEMPATH/Database/BaseConnection.php on line 556.
 1 APPPATH/Views/templates/menu.php(107): CodeIgniter\Database\BaseConnection->query(Object(CodeIgniter\Database\Postgre\Result))
 2 SYSTEMPATH/View/View.php(213): include('APPPATH/Views/templates/menu.php')
 3 SYSTEMPATH/View/View.php(216): CodeIgniter\View\View->CodeIgniter\View\{closure}()
 4 SYSTEMPATH/Common.php(1135): CodeIgniter\View\View->render('templates/menu', [], true)
 5 APPPATH/Views/templates/leftsidebar.php(8): view('templates/menu')
 6 SYSTEMPATH/View/View.php(213): include('APPPATH/Views/templates/leftsidebar.php')
 7 SYSTEMPATH/View/View.php(216): CodeIgniter\View\View->CodeIgniter\View\{closure}()
 8 SYSTEMPATH/Common.php(1135): CodeIgniter\View\View->render('templates/leftsidebar', [], true)
 9 APPPATH/Views/templates/index.php(159): view('templates/leftsidebar')
10 SYSTEMPATH/View/View.php(213): include('APPPATH/Views/templates/index.php')
11 SYSTEMPATH/View/View.php(216): CodeIgniter\View\View->CodeIgniter\View\{closure}()
12 SYSTEMPATH/Common.php(1135): CodeIgniter\View\View->render('templates/index', [], true)
13 APPPATH/Controllers/Supreme_court/DefaultController.php(26): view('templates/index', [...])
14 SYSTEMPATH/CodeIgniter.php(925): App\Controllers\Supreme_court\DefaultController->index()
15 SYSTEMPATH/CodeIgniter.php(480): CodeIgniter\CodeIgniter->runController(Object(App\Controllers\Supreme_court\DefaultController))
16 SYSTEMPATH/CodeIgniter.php(349): CodeIgniter\CodeIgniter->handleRequest(null, Object(Config\Cache), false)
17 FCPATH/index.php(67): CodeIgniter\CodeIgniter->run()
CRITICAL - 2023-10-09 03:27:39 --> Call to a member function getResultArray() on bool
in APPPATH/Models/Menu_model.php on line 35.
 1 APPPATH/Views/templates/menu.php(113): App\Models\Menu_model->get_sub_menus('1', '33')
 2 SYSTEMPATH/View/View.php(213): include('APPPATH/Views/templates/menu.php')
 3 SYSTEMPATH/View/View.php(216): CodeIgniter\View\View->CodeIgniter\View\{closure}()
 4 SYSTEMPATH/Common.php(1135): CodeIgniter\View\View->render('templates/menu', [], true)
 5 APPPATH/Views/templates/leftsidebar.php(8): view('templates/menu')
 6 SYSTEMPATH/View/View.php(213): include('APPPATH/Views/templates/leftsidebar.php')
 7 SYSTEMPATH/View/View.php(216): CodeIgniter\View\View->CodeIgniter\View\{closure}()
 8 SYSTEMPATH/Common.php(1135): CodeIgniter\View\View->render('templates/leftsidebar', [], true)
 9 APPPATH/Views/templates/index.php(159): view('templates/leftsidebar')
10 SYSTEMPATH/View/View.php(213): include('APPPATH/Views/templates/index.php')
11 SYSTEMPATH/View/View.php(216): CodeIgniter\View\View->CodeIgniter\View\{closure}()
12 SYSTEMPATH/Common.php(1135): CodeIgniter\View\View->render('templates/index', [], true)
13 APPPATH/Controllers/Supreme_court/DefaultController.php(26): view('templates/index', [...])
14 SYSTEMPATH/CodeIgniter.php(925): App\Controllers\Supreme_court\DefaultController->index()
15 SYSTEMPATH/CodeIgniter.php(480): CodeIgniter\CodeIgniter->runController(Object(App\Controllers\Supreme_court\DefaultController))
16 SYSTEMPATH/CodeIgniter.php(349): CodeIgniter\CodeIgniter->handleRequest(null, Object(Config\Cache), false)
17 FCPATH/index.php(67): CodeIgniter\CodeIgniter->run()
CRITICAL - 2023-10-09 03:28:20 --> Call to a member function getResultArray() on bool
in APPPATH/Models/Menu_model.php on line 35.
 1 APPPATH/Views/templates/menu.php(113): App\Models\Menu_model->get_sub_menus('1', '33')
 2 SYSTEMPATH/View/View.php(213): include('APPPATH/Views/templates/menu.php')
 3 SYSTEMPATH/View/View.php(216): CodeIgniter\View\View->CodeIgniter\View\{closure}()
 4 SYSTEMPATH/Common.php(1135): CodeIgniter\View\View->render('templates/menu', [], true)
 5 APPPATH/Views/templates/leftsidebar.php(8): view('templates/menu')
 6 SYSTEMPATH/View/View.php(213): include('APPPATH/Views/templates/leftsidebar.php')
 7 SYSTEMPATH/View/View.php(216): CodeIgniter\View\View->CodeIgniter\View\{closure}()
 8 SYSTEMPATH/Common.php(1135): CodeIgniter\View\View->render('templates/leftsidebar', [], true)
 9 APPPATH/Views/templates/index.php(159): view('templates/leftsidebar')
10 SYSTEMPATH/View/View.php(213): include('APPPATH/Views/templates/index.php')
11 SYSTEMPATH/View/View.php(216): CodeIgniter\View\View->CodeIgniter\View\{closure}()
12 SYSTEMPATH/Common.php(1135): CodeIgniter\View\View->render('templates/index', [], true)
13 APPPATH/Controllers/Supreme_court/DefaultController.php(26): view('templates/index', [...])
14 SYSTEMPATH/CodeIgniter.php(925): App\Controllers\Supreme_court\DefaultController->index()
15 SYSTEMPATH/CodeIgniter.php(480): CodeIgniter\CodeIgniter->runController(Object(App\Controllers\Supreme_court\DefaultController))
16 SYSTEMPATH/CodeIgniter.php(349): CodeIgniter\CodeIgniter->handleRequest(null, Object(Config\Cache), false)
17 FCPATH/index.php(67): CodeIgniter\CodeIgniter->run()
CRITICAL - 2023-10-09 03:29:15 --> Call to a member function getNumRows() on bool
in APPPATH/Models/Menu_model.php on line 36.
 1 APPPATH/Views/templates/menu.php(113): App\Models\Menu_model->get_sub_menus('1', '33')
 2 SYSTEMPATH/View/View.php(213): include('APPPATH/Views/templates/menu.php')
 3 SYSTEMPATH/View/View.php(216): CodeIgniter\View\View->CodeIgniter\View\{closure}()
 4 SYSTEMPATH/Common.php(1135): CodeIgniter\View\View->render('templates/menu', [], true)
 5 APPPATH/Views/templates/leftsidebar.php(8): view('templates/menu')
 6 SYSTEMPATH/View/View.php(213): include('APPPATH/Views/templates/leftsidebar.php')
 7 SYSTEMPATH/View/View.php(216): CodeIgniter\View\View->CodeIgniter\View\{closure}()
 8 SYSTEMPATH/Common.php(1135): CodeIgniter\View\View->render('templates/leftsidebar', [], true)
 9 APPPATH/Views/templates/index.php(159): view('templates/leftsidebar')
10 SYSTEMPATH/View/View.php(213): include('APPPATH/Views/templates/index.php')
11 SYSTEMPATH/View/View.php(216): CodeIgniter\View\View->CodeIgniter\View\{closure}()
12 SYSTEMPATH/Common.php(1135): CodeIgniter\View\View->render('templates/index', [], true)
13 APPPATH/Controllers/Supreme_court/DefaultController.php(26): view('templates/index', [...])
14 SYSTEMPATH/CodeIgniter.php(925): App\Controllers\Supreme_court\DefaultController->index()
15 SYSTEMPATH/CodeIgniter.php(480): CodeIgniter\CodeIgniter->runController(Object(App\Controllers\Supreme_court\DefaultController))
16 SYSTEMPATH/CodeIgniter.php(349): CodeIgniter\CodeIgniter->handleRequest(null, Object(Config\Cache), false)
17 FCPATH/index.php(67): CodeIgniter\CodeIgniter->run()
CRITICAL - 2023-10-09 03:30:06 --> Call to a member function getNumRows() on bool
in APPPATH/Models/Menu_model.php on line 36.
 1 APPPATH/Views/templates/menu.php(113): App\Models\Menu_model->get_sub_menus('1', '33')
 2 SYSTEMPATH/View/View.php(213): include('APPPATH/Views/templates/menu.php')
 3 SYSTEMPATH/View/View.php(216): CodeIgniter\View\View->CodeIgniter\View\{closure}()
 4 SYSTEMPATH/Common.php(1135): CodeIgniter\View\View->render('templates/menu', [], true)
 5 APPPATH/Views/templates/leftsidebar.php(8): view('templates/menu')
 6 SYSTEMPATH/View/View.php(213): include('APPPATH/Views/templates/leftsidebar.php')
 7 SYSTEMPATH/View/View.php(216): CodeIgniter\View\View->CodeIgniter\View\{closure}()
 8 SYSTEMPATH/Common.php(1135): CodeIgniter\View\View->render('templates/leftsidebar', [], true)
 9 APPPATH/Views/templates/index.php(159): view('templates/leftsidebar')
10 SYSTEMPATH/View/View.php(213): include('APPPATH/Views/templates/index.php')
11 SYSTEMPATH/View/View.php(216): CodeIgniter\View\View->CodeIgniter\View\{closure}()
12 SYSTEMPATH/Common.php(1135): CodeIgniter\View\View->render('templates/index', [], true)
13 APPPATH/Controllers/Supreme_court/DefaultController.php(26): view('templates/index', [...])
14 SYSTEMPATH/CodeIgniter.php(925): App\Controllers\Supreme_court\DefaultController->index()
15 SYSTEMPATH/CodeIgniter.php(480): CodeIgniter\CodeIgniter->runController(Object(App\Controllers\Supreme_court\DefaultController))
16 SYSTEMPATH/CodeIgniter.php(349): CodeIgniter\CodeIgniter->handleRequest(null, Object(Config\Cache), false)
17 FCPATH/index.php(67): CodeIgniter\CodeIgniter->run()
CRITICAL - 2023-10-09 03:30:43 --> Call to a member function getNumRows() on bool
in APPPATH/Models/Menu_model.php on line 36.
 1 APPPATH/Views/templates/menu.php(113): App\Models\Menu_model->get_sub_menus('1', '33')
 2 SYSTEMPATH/View/View.php(213): include('APPPATH/Views/templates/menu.php')
 3 SYSTEMPATH/View/View.php(216): CodeIgniter\View\View->CodeIgniter\View\{closure}()
 4 SYSTEMPATH/Common.php(1135): CodeIgniter\View\View->render('templates/menu', [], true)
 5 APPPATH/Views/templates/leftsidebar.php(8): view('templates/menu')
 6 SYSTEMPATH/View/View.php(213): include('APPPATH/Views/templates/leftsidebar.php')
 7 SYSTEMPATH/View/View.php(216): CodeIgniter\View\View->CodeIgniter\View\{closure}()
 8 SYSTEMPATH/Common.php(1135): CodeIgniter\View\View->render('templates/leftsidebar', [], true)
 9 APPPATH/Views/templates/index.php(159): view('templates/leftsidebar')
10 SYSTEMPATH/View/View.php(213): include('APPPATH/Views/templates/index.php')
11 SYSTEMPATH/View/View.php(216): CodeIgniter\View\View->CodeIgniter\View\{closure}()
12 SYSTEMPATH/Common.php(1135): CodeIgniter\View\View->render('templates/index', [], true)
13 APPPATH/Controllers/Supreme_court/DefaultController.php(26): view('templates/index', [...])
14 SYSTEMPATH/CodeIgniter.php(925): App\Controllers\Supreme_court\DefaultController->index()
15 SYSTEMPATH/CodeIgniter.php(480): CodeIgniter\CodeIgniter->runController(Object(App\Controllers\Supreme_court\DefaultController))
16 SYSTEMPATH/CodeIgniter.php(349): CodeIgniter\CodeIgniter->handleRequest(null, Object(Config\Cache), false)
17 FCPATH/index.php(67): CodeIgniter\CodeIgniter->run()
CRITICAL - 2023-10-09 03:32:48 --> Call to a member function getNumRows() on bool
in APPPATH/Models/Menu_model.php on line 36.
 1 APPPATH/Views/templates/menu.php(113): App\Models\Menu_model->get_sub_menus('1', '33')
 2 SYSTEMPATH/View/View.php(213): include('APPPATH/Views/templates/menu.php')
 3 SYSTEMPATH/View/View.php(216): CodeIgniter\View\View->CodeIgniter\View\{closure}()
 4 SYSTEMPATH/Common.php(1135): CodeIgniter\View\View->render('templates/menu', [], true)
 5 APPPATH/Views/templates/leftsidebar.php(8): view('templates/menu')
 6 SYSTEMPATH/View/View.php(213): include('APPPATH/Views/templates/leftsidebar.php')
 7 SYSTEMPATH/View/View.php(216): CodeIgniter\View\View->CodeIgniter\View\{closure}()
 8 SYSTEMPATH/Common.php(1135): CodeIgniter\View\View->render('templates/leftsidebar', [], true)
 9 APPPATH/Views/templates/index.php(159): view('templates/leftsidebar')
10 SYSTEMPATH/View/View.php(213): include('APPPATH/Views/templates/index.php')
11 SYSTEMPATH/View/View.php(216): CodeIgniter\View\View->CodeIgniter\View\{closure}()
12 SYSTEMPATH/Common.php(1135): CodeIgniter\View\View->render('templates/index', [], true)
13 APPPATH/Controllers/Supreme_court/DefaultController.php(26): view('templates/index', [...])
14 SYSTEMPATH/CodeIgniter.php(925): App\Controllers\Supreme_court\DefaultController->index()
15 SYSTEMPATH/CodeIgniter.php(480): CodeIgniter\CodeIgniter->runController(Object(App\Controllers\Supreme_court\DefaultController))
16 SYSTEMPATH/CodeIgniter.php(349): CodeIgniter\CodeIgniter->handleRequest(null, Object(Config\Cache), false)
17 FCPATH/index.php(67): CodeIgniter\CodeIgniter->run()
CRITICAL - 2023-10-09 03:39:02 --> Call to a member function getResultArray() on bool
in APPPATH/Models/Menu_model.php on line 35.
 1 APPPATH/Views/templates/menu.php(113): App\Models\Menu_model->get_sub_menus('1', '33')
 2 SYSTEMPATH/View/View.php(213): include('APPPATH/Views/templates/menu.php')
 3 SYSTEMPATH/View/View.php(216): CodeIgniter\View\View->CodeIgniter\View\{closure}()
 4 SYSTEMPATH/Common.php(1135): CodeIgniter\View\View->render('templates/menu', [], true)
 5 APPPATH/Views/templates/leftsidebar.php(8): view('templates/menu')
 6 SYSTEMPATH/View/View.php(213): include('APPPATH/Views/templates/leftsidebar.php')
 7 SYSTEMPATH/View/View.php(216): CodeIgniter\View\View->CodeIgniter\View\{closure}()
 8 SYSTEMPATH/Common.php(1135): CodeIgniter\View\View->render('templates/leftsidebar', [], true)
 9 APPPATH/Views/templates/index.php(159): view('templates/leftsidebar')
10 SYSTEMPATH/View/View.php(213): include('APPPATH/Views/templates/index.php')
11 SYSTEMPATH/View/View.php(216): CodeIgniter\View\View->CodeIgniter\View\{closure}()
12 SYSTEMPATH/Common.php(1135): CodeIgniter\View\View->render('templates/index', [], true)
13 APPPATH/Controllers/Supreme_court/DefaultController.php(26): view('templates/index', [...])
14 SYSTEMPATH/CodeIgniter.php(925): App\Controllers\Supreme_court\DefaultController->index()
15 SYSTEMPATH/CodeIgniter.php(480): CodeIgniter\CodeIgniter->runController(Object(App\Controllers\Supreme_court\DefaultController))
16 SYSTEMPATH/CodeIgniter.php(349): CodeIgniter\CodeIgniter->handleRequest(null, Object(Config\Cache), false)
17 FCPATH/index.php(67): CodeIgniter\CodeIgniter->run()
CRITICAL - 2023-10-09 03:43:58 --> Call to a member function getResultArray() on bool
in APPPATH/Models/Menu_model.php on line 36.
 1 APPPATH/Views/templates/menu.php(113): App\Models\Menu_model->get_sub_menus('1', '33')
 2 SYSTEMPATH/View/View.php(213): include('APPPATH/Views/templates/menu.php')
 3 SYSTEMPATH/View/View.php(216): CodeIgniter\View\View->CodeIgniter\View\{closure}()
 4 SYSTEMPATH/Common.php(1135): CodeIgniter\View\View->render('templates/menu', [], true)
 5 APPPATH/Views/templates/leftsidebar.php(8): view('templates/menu')
 6 SYSTEMPATH/View/View.php(213): include('APPPATH/Views/templates/leftsidebar.php')
 7 SYSTEMPATH/View/View.php(216): CodeIgniter\View\View->CodeIgniter\View\{closure}()
 8 SYSTEMPATH/Common.php(1135): CodeIgniter\View\View->render('templates/leftsidebar', [], true)
 9 APPPATH/Views/templates/index.php(159): view('templates/leftsidebar')
10 SYSTEMPATH/View/View.php(213): include('APPPATH/Views/templates/index.php')
11 SYSTEMPATH/View/View.php(216): CodeIgniter\View\View->CodeIgniter\View\{closure}()
12 SYSTEMPATH/Common.php(1135): CodeIgniter\View\View->render('templates/index', [], true)
13 APPPATH/Controllers/Supreme_court/DefaultController.php(26): view('templates/index', [...])
14 SYSTEMPATH/CodeIgniter.php(925): App\Controllers\Supreme_court\DefaultController->index()
15 SYSTEMPATH/CodeIgniter.php(480): CodeIgniter\CodeIgniter->runController(Object(App\Controllers\Supreme_court\DefaultController))
16 SYSTEMPATH/CodeIgniter.php(349): CodeIgniter\CodeIgniter->handleRequest(null, Object(Config\Cache), false)
17 FCPATH/index.php(67): CodeIgniter\CodeIgniter->run()
CRITICAL - 2023-10-09 03:48:51 --> Call to a member function getResultArray() on bool
in APPPATH/Models/Menu_model.php on line 36.
 1 APPPATH/Views/templates/menu.php(113): App\Models\Menu_model->get_sub_menus('1', '33')
 2 SYSTEMPATH/View/View.php(213): include('APPPATH/Views/templates/menu.php')
 3 SYSTEMPATH/View/View.php(216): CodeIgniter\View\View->CodeIgniter\View\{closure}()
 4 SYSTEMPATH/Common.php(1135): CodeIgniter\View\View->render('templates/menu', [], true)
 5 APPPATH/Views/templates/leftsidebar.php(8): view('templates/menu')
 6 SYSTEMPATH/View/View.php(213): include('APPPATH/Views/templates/leftsidebar.php')
 7 SYSTEMPATH/View/View.php(216): CodeIgniter\View\View->CodeIgniter\View\{closure}()
 8 SYSTEMPATH/Common.php(1135): CodeIgniter\View\View->render('templates/leftsidebar', [], true)
 9 APPPATH/Views/templates/index.php(159): view('templates/leftsidebar')
10 SYSTEMPATH/View/View.php(213): include('APPPATH/Views/templates/index.php')
11 SYSTEMPATH/View/View.php(216): CodeIgniter\View\View->CodeIgniter\View\{closure}()
12 SYSTEMPATH/Common.php(1135): CodeIgniter\View\View->render('templates/index', [], true)
13 APPPATH/Controllers/Supreme_court/DefaultController.php(26): view('templates/index', [...])
14 SYSTEMPATH/CodeIgniter.php(925): App\Controllers\Supreme_court\DefaultController->index()
15 SYSTEMPATH/CodeIgniter.php(480): CodeIgniter\CodeIgniter->runController(Object(App\Controllers\Supreme_court\DefaultController))
16 SYSTEMPATH/CodeIgniter.php(349): CodeIgniter\CodeIgniter->handleRequest(null, Object(Config\Cache), false)
17 FCPATH/index.php(67): CodeIgniter\CodeIgniter->run()
CRITICAL - 2023-10-09 03:57:45 --> Call to a member function getResultArray() on bool
in APPPATH/Models/Menu_model.php on line 36.
 1 APPPATH/Views/templates/menu.php(113): App\Models\Menu_model->get_sub_menus('1', '33')
 2 SYSTEMPATH/View/View.php(213): include('APPPATH/Views/templates/menu.php')
 3 SYSTEMPATH/View/View.php(216): CodeIgniter\View\View->CodeIgniter\View\{closure}()
 4 SYSTEMPATH/Common.php(1135): CodeIgniter\View\View->render('templates/menu', [], true)
 5 APPPATH/Views/templates/leftsidebar.php(8): view('templates/menu')
 6 SYSTEMPATH/View/View.php(213): include('APPPATH/Views/templates/leftsidebar.php')
 7 SYSTEMPATH/View/View.php(216): CodeIgniter\View\View->CodeIgniter\View\{closure}()
 8 SYSTEMPATH/Common.php(1135): CodeIgniter\View\View->render('templates/leftsidebar', [], true)
 9 APPPATH/Views/templates/index.php(159): view('templates/leftsidebar')
10 SYSTEMPATH/View/View.php(213): include('APPPATH/Views/templates/index.php')
11 SYSTEMPATH/View/View.php(216): CodeIgniter\View\View->CodeIgniter\View\{closure}()
12 SYSTEMPATH/Common.php(1135): CodeIgniter\View\View->render('templates/index', [], true)
13 APPPATH/Controllers/Supreme_court/DefaultController.php(26): view('templates/index', [...])
14 SYSTEMPATH/CodeIgniter.php(925): App\Controllers\Supreme_court\DefaultController->index()
15 SYSTEMPATH/CodeIgniter.php(480): CodeIgniter\CodeIgniter->runController(Object(App\Controllers\Supreme_court\DefaultController))
16 SYSTEMPATH/CodeIgniter.php(349): CodeIgniter\CodeIgniter->handleRequest(null, Object(Config\Cache), false)
17 FCPATH/index.php(67): CodeIgniter\CodeIgniter->run()
CRITICAL - 2023-10-09 03:58:33 --> Call to a member function getNumRows() on bool
in APPPATH/Models/Menu_model.php on line 37.
 1 APPPATH/Views/templates/menu.php(113): App\Models\Menu_model->get_sub_menus('1', '33')
 2 SYSTEMPATH/View/View.php(213): include('APPPATH/Views/templates/menu.php')
 3 SYSTEMPATH/View/View.php(216): CodeIgniter\View\View->CodeIgniter\View\{closure}()
 4 SYSTEMPATH/Common.php(1135): CodeIgniter\View\View->render('templates/menu', [], true)
 5 APPPATH/Views/templates/leftsidebar.php(8): view('templates/menu')
 6 SYSTEMPATH/View/View.php(213): include('APPPATH/Views/templates/leftsidebar.php')
 7 SYSTEMPATH/View/View.php(216): CodeIgniter\View\View->CodeIgniter\View\{closure}()
 8 SYSTEMPATH/Common.php(1135): CodeIgniter\View\View->render('templates/leftsidebar', [], true)
 9 APPPATH/Views/templates/index.php(159): view('templates/leftsidebar')
10 SYSTEMPATH/View/View.php(213): include('APPPATH/Views/templates/index.php')
11 SYSTEMPATH/View/View.php(216): CodeIgniter\View\View->CodeIgniter\View\{closure}()
12 SYSTEMPATH/Common.php(1135): CodeIgniter\View\View->render('templates/index', [], true)
13 APPPATH/Controllers/Supreme_court/DefaultController.php(26): view('templates/index', [...])
14 SYSTEMPATH/CodeIgniter.php(925): App\Controllers\Supreme_court\DefaultController->index()
15 SYSTEMPATH/CodeIgniter.php(480): CodeIgniter\CodeIgniter->runController(Object(App\Controllers\Supreme_court\DefaultController))
16 SYSTEMPATH/CodeIgniter.php(349): CodeIgniter\CodeIgniter->handleRequest(null, Object(Config\Cache), false)
17 FCPATH/index.php(67): CodeIgniter\CodeIgniter->run()
CRITICAL - 2023-10-09 04:09:38 --> Call to a member function getNumRows() on bool
in APPPATH/Models/Menu_model.php on line 48.
 1 APPPATH/Views/templates/menu.php(167): App\Models\Menu_model->get_sub_menus_one('1', '33')
 2 SYSTEMPATH/View/View.php(213): include('APPPATH/Views/templates/menu.php')
 3 SYSTEMPATH/View/View.php(216): CodeIgniter\View\View->CodeIgniter\View\{closure}()
 4 SYSTEMPATH/Common.php(1135): CodeIgniter\View\View->render('templates/menu', [], true)
 5 APPPATH/Views/templates/leftsidebar.php(8): view('templates/menu')
 6 SYSTEMPATH/View/View.php(213): include('APPPATH/Views/templates/leftsidebar.php')
 7 SYSTEMPATH/View/View.php(216): CodeIgniter\View\View->CodeIgniter\View\{closure}()
 8 SYSTEMPATH/Common.php(1135): CodeIgniter\View\View->render('templates/leftsidebar', [], true)
 9 APPPATH/Views/templates/index.php(159): view('templates/leftsidebar')
10 SYSTEMPATH/View/View.php(213): include('APPPATH/Views/templates/index.php')
11 SYSTEMPATH/View/View.php(216): CodeIgniter\View\View->CodeIgniter\View\{closure}()
12 SYSTEMPATH/Common.php(1135): CodeIgniter\View\View->render('templates/index', [], true)
13 APPPATH/Controllers/Supreme_court/DefaultController.php(26): view('templates/index', [...])
14 SYSTEMPATH/CodeIgniter.php(925): App\Controllers\Supreme_court\DefaultController->index()
15 SYSTEMPATH/CodeIgniter.php(480): CodeIgniter\CodeIgniter->runController(Object(App\Controllers\Supreme_court\DefaultController))
16 SYSTEMPATH/CodeIgniter.php(349): CodeIgniter\CodeIgniter->handleRequest(null, Object(Config\Cache), false)
17 FCPATH/index.php(67): CodeIgniter\CodeIgniter->run()
CRITICAL - 2023-10-09 04:10:00 --> Call to a member function getNumRows() on bool
in APPPATH/Models/Menu_model.php on line 48.
 1 APPPATH/Views/templates/menu.php(167): App\Models\Menu_model->get_sub_menus_one('1', '33')
 2 SYSTEMPATH/View/View.php(213): include('APPPATH/Views/templates/menu.php')
 3 SYSTEMPATH/View/View.php(216): CodeIgniter\View\View->CodeIgniter\View\{closure}()
 4 SYSTEMPATH/Common.php(1135): CodeIgniter\View\View->render('templates/menu', [], true)
 5 APPPATH/Views/templates/leftsidebar.php(8): view('templates/menu')
 6 SYSTEMPATH/View/View.php(213): include('APPPATH/Views/templates/leftsidebar.php')
 7 SYSTEMPATH/View/View.php(216): CodeIgniter\View\View->CodeIgniter\View\{closure}()
 8 SYSTEMPATH/Common.php(1135): CodeIgniter\View\View->render('templates/leftsidebar', [], true)
 9 APPPATH/Views/templates/index.php(159): view('templates/leftsidebar')
10 SYSTEMPATH/View/View.php(213): include('APPPATH/Views/templates/index.php')
11 SYSTEMPATH/View/View.php(216): CodeIgniter\View\View->CodeIgniter\View\{closure}()
12 SYSTEMPATH/Common.php(1135): CodeIgniter\View\View->render('templates/index', [], true)
13 APPPATH/Controllers/Supreme_court/DefaultController.php(26): view('templates/index', [...])
14 SYSTEMPATH/CodeIgniter.php(925): App\Controllers\Supreme_court\DefaultController->index()
15 SYSTEMPATH/CodeIgniter.php(480): CodeIgniter\CodeIgniter->runController(Object(App\Controllers\Supreme_court\DefaultController))
16 SYSTEMPATH/CodeIgniter.php(349): CodeIgniter\CodeIgniter->handleRequest(null, Object(Config\Cache), false)
17 FCPATH/index.php(67): CodeIgniter\CodeIgniter->run()
CRITICAL - 2023-10-09 04:10:02 --> Call to a member function getNumRows() on bool
in APPPATH/Models/Menu_model.php on line 48.
 1 APPPATH/Views/templates/menu.php(167): App\Models\Menu_model->get_sub_menus_one('1', '33')
 2 SYSTEMPATH/View/View.php(213): include('APPPATH/Views/templates/menu.php')
 3 SYSTEMPATH/View/View.php(216): CodeIgniter\View\View->CodeIgniter\View\{closure}()
 4 SYSTEMPATH/Common.php(1135): CodeIgniter\View\View->render('templates/menu', [], true)
 5 APPPATH/Views/templates/leftsidebar.php(8): view('templates/menu')
 6 SYSTEMPATH/View/View.php(213): include('APPPATH/Views/templates/leftsidebar.php')
 7 SYSTEMPATH/View/View.php(216): CodeIgniter\View\View->CodeIgniter\View\{closure}()
 8 SYSTEMPATH/Common.php(1135): CodeIgniter\View\View->render('templates/leftsidebar', [], true)
 9 APPPATH/Views/templates/index.php(159): view('templates/leftsidebar')
10 SYSTEMPATH/View/View.php(213): include('APPPATH/Views/templates/index.php')
11 SYSTEMPATH/View/View.php(216): CodeIgniter\View\View->CodeIgniter\View\{closure}()
12 SYSTEMPATH/Common.php(1135): CodeIgniter\View\View->render('templates/index', [], true)
13 APPPATH/Controllers/Supreme_court/DefaultController.php(26): view('templates/index', [...])
14 SYSTEMPATH/CodeIgniter.php(925): App\Controllers\Supreme_court\DefaultController->index()
15 SYSTEMPATH/CodeIgniter.php(480): CodeIgniter\CodeIgniter->runController(Object(App\Controllers\Supreme_court\DefaultController))
16 SYSTEMPATH/CodeIgniter.php(349): CodeIgniter\CodeIgniter->handleRequest(null, Object(Config\Cache), false)
17 FCPATH/index.php(67): CodeIgniter\CodeIgniter->run()
CRITICAL - 2023-10-09 04:14:03 --> count(): Argument #1 ($value) must be of type Countable|array, bool given
in APPPATH/Views/templates/menu.php on line 168.
 1 SYSTEMPATH/View/View.php(213): include()
 2 SYSTEMPATH/View/View.php(216): CodeIgniter\View\View->CodeIgniter\View\{closure}()
 3 SYSTEMPATH/Common.php(1135): CodeIgniter\View\View->render('templates/menu', [], true)
 4 APPPATH/Views/templates/leftsidebar.php(8): view('templates/menu')
 5 SYSTEMPATH/View/View.php(213): include('APPPATH/Views/templates/leftsidebar.php')
 6 SYSTEMPATH/View/View.php(216): CodeIgniter\View\View->CodeIgniter\View\{closure}()
 7 SYSTEMPATH/Common.php(1135): CodeIgniter\View\View->render('templates/leftsidebar', [], true)
 8 APPPATH/Views/templates/index.php(159): view('templates/leftsidebar')
 9 SYSTEMPATH/View/View.php(213): include('APPPATH/Views/templates/index.php')
10 SYSTEMPATH/View/View.php(216): CodeIgniter\View\View->CodeIgniter\View\{closure}()
11 SYSTEMPATH/Common.php(1135): CodeIgniter\View\View->render('templates/index', [], true)
12 APPPATH/Controllers/Supreme_court/DefaultController.php(26): view('templates/index', [...])
13 SYSTEMPATH/CodeIgniter.php(925): App\Controllers\Supreme_court\DefaultController->index()
14 SYSTEMPATH/CodeIgniter.php(480): CodeIgniter\CodeIgniter->runController(Object(App\Controllers\Supreme_court\DefaultController))
15 SYSTEMPATH/CodeIgniter.php(349): CodeIgniter\CodeIgniter->handleRequest(null, Object(Config\Cache), false)
16 FCPATH/index.php(67): CodeIgniter\CodeIgniter->run()
CRITICAL - 2023-10-09 04:14:25 --> count(): Argument #1 ($value) must be of type Countable|array, int given
in APPPATH/Views/templates/menu.php on line 168.
 1 SYSTEMPATH/View/View.php(213): include()
 2 SYSTEMPATH/View/View.php(216): CodeIgniter\View\View->CodeIgniter\View\{closure}()
 3 SYSTEMPATH/Common.php(1135): CodeIgniter\View\View->render('templates/menu', [], true)
 4 APPPATH/Views/templates/leftsidebar.php(8): view('templates/menu')
 5 SYSTEMPATH/View/View.php(213): include('APPPATH/Views/templates/leftsidebar.php')
 6 SYSTEMPATH/View/View.php(216): CodeIgniter\View\View->CodeIgniter\View\{closure}()
 7 SYSTEMPATH/Common.php(1135): CodeIgniter\View\View->render('templates/leftsidebar', [], true)
 8 APPPATH/Views/templates/index.php(159): view('templates/leftsidebar')
 9 SYSTEMPATH/View/View.php(213): include('APPPATH/Views/templates/index.php')
10 SYSTEMPATH/View/View.php(216): CodeIgniter\View\View->CodeIgniter\View\{closure}()
11 SYSTEMPATH/Common.php(1135): CodeIgniter\View\View->render('templates/index', [], true)
12 APPPATH/Controllers/Supreme_court/DefaultController.php(26): view('templates/index', [...])
13 SYSTEMPATH/CodeIgniter.php(925): App\Controllers\Supreme_court\DefaultController->index()
14 SYSTEMPATH/CodeIgniter.php(480): CodeIgniter\CodeIgniter->runController(Object(App\Controllers\Supreme_court\DefaultController))
15 SYSTEMPATH/CodeIgniter.php(349): CodeIgniter\CodeIgniter->handleRequest(null, Object(Config\Cache), false)
16 FCPATH/index.php(67): CodeIgniter\CodeIgniter->run()
CRITICAL - 2023-10-09 04:15:52 --> count(): Argument #1 ($value) must be of type Countable|array, int given
in APPPATH/Views/templates/menu.php on line 115.
 1 SYSTEMPATH/View/View.php(213): include()
 2 SYSTEMPATH/View/View.php(216): CodeIgniter\View\View->CodeIgniter\View\{closure}()
 3 SYSTEMPATH/Common.php(1135): CodeIgniter\View\View->render('templates/menu', [], true)
 4 APPPATH/Views/templates/leftsidebar.php(8): view('templates/menu')
 5 SYSTEMPATH/View/View.php(213): include('APPPATH/Views/templates/leftsidebar.php')
 6 SYSTEMPATH/View/View.php(216): CodeIgniter\View\View->CodeIgniter\View\{closure}()
 7 SYSTEMPATH/Common.php(1135): CodeIgniter\View\View->render('templates/leftsidebar', [], true)
 8 APPPATH/Views/templates/index.php(159): view('templates/leftsidebar')
 9 SYSTEMPATH/View/View.php(213): include('APPPATH/Views/templates/index.php')
10 SYSTEMPATH/View/View.php(216): CodeIgniter\View\View->CodeIgniter\View\{closure}()
11 SYSTEMPATH/Common.php(1135): CodeIgniter\View\View->render('templates/index', [], true)
12 APPPATH/Controllers/Supreme_court/DefaultController.php(26): view('templates/index', [...])
13 SYSTEMPATH/CodeIgniter.php(925): App\Controllers\Supreme_court\DefaultController->index()
14 SYSTEMPATH/CodeIgniter.php(480): CodeIgniter\CodeIgniter->runController(Object(App\Controllers\Supreme_court\DefaultController))
15 SYSTEMPATH/CodeIgniter.php(349): CodeIgniter\CodeIgniter->handleRequest(null, Object(Config\Cache), false)
16 FCPATH/index.php(67): CodeIgniter\CodeIgniter->run()
CRITICAL - 2023-10-09 04:34:11 --> Call to a member function getNumRows() on bool
in APPPATH/Models/Menu_model.php on line 74.
 1 APPPATH/Views/templates/menu.php(258): App\Models\Menu_model->get_sub_menus_four('1', '06040601')
 2 SYSTEMPATH/View/View.php(213): include('APPPATH/Views/templates/menu.php')
 3 SYSTEMPATH/View/View.php(216): CodeIgniter\View\View->CodeIgniter\View\{closure}()
 4 SYSTEMPATH/Common.php(1135): CodeIgniter\View\View->render('templates/menu', [], true)
 5 APPPATH/Views/templates/leftsidebar.php(8): view('templates/menu')
 6 SYSTEMPATH/View/View.php(213): include('APPPATH/Views/templates/leftsidebar.php')
 7 SYSTEMPATH/View/View.php(216): CodeIgniter\View\View->CodeIgniter\View\{closure}()
 8 SYSTEMPATH/Common.php(1135): CodeIgniter\View\View->render('templates/leftsidebar', [], true)
 9 APPPATH/Views/templates/index.php(159): view('templates/leftsidebar')
10 SYSTEMPATH/View/View.php(213): include('APPPATH/Views/templates/index.php')
11 SYSTEMPATH/View/View.php(216): CodeIgniter\View\View->CodeIgniter\View\{closure}()
12 SYSTEMPATH/Common.php(1135): CodeIgniter\View\View->render('templates/index', [], true)
13 APPPATH/Controllers/Supreme_court/DefaultController.php(26): view('templates/index', [...])
14 SYSTEMPATH/CodeIgniter.php(925): App\Controllers\Supreme_court\DefaultController->index()
15 SYSTEMPATH/CodeIgniter.php(480): CodeIgniter\CodeIgniter->runController(Object(App\Controllers\Supreme_court\DefaultController))
16 SYSTEMPATH/CodeIgniter.php(349): CodeIgniter\CodeIgniter->handleRequest(null, Object(Config\Cache), false)
17 FCPATH/index.php(67): CodeIgniter\CodeIgniter->run()
CRITICAL - 2023-10-09 04:36:43 --> Call to a member function getNumRows() on bool
in APPPATH/Models/Menu_model.php on line 74.
 1 APPPATH/Views/templates/menu.php(258): App\Models\Menu_model->get_sub_menus_four('1', '06040601')
 2 SYSTEMPATH/View/View.php(213): include('APPPATH/Views/templates/menu.php')
 3 SYSTEMPATH/View/View.php(216): CodeIgniter\View\View->CodeIgniter\View\{closure}()
 4 SYSTEMPATH/Common.php(1135): CodeIgniter\View\View->render('templates/menu', [], true)
 5 APPPATH/Views/templates/leftsidebar.php(8): view('templates/menu')
 6 SYSTEMPATH/View/View.php(213): include('APPPATH/Views/templates/leftsidebar.php')
 7 SYSTEMPATH/View/View.php(216): CodeIgniter\View\View->CodeIgniter\View\{closure}()
 8 SYSTEMPATH/Common.php(1135): CodeIgniter\View\View->render('templates/leftsidebar', [], true)
 9 APPPATH/Views/templates/index.php(159): view('templates/leftsidebar')
10 SYSTEMPATH/View/View.php(213): include('APPPATH/Views/templates/index.php')
11 SYSTEMPATH/View/View.php(216): CodeIgniter\View\View->CodeIgniter\View\{closure}()
12 SYSTEMPATH/Common.php(1135): CodeIgniter\View\View->render('templates/index', [], true)
13 APPPATH/Controllers/Supreme_court/DefaultController.php(26): view('templates/index', [...])
14 SYSTEMPATH/CodeIgniter.php(925): App\Controllers\Supreme_court\DefaultController->index()
15 SYSTEMPATH/CodeIgniter.php(480): CodeIgniter\CodeIgniter->runController(Object(App\Controllers\Supreme_court\DefaultController))
16 SYSTEMPATH/CodeIgniter.php(349): CodeIgniter\CodeIgniter->handleRequest(null, Object(Config\Cache), false)
17 FCPATH/index.php(67): CodeIgniter\CodeIgniter->run()
ERROR - 2023-10-09 17:28:55 --> ErrorException: pg_query(): Query failed: ERROR:  column &quot;Name&quot; does not exist
LINE 1: SELECT &quot;id_no&quot;, &quot;Name&quot;
                        ^
HINT:  Perhaps you meant to reference the column &quot;state.name&quot;. in /var/www/html/system/Database/Postgre/Connection.php:140
Stack trace:
#0 [internal function]: CodeIgniter\Debug\Exceptions->errorHandler(2, 'pg_query(): Que...', '/var/www/html/s...', 140)
#1 /var/www/html/system/Database/Postgre/Connection.php(140): pg_query(Object(PgSql\Connection), 'SELECT "id_no",...')
#2 /var/www/html/system/Database/BaseConnection.php(666): CodeIgniter\Database\Postgre\Connection->execute('SELECT "id_no",...')
#3 /var/www/html/system/Database/BaseConnection.php(593): CodeIgniter\Database\BaseConnection->simpleQuery('SELECT "id_no",...')
#4 /var/www/html/system/Database/BaseBuilder.php(1585): CodeIgniter\Database\BaseConnection->query('SELECT "id_no",...', Array, false)
#5 /var/www/html/app/Models/Filing/DiaryentryModel.php(37): CodeIgniter\Database\BaseBuilder->get()
#6 /var/www/html/app/Controllers/Supreme_court/Filing/DiaryentryController.php(49): App\Models\Filing\DiaryentryModel->get_state_list()
#7 /var/www/html/app/Controllers/Supreme_court/Filing/DiaryentryController.php(26): App\Controllers\Supreme_court\Filing\DiaryentryController->get_state_list()
#8 /var/www/html/system/CodeIgniter.php(925): App\Controllers\Supreme_court\Filing\DiaryentryController->index()
#9 /var/www/html/system/CodeIgniter.php(480): CodeIgniter\CodeIgniter->runController(Object(App\Controllers\Supreme_court\Filing\DiaryentryController))
#10 /var/www/html/system/CodeIgniter.php(349): CodeIgniter\CodeIgniter->handleRequest(NULL, Object(Config\Cache), false)
#11 /var/www/html/public/index.php(67): CodeIgniter\CodeIgniter->run()
#12 {main}
CRITICAL - 2023-10-09 17:28:55 --> pg_query(): Query failed: ERROR:  column &quot;Name&quot; does not exist
LINE 1: SELECT &quot;id_no&quot;, &quot;Name&quot;
                        ^
HINT:  Perhaps you meant to reference the column &quot;state.name&quot;.
in SYSTEMPATH/Database/Postgre/Connection.php on line 140.
 1 [internal function]: CodeIgniter\Debug\Exceptions->errorHandler(2, 'pg_query(): Query failed: ERROR:  column &quot;Name&quot; does not exist
LINE 1: SELECT &quot;id_no&quot;, &quot;Name&quot;
                        ^
HINT:  Perhaps you meant to reference the column &quot;state.name&quot;.', 'SYSTEMPATH/Database/Postgre/Connection.php', 140)
 2 SYSTEMPATH/Database/Postgre/Connection.php(140): pg_query(Object(PgSql\Connection), 'SELECT "id_no", "Name"
FROM "state"
WHERE "District_code" = \'0\'
AND "Sub_Dist_code" = \'0\'
AND "Village_code" = \'0\'
AND "sci_state_id" != \'0\'
AND "display" = \'Y\'')
 3 SYSTEMPATH/Database/BaseConnection.php(666): CodeIgniter\Database\Postgre\Connection->execute('SELECT "id_no", "Name"
FROM "state"
WHERE "District_code" = \'0\'
AND "Sub_Dist_code" = \'0\'
AND "Village_code" = \'0\'
AND "sci_state_id" != \'0\'
AND "display" = \'Y\'')
 4 SYSTEMPATH/Database/BaseConnection.php(593): CodeIgniter\Database\BaseConnection->simpleQuery('SELECT "id_no", "Name"
FROM "state"
WHERE "District_code" = \'0\'
AND "Sub_Dist_code" = \'0\'
AND "Village_code" = \'0\'
AND "sci_state_id" != \'0\'
AND "display" = \'Y\'')
 5 SYSTEMPATH/Database/BaseBuilder.php(1585): CodeIgniter\Database\BaseConnection->query('SELECT "id_no", "Name"
FROM "state"
WHERE "District_code" = :District_code:
AND "Sub_Dist_code" = :Sub_Dist_code:
AND "Village_code" = :Village_code:
AND "sci_state_id" != :sci_state_id:
AND "display" = :display:', [...], false)
 6 APPPATH/Models/Filing/DiaryentryModel.php(37): CodeIgniter\Database\BaseBuilder->get()
 7 APPPATH/Controllers/Supreme_court/Filing/DiaryentryController.php(49): App\Models\Filing\DiaryentryModel->get_state_list()
 8 APPPATH/Controllers/Supreme_court/Filing/DiaryentryController.php(26): App\Controllers\Supreme_court\Filing\DiaryentryController->get_state_list()
 9 SYSTEMPATH/CodeIgniter.php(925): App\Controllers\Supreme_court\Filing\DiaryentryController->index()
10 SYSTEMPATH/CodeIgniter.php(480): CodeIgniter\CodeIgniter->runController(Object(App\Controllers\Supreme_court\Filing\DiaryentryController))
11 SYSTEMPATH/CodeIgniter.php(349): CodeIgniter\CodeIgniter->handleRequest(null, Object(Config\Cache), false)
12 FCPATH/index.php(67): CodeIgniter\CodeIgniter->run()
ERROR - 2023-10-09 17:32:51 --> ErrorException: pg_query(): Query failed: ERROR:  column &quot;Name&quot; does not exist
LINE 1: SELECT &quot;id_no&quot;, &quot;Name&quot;
                        ^
HINT:  Perhaps you meant to reference the column &quot;state.name&quot;. in /var/www/html/system/Database/Postgre/Connection.php:140
Stack trace:
#0 [internal function]: CodeIgniter\Debug\Exceptions->errorHandler(2, 'pg_query(): Que...', '/var/www/html/s...', 140)
#1 /var/www/html/system/Database/Postgre/Connection.php(140): pg_query(Object(PgSql\Connection), 'SELECT "id_no",...')
#2 /var/www/html/system/Database/BaseConnection.php(666): CodeIgniter\Database\Postgre\Connection->execute('SELECT "id_no",...')
#3 /var/www/html/system/Database/BaseConnection.php(593): CodeIgniter\Database\BaseConnection->simpleQuery('SELECT "id_no",...')
#4 /var/www/html/system/Database/BaseBuilder.php(1585): CodeIgniter\Database\BaseConnection->query('SELECT "id_no",...', Array, false)
#5 /var/www/html/app/Models/Filing/DiaryentryModel.php(37): CodeIgniter\Database\BaseBuilder->get()
#6 /var/www/html/app/Controllers/Supreme_court/Filing/DiaryentryController.php(51): App\Models\Filing\DiaryentryModel->get_state_list()
#7 /var/www/html/app/Controllers/Supreme_court/Filing/DiaryentryController.php(27): App\Controllers\Supreme_court\Filing\DiaryentryController->get_state_list()
#8 /var/www/html/system/CodeIgniter.php(925): App\Controllers\Supreme_court\Filing\DiaryentryController->index()
#9 /var/www/html/system/CodeIgniter.php(480): CodeIgniter\CodeIgniter->runController(Object(App\Controllers\Supreme_court\Filing\DiaryentryController))
#10 /var/www/html/system/CodeIgniter.php(349): CodeIgniter\CodeIgniter->handleRequest(NULL, Object(Config\Cache), false)
#11 /var/www/html/public/index.php(67): CodeIgniter\CodeIgniter->run()
#12 {main}
CRITICAL - 2023-10-09 17:32:51 --> pg_query(): Query failed: ERROR:  column &quot;Name&quot; does not exist
LINE 1: SELECT &quot;id_no&quot;, &quot;Name&quot;
                        ^
HINT:  Perhaps you meant to reference the column &quot;state.name&quot;.
in SYSTEMPATH/Database/Postgre/Connection.php on line 140.
 1 [internal function]: CodeIgniter\Debug\Exceptions->errorHandler(2, 'pg_query(): Query failed: ERROR:  column &quot;Name&quot; does not exist
LINE 1: SELECT &quot;id_no&quot;, &quot;Name&quot;
                        ^
HINT:  Perhaps you meant to reference the column &quot;state.name&quot;.', 'SYSTEMPATH/Database/Postgre/Connection.php', 140)
 2 SYSTEMPATH/Database/Postgre/Connection.php(140): pg_query(Object(PgSql\Connection), 'SELECT "id_no", "Name"
FROM "state"
WHERE "District_code" = \'0\'
AND "Sub_Dist_code" = \'0\'
AND "Village_code" = \'0\'
AND "sci_state_id" != \'0\'
AND "display" = \'Y\'')
 3 SYSTEMPATH/Database/BaseConnection.php(666): CodeIgniter\Database\Postgre\Connection->execute('SELECT "id_no", "Name"
FROM "state"
WHERE "District_code" = \'0\'
AND "Sub_Dist_code" = \'0\'
AND "Village_code" = \'0\'
AND "sci_state_id" != \'0\'
AND "display" = \'Y\'')
 4 SYSTEMPATH/Database/BaseConnection.php(593): CodeIgniter\Database\BaseConnection->simpleQuery('SELECT "id_no", "Name"
FROM "state"
WHERE "District_code" = \'0\'
AND "Sub_Dist_code" = \'0\'
AND "Village_code" = \'0\'
AND "sci_state_id" != \'0\'
AND "display" = \'Y\'')
 5 SYSTEMPATH/Database/BaseBuilder.php(1585): CodeIgniter\Database\BaseConnection->query('SELECT "id_no", "Name"
FROM "state"
WHERE "District_code" = :District_code:
AND "Sub_Dist_code" = :Sub_Dist_code:
AND "Village_code" = :Village_code:
AND "sci_state_id" != :sci_state_id:
AND "display" = :display:', [...], false)
 6 APPPATH/Models/Filing/DiaryentryModel.php(37): CodeIgniter\Database\BaseBuilder->get()
 7 APPPATH/Controllers/Supreme_court/Filing/DiaryentryController.php(51): App\Models\Filing\DiaryentryModel->get_state_list()
 8 APPPATH/Controllers/Supreme_court/Filing/DiaryentryController.php(27): App\Controllers\Supreme_court\Filing\DiaryentryController->get_state_list()
 9 SYSTEMPATH/CodeIgniter.php(925): App\Controllers\Supreme_court\Filing\DiaryentryController->index()
10 SYSTEMPATH/CodeIgniter.php(480): CodeIgniter\CodeIgniter->runController(Object(App\Controllers\Supreme_court\Filing\DiaryentryController))
11 SYSTEMPATH/CodeIgniter.php(349): CodeIgniter\CodeIgniter->handleRequest(null, Object(Config\Cache), false)
12 FCPATH/index.php(67): CodeIgniter\CodeIgniter->run()
ERROR - 2023-10-09 17:33:24 --> ErrorException: pg_query(): Query failed: ERROR:  column &quot;Name&quot; does not exist
LINE 1: SELECT &quot;id_no&quot;, &quot;Name&quot;
                        ^
HINT:  Perhaps you meant to reference the column &quot;state.name&quot;. in /var/www/html/system/Database/Postgre/Connection.php:140
Stack trace:
#0 [internal function]: CodeIgniter\Debug\Exceptions->errorHandler(2, 'pg_query(): Que...', '/var/www/html/s...', 140)
#1 /var/www/html/system/Database/Postgre/Connection.php(140): pg_query(Object(PgSql\Connection), 'SELECT "id_no",...')
#2 /var/www/html/system/Database/BaseConnection.php(666): CodeIgniter\Database\Postgre\Connection->execute('SELECT "id_no",...')
#3 /var/www/html/system/Database/BaseConnection.php(593): CodeIgniter\Database\BaseConnection->simpleQuery('SELECT "id_no",...')
#4 /var/www/html/system/Database/BaseBuilder.php(1585): CodeIgniter\Database\BaseConnection->query('SELECT "id_no",...', Array, false)
#5 /var/www/html/app/Models/Filing/DiaryentryModel.php(37): CodeIgniter\Database\BaseBuilder->get()
#6 /var/www/html/app/Controllers/Supreme_court/Filing/DiaryentryController.php(52): App\Models\Filing\DiaryentryModel->get_state_list()
#7 /var/www/html/app/Controllers/Supreme_court/Filing/DiaryentryController.php(28): App\Controllers\Supreme_court\Filing\DiaryentryController->get_state_list()
#8 /var/www/html/system/CodeIgniter.php(925): App\Controllers\Supreme_court\Filing\DiaryentryController->index()
#9 /var/www/html/system/CodeIgniter.php(480): CodeIgniter\CodeIgniter->runController(Object(App\Controllers\Supreme_court\Filing\DiaryentryController))
#10 /var/www/html/system/CodeIgniter.php(349): CodeIgniter\CodeIgniter->handleRequest(NULL, Object(Config\Cache), false)
#11 /var/www/html/public/index.php(67): CodeIgniter\CodeIgniter->run()
#12 {main}
CRITICAL - 2023-10-09 17:33:24 --> pg_query(): Query failed: ERROR:  column &quot;Name&quot; does not exist
LINE 1: SELECT &quot;id_no&quot;, &quot;Name&quot;
                        ^
HINT:  Perhaps you meant to reference the column &quot;state.name&quot;.
in SYSTEMPATH/Database/Postgre/Connection.php on line 140.
 1 [internal function]: CodeIgniter\Debug\Exceptions->errorHandler(2, 'pg_query(): Query failed: ERROR:  column &quot;Name&quot; does not exist
LINE 1: SELECT &quot;id_no&quot;, &quot;Name&quot;
                        ^
HINT:  Perhaps you meant to reference the column &quot;state.name&quot;.', 'SYSTEMPATH/Database/Postgre/Connection.php', 140)
 2 SYSTEMPATH/Database/Postgre/Connection.php(140): pg_query(Object(PgSql\Connection), 'SELECT "id_no", "Name"
FROM "state"
WHERE "District_code" = \'0\'
AND "Sub_Dist_code" = \'0\'
AND "Village_code" = \'0\'
AND "sci_state_id" != \'0\'
AND "display" = \'Y\'')
 3 SYSTEMPATH/Database/BaseConnection.php(666): CodeIgniter\Database\Postgre\Connection->execute('SELECT "id_no", "Name"
FROM "state"
WHERE "District_code" = \'0\'
AND "Sub_Dist_code" = \'0\'
AND "Village_code" = \'0\'
AND "sci_state_id" != \'0\'
AND "display" = \'Y\'')
 4 SYSTEMPATH/Database/BaseConnection.php(593): CodeIgniter\Database\BaseConnection->simpleQuery('SELECT "id_no", "Name"
FROM "state"
WHERE "District_code" = \'0\'
AND "Sub_Dist_code" = \'0\'
AND "Village_code" = \'0\'
AND "sci_state_id" != \'0\'
AND "display" = \'Y\'')
 5 SYSTEMPATH/Database/BaseBuilder.php(1585): CodeIgniter\Database\BaseConnection->query('SELECT "id_no", "Name"
FROM "state"
WHERE "District_code" = :District_code:
AND "Sub_Dist_code" = :Sub_Dist_code:
AND "Village_code" = :Village_code:
AND "sci_state_id" != :sci_state_id:
AND "display" = :display:', [...], false)
 6 APPPATH/Models/Filing/DiaryentryModel.php(37): CodeIgniter\Database\BaseBuilder->get()
 7 APPPATH/Controllers/Supreme_court/Filing/DiaryentryController.php(52): App\Models\Filing\DiaryentryModel->get_state_list()
 8 APPPATH/Controllers/Supreme_court/Filing/DiaryentryController.php(28): App\Controllers\Supreme_court\Filing\DiaryentryController->get_state_list()
 9 SYSTEMPATH/CodeIgniter.php(925): App\Controllers\Supreme_court\Filing\DiaryentryController->index()
10 SYSTEMPATH/CodeIgniter.php(480): CodeIgniter\CodeIgniter->runController(Object(App\Controllers\Supreme_court\Filing\DiaryentryController))
11 SYSTEMPATH/CodeIgniter.php(349): CodeIgniter\CodeIgniter->handleRequest(null, Object(Config\Cache), false)
12 FCPATH/index.php(67): CodeIgniter\CodeIgniter->run()
ERROR - 2023-10-09 17:37:34 --> ErrorException: pg_query(): Query failed: ERROR:  column &quot;Name&quot; does not exist
LINE 1: SELECT &quot;id_no&quot;, &quot;Name&quot;
                        ^
HINT:  Perhaps you meant to reference the column &quot;state.name&quot;. in /var/www/html/system/Database/Postgre/Connection.php:140
Stack trace:
#0 [internal function]: CodeIgniter\Debug\Exceptions->errorHandler(2, 'pg_query(): Que...', '/var/www/html/s...', 140)
#1 /var/www/html/system/Database/Postgre/Connection.php(140): pg_query(Object(PgSql\Connection), 'SELECT "id_no",...')
#2 /var/www/html/system/Database/BaseConnection.php(666): CodeIgniter\Database\Postgre\Connection->execute('SELECT "id_no",...')
#3 /var/www/html/system/Database/BaseConnection.php(593): CodeIgniter\Database\BaseConnection->simpleQuery('SELECT "id_no",...')
#4 /var/www/html/system/Database/BaseBuilder.php(1585): CodeIgniter\Database\BaseConnection->query('SELECT "id_no",...', Array, false)
#5 /var/www/html/app/Models/Filing/DiaryentryModel.php(37): CodeIgniter\Database\BaseBuilder->get()
#6 /var/www/html/app/Controllers/Supreme_court/Filing/DiaryentryController.php(52): App\Models\Filing\DiaryentryModel->get_state_list()
#7 /var/www/html/app/Controllers/Supreme_court/Filing/DiaryentryController.php(28): App\Controllers\Supreme_court\Filing\DiaryentryController->get_state_list()
#8 /var/www/html/system/CodeIgniter.php(925): App\Controllers\Supreme_court\Filing\DiaryentryController->index()
#9 /var/www/html/system/CodeIgniter.php(480): CodeIgniter\CodeIgniter->runController(Object(App\Controllers\Supreme_court\Filing\DiaryentryController))
#10 /var/www/html/system/CodeIgniter.php(349): CodeIgniter\CodeIgniter->handleRequest(NULL, Object(Config\Cache), false)
#11 /var/www/html/public/index.php(67): CodeIgniter\CodeIgniter->run()
#12 {main}
CRITICAL - 2023-10-09 17:37:34 --> pg_query(): Query failed: ERROR:  column &quot;Name&quot; does not exist
LINE 1: SELECT &quot;id_no&quot;, &quot;Name&quot;
                        ^
HINT:  Perhaps you meant to reference the column &quot;state.name&quot;.
in SYSTEMPATH/Database/Postgre/Connection.php on line 140.
 1 [internal function]: CodeIgniter\Debug\Exceptions->errorHandler(2, 'pg_query(): Query failed: ERROR:  column &quot;Name&quot; does not exist
LINE 1: SELECT &quot;id_no&quot;, &quot;Name&quot;
                        ^
HINT:  Perhaps you meant to reference the column &quot;state.name&quot;.', 'SYSTEMPATH/Database/Postgre/Connection.php', 140)
 2 SYSTEMPATH/Database/Postgre/Connection.php(140): pg_query(Object(PgSql\Connection), 'SELECT "id_no", "Name"
FROM "state"
WHERE "District_code" = \'0\'
AND "Sub_Dist_code" = \'0\'
AND "Village_code" = \'0\'
AND "sci_state_id" != \'0\'
AND "display" = \'Y\'')
 3 SYSTEMPATH/Database/BaseConnection.php(666): CodeIgniter\Database\Postgre\Connection->execute('SELECT "id_no", "Name"
FROM "state"
WHERE "District_code" = \'0\'
AND "Sub_Dist_code" = \'0\'
AND "Village_code" = \'0\'
AND "sci_state_id" != \'0\'
AND "display" = \'Y\'')
 4 SYSTEMPATH/Database/BaseConnection.php(593): CodeIgniter\Database\BaseConnection->simpleQuery('SELECT "id_no", "Name"
FROM "state"
WHERE "District_code" = \'0\'
AND "Sub_Dist_code" = \'0\'
AND "Village_code" = \'0\'
AND "sci_state_id" != \'0\'
AND "display" = \'Y\'')
 5 SYSTEMPATH/Database/BaseBuilder.php(1585): CodeIgniter\Database\BaseConnection->query('SELECT "id_no", "Name"
FROM "state"
WHERE "District_code" = :District_code:
AND "Sub_Dist_code" = :Sub_Dist_code:
AND "Village_code" = :Village_code:
AND "sci_state_id" != :sci_state_id:
AND "display" = :display:', [...], false)
 6 APPPATH/Models/Filing/DiaryentryModel.php(37): CodeIgniter\Database\BaseBuilder->get()
 7 APPPATH/Controllers/Supreme_court/Filing/DiaryentryController.php(52): App\Models\Filing\DiaryentryModel->get_state_list()
 8 APPPATH/Controllers/Supreme_court/Filing/DiaryentryController.php(28): App\Controllers\Supreme_court\Filing\DiaryentryController->get_state_list()
 9 SYSTEMPATH/CodeIgniter.php(925): App\Controllers\Supreme_court\Filing\DiaryentryController->index()
10 SYSTEMPATH/CodeIgniter.php(480): CodeIgniter\CodeIgniter->runController(Object(App\Controllers\Supreme_court\Filing\DiaryentryController))
11 SYSTEMPATH/CodeIgniter.php(349): CodeIgniter\CodeIgniter->handleRequest(null, Object(Config\Cache), false)
12 FCPATH/index.php(67): CodeIgniter\CodeIgniter->run()
ERROR - 2023-10-09 17:38:40 --> ErrorException: pg_query(): Query failed: ERROR:  column &quot;District_code&quot; does not exist
LINE 3: WHERE &quot;District_code&quot; = '0'
              ^
HINT:  Perhaps you meant to reference the column &quot;state.district_code&quot;. in /var/www/html/system/Database/Postgre/Connection.php:140
Stack trace:
#0 [internal function]: CodeIgniter\Debug\Exceptions->errorHandler(2, 'pg_query(): Que...', '/var/www/html/s...', 140)
#1 /var/www/html/system/Database/Postgre/Connection.php(140): pg_query(Object(PgSql\Connection), 'SELECT "id_no",...')
#2 /var/www/html/system/Database/BaseConnection.php(666): CodeIgniter\Database\Postgre\Connection->execute('SELECT "id_no",...')
#3 /var/www/html/system/Database/BaseConnection.php(593): CodeIgniter\Database\BaseConnection->simpleQuery('SELECT "id_no",...')
#4 /var/www/html/system/Database/BaseBuilder.php(1585): CodeIgniter\Database\BaseConnection->query('SELECT "id_no",...', Array, false)
#5 /var/www/html/app/Models/Filing/DiaryentryModel.php(37): CodeIgniter\Database\BaseBuilder->get()
#6 /var/www/html/app/Controllers/Supreme_court/Filing/DiaryentryController.php(52): App\Models\Filing\DiaryentryModel->get_state_list()
#7 /var/www/html/app/Controllers/Supreme_court/Filing/DiaryentryController.php(28): App\Controllers\Supreme_court\Filing\DiaryentryController->get_state_list()
#8 /var/www/html/system/CodeIgniter.php(925): App\Controllers\Supreme_court\Filing\DiaryentryController->index()
#9 /var/www/html/system/CodeIgniter.php(480): CodeIgniter\CodeIgniter->runController(Object(App\Controllers\Supreme_court\Filing\DiaryentryController))
#10 /var/www/html/system/CodeIgniter.php(349): CodeIgniter\CodeIgniter->handleRequest(NULL, Object(Config\Cache), false)
#11 /var/www/html/public/index.php(67): CodeIgniter\CodeIgniter->run()
#12 {main}
CRITICAL - 2023-10-09 17:38:40 --> pg_query(): Query failed: ERROR:  column &quot;District_code&quot; does not exist
LINE 3: WHERE &quot;District_code&quot; = '0'
              ^
HINT:  Perhaps you meant to reference the column &quot;state.district_code&quot;.
in SYSTEMPATH/Database/Postgre/Connection.php on line 140.
 1 [internal function]: CodeIgniter\Debug\Exceptions->errorHandler(2, 'pg_query(): Query failed: ERROR:  column &quot;District_code&quot; does not exist
LINE 3: WHERE &quot;District_code&quot; = \'0\'
              ^
HINT:  Perhaps you meant to reference the column &quot;state.district_code&quot;.', 'SYSTEMPATH/Database/Postgre/Connection.php', 140)
 2 SYSTEMPATH/Database/Postgre/Connection.php(140): pg_query(Object(PgSql\Connection), 'SELECT "id_no", "name"
FROM "state"
WHERE "District_code" = \'0\'
AND "Sub_Dist_code" = \'0\'
AND "Village_code" = \'0\'
AND "sci_state_id" != \'0\'
AND "display" = \'Y\'')
 3 SYSTEMPATH/Database/BaseConnection.php(666): CodeIgniter\Database\Postgre\Connection->execute('SELECT "id_no", "name"
FROM "state"
WHERE "District_code" = \'0\'
AND "Sub_Dist_code" = \'0\'
AND "Village_code" = \'0\'
AND "sci_state_id" != \'0\'
AND "display" = \'Y\'')
 4 SYSTEMPATH/Database/BaseConnection.php(593): CodeIgniter\Database\BaseConnection->simpleQuery('SELECT "id_no", "name"
FROM "state"
WHERE "District_code" = \'0\'
AND "Sub_Dist_code" = \'0\'
AND "Village_code" = \'0\'
AND "sci_state_id" != \'0\'
AND "display" = \'Y\'')
 5 SYSTEMPATH/Database/BaseBuilder.php(1585): CodeIgniter\Database\BaseConnection->query('SELECT "id_no", "name"
FROM "state"
WHERE "District_code" = :District_code:
AND "Sub_Dist_code" = :Sub_Dist_code:
AND "Village_code" = :Village_code:
AND "sci_state_id" != :sci_state_id:
AND "display" = :display:', [...], false)
 6 APPPATH/Models/Filing/DiaryentryModel.php(37): CodeIgniter\Database\BaseBuilder->get()
 7 APPPATH/Controllers/Supreme_court/Filing/DiaryentryController.php(52): App\Models\Filing\DiaryentryModel->get_state_list()
 8 APPPATH/Controllers/Supreme_court/Filing/DiaryentryController.php(28): App\Controllers\Supreme_court\Filing\DiaryentryController->get_state_list()
 9 SYSTEMPATH/CodeIgniter.php(925): App\Controllers\Supreme_court\Filing\DiaryentryController->index()
10 SYSTEMPATH/CodeIgniter.php(480): CodeIgniter\CodeIgniter->runController(Object(App\Controllers\Supreme_court\Filing\DiaryentryController))
11 SYSTEMPATH/CodeIgniter.php(349): CodeIgniter\CodeIgniter->handleRequest(null, Object(Config\Cache), false)
12 FCPATH/index.php(67): CodeIgniter\CodeIgniter->run()
CRITICAL - 2023-10-09 17:40:30 --> Undefined array key "Name"
in APPPATH/Views/Filing/Diaryentry.php on line 108.
 1 APPPATH/Views/Filing/Diaryentry.php(108): CodeIgniter\Debug\Exceptions->errorHandler(2, 'Undefined array key "Name"', 'APPPATH/Views/Filing/Diaryentry.php', 108)
 2 SYSTEMPATH/View/View.php(213): include('APPPATH/Views/Filing/Diaryentry.php')
 3 SYSTEMPATH/View/View.php(216): CodeIgniter\View\View->CodeIgniter\View\{closure}()
 4 SYSTEMPATH/Common.php(1135): CodeIgniter\View\View->render('Filing/Diaryentry', [], true)
 5 APPPATH/Controllers/Supreme_court/Filing/DiaryentryController.php(40): view('Filing/Diaryentry', [...])
 6 SYSTEMPATH/CodeIgniter.php(925): App\Controllers\Supreme_court\Filing\DiaryentryController->index()
 7 SYSTEMPATH/CodeIgniter.php(480): CodeIgniter\CodeIgniter->runController(Object(App\Controllers\Supreme_court\Filing\DiaryentryController))
 8 SYSTEMPATH/CodeIgniter.php(349): CodeIgniter\CodeIgniter->handleRequest(null, Object(Config\Cache), false)
 9 FCPATH/index.php(67): CodeIgniter\CodeIgniter->run()
CRITICAL - 2023-10-09 07:25:16 --> view(): Argument #3 ($options) must be of type array, bool given, called in /var/www/html/app/Controllers/Supreme_court/Content.php on line 39
in SYSTEMPATH/Common.php on line 1121.
 1 APPPATH/Controllers/Supreme_court/Content.php(39): view('templates/content', [...], true)
 2 SYSTEMPATH/CodeIgniter.php(925): App\Controllers\Supreme_court\Content->index()
 3 SYSTEMPATH/CodeIgniter.php(480): CodeIgniter\CodeIgniter->runController(Object(App\Controllers\Supreme_court\Content))
 4 SYSTEMPATH/CodeIgniter.php(349): CodeIgniter\CodeIgniter->handleRequest(null, Object(Config\Cache), false)
 5 FCPATH/index.php(67): CodeIgniter\CodeIgniter->run()
