ERROR - 2024-02-13 15:33:48 --> ErrorException: pg_query(): Query failed: ERROR:  invalid input syntax for type numeric: &quot;&quot;
CONTEXT:  parallel worker in /var/www/html/system/Database/Postgre/Connection.php:140
Stack trace:
#0 [internal function]: CodeIgniter\Debug\Exceptions->errorHandler(2, 'pg_query(): Que...', '/var/www/html/s...', 140)
#1 /var/www/html/system/Database/Postgre/Connection.php(140): pg_query(Object(PgSql\Connection), 'SELECT "pet_res...')
#2 /var/www/html/system/Database/BaseConnection.php(666): CodeIgniter\Database\Postgre\Connection->execute('SELECT "pet_res...')
#3 /var/www/html/system/Database/BaseConnection.php(593): CodeIgniter\Database\BaseConnection->simpleQuery('SELECT "pet_res...')
#4 /var/www/html/system/Database/BaseBuilder.php(1585): CodeIgniter\Database\BaseConnection->query('SELECT "pet_res...', Array, false)
#5 /var/www/html/app/Models/Filing/PartyModel.php(30): CodeIgniter\Database\BaseBuilder->get()
#6 /var/www/html/app/Controllers/Filing/Party.php(30): App\Models\Filing\PartyModel->getLRList('411132023')
#7 /var/www/html/system/CodeIgniter.php(925): App\Controllers\Filing\Party->index()
#8 /var/www/html/system/CodeIgniter.php(480): CodeIgniter\CodeIgniter->runController(Object(App\Controllers\Filing\Party))
#9 /var/www/html/system/CodeIgniter.php(349): CodeIgniter\CodeIgniter->handleRequest(NULL, Object(Config\Cache), false)
#10 /var/www/html/public/index.php(67): CodeIgniter\CodeIgniter->run()
#11 {main}
CRITICAL - 2024-02-13 15:33:48 --> pg_query(): Query failed: ERROR:  invalid input syntax for type numeric: &quot;&quot;
CONTEXT:  parallel worker
in SYSTEMPATH/Database/Postgre/Connection.php on line 140.
 1 [internal function]: CodeIgniter\Debug\Exceptions->errorHandler(2, 'pg_query(): Query failed: ERROR:  invalid input syntax for type numeric: &quot;&quot;
CONTEXT:  parallel worker', 'SYSTEMPATH/Database/Postgre/Connection.php', 140)
 2 SYSTEMPATH/Database/Postgre/Connection.php(140): pg_query(Object(PgSql\Connection), 'SELECT "pet_res", "sr_no", "sr_no_show", "partyname"
FROM "party"
WHERE "diary_no" = \'411132023\'
AND "pflag" = \'P\'
ORDER BY "pet_res", CAST(split_part(sr_no_show, \'.\', 1) AS NUMERIC(20)), CAST(split_part(split_part(CONCAT(sr_no_show, \'.0\'), \'.\', 2), \'.\', -1) AS NUMERIC(20)), CAST(split_part(split_part(CONCAT(sr_no_show, \'.0.0\'), \'.\', 3), \'.\', -1) AS NUMERIC(20)), CAST(split_part(split_part(CONCAT(sr_no_show, \'.0.0.0\'), \'.\', 4), \'.\', -1) AS NUMERIC(20))')
 3 SYSTEMPATH/Database/BaseConnection.php(666): CodeIgniter\Database\Postgre\Connection->execute('SELECT "pet_res", "sr_no", "sr_no_show", "partyname"
FROM "party"
WHERE "diary_no" = \'411132023\'
AND "pflag" = \'P\'
ORDER BY "pet_res", CAST(split_part(sr_no_show, \'.\', 1) AS NUMERIC(20)), CAST(split_part(split_part(CONCAT(sr_no_show, \'.0\'), \'.\', 2), \'.\', -1) AS NUMERIC(20)), CAST(split_part(split_part(CONCAT(sr_no_show, \'.0.0\'), \'.\', 3), \'.\', -1) AS NUMERIC(20)), CAST(split_part(split_part(CONCAT(sr_no_show, \'.0.0.0\'), \'.\', 4), \'.\', -1) AS NUMERIC(20))')
 4 SYSTEMPATH/Database/BaseConnection.php(593): CodeIgniter\Database\BaseConnection->simpleQuery('SELECT "pet_res", "sr_no", "sr_no_show", "partyname"
FROM "party"
WHERE "diary_no" = \'411132023\'
AND "pflag" = \'P\'
ORDER BY "pet_res", CAST(split_part(sr_no_show, \'.\', 1) AS NUMERIC(20)), CAST(split_part(split_part(CONCAT(sr_no_show, \'.0\'), \'.\', 2), \'.\', -1) AS NUMERIC(20)), CAST(split_part(split_part(CONCAT(sr_no_show, \'.0.0\'), \'.\', 3), \'.\', -1) AS NUMERIC(20)), CAST(split_part(split_part(CONCAT(sr_no_show, \'.0.0.0\'), \'.\', 4), \'.\', -1) AS NUMERIC(20))')
 5 SYSTEMPATH/Database/BaseBuilder.php(1585): CodeIgniter\Database\BaseConnection->query('SELECT "pet_res", "sr_no", "sr_no_show", "partyname"
FROM "party"
WHERE "diary_no" = :diary_no:
AND "pflag" = :pflag:
ORDER BY "pet_res", CAST(split_part(sr_no_show, \'.\', 1) AS NUMERIC(20)), CAST(split_part(split_part(CONCAT(sr_no_show, \'.0\'), \'.\', 2), \'.\', -1) AS NUMERIC(20)), CAST(split_part(split_part(CONCAT(sr_no_show, \'.0.0\'), \'.\', 3), \'.\', -1) AS NUMERIC(20)), CAST(split_part(split_part(CONCAT(sr_no_show, \'.0.0.0\'), \'.\', 4), \'.\', -1) AS NUMERIC(20))', [...], false)
 6 APPPATH/Models/Filing/PartyModel.php(30): CodeIgniter\Database\BaseBuilder->get()
 7 APPPATH/Controllers/Filing/Party.php(30): App\Models\Filing\PartyModel->getLRList('411132023')
 8 SYSTEMPATH/CodeIgniter.php(925): App\Controllers\Filing\Party->index()
 9 SYSTEMPATH/CodeIgniter.php(480): CodeIgniter\CodeIgniter->runController(Object(App\Controllers\Filing\Party))
10 SYSTEMPATH/CodeIgniter.php(349): CodeIgniter\CodeIgniter->handleRequest(null, Object(Config\Cache), false)
11 FCPATH/index.php(67): CodeIgniter\CodeIgniter->run()
CRITICAL - 2024-02-13 05:45:05 --> The action you requested is not allowed.
in SYSTEMPATH/Security/Security.php on line 307.
 1 SYSTEMPATH/Security/Security.php(307): CodeIgniter\Security\Exceptions\SecurityException::forDisallowedAction()
 2 SYSTEMPATH/Filters/CSRF.php(55): CodeIgniter\Security\Security->verify(Object(CodeIgniter\HTTP\IncomingRequest))
 3 SYSTEMPATH/Filters/Filters.php(173): CodeIgniter\Filters\CSRF->before(Object(CodeIgniter\HTTP\IncomingRequest), null)
 4 SYSTEMPATH/CodeIgniter.php(453): CodeIgniter\Filters\Filters->run('Filing/Limitation/InsertAction', 'before')
 5 SYSTEMPATH/CodeIgniter.php(349): CodeIgniter\CodeIgniter->handleRequest(null, Object(Config\Cache), false)
 6 FCPATH/index.php(67): CodeIgniter\CodeIgniter->run()
