CRITICAL - 2024-04-04 11:06:53 --> Undefined property: stdClass::$order_type
in APPPATH/Views/Reports/copying/get_content_view.php on line 40.
 1 APPPATH/Views/Reports/copying/get_content_view.php(40): CodeIgniter\Debug\Exceptions->errorHandler(2, 'Undefined property: stdClass::$order_type', 'APPPATH/Views/Reports/copying/get_content_view.php', 40)
 2 SYSTEMPATH/View/View.php(213): include('APPPATH/Views/Reports/copying/get_content_view.php')
 3 SYSTEMPATH/View/View.php(216): CodeIgniter\View\View->CodeIgniter\View\{closure}()
 4 SYSTEMPATH/Common.php(1135): CodeIgniter\View\View->render('Reports/copying/get_content_view', [], true)
 5 APPPATH/Controllers/Reports/Copying/Report.php(320): view('Reports/copying/get_content_view', [...])
 6 SYSTEMPATH/CodeIgniter.php(925): App\Controllers\Reports\Copying\Report->view_search()
 7 SYSTEMPATH/CodeIgniter.php(480): CodeIgniter\CodeIgniter->runController(Object(App\Controllers\Reports\Copying\Report))
 8 SYSTEMPATH/CodeIgniter.php(349): CodeIgniter\CodeIgniter->handleRequest(null, Object(Config\Cache), false)
 9 FCPATH/index.php(67): CodeIgniter\CodeIgniter->run()
CRITICAL - 2024-04-04 11:08:06 --> Undefined property: stdClass::$order_type
in APPPATH/Views/Reports/copying/get_content_view.php on line 40.
 1 APPPATH/Views/Reports/copying/get_content_view.php(40): CodeIgniter\Debug\Exceptions->errorHandler(2, 'Undefined property: stdClass::$order_type', 'APPPATH/Views/Reports/copying/get_content_view.php', 40)
 2 SYSTEMPATH/View/View.php(213): include('APPPATH/Views/Reports/copying/get_content_view.php')
 3 SYSTEMPATH/View/View.php(216): CodeIgniter\View\View->CodeIgniter\View\{closure}()
 4 SYSTEMPATH/Common.php(1135): CodeIgniter\View\View->render('Reports/copying/get_content_view', [], true)
 5 APPPATH/Controllers/Reports/Copying/Report.php(320): view('Reports/copying/get_content_view', [...])
 6 SYSTEMPATH/CodeIgniter.php(925): App\Controllers\Reports\Copying\Report->view_search()
 7 SYSTEMPATH/CodeIgniter.php(480): CodeIgniter\CodeIgniter->runController(Object(App\Controllers\Reports\Copying\Report))
 8 SYSTEMPATH/CodeIgniter.php(349): CodeIgniter\CodeIgniter->handleRequest(null, Object(Config\Cache), false)
 9 FCPATH/index.php(67): CodeIgniter\CodeIgniter->run()
CRITICAL - 2024-04-04 11:13:00 --> Undefined property: stdClass::$order_type
in APPPATH/Views/Reports/copying/get_content_view.php on line 40.
 1 APPPATH/Views/Reports/copying/get_content_view.php(40): CodeIgniter\Debug\Exceptions->errorHandler(2, 'Undefined property: stdClass::$order_type', 'APPPATH/Views/Reports/copying/get_content_view.php', 40)
 2 SYSTEMPATH/View/View.php(213): include('APPPATH/Views/Reports/copying/get_content_view.php')
 3 SYSTEMPATH/View/View.php(216): CodeIgniter\View\View->CodeIgniter\View\{closure}()
 4 SYSTEMPATH/Common.php(1135): CodeIgniter\View\View->render('Reports/copying/get_content_view', [], true)
 5 APPPATH/Controllers/Reports/Copying/Report.php(320): view('Reports/copying/get_content_view', [...])
 6 SYSTEMPATH/CodeIgniter.php(925): App\Controllers\Reports\Copying\Report->view_search()
 7 SYSTEMPATH/CodeIgniter.php(480): CodeIgniter\CodeIgniter->runController(Object(App\Controllers\Reports\Copying\Report))
 8 SYSTEMPATH/CodeIgniter.php(349): CodeIgniter\CodeIgniter->handleRequest(null, Object(Config\Cache), false)
 9 FCPATH/index.php(67): CodeIgniter\CodeIgniter->run()
