CRITICAL - 2024-02-05 10:23:30 --> Undefined variable $user_verification_details
in APPPATH/Controllers/Copying/Copying.php on line 579.
 1 APPPATH/Controllers/Copying/Copying.php(579): CodeIgniter\Debug\Exceptions->errorHandler(2, 'Undefined variable $user_verification_details', 'APPPATH/Controllers/Copying/Copying.php', 579)
 2 SYSTEMPATH/CodeIgniter.php(925): App\Controllers\Copying\Copying->get_application_search()
 3 SYSTEMPATH/CodeIgniter.php(480): CodeIgniter\CodeIgniter->runController(Object(App\Controllers\Copying\Copying))
 4 SYSTEMPATH/CodeIgniter.php(349): CodeIgniter\CodeIgniter->handleRequest(null, Object(Config\Cache), false)
 5 FCPATH/index.php(67): CodeIgniter\CodeIgniter->run()
CRITICAL - 2024-02-05 10:23:43 --> Undefined variable $user_verification_details
in APPPATH/Controllers/Copying/Copying.php on line 579.
 1 APPPATH/Controllers/Copying/Copying.php(579): CodeIgniter\Debug\Exceptions->errorHandler(2, 'Undefined variable $user_verification_details', 'APPPATH/Controllers/Copying/Copying.php', 579)
 2 SYSTEMPATH/CodeIgniter.php(925): App\Controllers\Copying\Copying->get_application_search()
 3 SYSTEMPATH/CodeIgniter.php(480): CodeIgniter\CodeIgniter->runController(Object(App\Controllers\Copying\Copying))
 4 SYSTEMPATH/CodeIgniter.php(349): CodeIgniter\CodeIgniter->handleRequest(null, Object(Config\Cache), false)
 5 FCPATH/index.php(67): CodeIgniter\CodeIgniter->run()
CRITICAL - 2024-02-05 10:26:18 --> Undefined variable $user_verification_details
in APPPATH/Controllers/Copying/Copying.php on line 579.
 1 APPPATH/Controllers/Copying/Copying.php(579): CodeIgniter\Debug\Exceptions->errorHandler(2, 'Undefined variable $user_verification_details', 'APPPATH/Controllers/Copying/Copying.php', 579)
 2 SYSTEMPATH/CodeIgniter.php(925): App\Controllers\Copying\Copying->get_application_search()
 3 SYSTEMPATH/CodeIgniter.php(480): CodeIgniter\CodeIgniter->runController(Object(App\Controllers\Copying\Copying))
 4 SYSTEMPATH/CodeIgniter.php(349): CodeIgniter\CodeIgniter->handleRequest(null, Object(Config\Cache), false)
 5 FCPATH/index.php(67): CodeIgniter\CodeIgniter->run()
CRITICAL - 2024-02-05 10:27:06 --> Undefined variable $user_verification_details
in APPPATH/Controllers/Copying/Copying.php on line 579.
 1 APPPATH/Controllers/Copying/Copying.php(579): CodeIgniter\Debug\Exceptions->errorHandler(2, 'Undefined variable $user_verification_details', 'APPPATH/Controllers/Copying/Copying.php', 579)
 2 SYSTEMPATH/CodeIgniter.php(925): App\Controllers\Copying\Copying->get_application_search()
 3 SYSTEMPATH/CodeIgniter.php(480): CodeIgniter\CodeIgniter->runController(Object(App\Controllers\Copying\Copying))
 4 SYSTEMPATH/CodeIgniter.php(349): CodeIgniter\CodeIgniter->handleRequest(null, Object(Config\Cache), false)
 5 FCPATH/index.php(67): CodeIgniter\CodeIgniter->run()
CRITICAL - 2024-02-05 10:27:15 --> Undefined variable $user_verification_details
in APPPATH/Controllers/Copying/Copying.php on line 579.
 1 APPPATH/Controllers/Copying/Copying.php(579): CodeIgniter\Debug\Exceptions->errorHandler(2, 'Undefined variable $user_verification_details', 'APPPATH/Controllers/Copying/Copying.php', 579)
 2 SYSTEMPATH/CodeIgniter.php(925): App\Controllers\Copying\Copying->get_application_search()
 3 SYSTEMPATH/CodeIgniter.php(480): CodeIgniter\CodeIgniter->runController(Object(App\Controllers\Copying\Copying))
 4 SYSTEMPATH/CodeIgniter.php(349): CodeIgniter\CodeIgniter->handleRequest(null, Object(Config\Cache), false)
 5 FCPATH/index.php(67): CodeIgniter\CodeIgniter->run()
CRITICAL - 2024-02-05 10:28:20 --> Undefined variable $user_verification_details
in APPPATH/Controllers/Copying/Copying.php on line 579.
 1 APPPATH/Controllers/Copying/Copying.php(579): CodeIgniter\Debug\Exceptions->errorHandler(2, 'Undefined variable $user_verification_details', 'APPPATH/Controllers/Copying/Copying.php', 579)
 2 SYSTEMPATH/CodeIgniter.php(925): App\Controllers\Copying\Copying->get_application_search()
 3 SYSTEMPATH/CodeIgniter.php(480): CodeIgniter\CodeIgniter->runController(Object(App\Controllers\Copying\Copying))
 4 SYSTEMPATH/CodeIgniter.php(349): CodeIgniter\CodeIgniter->handleRequest(null, Object(Config\Cache), false)
 5 FCPATH/index.php(67): CodeIgniter\CodeIgniter->run()
CRITICAL - 2024-02-05 10:28:25 --> Undefined variable $user_verification_details
in APPPATH/Controllers/Copying/Copying.php on line 579.
 1 APPPATH/Controllers/Copying/Copying.php(579): CodeIgniter\Debug\Exceptions->errorHandler(2, 'Undefined variable $user_verification_details', 'APPPATH/Controllers/Copying/Copying.php', 579)
 2 SYSTEMPATH/CodeIgniter.php(925): App\Controllers\Copying\Copying->get_application_search()
 3 SYSTEMPATH/CodeIgniter.php(480): CodeIgniter\CodeIgniter->runController(Object(App\Controllers\Copying\Copying))
 4 SYSTEMPATH/CodeIgniter.php(349): CodeIgniter\CodeIgniter->handleRequest(null, Object(Config\Cache), false)
 5 FCPATH/index.php(67): CodeIgniter\CodeIgniter->run()
CRITICAL - 2024-02-05 10:29:08 --> Undefined variable $user_verification_details
in APPPATH/Controllers/Copying/Copying.php on line 579.
 1 APPPATH/Controllers/Copying/Copying.php(579): CodeIgniter\Debug\Exceptions->errorHandler(2, 'Undefined variable $user_verification_details', 'APPPATH/Controllers/Copying/Copying.php', 579)
 2 SYSTEMPATH/CodeIgniter.php(925): App\Controllers\Copying\Copying->get_application_search()
 3 SYSTEMPATH/CodeIgniter.php(480): CodeIgniter\CodeIgniter->runController(Object(App\Controllers\Copying\Copying))
 4 SYSTEMPATH/CodeIgniter.php(349): CodeIgniter\CodeIgniter->handleRequest(null, Object(Config\Cache), false)
 5 FCPATH/index.php(67): CodeIgniter\CodeIgniter->run()
CRITICAL - 2024-02-05 10:46:31 --> Undefined array key "diary_no_rec_date"
in APPPATH/Models/Filing/IADocumentModel.php on line 66.
 1 APPPATH/Models/Filing/IADocumentModel.php(66): CodeIgniter\Debug\Exceptions->errorHandler(2, 'Undefined array key "diary_no_rec_date"', 'APPPATH/Models/Filing/IADocumentModel.php', 66)
 2 APPPATH/Controllers/Filing/Ia_documents.php(31): App\Models\Filing\IADocumentModel->get_hcinfo_m_e_new('12024')
 3 SYSTEMPATH/CodeIgniter.php(925): App\Controllers\Filing\Ia_documents->index()
 4 SYSTEMPATH/CodeIgniter.php(480): CodeIgniter\CodeIgniter->runController(Object(App\Controllers\Filing\Ia_documents))
 5 SYSTEMPATH/CodeIgniter.php(349): CodeIgniter\CodeIgniter->handleRequest(null, Object(Config\Cache), false)
 6 FCPATH/index.php(67): CodeIgniter\CodeIgniter->run()
CRITICAL - 2024-02-05 00:07:16 --> The action you requested is not allowed.
in SYSTEMPATH/Security/Security.php on line 307.
 1 SYSTEMPATH/Security/Security.php(307): CodeIgniter\Security\Exceptions\SecurityException::forDisallowedAction()
 2 SYSTEMPATH/Filters/CSRF.php(55): CodeIgniter\Security\Security->verify(Object(CodeIgniter\HTTP\IncomingRequest))
 3 SYSTEMPATH/Filters/Filters.php(173): CodeIgniter\Filters\CSRF->before(Object(CodeIgniter\HTTP\IncomingRequest), null)
 4 SYSTEMPATH/CodeIgniter.php(453): CodeIgniter\Filters\Filters->run('MasterManagement/Menu_assign/upd_umpermission', 'before')
 5 SYSTEMPATH/CodeIgniter.php(349): CodeIgniter\CodeIgniter->handleRequest(null, Object(Config\Cache), false)
 6 FCPATH/index.php(67): CodeIgniter\CodeIgniter->run()
ERROR - 2024-02-05 11:44:14 --> ErrorException: pg_query(): Query failed: ERROR:  column &quot;address&quot; does not exist
LINE 1: SELECT &quot;aor_code&quot;, &quot;name&quot;, &quot;mobile&quot;, &quot;address&quot;
                                             ^
HINT:  Perhaps you meant to reference the column &quot;bar.paddress&quot; or the column &quot;bar.caddress&quot;. in /var/www/html/system/Database/Postgre/Connection.php:140
Stack trace:
#0 [internal function]: CodeIgniter\Debug\Exceptions->errorHandler(2, 'pg_query(): Que...', '/var/www/html/s...', 140)
#1 /var/www/html/system/Database/Postgre/Connection.php(140): pg_query(Object(PgSql\Connection), 'SELECT "aor_cod...')
#2 /var/www/html/system/Database/BaseConnection.php(666): CodeIgniter\Database\Postgre\Connection->execute('SELECT "aor_cod...')
#3 /var/www/html/system/Database/BaseConnection.php(593): CodeIgniter\Database\BaseConnection->simpleQuery('SELECT "aor_cod...')
#4 /var/www/html/system/Database/BaseBuilder.php(1585): CodeIgniter\Database\BaseConnection->query('SELECT "aor_cod...', Array, false)
#5 /var/www/html/app/Models/Record_room/Model_record.php(164): CodeIgniter\Database\BaseBuilder->get()
#6 /var/www/html/app/Controllers/Record_room/Record.php(242): App\Models\Record_room\Model_record->getAORDetails()
#7 /var/www/html/system/CodeIgniter.php(925): App\Controllers\Record_room\Record->aorDetails()
#8 /var/www/html/system/CodeIgniter.php(480): CodeIgniter\CodeIgniter->runController(Object(App\Controllers\Record_room\Record))
#9 /var/www/html/system/CodeIgniter.php(349): CodeIgniter\CodeIgniter->handleRequest(NULL, Object(Config\Cache), false)
#10 /var/www/html/public/index.php(67): CodeIgniter\CodeIgniter->run()
#11 {main}
CRITICAL - 2024-02-05 11:44:14 --> pg_query(): Query failed: ERROR:  column &quot;address&quot; does not exist
LINE 1: SELECT &quot;aor_code&quot;, &quot;name&quot;, &quot;mobile&quot;, &quot;address&quot;
                                             ^
HINT:  Perhaps you meant to reference the column &quot;bar.paddress&quot; or the column &quot;bar.caddress&quot;.
in SYSTEMPATH/Database/Postgre/Connection.php on line 140.
 1 [internal function]: CodeIgniter\Debug\Exceptions->errorHandler(2, 'pg_query(): Query failed: ERROR:  column &quot;address&quot; does not exist
LINE 1: SELECT &quot;aor_code&quot;, &quot;name&quot;, &quot;mobile&quot;, &quot;address&quot;
                                             ^
HINT:  Perhaps you meant to reference the column &quot;bar.paddress&quot; or the column &quot;bar.caddress&quot;.', 'SYSTEMPATH/Database/Postgre/Connection.php', 140)
 2 SYSTEMPATH/Database/Postgre/Connection.php(140): pg_query(Object(PgSql\Connection), 'SELECT "aor_code", "name", "mobile", "address"
FROM "master"."bar"
WHERE "isdead" = \'N\'
AND "if_aor" = \'Y\'
ORDER BY "aor_code"')
 3 SYSTEMPATH/Database/BaseConnection.php(666): CodeIgniter\Database\Postgre\Connection->execute('SELECT "aor_code", "name", "mobile", "address"
FROM "master"."bar"
WHERE "isdead" = \'N\'
AND "if_aor" = \'Y\'
ORDER BY "aor_code"')
 4 SYSTEMPATH/Database/BaseConnection.php(593): CodeIgniter\Database\BaseConnection->simpleQuery('SELECT "aor_code", "name", "mobile", "address"
FROM "master"."bar"
WHERE "isdead" = \'N\'
AND "if_aor" = \'Y\'
ORDER BY "aor_code"')
 5 SYSTEMPATH/Database/BaseBuilder.php(1585): CodeIgniter\Database\BaseConnection->query('SELECT "aor_code", "name", "mobile", "address"
FROM "master"."bar"
WHERE "isdead" = :isdead:
AND "if_aor" = :if_aor:
ORDER BY "aor_code"', [...], false)
 6 APPPATH/Models/Record_room/Model_record.php(164): CodeIgniter\Database\BaseBuilder->get()
 7 APPPATH/Controllers/Record_room/Record.php(242): App\Models\Record_room\Model_record->getAORDetails()
 8 SYSTEMPATH/CodeIgniter.php(925): App\Controllers\Record_room\Record->aorDetails()
 9 SYSTEMPATH/CodeIgniter.php(480): CodeIgniter\CodeIgniter->runController(Object(App\Controllers\Record_room\Record))
10 SYSTEMPATH/CodeIgniter.php(349): CodeIgniter\CodeIgniter->handleRequest(null, Object(Config\Cache), false)
11 FCPATH/index.php(67): CodeIgniter\CodeIgniter->run()
ERROR - 2024-02-05 11:46:34 --> ErrorException: pg_query(): Query failed: ERROR:  column &quot;address&quot; does not exist
LINE 1: SELECT &quot;aor_code&quot;, &quot;name&quot;, &quot;mobile&quot;, &quot;address&quot;
                                             ^
HINT:  Perhaps you meant to reference the column &quot;bar.paddress&quot; or the column &quot;bar.caddress&quot;. in /var/www/html/system/Database/Postgre/Connection.php:140
Stack trace:
#0 [internal function]: CodeIgniter\Debug\Exceptions->errorHandler(2, 'pg_query(): Que...', '/var/www/html/s...', 140)
#1 /var/www/html/system/Database/Postgre/Connection.php(140): pg_query(Object(PgSql\Connection), 'SELECT "aor_cod...')
#2 /var/www/html/system/Database/BaseConnection.php(666): CodeIgniter\Database\Postgre\Connection->execute('SELECT "aor_cod...')
#3 /var/www/html/system/Database/BaseConnection.php(593): CodeIgniter\Database\BaseConnection->simpleQuery('SELECT "aor_cod...')
#4 /var/www/html/system/Database/BaseBuilder.php(1585): CodeIgniter\Database\BaseConnection->query('SELECT "aor_cod...', Array, false)
#5 /var/www/html/app/Models/Record_room/Model_record.php(164): CodeIgniter\Database\BaseBuilder->get()
#6 /var/www/html/app/Controllers/Record_room/Record.php(242): App\Models\Record_room\Model_record->getAORDetails()
#7 /var/www/html/system/CodeIgniter.php(925): App\Controllers\Record_room\Record->aorDetails()
#8 /var/www/html/system/CodeIgniter.php(480): CodeIgniter\CodeIgniter->runController(Object(App\Controllers\Record_room\Record))
#9 /var/www/html/system/CodeIgniter.php(349): CodeIgniter\CodeIgniter->handleRequest(NULL, Object(Config\Cache), false)
#10 /var/www/html/public/index.php(67): CodeIgniter\CodeIgniter->run()
#11 {main}
CRITICAL - 2024-02-05 11:46:34 --> pg_query(): Query failed: ERROR:  column &quot;address&quot; does not exist
LINE 1: SELECT &quot;aor_code&quot;, &quot;name&quot;, &quot;mobile&quot;, &quot;address&quot;
                                             ^
HINT:  Perhaps you meant to reference the column &quot;bar.paddress&quot; or the column &quot;bar.caddress&quot;.
in SYSTEMPATH/Database/Postgre/Connection.php on line 140.
 1 [internal function]: CodeIgniter\Debug\Exceptions->errorHandler(2, 'pg_query(): Query failed: ERROR:  column &quot;address&quot; does not exist
LINE 1: SELECT &quot;aor_code&quot;, &quot;name&quot;, &quot;mobile&quot;, &quot;address&quot;
                                             ^
HINT:  Perhaps you meant to reference the column &quot;bar.paddress&quot; or the column &quot;bar.caddress&quot;.', 'SYSTEMPATH/Database/Postgre/Connection.php', 140)
 2 SYSTEMPATH/Database/Postgre/Connection.php(140): pg_query(Object(PgSql\Connection), 'SELECT "aor_code", "name", "mobile", "address"
FROM "master"."bar"
WHERE "isdead" = \'N\'
AND "if_aor" = \'Y\'
ORDER BY "aor_code"')
 3 SYSTEMPATH/Database/BaseConnection.php(666): CodeIgniter\Database\Postgre\Connection->execute('SELECT "aor_code", "name", "mobile", "address"
FROM "master"."bar"
WHERE "isdead" = \'N\'
AND "if_aor" = \'Y\'
ORDER BY "aor_code"')
 4 SYSTEMPATH/Database/BaseConnection.php(593): CodeIgniter\Database\BaseConnection->simpleQuery('SELECT "aor_code", "name", "mobile", "address"
FROM "master"."bar"
WHERE "isdead" = \'N\'
AND "if_aor" = \'Y\'
ORDER BY "aor_code"')
 5 SYSTEMPATH/Database/BaseBuilder.php(1585): CodeIgniter\Database\BaseConnection->query('SELECT "aor_code", "name", "mobile", "address"
FROM "master"."bar"
WHERE "isdead" = :isdead:
AND "if_aor" = :if_aor:
ORDER BY "aor_code"', [...], false)
 6 APPPATH/Models/Record_room/Model_record.php(164): CodeIgniter\Database\BaseBuilder->get()
 7 APPPATH/Controllers/Record_room/Record.php(242): App\Models\Record_room\Model_record->getAORDetails()
 8 SYSTEMPATH/CodeIgniter.php(925): App\Controllers\Record_room\Record->aorDetails()
 9 SYSTEMPATH/CodeIgniter.php(480): CodeIgniter\CodeIgniter->runController(Object(App\Controllers\Record_room\Record))
10 SYSTEMPATH/CodeIgniter.php(349): CodeIgniter\CodeIgniter->handleRequest(null, Object(Config\Cache), false)
11 FCPATH/index.php(67): CodeIgniter\CodeIgniter->run()
CRITICAL - 2024-02-05 00:20:18 --> The action you requested is not allowed.
in SYSTEMPATH/Security/Security.php on line 307.
 1 SYSTEMPATH/Security/Security.php(307): CodeIgniter\Security\Exceptions\SecurityException::forDisallowedAction()
 2 SYSTEMPATH/Filters/CSRF.php(55): CodeIgniter\Security\Security->verify(Object(CodeIgniter\HTTP\IncomingRequest))
 3 SYSTEMPATH/Filters/Filters.php(173): CodeIgniter\Filters\CSRF->before(Object(CodeIgniter\HTTP\IncomingRequest), null)
 4 SYSTEMPATH/CodeIgniter.php(453): CodeIgniter\Filters\Filters->run('MasterManagement/Menu_assign/upd_umpermission', 'before')
 5 SYSTEMPATH/CodeIgniter.php(349): CodeIgniter\CodeIgniter->handleRequest(null, Object(Config\Cache), false)
 6 FCPATH/index.php(67): CodeIgniter\CodeIgniter->run()
CRITICAL - 2024-02-05 00:20:23 --> The action you requested is not allowed.
in SYSTEMPATH/Security/Security.php on line 307.
 1 SYSTEMPATH/Security/Security.php(307): CodeIgniter\Security\Exceptions\SecurityException::forDisallowedAction()
 2 SYSTEMPATH/Filters/CSRF.php(55): CodeIgniter\Security\Security->verify(Object(CodeIgniter\HTTP\IncomingRequest))
 3 SYSTEMPATH/Filters/Filters.php(173): CodeIgniter\Filters\CSRF->before(Object(CodeIgniter\HTTP\IncomingRequest), null)
 4 SYSTEMPATH/CodeIgniter.php(453): CodeIgniter\Filters\Filters->run('MasterManagement/Menu_assign/upd_umpermission', 'before')
 5 SYSTEMPATH/CodeIgniter.php(349): CodeIgniter\CodeIgniter->handleRequest(null, Object(Config\Cache), false)
 6 FCPATH/index.php(67): CodeIgniter\CodeIgniter->run()
ERROR - 2024-02-05 11:52:52 --> ErrorException: pg_query(): Query failed: ERROR:  column &quot;address&quot; does not exist
LINE 1: SELECT &quot;aor_code&quot;, &quot;name&quot;, &quot;mobile&quot;, &quot;address&quot;
                                             ^
HINT:  Perhaps you meant to reference the column &quot;bar.paddress&quot; or the column &quot;bar.caddress&quot;. in /var/www/html/system/Database/Postgre/Connection.php:140
Stack trace:
#0 [internal function]: CodeIgniter\Debug\Exceptions->errorHandler(2, 'pg_query(): Que...', '/var/www/html/s...', 140)
#1 /var/www/html/system/Database/Postgre/Connection.php(140): pg_query(Object(PgSql\Connection), 'SELECT "aor_cod...')
#2 /var/www/html/system/Database/BaseConnection.php(666): CodeIgniter\Database\Postgre\Connection->execute('SELECT "aor_cod...')
#3 /var/www/html/system/Database/BaseConnection.php(593): CodeIgniter\Database\BaseConnection->simpleQuery('SELECT "aor_cod...')
#4 /var/www/html/system/Database/BaseBuilder.php(1585): CodeIgniter\Database\BaseConnection->query('SELECT "aor_cod...', Array, false)
#5 /var/www/html/app/Models/Record_room/Model_record.php(164): CodeIgniter\Database\BaseBuilder->get()
#6 /var/www/html/app/Controllers/Record_room/Record.php(242): App\Models\Record_room\Model_record->getAORDetails()
#7 /var/www/html/system/CodeIgniter.php(925): App\Controllers\Record_room\Record->aorDetails()
#8 /var/www/html/system/CodeIgniter.php(480): CodeIgniter\CodeIgniter->runController(Object(App\Controllers\Record_room\Record))
#9 /var/www/html/system/CodeIgniter.php(349): CodeIgniter\CodeIgniter->handleRequest(NULL, Object(Config\Cache), false)
#10 /var/www/html/public/index.php(67): CodeIgniter\CodeIgniter->run()
#11 {main}
CRITICAL - 2024-02-05 11:52:52 --> pg_query(): Query failed: ERROR:  column &quot;address&quot; does not exist
LINE 1: SELECT &quot;aor_code&quot;, &quot;name&quot;, &quot;mobile&quot;, &quot;address&quot;
                                             ^
HINT:  Perhaps you meant to reference the column &quot;bar.paddress&quot; or the column &quot;bar.caddress&quot;.
in SYSTEMPATH/Database/Postgre/Connection.php on line 140.
 1 [internal function]: CodeIgniter\Debug\Exceptions->errorHandler(2, 'pg_query(): Query failed: ERROR:  column &quot;address&quot; does not exist
LINE 1: SELECT &quot;aor_code&quot;, &quot;name&quot;, &quot;mobile&quot;, &quot;address&quot;
                                             ^
HINT:  Perhaps you meant to reference the column &quot;bar.paddress&quot; or the column &quot;bar.caddress&quot;.', 'SYSTEMPATH/Database/Postgre/Connection.php', 140)
 2 SYSTEMPATH/Database/Postgre/Connection.php(140): pg_query(Object(PgSql\Connection), 'SELECT "aor_code", "name", "mobile", "address"
FROM "master"."bar"
WHERE "isdead" = \'N\'
AND "if_aor" = \'Y\'
ORDER BY "aor_code"')
 3 SYSTEMPATH/Database/BaseConnection.php(666): CodeIgniter\Database\Postgre\Connection->execute('SELECT "aor_code", "name", "mobile", "address"
FROM "master"."bar"
WHERE "isdead" = \'N\'
AND "if_aor" = \'Y\'
ORDER BY "aor_code"')
 4 SYSTEMPATH/Database/BaseConnection.php(593): CodeIgniter\Database\BaseConnection->simpleQuery('SELECT "aor_code", "name", "mobile", "address"
FROM "master"."bar"
WHERE "isdead" = \'N\'
AND "if_aor" = \'Y\'
ORDER BY "aor_code"')
 5 SYSTEMPATH/Database/BaseBuilder.php(1585): CodeIgniter\Database\BaseConnection->query('SELECT "aor_code", "name", "mobile", "address"
FROM "master"."bar"
WHERE "isdead" = :isdead:
AND "if_aor" = :if_aor:
ORDER BY "aor_code"', [...], false)
 6 APPPATH/Models/Record_room/Model_record.php(164): CodeIgniter\Database\BaseBuilder->get()
 7 APPPATH/Controllers/Record_room/Record.php(242): App\Models\Record_room\Model_record->getAORDetails()
 8 SYSTEMPATH/CodeIgniter.php(925): App\Controllers\Record_room\Record->aorDetails()
 9 SYSTEMPATH/CodeIgniter.php(480): CodeIgniter\CodeIgniter->runController(Object(App\Controllers\Record_room\Record))
10 SYSTEMPATH/CodeIgniter.php(349): CodeIgniter\CodeIgniter->handleRequest(null, Object(Config\Cache), false)
11 FCPATH/index.php(67): CodeIgniter\CodeIgniter->run()
ERROR - 2024-02-05 11:53:49 --> ErrorException: pg_query(): Query failed: ERROR:  column &quot;address&quot; does not exist
LINE 1: SELECT &quot;aor_code&quot;, &quot;name&quot;, &quot;mobile&quot;, &quot;address&quot;
                                             ^
HINT:  Perhaps you meant to reference the column &quot;bar.paddress&quot; or the column &quot;bar.caddress&quot;. in /var/www/html/system/Database/Postgre/Connection.php:140
Stack trace:
#0 [internal function]: CodeIgniter\Debug\Exceptions->errorHandler(2, 'pg_query(): Que...', '/var/www/html/s...', 140)
#1 /var/www/html/system/Database/Postgre/Connection.php(140): pg_query(Object(PgSql\Connection), 'SELECT "aor_cod...')
#2 /var/www/html/system/Database/BaseConnection.php(666): CodeIgniter\Database\Postgre\Connection->execute('SELECT "aor_cod...')
#3 /var/www/html/system/Database/BaseConnection.php(593): CodeIgniter\Database\BaseConnection->simpleQuery('SELECT "aor_cod...')
#4 /var/www/html/system/Database/BaseBuilder.php(1585): CodeIgniter\Database\BaseConnection->query('SELECT "aor_cod...', Array, false)
#5 /var/www/html/app/Models/Record_room/Model_record.php(164): CodeIgniter\Database\BaseBuilder->get()
#6 /var/www/html/app/Controllers/Record_room/Record.php(242): App\Models\Record_room\Model_record->getAORDetails()
#7 /var/www/html/system/CodeIgniter.php(925): App\Controllers\Record_room\Record->aorDetails()
#8 /var/www/html/system/CodeIgniter.php(480): CodeIgniter\CodeIgniter->runController(Object(App\Controllers\Record_room\Record))
#9 /var/www/html/system/CodeIgniter.php(349): CodeIgniter\CodeIgniter->handleRequest(NULL, Object(Config\Cache), false)
#10 /var/www/html/public/index.php(67): CodeIgniter\CodeIgniter->run()
#11 {main}
CRITICAL - 2024-02-05 11:53:49 --> pg_query(): Query failed: ERROR:  column &quot;address&quot; does not exist
LINE 1: SELECT &quot;aor_code&quot;, &quot;name&quot;, &quot;mobile&quot;, &quot;address&quot;
                                             ^
HINT:  Perhaps you meant to reference the column &quot;bar.paddress&quot; or the column &quot;bar.caddress&quot;.
in SYSTEMPATH/Database/Postgre/Connection.php on line 140.
 1 [internal function]: CodeIgniter\Debug\Exceptions->errorHandler(2, 'pg_query(): Query failed: ERROR:  column &quot;address&quot; does not exist
LINE 1: SELECT &quot;aor_code&quot;, &quot;name&quot;, &quot;mobile&quot;, &quot;address&quot;
                                             ^
HINT:  Perhaps you meant to reference the column &quot;bar.paddress&quot; or the column &quot;bar.caddress&quot;.', 'SYSTEMPATH/Database/Postgre/Connection.php', 140)
 2 SYSTEMPATH/Database/Postgre/Connection.php(140): pg_query(Object(PgSql\Connection), 'SELECT "aor_code", "name", "mobile", "address"
FROM "master"."bar"
WHERE "isdead" = \'N\'
AND "if_aor" = \'Y\'
ORDER BY "aor_code"')
 3 SYSTEMPATH/Database/BaseConnection.php(666): CodeIgniter\Database\Postgre\Connection->execute('SELECT "aor_code", "name", "mobile", "address"
FROM "master"."bar"
WHERE "isdead" = \'N\'
AND "if_aor" = \'Y\'
ORDER BY "aor_code"')
 4 SYSTEMPATH/Database/BaseConnection.php(593): CodeIgniter\Database\BaseConnection->simpleQuery('SELECT "aor_code", "name", "mobile", "address"
FROM "master"."bar"
WHERE "isdead" = \'N\'
AND "if_aor" = \'Y\'
ORDER BY "aor_code"')
 5 SYSTEMPATH/Database/BaseBuilder.php(1585): CodeIgniter\Database\BaseConnection->query('SELECT "aor_code", "name", "mobile", "address"
FROM "master"."bar"
WHERE "isdead" = :isdead:
AND "if_aor" = :if_aor:
ORDER BY "aor_code"', [...], false)
 6 APPPATH/Models/Record_room/Model_record.php(164): CodeIgniter\Database\BaseBuilder->get()
 7 APPPATH/Controllers/Record_room/Record.php(242): App\Models\Record_room\Model_record->getAORDetails()
 8 SYSTEMPATH/CodeIgniter.php(925): App\Controllers\Record_room\Record->aorDetails()
 9 SYSTEMPATH/CodeIgniter.php(480): CodeIgniter\CodeIgniter->runController(Object(App\Controllers\Record_room\Record))
10 SYSTEMPATH/CodeIgniter.php(349): CodeIgniter\CodeIgniter->handleRequest(null, Object(Config\Cache), false)
11 FCPATH/index.php(67): CodeIgniter\CodeIgniter->run()
CRITICAL - 2024-02-05 01:22:51 --> The action you requested is not allowed.
in SYSTEMPATH/Security/Security.php on line 307.
 1 SYSTEMPATH/Security/Security.php(307): CodeIgniter\Security\Exceptions\SecurityException::forDisallowedAction()
 2 SYSTEMPATH/Filters/CSRF.php(55): CodeIgniter\Security\Security->verify(Object(CodeIgniter\HTTP\IncomingRequest))
 3 SYSTEMPATH/Filters/Filters.php(173): CodeIgniter\Filters\CSRF->before(Object(CodeIgniter\HTTP\IncomingRequest), null)
 4 SYSTEMPATH/CodeIgniter.php(453): CodeIgniter\Filters\Filters->run('MasterManagement/Menu_assign/upd_umpermission', 'before')
 5 SYSTEMPATH/CodeIgniter.php(349): CodeIgniter\CodeIgniter->handleRequest(null, Object(Config\Cache), false)
 6 FCPATH/index.php(67): CodeIgniter\CodeIgniter->run()
CRITICAL - 2024-02-05 01:35:12 --> The action you requested is not allowed.
in SYSTEMPATH/Security/Security.php on line 307.
 1 SYSTEMPATH/Security/Security.php(307): CodeIgniter\Security\Exceptions\SecurityException::forDisallowedAction()
 2 SYSTEMPATH/Filters/CSRF.php(55): CodeIgniter\Security\Security->verify(Object(CodeIgniter\HTTP\IncomingRequest))
 3 SYSTEMPATH/Filters/Filters.php(173): CodeIgniter\Filters\CSRF->before(Object(CodeIgniter\HTTP\IncomingRequest), null)
 4 SYSTEMPATH/CodeIgniter.php(453): CodeIgniter\Filters\Filters->run('MasterManagement/Menu_assign/upd_umpermission', 'before')
 5 SYSTEMPATH/CodeIgniter.php(349): CodeIgniter\CodeIgniter->handleRequest(null, Object(Config\Cache), false)
 6 FCPATH/index.php(67): CodeIgniter\CodeIgniter->run()
CRITICAL - 2024-02-05 03:38:17 --> The action you requested is not allowed.
in SYSTEMPATH/Security/Security.php on line 307.
 1 SYSTEMPATH/Security/Security.php(307): CodeIgniter\Security\Exceptions\SecurityException::forDisallowedAction()
 2 SYSTEMPATH/Filters/CSRF.php(55): CodeIgniter\Security\Security->verify(Object(CodeIgniter\HTTP\IncomingRequest))
 3 SYSTEMPATH/Filters/Filters.php(173): CodeIgniter\Filters\CSRF->before(Object(CodeIgniter\HTTP\IncomingRequest), null)
 4 SYSTEMPATH/CodeIgniter.php(453): CodeIgniter\Filters\Filters->run('Supreme_court/Content', 'before')
 5 SYSTEMPATH/CodeIgniter.php(349): CodeIgniter\CodeIgniter->handleRequest(null, Object(Config\Cache), false)
 6 FCPATH/index.php(67): CodeIgniter\CodeIgniter->run()
CRITICAL - 2024-02-05 03:45:30 --> The action you requested is not allowed.
in SYSTEMPATH/Security/Security.php on line 307.
 1 SYSTEMPATH/Security/Security.php(307): CodeIgniter\Security\Exceptions\SecurityException::forDisallowedAction()
 2 SYSTEMPATH/Filters/CSRF.php(55): CodeIgniter\Security\Security->verify(Object(CodeIgniter\HTTP\IncomingRequest))
 3 SYSTEMPATH/Filters/Filters.php(173): CodeIgniter\Filters\CSRF->before(Object(CodeIgniter\HTTP\IncomingRequest), null)
 4 SYSTEMPATH/CodeIgniter.php(453): CodeIgniter\Filters\Filters->run('MasterManagement/Menu_assign/upd_umpermission', 'before')
 5 SYSTEMPATH/CodeIgniter.php(349): CodeIgniter\CodeIgniter->handleRequest(null, Object(Config\Cache), false)
 6 FCPATH/index.php(67): CodeIgniter\CodeIgniter->run()
CRITICAL - 2024-02-05 04:25:46 --> The action you requested is not allowed.
in SYSTEMPATH/Security/Security.php on line 307.
 1 SYSTEMPATH/Security/Security.php(307): CodeIgniter\Security\Exceptions\SecurityException::forDisallowedAction()
 2 SYSTEMPATH/Filters/CSRF.php(55): CodeIgniter\Security\Security->verify(Object(CodeIgniter\HTTP\IncomingRequest))
 3 SYSTEMPATH/Filters/Filters.php(173): CodeIgniter\Filters\CSRF->before(Object(CodeIgniter\HTTP\IncomingRequest), null)
 4 SYSTEMPATH/CodeIgniter.php(453): CodeIgniter\Filters\Filters->run('Supreme_court/Content', 'before')
 5 SYSTEMPATH/CodeIgniter.php(349): CodeIgniter\CodeIgniter->handleRequest(null, Object(Config\Cache), false)
 6 FCPATH/index.php(67): CodeIgniter\CodeIgniter->run()
CRITICAL - 2024-02-05 04:30:30 --> The action you requested is not allowed.
in SYSTEMPATH/Security/Security.php on line 307.
 1 SYSTEMPATH/Security/Security.php(307): CodeIgniter\Security\Exceptions\SecurityException::forDisallowedAction()
 2 SYSTEMPATH/Filters/CSRF.php(55): CodeIgniter\Security\Security->verify(Object(CodeIgniter\HTTP\IncomingRequest))
 3 SYSTEMPATH/Filters/Filters.php(173): CodeIgniter\Filters\CSRF->before(Object(CodeIgniter\HTTP\IncomingRequest), null)
 4 SYSTEMPATH/CodeIgniter.php(453): CodeIgniter\Filters\Filters->run('Supreme_court/Content', 'before')
 5 SYSTEMPATH/CodeIgniter.php(349): CodeIgniter\CodeIgniter->handleRequest(null, Object(Config\Cache), false)
 6 FCPATH/index.php(67): CodeIgniter\CodeIgniter->run()
CRITICAL - 2024-02-05 22:56:08 --> The action you requested is not allowed.
in SYSTEMPATH/Security/Security.php on line 307.
 1 SYSTEMPATH/Security/Security.php(307): CodeIgniter\Security\Exceptions\SecurityException::forDisallowedAction()
 2 SYSTEMPATH/Filters/CSRF.php(55): CodeIgniter\Security\Security->verify(Object(CodeIgniter\HTTP\IncomingRequest))
 3 SYSTEMPATH/Filters/Filters.php(173): CodeIgniter\Filters\CSRF->before(Object(CodeIgniter\HTTP\IncomingRequest), null)
 4 SYSTEMPATH/CodeIgniter.php(453): CodeIgniter\Filters\Filters->run('Supreme_court/Content', 'before')
 5 SYSTEMPATH/CodeIgniter.php(349): CodeIgniter\CodeIgniter->handleRequest(null, Object(Config\Cache), false)
 6 FCPATH/index.php(67): CodeIgniter\CodeIgniter->run()
CRITICAL - 2024-02-05 22:59:02 --> The action you requested is not allowed.
in SYSTEMPATH/Security/Security.php on line 307.
 1 SYSTEMPATH/Security/Security.php(307): CodeIgniter\Security\Exceptions\SecurityException::forDisallowedAction()
 2 SYSTEMPATH/Filters/CSRF.php(55): CodeIgniter\Security\Security->verify(Object(CodeIgniter\HTTP\IncomingRequest))
 3 SYSTEMPATH/Filters/Filters.php(173): CodeIgniter\Filters\CSRF->before(Object(CodeIgniter\HTTP\IncomingRequest), null)
 4 SYSTEMPATH/CodeIgniter.php(453): CodeIgniter\Filters\Filters->run('MasterManagement/Menu_assign/upd_umpermission', 'before')
 5 SYSTEMPATH/CodeIgniter.php(349): CodeIgniter\CodeIgniter->handleRequest(null, Object(Config\Cache), false)
 6 FCPATH/index.php(67): CodeIgniter\CodeIgniter->run()
