ERROR - 2024-02-10 10:55:28 --> ErrorException: pg_query(): Query failed: ERROR:  syntax error at or near &quot;WHERE&quot;
LINE 3: WHERE &quot;district_code&quot; != 0
        ^ in /var/www/html/system/Database/Postgre/Connection.php:140
Stack trace:
#0 [internal function]: CodeIgniter\Debug\Exceptions->errorHandler(2, 'pg_query(): Que...', '/var/www/html/s...', 140)
#1 /var/www/html/system/Database/Postgre/Connection.php(140): pg_query(Object(PgSql\Connection), 'SELECT trim(LOW...')
#2 /var/www/html/system/Database/BaseConnection.php(666): CodeIgniter\Database\Postgre\Connection->execute('SELECT trim(LOW...')
#3 /var/www/html/system/Database/BaseConnection.php(593): CodeIgniter\Database\BaseConnection->simpleQuery('SELECT trim(LOW...')
#4 /var/www/html/system/Database/BaseBuilder.php(1585): CodeIgniter\Database\BaseConnection->query('SELECT trim(LOW...', Array, false)
#5 /var/www/html/system/Model.php(805): CodeIgniter\Database\BaseBuilder->get()
#6 /var/www/html/app/Controllers/Filing/Master/District_master.php(28): CodeIgniter\Model->__call('get', Array)
#7 /var/www/html/system/CodeIgniter.php(925): App\Controllers\Filing\Master\District_master->index()
#8 /var/www/html/system/CodeIgniter.php(480): CodeIgniter\CodeIgniter->runController(Object(App\Controllers\Filing\Master\District_master))
#9 /var/www/html/system/CodeIgniter.php(349): CodeIgniter\CodeIgniter->handleRequest(NULL, Object(Config\Cache), false)
#10 /var/www/html/public/index.php(67): CodeIgniter\CodeIgniter->run()
#11 {main}
CRITICAL - 2024-02-10 10:55:28 --> pg_query(): Query failed: ERROR:  syntax error at or near &quot;WHERE&quot;
LINE 3: WHERE &quot;district_code&quot; != 0
        ^
in SYSTEMPATH/Database/Postgre/Connection.php on line 140.
 1 [internal function]: CodeIgniter\Debug\Exceptions->errorHandler(2, 'pg_query(): Query failed: ERROR:  syntax error at or near &quot;WHERE&quot;
LINE 3: WHERE &quot;district_code&quot; != 0
        ^', 'SYSTEMPATH/Database/Postgre/Connection.php', 140)
 2 SYSTEMPATH/Database/Postgre/Connection.php(140): pg_query(Object(PgSql\Connection), 'SELECT trim(LOWER((name))
FROM "master"."state"
WHERE "district_code" != 0
AND "sub_dist_code" = 0
AND "village_code" = 0
AND "state_code" < 100
AND "name" = \'ahjhkjkllk\'')
 3 SYSTEMPATH/Database/BaseConnection.php(666): CodeIgniter\Database\Postgre\Connection->execute('SELECT trim(LOWER((name))
FROM "master"."state"
WHERE "district_code" != 0
AND "sub_dist_code" = 0
AND "village_code" = 0
AND "state_code" < 100
AND "name" = \'ahjhkjkllk\'')
 4 SYSTEMPATH/Database/BaseConnection.php(593): CodeIgniter\Database\BaseConnection->simpleQuery('SELECT trim(LOWER((name))
FROM "master"."state"
WHERE "district_code" != 0
AND "sub_dist_code" = 0
AND "village_code" = 0
AND "state_code" < 100
AND "name" = \'ahjhkjkllk\'')
 5 SYSTEMPATH/Database/BaseBuilder.php(1585): CodeIgniter\Database\BaseConnection->query('SELECT trim(LOWER((name))
FROM "master"."state"
WHERE "district_code" != :district_code:
AND "sub_dist_code" = :sub_dist_code:
AND "village_code" = :village_code:
AND "state_code" < :state_code:
AND "name" = :name:', [...], false)
 6 SYSTEMPATH/Model.php(805): CodeIgniter\Database\BaseBuilder->get()
 7 APPPATH/Controllers/Filing/Master/District_master.php(28): CodeIgniter\Model->__call('get', [])
 8 SYSTEMPATH/CodeIgniter.php(925): App\Controllers\Filing\Master\District_master->index()
 9 SYSTEMPATH/CodeIgniter.php(480): CodeIgniter\CodeIgniter->runController(Object(App\Controllers\Filing\Master\District_master))
10 SYSTEMPATH/CodeIgniter.php(349): CodeIgniter\CodeIgniter->handleRequest(null, Object(Config\Cache), false)
11 FCPATH/index.php(67): CodeIgniter\CodeIgniter->run()
CRITICAL - 2024-02-10 11:08:08 --> Trying to access array offset on value of type bool
in APPPATH/Views/Filing/diary_modify.php on line 442.
 1 APPPATH/Views/Filing/diary_modify.php(442): CodeIgniter\Debug\Exceptions->errorHandler(2, 'Trying to access array offset on value of type bool', 'APPPATH/Views/Filing/diary_modify.php', 442)
 2 SYSTEMPATH/View/View.php(213): include('APPPATH/Views/Filing/diary_modify.php')
 3 SYSTEMPATH/View/View.php(216): CodeIgniter\View\View->CodeIgniter\View\{closure}()
 4 SYSTEMPATH/Common.php(1135): CodeIgniter\View\View->render('Filing/diary_modify', [], true)
 5 APPPATH/Controllers/Filing/Diary_modify.php(114): view('Filing/diary_modify', [...])
 6 SYSTEMPATH/CodeIgniter.php(925): App\Controllers\Filing\Diary_modify->index()
 7 SYSTEMPATH/CodeIgniter.php(480): CodeIgniter\CodeIgniter->runController(Object(App\Controllers\Filing\Diary_modify))
 8 SYSTEMPATH/CodeIgniter.php(349): CodeIgniter\CodeIgniter->handleRequest(null, Object(Config\Cache), false)
 9 FCPATH/index.php(67): CodeIgniter\CodeIgniter->run()
CRITICAL - 2024-02-10 00:02:12 --> The action you requested is not allowed.
in SYSTEMPATH/Security/Security.php on line 307.
 1 SYSTEMPATH/Security/Security.php(307): CodeIgniter\Security\Exceptions\SecurityException::forDisallowedAction()
 2 SYSTEMPATH/Filters/CSRF.php(55): CodeIgniter\Security\Security->verify(Object(CodeIgniter\HTTP\IncomingRequest))
 3 SYSTEMPATH/Filters/Filters.php(173): CodeIgniter\Filters\CSRF->before(Object(CodeIgniter\HTTP\IncomingRequest), null)
 4 SYSTEMPATH/CodeIgniter.php(453): CodeIgniter\Filters\Filters->run('Common/Ajaxcalls/get_m_from_court_list', 'before')
 5 SYSTEMPATH/CodeIgniter.php(349): CodeIgniter\CodeIgniter->handleRequest(null, Object(Config\Cache), false)
 6 FCPATH/index.php(67): CodeIgniter\CodeIgniter->run()
CRITICAL - 2024-02-10 00:02:21 --> The action you requested is not allowed.
in SYSTEMPATH/Security/Security.php on line 307.
 1 SYSTEMPATH/Security/Security.php(307): CodeIgniter\Security\Exceptions\SecurityException::forDisallowedAction()
 2 SYSTEMPATH/Filters/CSRF.php(55): CodeIgniter\Security\Security->verify(Object(CodeIgniter\HTTP\IncomingRequest))
 3 SYSTEMPATH/Filters/Filters.php(173): CodeIgniter\Filters\CSRF->before(Object(CodeIgniter\HTTP\IncomingRequest), null)
 4 SYSTEMPATH/CodeIgniter.php(453): CodeIgniter\Filters\Filters->run('Common/Ajaxcalls/get_m_from_court_list', 'before')
 5 SYSTEMPATH/CodeIgniter.php(349): CodeIgniter\CodeIgniter->handleRequest(null, Object(Config\Cache), false)
 6 FCPATH/index.php(67): CodeIgniter\CodeIgniter->run()
CRITICAL - 2024-02-10 00:03:11 --> The action you requested is not allowed.
in SYSTEMPATH/Security/Security.php on line 307.
 1 SYSTEMPATH/Security/Security.php(307): CodeIgniter\Security\Exceptions\SecurityException::forDisallowedAction()
 2 SYSTEMPATH/Filters/CSRF.php(55): CodeIgniter\Security\Security->verify(Object(CodeIgniter\HTTP\IncomingRequest))
 3 SYSTEMPATH/Filters/Filters.php(173): CodeIgniter\Filters\CSRF->before(Object(CodeIgniter\HTTP\IncomingRequest), null)
 4 SYSTEMPATH/CodeIgniter.php(453): CodeIgniter\Filters\Filters->run('Common/Ajaxcalls/get_m_from_court_list', 'before')
 5 SYSTEMPATH/CodeIgniter.php(349): CodeIgniter\CodeIgniter->handleRequest(null, Object(Config\Cache), false)
 6 FCPATH/index.php(67): CodeIgniter\CodeIgniter->run()
CRITICAL - 2024-02-10 00:03:20 --> The action you requested is not allowed.
in SYSTEMPATH/Security/Security.php on line 307.
 1 SYSTEMPATH/Security/Security.php(307): CodeIgniter\Security\Exceptions\SecurityException::forDisallowedAction()
 2 SYSTEMPATH/Filters/CSRF.php(55): CodeIgniter\Security\Security->verify(Object(CodeIgniter\HTTP\IncomingRequest))
 3 SYSTEMPATH/Filters/Filters.php(173): CodeIgniter\Filters\CSRF->before(Object(CodeIgniter\HTTP\IncomingRequest), null)
 4 SYSTEMPATH/CodeIgniter.php(453): CodeIgniter\Filters\Filters->run('Common/Ajaxcalls/get_m_from_court_list', 'before')
 5 SYSTEMPATH/CodeIgniter.php(349): CodeIgniter\CodeIgniter->handleRequest(null, Object(Config\Cache), false)
 6 FCPATH/index.php(67): CodeIgniter\CodeIgniter->run()
CRITICAL - 2024-02-10 00:27:56 --> The action you requested is not allowed.
in SYSTEMPATH/Security/Security.php on line 307.
 1 SYSTEMPATH/Security/Security.php(307): CodeIgniter\Security\Exceptions\SecurityException::forDisallowedAction()
 2 SYSTEMPATH/Filters/CSRF.php(55): CodeIgniter\Security\Security->verify(Object(CodeIgniter\HTTP\IncomingRequest))
 3 SYSTEMPATH/Filters/Filters.php(173): CodeIgniter\Filters\CSRF->before(Object(CodeIgniter\HTTP\IncomingRequest), null)
 4 SYSTEMPATH/CodeIgniter.php(453): CodeIgniter\Filters\Filters->run('Supreme_court/Content', 'before')
 5 SYSTEMPATH/CodeIgniter.php(349): CodeIgniter\CodeIgniter->handleRequest(null, Object(Config\Cache), false)
 6 FCPATH/index.php(67): CodeIgniter\CodeIgniter->run()
CRITICAL - 2024-02-10 12:07:32 --> Undefined variable $judges
in APPPATH/Controllers/Caveat/Earlier_court.php on line 339.
 1 APPPATH/Controllers/Caveat/Earlier_court.php(339): CodeIgniter\Debug\Exceptions->errorHandler(2, 'Undefined variable $judges', 'APPPATH/Controllers/Caveat/Earlier_court.php', 339)
 2 SYSTEMPATH/CodeIgniter.php(925): App\Controllers\Caveat\Earlier_court->insertEarlierCourt()
 3 SYSTEMPATH/CodeIgniter.php(480): CodeIgniter\CodeIgniter->runController(Object(App\Controllers\Caveat\Earlier_court))
 4 SYSTEMPATH/CodeIgniter.php(349): CodeIgniter\CodeIgniter->handleRequest(null, Object(Config\Cache), false)
 5 FCPATH/index.php(67): CodeIgniter\CodeIgniter->run()
ERROR - 2024-02-10 12:09:55 --> ErrorException: pg_query(): Query failed: ERROR:  duplicate key value violates unique constraint &quot;idx_24609_primary&quot;
DETAIL:  Key (lower_court_id)=(218765) already exists. in /var/www/html/system/Database/Postgre/Connection.php:140
Stack trace:
#0 [internal function]: CodeIgniter\Debug\Exceptions->errorHandler(2, 'pg_query(): Que...', '/var/www/html/s...', 140)
#1 /var/www/html/system/Database/Postgre/Connection.php(140): pg_query(Object(PgSql\Connection), 'INSERT INTO "ca...')
#2 /var/www/html/system/Database/BaseConnection.php(666): CodeIgniter\Database\Postgre\Connection->execute('INSERT INTO "ca...')
#3 /var/www/html/system/Database/BaseConnection.php(593): CodeIgniter\Database\BaseConnection->simpleQuery('INSERT INTO "ca...')
#4 /var/www/html/system/Database/BaseBuilder.php(1916): CodeIgniter\Database\BaseConnection->query('INSERT INTO "ca...', Array, false)
#5 /var/www/html/app/Helpers/common_helper.php(35): CodeIgniter\Database\BaseBuilder->insert(Array)
#6 /var/www/html/app/Controllers/Caveat/Renew.php(169): insert('caveat_lowerct', Array)
#7 /var/www/html/system/CodeIgniter.php(925): App\Controllers\Caveat\Renew->copy_caveat()
#8 /var/www/html/system/CodeIgniter.php(480): CodeIgniter\CodeIgniter->runController(Object(App\Controllers\Caveat\Renew))
#9 /var/www/html/system/CodeIgniter.php(349): CodeIgniter\CodeIgniter->handleRequest(NULL, Object(Config\Cache), false)
#10 /var/www/html/public/index.php(67): CodeIgniter\CodeIgniter->run()
#11 {main}
CRITICAL - 2024-02-10 12:09:55 --> pg_query(): Query failed: ERROR:  duplicate key value violates unique constraint &quot;idx_24609_primary&quot;
DETAIL:  Key (lower_court_id)=(218765) already exists.
in SYSTEMPATH/Database/Postgre/Connection.php on line 140.
 1 [internal function]: CodeIgniter\Debug\Exceptions->errorHandler(2, 'pg_query(): Query failed: ERROR:  duplicate key value violates unique constraint &quot;idx_24609_primary&quot;
DETAIL:  Key (lower_court_id)=(218765) already exists.', 'SYSTEMPATH/Database/Postgre/Connection.php', 140)
 2 SYSTEMPATH/Database/Postgre/Connection.php(140): pg_query(Object(PgSql\Connection), 'INSERT INTO "caveat_lowerct" ("caveat_no", "usercode", "ent_dt", "create_modify", "updated_by", "updated_by_ip", "lct_dec_dt", "lct_judge_desg", "lct_judge_name", "lctjudname2", "lct_jud_id", "lct_jud_id1", "lct_jud_id2", "lct_jud_id3", "l_dist", "polstncode", "crimeno", "crimeyear", "lctjudname3", "ct_code", "doi", "hjs_cnr", "ljs_doi", "ljs_cnr", "l_state", "l_state_old", "lower_court_id", "lw_display", "brief_desc", "sub_law", "l_inddep", "l_iopb", "l_iopbn", "l_org", "l_orgname", "l_ordchno", "lct_casetype", "lct_casetype_old", "lct_caseno", "lct_caseyear", "is_order_challenged", "full_interim_flag", "judgement_covered_in", "vehicle_code", "vehicle_no", "cnr_no", "ref_court", "ref_case_type", "ref_case_no", "ref_case_year", "ref_state", "ref_district", "gov_not_state_id", "gov_not_case_type", "gov_not_case_no", "gov_not_case_year", "gov_not_date", "updated_on") VALUES (\'12024\', \'1\', \'2024-02-10 12:09:55\', NULL, NULL, NULL, \'2022-11-30\', \'0\', NULL, NULL, \'\', \'0\', \'0\', \'0\', \'31\', \'0\', \'0\', \'0\', \'\', \'1\', NULL, \'\', NULL, \'\', \'358033\', \'0\', \'218765\', \'Y\', NULL, NULL, \'  \', \'0\', \'\', \'0\', \'\', \'\', \'547\', NULL, \'11973\', \'2022\', \'\', \'\', \'\', \'0\', \'\', \'\', \'0\', \'0\', \'0\', \'0\', \'0\', \'0\', \'0\', NULL, \'0\', \'0\', NULL, NULL)')
 3 SYSTEMPATH/Database/BaseConnection.php(666): CodeIgniter\Database\Postgre\Connection->execute('INSERT INTO "caveat_lowerct" ("caveat_no", "usercode", "ent_dt", "create_modify", "updated_by", "updated_by_ip", "lct_dec_dt", "lct_judge_desg", "lct_judge_name", "lctjudname2", "lct_jud_id", "lct_jud_id1", "lct_jud_id2", "lct_jud_id3", "l_dist", "polstncode", "crimeno", "crimeyear", "lctjudname3", "ct_code", "doi", "hjs_cnr", "ljs_doi", "ljs_cnr", "l_state", "l_state_old", "lower_court_id", "lw_display", "brief_desc", "sub_law", "l_inddep", "l_iopb", "l_iopbn", "l_org", "l_orgname", "l_ordchno", "lct_casetype", "lct_casetype_old", "lct_caseno", "lct_caseyear", "is_order_challenged", "full_interim_flag", "judgement_covered_in", "vehicle_code", "vehicle_no", "cnr_no", "ref_court", "ref_case_type", "ref_case_no", "ref_case_year", "ref_state", "ref_district", "gov_not_state_id", "gov_not_case_type", "gov_not_case_no", "gov_not_case_year", "gov_not_date", "updated_on") VALUES (\'12024\', \'1\', \'2024-02-10 12:09:55\', NULL, NULL, NULL, \'2022-11-30\', \'0\', NULL, NULL, \'\', \'0\', \'0\', \'0\', \'31\', \'0\', \'0\', \'0\', \'\', \'1\', NULL, \'\', NULL, \'\', \'358033\', \'0\', \'218765\', \'Y\', NULL, NULL, \'  \', \'0\', \'\', \'0\', \'\', \'\', \'547\', NULL, \'11973\', \'2022\', \'\', \'\', \'\', \'0\', \'\', \'\', \'0\', \'0\', \'0\', \'0\', \'0\', \'0\', \'0\', NULL, \'0\', \'0\', NULL, NULL)')
 4 SYSTEMPATH/Database/BaseConnection.php(593): CodeIgniter\Database\BaseConnection->simpleQuery('INSERT INTO "caveat_lowerct" ("caveat_no", "usercode", "ent_dt", "create_modify", "updated_by", "updated_by_ip", "lct_dec_dt", "lct_judge_desg", "lct_judge_name", "lctjudname2", "lct_jud_id", "lct_jud_id1", "lct_jud_id2", "lct_jud_id3", "l_dist", "polstncode", "crimeno", "crimeyear", "lctjudname3", "ct_code", "doi", "hjs_cnr", "ljs_doi", "ljs_cnr", "l_state", "l_state_old", "lower_court_id", "lw_display", "brief_desc", "sub_law", "l_inddep", "l_iopb", "l_iopbn", "l_org", "l_orgname", "l_ordchno", "lct_casetype", "lct_casetype_old", "lct_caseno", "lct_caseyear", "is_order_challenged", "full_interim_flag", "judgement_covered_in", "vehicle_code", "vehicle_no", "cnr_no", "ref_court", "ref_case_type", "ref_case_no", "ref_case_year", "ref_state", "ref_district", "gov_not_state_id", "gov_not_case_type", "gov_not_case_no", "gov_not_case_year", "gov_not_date", "updated_on") VALUES (\'12024\', \'1\', \'2024-02-10 12:09:55\', NULL, NULL, NULL, \'2022-11-30\', \'0\', NULL, NULL, \'\', \'0\', \'0\', \'0\', \'31\', \'0\', \'0\', \'0\', \'\', \'1\', NULL, \'\', NULL, \'\', \'358033\', \'0\', \'218765\', \'Y\', NULL, NULL, \'  \', \'0\', \'\', \'0\', \'\', \'\', \'547\', NULL, \'11973\', \'2022\', \'\', \'\', \'\', \'0\', \'\', \'\', \'0\', \'0\', \'0\', \'0\', \'0\', \'0\', \'0\', NULL, \'0\', \'0\', NULL, NULL)')
 5 SYSTEMPATH/Database/BaseBuilder.php(1916): CodeIgniter\Database\BaseConnection->query('INSERT INTO "caveat_lowerct" ("caveat_no", "usercode", "ent_dt", "create_modify", "updated_by", "updated_by_ip", "lct_dec_dt", "lct_judge_desg", "lct_judge_name", "lctjudname2", "lct_jud_id", "lct_jud_id1", "lct_jud_id2", "lct_jud_id3", "l_dist", "polstncode", "crimeno", "crimeyear", "lctjudname3", "ct_code", "doi", "hjs_cnr", "ljs_doi", "ljs_cnr", "l_state", "l_state_old", "lower_court_id", "lw_display", "brief_desc", "sub_law", "l_inddep", "l_iopb", "l_iopbn", "l_org", "l_orgname", "l_ordchno", "lct_casetype", "lct_casetype_old", "lct_caseno", "lct_caseyear", "is_order_challenged", "full_interim_flag", "judgement_covered_in", "vehicle_code", "vehicle_no", "cnr_no", "ref_court", "ref_case_type", "ref_case_no", "ref_case_year", "ref_state", "ref_district", "gov_not_state_id", "gov_not_case_type", "gov_not_case_no", "gov_not_case_year", "gov_not_date", "updated_on") VALUES (:caveat_no:, :usercode:, :ent_dt:, :create_modify:, :updated_by:, :updated_by_ip:, :lct_dec_dt:, :lct_judge_desg:, :lct_judge_name:, :lctjudname2:, :lct_jud_id:, :lct_jud_id1:, :lct_jud_id2:, :lct_jud_id3:, :l_dist:, :polstncode:, :crimeno:, :crimeyear:, :lctjudname3:, :ct_code:, :doi:, :hjs_cnr:, :ljs_doi:, :ljs_cnr:, :l_state:, :l_state_old:, :lower_court_id:, :lw_display:, :brief_desc:, :sub_law:, :l_inddep:, :l_iopb:, :l_iopbn:, :l_org:, :l_orgname:, :l_ordchno:, :lct_casetype:, :lct_casetype_old:, :lct_caseno:, :lct_caseyear:, :is_order_challenged:, :full_interim_flag:, :judgement_covered_in:, :vehicle_code:, :vehicle_no:, :cnr_no:, :ref_court:, :ref_case_type:, :ref_case_no:, :ref_case_year:, :ref_state:, :ref_district:, :gov_not_state_id:, :gov_not_case_type:, :gov_not_case_no:, :gov_not_case_year:, :gov_not_date:, :updated_on:)', [...], false)
 6 APPPATH/Helpers/common_helper.php(35): CodeIgniter\Database\BaseBuilder->insert([...])
 7 APPPATH/Controllers/Caveat/Renew.php(169): insert('caveat_lowerct', [...])
 8 SYSTEMPATH/CodeIgniter.php(925): App\Controllers\Caveat\Renew->copy_caveat()
 9 SYSTEMPATH/CodeIgniter.php(480): CodeIgniter\CodeIgniter->runController(Object(App\Controllers\Caveat\Renew))
10 SYSTEMPATH/CodeIgniter.php(349): CodeIgniter\CodeIgniter->handleRequest(null, Object(Config\Cache), false)
11 FCPATH/index.php(67): CodeIgniter\CodeIgniter->run()
CRITICAL - 2024-02-10 00:39:59 --> The action you requested is not allowed.
in SYSTEMPATH/Security/Security.php on line 307.
 1 SYSTEMPATH/Security/Security.php(307): CodeIgniter\Security\Exceptions\SecurityException::forDisallowedAction()
 2 SYSTEMPATH/Filters/CSRF.php(55): CodeIgniter\Security\Security->verify(Object(CodeIgniter\HTTP\IncomingRequest))
 3 SYSTEMPATH/Filters/Filters.php(173): CodeIgniter\Filters\CSRF->before(Object(CodeIgniter\HTTP\IncomingRequest), null)
 4 SYSTEMPATH/CodeIgniter.php(453): CodeIgniter\Filters\Filters->run('Caveat/Renew/get_caveat_info', 'before')
 5 SYSTEMPATH/CodeIgniter.php(349): CodeIgniter\CodeIgniter->handleRequest(null, Object(Config\Cache), false)
 6 FCPATH/index.php(67): CodeIgniter\CodeIgniter->run()
CRITICAL - 2024-02-10 00:40:08 --> The action you requested is not allowed.
in SYSTEMPATH/Security/Security.php on line 307.
 1 SYSTEMPATH/Security/Security.php(307): CodeIgniter\Security\Exceptions\SecurityException::forDisallowedAction()
 2 SYSTEMPATH/Filters/CSRF.php(55): CodeIgniter\Security\Security->verify(Object(CodeIgniter\HTTP\IncomingRequest))
 3 SYSTEMPATH/Filters/Filters.php(173): CodeIgniter\Filters\CSRF->before(Object(CodeIgniter\HTTP\IncomingRequest), null)
 4 SYSTEMPATH/CodeIgniter.php(453): CodeIgniter\Filters\Filters->run('Caveat/Renew/get_caveat_info', 'before')
 5 SYSTEMPATH/CodeIgniter.php(349): CodeIgniter\CodeIgniter->handleRequest(null, Object(Config\Cache), false)
 6 FCPATH/index.php(67): CodeIgniter\CodeIgniter->run()
ERROR - 2024-02-10 12:20:46 --> ErrorException: pg_query(): Query failed: ERROR:  invalid input syntax for type bigint: &quot;2212ii&quot;
LINE 1: ...er.bar where isdead='N' and if_sen='N' and aor_code='2212ii'
                                                               ^ in /var/www/html/system/Database/Postgre/Connection.php:140
Stack trace:
#0 [internal function]: CodeIgniter\Debug\Exceptions->errorHandler(2, 'pg_query(): Que...', '/var/www/html/s...', 140)
#1 /var/www/html/system/Database/Postgre/Connection.php(140): pg_query(Object(PgSql\Connection), 'select aor_code...')
#2 /var/www/html/system/Database/BaseConnection.php(666): CodeIgniter\Database\Postgre\Connection->execute('select aor_code...')
#3 /var/www/html/system/Database/BaseConnection.php(593): CodeIgniter\Database\BaseConnection->simpleQuery('select aor_code...')
#4 /var/www/html/app/Controllers/Common/Ajaxcalls.php(164): CodeIgniter\Database\BaseConnection->query('select aor_code...')
#5 /var/www/html/system/CodeIgniter.php(925): App\Controllers\Common\Ajaxcalls->get_aor_name()
#6 /var/www/html/system/CodeIgniter.php(480): CodeIgniter\CodeIgniter->runController(Object(App\Controllers\Common\Ajaxcalls))
#7 /var/www/html/system/CodeIgniter.php(349): CodeIgniter\CodeIgniter->handleRequest(NULL, Object(Config\Cache), false)
#8 /var/www/html/public/index.php(67): CodeIgniter\CodeIgniter->run()
#9 {main}
CRITICAL - 2024-02-10 12:20:46 --> pg_query(): Query failed: ERROR:  invalid input syntax for type bigint: &quot;2212ii&quot;
LINE 1: ...er.bar where isdead='N' and if_sen='N' and aor_code='2212ii'
                                                               ^
in SYSTEMPATH/Database/Postgre/Connection.php on line 140.
 1 [internal function]: CodeIgniter\Debug\Exceptions->errorHandler(2, 'pg_query(): Query failed: ERROR:  invalid input syntax for type bigint: &quot;2212ii&quot;
LINE 1: ...er.bar where isdead=\'N\' and if_sen=\'N\' and aor_code=\'2212ii\'
                                                               ^', 'SYSTEMPATH/Database/Postgre/Connection.php', 140)
 2 SYSTEMPATH/Database/Postgre/Connection.php(140): pg_query(Object(PgSql\Connection), 'select aor_code,name from master.bar where isdead=\'N\' and if_sen=\'N\' and aor_code=\'2212ii\'')
 3 SYSTEMPATH/Database/BaseConnection.php(666): CodeIgniter\Database\Postgre\Connection->execute('select aor_code,name from master.bar where isdead=\'N\' and if_sen=\'N\' and aor_code=\'2212ii\'')
 4 SYSTEMPATH/Database/BaseConnection.php(593): CodeIgniter\Database\BaseConnection->simpleQuery('select aor_code,name from master.bar where isdead=\'N\' and if_sen=\'N\' and aor_code=\'2212ii\'')
 5 APPPATH/Controllers/Common/Ajaxcalls.php(164): CodeIgniter\Database\BaseConnection->query('select aor_code,name from master.bar where isdead=\'N\' and if_sen=\'N\' and aor_code=\'2212ii\'')
 6 SYSTEMPATH/CodeIgniter.php(925): App\Controllers\Common\Ajaxcalls->get_aor_name()
 7 SYSTEMPATH/CodeIgniter.php(480): CodeIgniter\CodeIgniter->runController(Object(App\Controllers\Common\Ajaxcalls))
 8 SYSTEMPATH/CodeIgniter.php(349): CodeIgniter\CodeIgniter->handleRequest(null, Object(Config\Cache), false)
 9 FCPATH/index.php(67): CodeIgniter\CodeIgniter->run()
CRITICAL - 2024-02-10 00:54:16 --> The action you requested is not allowed.
in SYSTEMPATH/Security/Security.php on line 307.
 1 SYSTEMPATH/Security/Security.php(307): CodeIgniter\Security\Exceptions\SecurityException::forDisallowedAction()
 2 SYSTEMPATH/Filters/CSRF.php(55): CodeIgniter\Security\Security->verify(Object(CodeIgniter\HTTP\IncomingRequest))
 3 SYSTEMPATH/Filters/Filters.php(173): CodeIgniter\Filters\CSRF->before(Object(CodeIgniter\HTTP\IncomingRequest), null)
 4 SYSTEMPATH/CodeIgniter.php(453): CodeIgniter\Filters\Filters->run('Filing/Defect/insert_function', 'before')
 5 SYSTEMPATH/CodeIgniter.php(349): CodeIgniter\CodeIgniter->handleRequest(null, Object(Config\Cache), false)
 6 FCPATH/index.php(67): CodeIgniter\CodeIgniter->run()
CRITICAL - 2024-02-10 00:55:54 --> The action you requested is not allowed.
in SYSTEMPATH/Security/Security.php on line 307.
 1 SYSTEMPATH/Security/Security.php(307): CodeIgniter\Security\Exceptions\SecurityException::forDisallowedAction()
 2 SYSTEMPATH/Filters/CSRF.php(55): CodeIgniter\Security\Security->verify(Object(CodeIgniter\HTTP\IncomingRequest))
 3 SYSTEMPATH/Filters/Filters.php(173): CodeIgniter\Filters\CSRF->before(Object(CodeIgniter\HTTP\IncomingRequest), null)
 4 SYSTEMPATH/CodeIgniter.php(453): CodeIgniter\Filters\Filters->run('Filing/Defect/insert_function', 'before')
 5 SYSTEMPATH/CodeIgniter.php(349): CodeIgniter\CodeIgniter->handleRequest(null, Object(Config\Cache), false)
 6 FCPATH/index.php(67): CodeIgniter\CodeIgniter->run()
CRITICAL - 2024-02-10 01:56:45 --> The action you requested is not allowed.
in SYSTEMPATH/Security/Security.php on line 307.
 1 SYSTEMPATH/Security/Security.php(307): CodeIgniter\Security\Exceptions\SecurityException::forDisallowedAction()
 2 SYSTEMPATH/Filters/CSRF.php(55): CodeIgniter\Security\Security->verify(Object(CodeIgniter\HTTP\IncomingRequest))
 3 SYSTEMPATH/Filters/Filters.php(173): CodeIgniter\Filters\CSRF->before(Object(CodeIgniter\HTTP\IncomingRequest), null)
 4 SYSTEMPATH/CodeIgniter.php(453): CodeIgniter\Filters\Filters->run('Filing/Defect/insert_function', 'before')
 5 SYSTEMPATH/CodeIgniter.php(349): CodeIgniter\CodeIgniter->handleRequest(null, Object(Config\Cache), false)
 6 FCPATH/index.php(67): CodeIgniter\CodeIgniter->run()
CRITICAL - 2024-02-10 02:05:57 --> The action you requested is not allowed.
in SYSTEMPATH/Security/Security.php on line 307.
 1 SYSTEMPATH/Security/Security.php(307): CodeIgniter\Security\Exceptions\SecurityException::forDisallowedAction()
 2 SYSTEMPATH/Filters/CSRF.php(55): CodeIgniter\Security\Security->verify(Object(CodeIgniter\HTTP\IncomingRequest))
 3 SYSTEMPATH/Filters/Filters.php(173): CodeIgniter\Filters\CSRF->before(Object(CodeIgniter\HTTP\IncomingRequest), null)
 4 SYSTEMPATH/CodeIgniter.php(453): CodeIgniter\Filters\Filters->run('Filing/Defect/insert_function', 'before')
 5 SYSTEMPATH/CodeIgniter.php(349): CodeIgniter\CodeIgniter->handleRequest(null, Object(Config\Cache), false)
 6 FCPATH/index.php(67): CodeIgniter\CodeIgniter->run()
CRITICAL - 2024-02-10 13:58:15 --> Undefined variable $data_orderType
in APPPATH/Controllers/Copying/Copying.php on line 704.
 1 APPPATH/Controllers/Copying/Copying.php(704): CodeIgniter\Debug\Exceptions->errorHandler(2, 'Undefined variable $data_orderType', 'APPPATH/Controllers/Copying/Copying.php', 704)
 2 SYSTEMPATH/CodeIgniter.php(925): App\Controllers\Copying\Copying->application_status()
 3 SYSTEMPATH/CodeIgniter.php(480): CodeIgniter\CodeIgniter->runController(Object(App\Controllers\Copying\Copying))
 4 SYSTEMPATH/CodeIgniter.php(349): CodeIgniter\CodeIgniter->handleRequest(null, Object(Config\Cache), false)
 5 FCPATH/index.php(67): CodeIgniter\CodeIgniter->run()
CRITICAL - 2024-02-10 13:58:25 --> Undefined variable $data_orderType
in APPPATH/Controllers/Copying/Copying.php on line 704.
 1 APPPATH/Controllers/Copying/Copying.php(704): CodeIgniter\Debug\Exceptions->errorHandler(2, 'Undefined variable $data_orderType', 'APPPATH/Controllers/Copying/Copying.php', 704)
 2 SYSTEMPATH/CodeIgniter.php(925): App\Controllers\Copying\Copying->application_status()
 3 SYSTEMPATH/CodeIgniter.php(480): CodeIgniter\CodeIgniter->runController(Object(App\Controllers\Copying\Copying))
 4 SYSTEMPATH/CodeIgniter.php(349): CodeIgniter\CodeIgniter->handleRequest(null, Object(Config\Cache), false)
 5 FCPATH/index.php(67): CodeIgniter\CodeIgniter->run()
CRITICAL - 2024-02-10 14:34:00 --> in_array(): Argument #2 ($haystack) must be of type array, string given
in APPPATH/Views/Filing/filing_breadcrumb.php on line 35.
 1 APPPATH/Views/Filing/filing_breadcrumb.php(35): in_array('1', 'ROOTPATH/public')
 2 SYSTEMPATH/View/View.php(213): include('APPPATH/Views/Filing/filing_breadcrumb.php')
 3 SYSTEMPATH/View/View.php(216): CodeIgniter\View\View->CodeIgniter\View\{closure}()
 4 SYSTEMPATH/Common.php(1135): CodeIgniter\View\View->render('Filing/filing_breadcrumb', [], true)
 5 APPPATH/Views/Filing/diary_modify.php(61): view('Filing/filing_breadcrumb')
 6 SYSTEMPATH/View/View.php(213): include('APPPATH/Views/Filing/diary_modify.php')
 7 SYSTEMPATH/View/View.php(216): CodeIgniter\View\View->CodeIgniter\View\{closure}()
 8 SYSTEMPATH/Common.php(1135): CodeIgniter\View\View->render('Filing/diary_modify', [], true)
 9 APPPATH/Controllers/Filing/Diary_modify.php(114): view('Filing/diary_modify', [...])
10 SYSTEMPATH/CodeIgniter.php(925): App\Controllers\Filing\Diary_modify->index()
11 SYSTEMPATH/CodeIgniter.php(480): CodeIgniter\CodeIgniter->runController(Object(App\Controllers\Filing\Diary_modify))
12 SYSTEMPATH/CodeIgniter.php(349): CodeIgniter\CodeIgniter->handleRequest(null, Object(Config\Cache), false)
13 FCPATH/index.php(67): CodeIgniter\CodeIgniter->run()
CRITICAL - 2024-02-10 14:34:14 --> in_array(): Argument #2 ($haystack) must be of type array, string given
in APPPATH/Views/Filing/filing_breadcrumb.php on line 35.
 1 APPPATH/Views/Filing/filing_breadcrumb.php(35): in_array('1', 'ROOTPATH/public')
 2 SYSTEMPATH/View/View.php(213): include('APPPATH/Views/Filing/filing_breadcrumb.php')
 3 SYSTEMPATH/View/View.php(216): CodeIgniter\View\View->CodeIgniter\View\{closure}()
 4 SYSTEMPATH/Common.php(1135): CodeIgniter\View\View->render('Filing/filing_breadcrumb', [], true)
 5 APPPATH/Views/Filing/diary_modify.php(61): view('Filing/filing_breadcrumb')
 6 SYSTEMPATH/View/View.php(213): include('APPPATH/Views/Filing/diary_modify.php')
 7 SYSTEMPATH/View/View.php(216): CodeIgniter\View\View->CodeIgniter\View\{closure}()
 8 SYSTEMPATH/Common.php(1135): CodeIgniter\View\View->render('Filing/diary_modify', [], true)
 9 APPPATH/Controllers/Filing/Diary_modify.php(114): view('Filing/diary_modify', [...])
10 SYSTEMPATH/CodeIgniter.php(925): App\Controllers\Filing\Diary_modify->index()
11 SYSTEMPATH/CodeIgniter.php(480): CodeIgniter\CodeIgniter->runController(Object(App\Controllers\Filing\Diary_modify))
12 SYSTEMPATH/CodeIgniter.php(349): CodeIgniter\CodeIgniter->handleRequest(null, Object(Config\Cache), false)
13 FCPATH/index.php(67): CodeIgniter\CodeIgniter->run()
CRITICAL - 2024-02-10 14:51:06 --> in_array(): Argument #2 ($haystack) must be of type array, string given
in APPPATH/Views/Filing/filing_breadcrumb.php on line 35.
 1 APPPATH/Views/Filing/filing_breadcrumb.php(35): in_array('1', 'ROOTPATH/public')
 2 SYSTEMPATH/View/View.php(213): include('APPPATH/Views/Filing/filing_breadcrumb.php')
 3 SYSTEMPATH/View/View.php(216): CodeIgniter\View\View->CodeIgniter\View\{closure}()
 4 SYSTEMPATH/Common.php(1135): CodeIgniter\View\View->render('Filing/filing_breadcrumb', [], true)
 5 APPPATH/Views/Filing/diary_modify.php(61): view('Filing/filing_breadcrumb')
 6 SYSTEMPATH/View/View.php(213): include('APPPATH/Views/Filing/diary_modify.php')
 7 SYSTEMPATH/View/View.php(216): CodeIgniter\View\View->CodeIgniter\View\{closure}()
 8 SYSTEMPATH/Common.php(1135): CodeIgniter\View\View->render('Filing/diary_modify', [], true)
 9 APPPATH/Controllers/Filing/Diary_modify.php(114): view('Filing/diary_modify', [...])
10 SYSTEMPATH/CodeIgniter.php(925): App\Controllers\Filing\Diary_modify->index()
11 SYSTEMPATH/CodeIgniter.php(480): CodeIgniter\CodeIgniter->runController(Object(App\Controllers\Filing\Diary_modify))
12 SYSTEMPATH/CodeIgniter.php(349): CodeIgniter\CodeIgniter->handleRequest(null, Object(Config\Cache), false)
13 FCPATH/index.php(67): CodeIgniter\CodeIgniter->run()
CRITICAL - 2024-02-10 03:21:45 --> The action you requested is not allowed.
in SYSTEMPATH/Security/Security.php on line 307.
 1 SYSTEMPATH/Security/Security.php(307): CodeIgniter\Security\Exceptions\SecurityException::forDisallowedAction()
 2 SYSTEMPATH/Filters/CSRF.php(55): CodeIgniter\Security\Security->verify(Object(CodeIgniter\HTTP\IncomingRequest))
 3 SYSTEMPATH/Filters/Filters.php(173): CodeIgniter\Filters\CSRF->before(Object(CodeIgniter\HTTP\IncomingRequest), null)
 4 SYSTEMPATH/CodeIgniter.php(453): CodeIgniter\Filters\Filters->run('Supreme_court/Content', 'before')
 5 SYSTEMPATH/CodeIgniter.php(349): CodeIgniter\CodeIgniter->handleRequest(null, Object(Config\Cache), false)
 6 FCPATH/index.php(67): CodeIgniter\CodeIgniter->run()
CRITICAL - 2024-02-10 14:52:43 --> in_array(): Argument #2 ($haystack) must be of type array, string given
in APPPATH/Views/Filing/filing_breadcrumb.php on line 35.
 1 APPPATH/Views/Filing/filing_breadcrumb.php(35): in_array('1', 'ROOTPATH/public')
 2 SYSTEMPATH/View/View.php(213): include('APPPATH/Views/Filing/filing_breadcrumb.php')
 3 SYSTEMPATH/View/View.php(216): CodeIgniter\View\View->CodeIgniter\View\{closure}()
 4 SYSTEMPATH/Common.php(1135): CodeIgniter\View\View->render('Filing/filing_breadcrumb', [], true)
 5 APPPATH/Views/Filing/diary_modify.php(61): view('Filing/filing_breadcrumb')
 6 SYSTEMPATH/View/View.php(213): include('APPPATH/Views/Filing/diary_modify.php')
 7 SYSTEMPATH/View/View.php(216): CodeIgniter\View\View->CodeIgniter\View\{closure}()
 8 SYSTEMPATH/Common.php(1135): CodeIgniter\View\View->render('Filing/diary_modify', [], true)
 9 APPPATH/Controllers/Filing/Diary_modify.php(114): view('Filing/diary_modify', [...])
10 SYSTEMPATH/CodeIgniter.php(925): App\Controllers\Filing\Diary_modify->index()
11 SYSTEMPATH/CodeIgniter.php(480): CodeIgniter\CodeIgniter->runController(Object(App\Controllers\Filing\Diary_modify))
12 SYSTEMPATH/CodeIgniter.php(349): CodeIgniter\CodeIgniter->handleRequest(null, Object(Config\Cache), false)
13 FCPATH/index.php(67): CodeIgniter\CodeIgniter->run()
CRITICAL - 2024-02-10 04:57:34 --> The action you requested is not allowed.
in SYSTEMPATH/Security/Security.php on line 307.
 1 SYSTEMPATH/Security/Security.php(307): CodeIgniter\Security\Exceptions\SecurityException::forDisallowedAction()
 2 SYSTEMPATH/Filters/CSRF.php(55): CodeIgniter\Security\Security->verify(Object(CodeIgniter\HTTP\IncomingRequest))
 3 SYSTEMPATH/Filters/Filters.php(173): CodeIgniter\Filters\CSRF->before(Object(CodeIgniter\HTTP\IncomingRequest), null)
 4 SYSTEMPATH/CodeIgniter.php(453): CodeIgniter\Filters\Filters->run('Filing/advocate/bar_detail', 'before')
 5 SYSTEMPATH/CodeIgniter.php(349): CodeIgniter\CodeIgniter->handleRequest(null, Object(Config\Cache), false)
 6 FCPATH/index.php(67): CodeIgniter\CodeIgniter->run()
CRITICAL - 2024-02-10 04:57:35 --> The action you requested is not allowed.
in SYSTEMPATH/Security/Security.php on line 307.
 1 SYSTEMPATH/Security/Security.php(307): CodeIgniter\Security\Exceptions\SecurityException::forDisallowedAction()
 2 SYSTEMPATH/Filters/CSRF.php(55): CodeIgniter\Security\Security->verify(Object(CodeIgniter\HTTP\IncomingRequest))
 3 SYSTEMPATH/Filters/Filters.php(173): CodeIgniter\Filters\CSRF->before(Object(CodeIgniter\HTTP\IncomingRequest), null)
 4 SYSTEMPATH/CodeIgniter.php(453): CodeIgniter\Filters\Filters->run('Filing/advocate/bar_detail', 'before')
 5 SYSTEMPATH/CodeIgniter.php(349): CodeIgniter\CodeIgniter->handleRequest(null, Object(Config\Cache), false)
 6 FCPATH/index.php(67): CodeIgniter\CodeIgniter->run()
CRITICAL - 2024-02-10 04:57:48 --> The action you requested is not allowed.
in SYSTEMPATH/Security/Security.php on line 307.
 1 SYSTEMPATH/Security/Security.php(307): CodeIgniter\Security\Exceptions\SecurityException::forDisallowedAction()
 2 SYSTEMPATH/Filters/CSRF.php(55): CodeIgniter\Security\Security->verify(Object(CodeIgniter\HTTP\IncomingRequest))
 3 SYSTEMPATH/Filters/Filters.php(173): CodeIgniter\Filters\CSRF->before(Object(CodeIgniter\HTTP\IncomingRequest), null)
 4 SYSTEMPATH/CodeIgniter.php(453): CodeIgniter\Filters\Filters->run('Filing/advocate/get_party_data_imp_int', 'before')
 5 SYSTEMPATH/CodeIgniter.php(349): CodeIgniter\CodeIgniter->handleRequest(null, Object(Config\Cache), false)
 6 FCPATH/index.php(67): CodeIgniter\CodeIgniter->run()
